----------------------------------------------------------------------
Info:    Log written by SiliconSmart version L-2016.06-SP1-2 on Fri Feb 21 15:13:47 2020
Info:    Build date: Dec 07, 2016 16:59:49
Info:    SiliconSmart Path: /acsnfs3/software/SiliconSmartAce-2016.06-SP1-2/linux64/bin/siliconsmart
Info:    Host Name: ieng6-249.ucsd.edu, User Name: haz023, PID: 5463
Info:    CPU: 4 x 2000 MHz, Intel(R) Xeon(R) CPU E5-2650 0 @ 2.00GHz (2 socket, 2 core)
Info:    Memory: 32 GB RAM, 2 GB Swap
Info:    Directory: /home/linux/ieng6/ee260bwi20/haz023/lab5/run_siliconsmart/LIB_FF_1.1_-40_ALL
Info:    Maximum virtual memory size: 586.71MB
Command-line: /acsnfs3/software/SiliconSmartAce-2016.06-SP1-2/linux64/bin/siliconsmart -server /home/linux/ieng6/ee260bwi20/haz023/lab5/run_siliconsmart/LIB_FF_1.1_-40_ALL/runtime/cdpl/driver_4461.tcl
Fri Feb 21 15:13:46 2020: Establishing connection to license server
The char directory is /home/linux/ieng6/ee260bwi20/haz023/lab5/run_siliconsmart/LIB_FF_1.1_-40_ALL
Warning: Operating condition 'FF_1.1_-40_ALL' already exists, skipped.
Info:    Reading instance file for cell MUX2D4... (SMSC-23)
Info:    Generating timing tests.
Info:    Generating power tests.
Info:    Generating template at Fri Feb 21 15:13:48 2020 
Warning: MUX2D4:For test delay__S__lh__Z__lh following when conditions are not possible ['I0&!I1']
Warning: MUX2D4:For test delay__S__lh__Z__hl following when conditions are not possible ['!I0&I1']
Warning: MUX2D4:For test delay__S__hl__Z__lh following when conditions are not possible ['!I0&I1']
Warning: MUX2D4:For test delay__S__hl__Z__hl following when conditions are not possible ['I0&!I1']
Warning: MUX2D4:For test energy__S__lh__Z__lh following when conditions are not possible ['I0&!I1']
Warning: MUX2D4:For test energy__S__lh__Z__hl following when conditions are not possible ['!I0&I1']
Warning: MUX2D4:For test energy__S__hl__Z__lh following when conditions are not possible ['!I0&I1']
Warning: MUX2D4:For test energy__S__hl__Z__hl following when conditions are not possible ['I0&!I1']
Info:    Done generating template at Fri Feb 21 15:13:52 2020
Info:    Generate Templates: Maximum virtual memory size: 624.496 MB
Info:    Cell MUX2D4 configured for characterization. (SMSC-24)
Info:    __recordTaskStats__ MUX2D4 configure 0.85 0.06 0.0 0.0 1 5.7042298317 ieng6-249.ucsd.edu 1582326828.34 1582326834.04
Info:    set _SIS_CLIENT_RESULT_ {{MUX2D4 configuration {status done exportVars {} errorList {} sifName {} sofName {} eadName {} depFiles {}}}}
Info:    _SIS_CLIENT_RESULT_END
Info:    The char directory is /home/linux/ieng6/ee260bwi20/haz023/lab5/run_siliconsmart/LIB_FF_1.1_-40_ALL
Warning: Operating condition 'FF_1.1_-40_ALL' already exists, skipped.
Info:    The char directory is /home/linux/ieng6/ee260bwi20/haz023/lab5/run_siliconsmart/LIB_FF_1.1_-40_ALL
Warning: Operating condition 'FF_1.1_-40_ALL' already exists, skipped.
Info:    Loading information for cell DFCSNQD1... (SMSC-60)
Info:    Start Search.expand.opt_cmpw on cmpw (SIM-43)
Info:    Current directory '/home/linux/ieng6/ee260bwi20/haz023/lab5/run_siliconsmart/LIB_FF_1.1_-40_ALL' (SIM-68)
Info:    Working in directory '/home/linux/ieng6/ee260bwi20/haz023/lab5/run_siliconsmart/LIB_FF_1.1_-40_ALL/temp/siliconsmart.ieng6-249.53689.5463/cmpw__CDN__hl__CDN__lh__ACQ_1.sif_0' (SIM-69)
Info:    Executing 'hspice deck.cir -o deck' (SIM-30)
Warning: return code 0 (hspice: No such file or directory)
Info:    Simulation cmpw__CDN__hl__CDN__lh__ACQ_1.sif for cell DFCSNQD1 completed successfully. (SMSC-103)
Info:    IO Retry 0
Info:    set _SIS_CLIENT_RESULT_ {{DFCSNQD1 cmpw__CDN__hl__CDN__lh__ACQ_1 {sifTS 0.0 sifName /home/linux/ieng6/ee260bwi20/haz023/lab5/run_siliconsmart/LIB_FF_1.1_-40_ALL/temp/siliconsmart.ieng6-249.53689.5463/cmpw__CDN__hl__CDN__lh__ACQ_1.sif eadCksum b28b84094c886eae35c1efd6a9377f49 simulationCount 1 exportVars {} errorList {} sofName /home/linux/ieng6/ee260bwi20/haz023/lab5/run_siliconsmart/LIB_FF_1.1_-40_ALL/temp/siliconsmart.ieng6-249.53689.5463/cmpw__CDN__hl__CDN__lh__ACQ_1.sof eadTS 0.0 eadName /home/linux/ieng6/ee260bwi20/haz023/lab5/run_siliconsmart/LIB_FF_1.1_-40_ALL/temp/siliconsmart.ieng6-249.53689.5463/cmpw__CDN__hl__CDN__lh__ACQ_1.ead enableCache 0 status done depFiles /home/linux/ieng6/ee260bwi20/haz023/lab5/run_siliconsmart/LIB_FF_1.1_-40_ALL/netlists/DFCSNQD1.cdl sifCksum c9d13a985e63316141b5511a758d7834}}}
Info:    _SIS_CLIENT_RESULT_END
Info:    __recordTaskStats__ DFCSNQD1 cmpw__CDN__hl__CDN__lh__ACQ_1 0.26 0.02 0.84 0.28 1 9.50026607513 ieng6-249.ucsd.edu 1582326861.16 1582326870.66
Info:    Loading information for cell DFCSNQD1... (SMSC-60)
Info:    Current directory '/home/linux/ieng6/ee260bwi20/haz023/lab5/run_siliconsmart/LIB_FF_1.1_-40_ALL' (SIM-68)
Info:    Working in directory '/home/linux/ieng6/ee260bwi20/haz023/lab5/run_siliconsmart/LIB_FF_1.1_-40_ALL/temp/siliconsmart.ieng6-249.53689.5463/Cin__CDN__lh__ACQ_1.sif_0' (SIM-69)
Info:    Executing 'hspice deck.cir -o deck' (SIM-30)
Warning: return code 0 (hspice: No such file or directory)
Info:    Simulation Cin__CDN__lh__ACQ_1.sif for cell DFCSNQD1 completed successfully. (SMSC-103)
Info:    IO Retry 0
Info:    set _SIS_CLIENT_RESULT_ {{DFCSNQD1 Cin__CDN__lh__ACQ_1 {sifTS 0.0 sifName /home/linux/ieng6/ee260bwi20/haz023/lab5/run_siliconsmart/LIB_FF_1.1_-40_ALL/temp/siliconsmart.ieng6-249.53689.5463/Cin__CDN__lh__ACQ_1.sif eadCksum 54109f20fe29ffa6b3153266f5ef43c5 simulationCount 1 exportVars {} errorList {} sofName /home/linux/ieng6/ee260bwi20/haz023/lab5/run_siliconsmart/LIB_FF_1.1_-40_ALL/temp/siliconsmart.ieng6-249.53689.5463/Cin__CDN__lh__ACQ_1.sof eadTS 0.0 eadName /home/linux/ieng6/ee260bwi20/haz023/lab5/run_siliconsmart/LIB_FF_1.1_-40_ALL/temp/siliconsmart.ieng6-249.53689.5463/Cin__CDN__lh__ACQ_1.ead enableCache 0 status done depFiles /home/linux/ieng6/ee260bwi20/haz023/lab5/run_siliconsmart/LIB_FF_1.1_-40_ALL/netlists/DFCSNQD1.cdl sifCksum e3b62d262d88968112c0e5972bf66443}}}
Info:    _SIS_CLIENT_RESULT_END
Info:    __recordTaskStats__ DFCSNQD1 Cin__CDN__lh__ACQ_1 0.12 0.01 0.96 0.15 1 7.58959698677 ieng6-249.ucsd.edu 1582326870.67 1582326878.26
Info:    Loading information for cell DFCSNQD2... (SMSC-60)
Info:    Current directory '/home/linux/ieng6/ee260bwi20/haz023/lab5/run_siliconsmart/LIB_FF_1.1_-40_ALL' (SIM-68)
Info:    Working in directory '/home/linux/ieng6/ee260bwi20/haz023/lab5/run_siliconsmart/LIB_FF_1.1_-40_ALL/temp/siliconsmart.ieng6-249.53689.5463/energy__D__lh__ACQ_1.sif_0' (SIM-69)
Info:    Executing 'hspice deck.cir -o deck' (SIM-30)
Warning: return code 0 (hspice: No such file or directory)
Info:    Simulation energy__D__lh__ACQ_1.sif for cell DFCSNQD2 completed successfully. (SMSC-103)
Info:    IO Retry 0
Info:    set _SIS_CLIENT_RESULT_ {{DFCSNQD2 energy__D__lh__ACQ_1 {sifTS 0.0 sifName /home/linux/ieng6/ee260bwi20/haz023/lab5/run_siliconsmart/LIB_FF_1.1_-40_ALL/temp/siliconsmart.ieng6-249.53689.5463/energy__D__lh__ACQ_1.sif eadCksum d8b24ff22bdc9c7febe3a0736e25d207 simulationCount 1 exportVars {} errorList {} sofName /home/linux/ieng6/ee260bwi20/haz023/lab5/run_siliconsmart/LIB_FF_1.1_-40_ALL/temp/siliconsmart.ieng6-249.53689.5463/energy__D__lh__ACQ_1.sof eadTS 0.0 eadName /home/linux/ieng6/ee260bwi20/haz023/lab5/run_siliconsmart/LIB_FF_1.1_-40_ALL/temp/siliconsmart.ieng6-249.53689.5463/energy__D__lh__ACQ_1.ead enableCache 0 status done depFiles /home/linux/ieng6/ee260bwi20/haz023/lab5/run_siliconsmart/LIB_FF_1.1_-40_ALL/netlists/DFCSNQD2.cdl sifCksum 19533df5b8cceebdc84f451c14bc5c07}}}
Info:    _SIS_CLIENT_RESULT_END
Info:    __recordTaskStats__ DFCSNQD2 energy__D__lh__ACQ_1 0.18 0.01 1.05 0.19 1 8.72547698021 ieng6-249.ucsd.edu 1582326878.26 1582326886.99
Info:    Loading information for cell DFCSNQD2... (SMSC-60)
Info:    Start Search.seeded_binary.opt_asynch_recovery on asynch_recovery (SIM-43)
Info:    Current directory '/home/linux/ieng6/ee260bwi20/haz023/lab5/run_siliconsmart/LIB_FF_1.1_-40_ALL' (SIM-68)
Info:    Working in directory '/home/linux/ieng6/ee260bwi20/haz023/lab5/run_siliconsmart/LIB_FF_1.1_-40_ALL/temp/siliconsmart.ieng6-249.53689.5463/asynch_recover__SDN__lh__CDN__lh__ACQ_1.sif_0' (SIM-69)
Info:    Executing 'hspice deck.cir -o deck' (SIM-30)
Warning: return code 0 (hspice: No such file or directory)
Info:    Current directory '/home/linux/ieng6/ee260bwi20/haz023/lab5/run_siliconsmart/LIB_FF_1.1_-40_ALL' (SIM-68)
Info:    Working in directory '/home/linux/ieng6/ee260bwi20/haz023/lab5/run_siliconsmart/LIB_FF_1.1_-40_ALL/temp/siliconsmart.ieng6-249.53689.5463/asynch_recover__SDN__lh__CDN__lh__ACQ_1.sif_1' (SIM-69)
Info:    Executing 'hspice deck.cir -o deck' (SIM-30)
Warning: return code 0 (hspice: No such file or directory)
Info:    Current directory '/home/linux/ieng6/ee260bwi20/haz023/lab5/run_siliconsmart/LIB_FF_1.1_-40_ALL' (SIM-68)
Info:    Working in directory '/home/linux/ieng6/ee260bwi20/haz023/lab5/run_siliconsmart/LIB_FF_1.1_-40_ALL/temp/siliconsmart.ieng6-249.53689.5463/asynch_recover__SDN__lh__CDN__lh__ACQ_1.sif_2' (SIM-69)
Info:    Executing 'hspice deck.cir -o deck' (SIM-30)
Warning: return code 0 (hspice: No such file or directory)
Info:    Current directory '/home/linux/ieng6/ee260bwi20/haz023/lab5/run_siliconsmart/LIB_FF_1.1_-40_ALL' (SIM-68)
Info:    Working in directory '/home/linux/ieng6/ee260bwi20/haz023/lab5/run_siliconsmart/LIB_FF_1.1_-40_ALL/temp/siliconsmart.ieng6-249.53689.5463/asynch_recover__SDN__lh__CDN__lh__ACQ_1.sif_3' (SIM-69)
Info:    Executing 'hspice deck.cir -o deck' (SIM-30)
Warning: return code 0 (hspice: No such file or directory)
Info:    Current directory '/home/linux/ieng6/ee260bwi20/haz023/lab5/run_siliconsmart/LIB_FF_1.1_-40_ALL' (SIM-68)
Info:    Working in directory '/home/linux/ieng6/ee260bwi20/haz023/lab5/run_siliconsmart/LIB_FF_1.1_-40_ALL/temp/siliconsmart.ieng6-249.53689.5463/asynch_recover__SDN__lh__CDN__lh__ACQ_1.sif_4' (SIM-69)
Info:    Executing 'hspice deck.cir -o deck' (SIM-30)
Warning: return code 0 (hspice: No such file or directory)
Info:    Current directory '/home/linux/ieng6/ee260bwi20/haz023/lab5/run_siliconsmart/LIB_FF_1.1_-40_ALL' (SIM-68)
Info:    Working in directory '/home/linux/ieng6/ee260bwi20/haz023/lab5/run_siliconsmart/LIB_FF_1.1_-40_ALL/temp/siliconsmart.ieng6-249.53689.5463/asynch_recover__SDN__lh__CDN__lh__ACQ_1.sif_5' (SIM-69)
Info:    Executing 'hspice deck.cir -o deck' (SIM-30)
Warning: return code 0 (hspice: No such file or directory)
Info:    Simulation asynch_recover__SDN__lh__CDN__lh__ACQ_1.sif for cell DFCSNQD2 completed successfully. (SMSC-103)
Info:    IO Retry 0
Info:    set _SIS_CLIENT_RESULT_ {{DFCSNQD2 asynch_recover__SDN__lh__CDN__lh__ACQ_1 {sifTS 0.0 sifName /home/linux/ieng6/ee260bwi20/haz023/lab5/run_siliconsmart/LIB_FF_1.1_-40_ALL/temp/siliconsmart.ieng6-249.53689.5463/asynch_recover__SDN__lh__CDN__lh__ACQ_1.sif eadCksum 379c2f949cb9e1d1902681669518cd17 simulationCount 6 exportVars {} errorList {} sofName /home/linux/ieng6/ee260bwi20/haz023/lab5/run_siliconsmart/LIB_FF_1.1_-40_ALL/temp/siliconsmart.ieng6-249.53689.5463/asynch_recover__SDN__lh__CDN__lh__ACQ_1.sof eadTS 0.0 eadName /home/linux/ieng6/ee260bwi20/haz023/lab5/run_siliconsmart/LIB_FF_1.1_-40_ALL/temp/siliconsmart.ieng6-249.53689.5463/asynch_recover__SDN__lh__CDN__lh__ACQ_1.ead enableCache 0 status done depFiles /home/linux/ieng6/ee260bwi20/haz023/lab5/run_siliconsmart/LIB_FF_1.1_-40_ALL/netlists/DFCSNQD2.cdl sifCksum 818e28ed59ed1d9cb531383cb7aa8825}}}
Info:    _SIS_CLIENT_RESULT_END
Info:    __recordTaskStats__ DFCSNQD2 asynch_recover__SDN__lh__CDN__lh__ACQ_1 0.18 0.04 9.95 0.99 6 74.7698719501 ieng6-249.ucsd.edu 1582326887.0 1582326961.77
Info:    Loading information for cell DFCSNQD4... (SMSC-60)
Info:    Start Search.seeded_binary.opt_removal on removal (SIM-43)
Info:    Current directory '/home/linux/ieng6/ee260bwi20/haz023/lab5/run_siliconsmart/LIB_FF_1.1_-40_ALL' (SIM-68)
Info:    Working in directory '/home/linux/ieng6/ee260bwi20/haz023/lab5/run_siliconsmart/LIB_FF_1.1_-40_ALL/temp/siliconsmart.ieng6-249.53689.5463/removal__CDN__lh__CP__lh__ACQ_1.sif_0' (SIM-69)
Info:    Executing 'hspice deck.cir -o deck' (SIM-30)
Warning: return code 0 (hspice: No such file or directory)
Info:    Current directory '/home/linux/ieng6/ee260bwi20/haz023/lab5/run_siliconsmart/LIB_FF_1.1_-40_ALL' (SIM-68)
Info:    Working in directory '/home/linux/ieng6/ee260bwi20/haz023/lab5/run_siliconsmart/LIB_FF_1.1_-40_ALL/temp/siliconsmart.ieng6-249.53689.5463/removal__CDN__lh__CP__lh__ACQ_1.sif_1' (SIM-69)
Info:    Executing 'hspice deck.cir -o deck' (SIM-30)
Warning: return code 0 (hspice: No such file or directory)
Info:    Current directory '/home/linux/ieng6/ee260bwi20/haz023/lab5/run_siliconsmart/LIB_FF_1.1_-40_ALL' (SIM-68)
Info:    Working in directory '/home/linux/ieng6/ee260bwi20/haz023/lab5/run_siliconsmart/LIB_FF_1.1_-40_ALL/temp/siliconsmart.ieng6-249.53689.5463/removal__CDN__lh__CP__lh__ACQ_1.sif_2' (SIM-69)
Info:    Executing 'hspice deck.cir -o deck' (SIM-30)
Warning: return code 0 (hspice: No such file or directory)
Info:    Current directory '/home/linux/ieng6/ee260bwi20/haz023/lab5/run_siliconsmart/LIB_FF_1.1_-40_ALL' (SIM-68)
Info:    Working in directory '/home/linux/ieng6/ee260bwi20/haz023/lab5/run_siliconsmart/LIB_FF_1.1_-40_ALL/temp/siliconsmart.ieng6-249.53689.5463/removal__CDN__lh__CP__lh__ACQ_1.sif_3' (SIM-69)
Info:    Executing 'hspice deck.cir -o deck' (SIM-30)
Warning: return code 0 (hspice: No such file or directory)
Info:    Current directory '/home/linux/ieng6/ee260bwi20/haz023/lab5/run_siliconsmart/LIB_FF_1.1_-40_ALL' (SIM-68)
Info:    Working in directory '/home/linux/ieng6/ee260bwi20/haz023/lab5/run_siliconsmart/LIB_FF_1.1_-40_ALL/temp/siliconsmart.ieng6-249.53689.5463/removal__CDN__lh__CP__lh__ACQ_1.sif_4' (SIM-69)
Info:    Executing 'hspice deck.cir -o deck' (SIM-30)
Warning: return code 0 (hspice: No such file or directory)
Info:    Current directory '/home/linux/ieng6/ee260bwi20/haz023/lab5/run_siliconsmart/LIB_FF_1.1_-40_ALL' (SIM-68)
Info:    Working in directory '/home/linux/ieng6/ee260bwi20/haz023/lab5/run_siliconsmart/LIB_FF_1.1_-40_ALL/temp/siliconsmart.ieng6-249.53689.5463/removal__CDN__lh__CP__lh__ACQ_1.sif_5' (SIM-69)
Info:    Executing 'hspice deck.cir -o deck' (SIM-30)
Warning: return code 0 (hspice: No such file or directory)
Info:    Current directory '/home/linux/ieng6/ee260bwi20/haz023/lab5/run_siliconsmart/LIB_FF_1.1_-40_ALL' (SIM-68)
Info:    Working in directory '/home/linux/ieng6/ee260bwi20/haz023/lab5/run_siliconsmart/LIB_FF_1.1_-40_ALL/temp/siliconsmart.ieng6-249.53689.5463/removal__CDN__lh__CP__lh__ACQ_1.sif_6' (SIM-69)
Info:    Executing 'hspice deck.cir -o deck' (SIM-30)
Warning: return code 0 (hspice: No such file or directory)
Info:    Current directory '/home/linux/ieng6/ee260bwi20/haz023/lab5/run_siliconsmart/LIB_FF_1.1_-40_ALL' (SIM-68)
Info:    Working in directory '/home/linux/ieng6/ee260bwi20/haz023/lab5/run_siliconsmart/LIB_FF_1.1_-40_ALL/temp/siliconsmart.ieng6-249.53689.5463/removal__CDN__lh__CP__lh__ACQ_1.sif_7' (SIM-69)
Info:    Executing 'hspice deck.cir -o deck' (SIM-30)
Warning: return code 0 (hspice: No such file or directory)
Info:    Simulation removal__CDN__lh__CP__lh__ACQ_1.sif for cell DFCSNQD4 completed successfully. (SMSC-103)
Info:    IO Retry 0
Info:    set _SIS_CLIENT_RESULT_ {{DFCSNQD4 removal__CDN__lh__CP__lh__ACQ_1 {sifTS 0.0 sifName /home/linux/ieng6/ee260bwi20/haz023/lab5/run_siliconsmart/LIB_FF_1.1_-40_ALL/temp/siliconsmart.ieng6-249.53689.5463/removal__CDN__lh__CP__lh__ACQ_1.sif eadCksum 84e3c2d2d7a07584cf98a9f0622fe9c4 simulationCount 8 exportVars {} errorList {} sofName /home/linux/ieng6/ee260bwi20/haz023/lab5/run_siliconsmart/LIB_FF_1.1_-40_ALL/temp/siliconsmart.ieng6-249.53689.5463/removal__CDN__lh__CP__lh__ACQ_1.sof eadTS 0.0 eadName /home/linux/ieng6/ee260bwi20/haz023/lab5/run_siliconsmart/LIB_FF_1.1_-40_ALL/temp/siliconsmart.ieng6-249.53689.5463/removal__CDN__lh__CP__lh__ACQ_1.ead enableCache 0 status done depFiles /home/linux/ieng6/ee260bwi20/haz023/lab5/run_siliconsmart/LIB_FF_1.1_-40_ALL/netlists/DFCSNQD4.cdl sifCksum b1ce39ed556c26a2e4d1a4608772abeb}}}
Info:    _SIS_CLIENT_RESULT_END
Info:    __recordTaskStats__ DFCSNQD4 removal__CDN__lh__CP__lh__ACQ_1 0.29 0.06 14.62 1.28 8 108.20954299 ieng6-249.ucsd.edu 1582326961.79 1582327070.0
Info:    Loading information for cell MUX2D0... (SMSC-60)
Info:    Current directory '/home/linux/ieng6/ee260bwi20/haz023/lab5/run_siliconsmart/LIB_FF_1.1_-40_ALL' (SIM-68)
Info:    Working in directory '/home/linux/ieng6/ee260bwi20/haz023/lab5/run_siliconsmart/LIB_FF_1.1_-40_ALL/temp/siliconsmart.ieng6-249.53689.5463/leakage_power__ACQ_4.sif_0' (SIM-69)
Info:    Executing 'hspice deck.cir -o deck' (SIM-30)
Warning: return code 0 (hspice: No such file or directory)
Info:    Simulation leakage_power__ACQ_4.sif for cell MUX2D0 completed successfully. (SMSC-103)
Info:    IO Retry 0
Info:    set _SIS_CLIENT_RESULT_ {{MUX2D0 leakage_power__ACQ_4 {sifTS 0.0 sifName /home/linux/ieng6/ee260bwi20/haz023/lab5/run_siliconsmart/LIB_FF_1.1_-40_ALL/temp/siliconsmart.ieng6-249.53689.5463/leakage_power__ACQ_4.sif eadCksum a44e842bddda59cfb0bdf56893e7c17e simulationCount 1 exportVars {} errorList {} sofName /home/linux/ieng6/ee260bwi20/haz023/lab5/run_siliconsmart/LIB_FF_1.1_-40_ALL/temp/siliconsmart.ieng6-249.53689.5463/leakage_power__ACQ_4.sof eadTS 0.0 eadName /home/linux/ieng6/ee260bwi20/haz023/lab5/run_siliconsmart/LIB_FF_1.1_-40_ALL/temp/siliconsmart.ieng6-249.53689.5463/leakage_power__ACQ_4.ead enableCache 0 status done depFiles /home/linux/ieng6/ee260bwi20/haz023/lab5/run_siliconsmart/LIB_FF_1.1_-40_ALL/netlists/MUX2D0.cdl sifCksum 2ae46bacc01f12a8bfd17625581ebdd1}}}
Info:    _SIS_CLIENT_RESULT_END
Info:    __recordTaskStats__ MUX2D0 leakage_power__ACQ_4 0.11 0.01 0.32 0.1 1 3.97875189781 ieng6-249.ucsd.edu 1582327070.0 1582327073.98
Info:    Loading information for cell MUX2D0... (SMSC-60)
Info:    Current directory '/home/linux/ieng6/ee260bwi20/haz023/lab5/run_siliconsmart/LIB_FF_1.1_-40_ALL' (SIM-68)
Info:    Working in directory '/home/linux/ieng6/ee260bwi20/haz023/lab5/run_siliconsmart/LIB_FF_1.1_-40_ALL/temp/siliconsmart.ieng6-249.53689.5463/Cin__I1__hl__ACQ_1.sif_0' (SIM-69)
Info:    Executing 'hspice deck.cir -o deck' (SIM-30)
Warning: return code 0 (hspice: No such file or directory)
Info:    Simulation Cin__I1__hl__ACQ_1.sif for cell MUX2D0 completed successfully. (SMSC-103)
Info:    IO Retry 0
Info:    set _SIS_CLIENT_RESULT_ {{MUX2D0 Cin__I1__hl__ACQ_1 {sifTS 0.0 sifName /home/linux/ieng6/ee260bwi20/haz023/lab5/run_siliconsmart/LIB_FF_1.1_-40_ALL/temp/siliconsmart.ieng6-249.53689.5463/Cin__I1__hl__ACQ_1.sif eadCksum 3275dbedcdaae883ab9797dbeefb9de6 simulationCount 1 exportVars {} errorList {} sofName /home/linux/ieng6/ee260bwi20/haz023/lab5/run_siliconsmart/LIB_FF_1.1_-40_ALL/temp/siliconsmart.ieng6-249.53689.5463/Cin__I1__hl__ACQ_1.sof eadTS 0.0 eadName /home/linux/ieng6/ee260bwi20/haz023/lab5/run_siliconsmart/LIB_FF_1.1_-40_ALL/temp/siliconsmart.ieng6-249.53689.5463/Cin__I1__hl__ACQ_1.ead enableCache 0 status done depFiles /home/linux/ieng6/ee260bwi20/haz023/lab5/run_siliconsmart/LIB_FF_1.1_-40_ALL/netlists/MUX2D0.cdl sifCksum 6ec7b7027332def00f35ab700c75c167}}}
Info:    _SIS_CLIENT_RESULT_END
Info:    __recordTaskStats__ MUX2D0 Cin__I1__hl__ACQ_1 0.07 0.02 0.55 0.13 1 5.19742202759 ieng6-249.ucsd.edu 1582327074.0 1582327079.2
Info:    Loading information for cell MUX2D1... (SMSC-60)
Info:    Current directory '/home/linux/ieng6/ee260bwi20/haz023/lab5/run_siliconsmart/LIB_FF_1.1_-40_ALL' (SIM-68)
Info:    Working in directory '/home/linux/ieng6/ee260bwi20/haz023/lab5/run_siliconsmart/LIB_FF_1.1_-40_ALL/temp/siliconsmart.ieng6-249.53689.5463/delay__I0__lh__Z__lh__ACQ_1.sif_0' (SIM-69)
Info:    Executing 'hspice deck.cir -o deck' (SIM-30)
Warning: return code 0 (hspice: No such file or directory)
Info:    Simulation delay__I0__lh__Z__lh__ACQ_1.sif for cell MUX2D1 completed successfully. (SMSC-103)
Info:    IO Retry 0
Info:    set _SIS_CLIENT_RESULT_ {{MUX2D1 delay__I0__lh__Z__lh__ACQ_1 {sifTS 0.0 sifName /home/linux/ieng6/ee260bwi20/haz023/lab5/run_siliconsmart/LIB_FF_1.1_-40_ALL/temp/siliconsmart.ieng6-249.53689.5463/delay__I0__lh__Z__lh__ACQ_1.sif eadCksum f734278de72b7948d5221d2c16c9b82b simulationCount 1 exportVars {} errorList {} sofName /home/linux/ieng6/ee260bwi20/haz023/lab5/run_siliconsmart/LIB_FF_1.1_-40_ALL/temp/siliconsmart.ieng6-249.53689.5463/delay__I0__lh__Z__lh__ACQ_1.sof eadTS 0.0 eadName /home/linux/ieng6/ee260bwi20/haz023/lab5/run_siliconsmart/LIB_FF_1.1_-40_ALL/temp/siliconsmart.ieng6-249.53689.5463/delay__I0__lh__Z__lh__ACQ_1.ead enableCache 0 status done depFiles /home/linux/ieng6/ee260bwi20/haz023/lab5/run_siliconsmart/LIB_FF_1.1_-40_ALL/netlists/MUX2D1.cdl sifCksum 373d47a789e19c2b4fabff21c48851b8}}}
Info:    _SIS_CLIENT_RESULT_END
Info:    __recordTaskStats__ MUX2D1 delay__I0__lh__Z__lh__ACQ_1 0.18 0.01 2.81 0.27 1 21.9449911118 ieng6-249.ucsd.edu 1582327079.24 1582327101.18
Info:    Loading information for cell MUX2D2... (SMSC-60)
Info:    Current directory '/home/linux/ieng6/ee260bwi20/haz023/lab5/run_siliconsmart/LIB_FF_1.1_-40_ALL' (SIM-68)
Info:    Working in directory '/home/linux/ieng6/ee260bwi20/haz023/lab5/run_siliconsmart/LIB_FF_1.1_-40_ALL/temp/siliconsmart.ieng6-249.53689.5463/Cin__S__hl__ACQ_1.sif_0' (SIM-69)
Info:    Executing 'hspice deck.cir -o deck' (SIM-30)
Warning: return code 0 (hspice: No such file or directory)
Info:    Simulation Cin__S__hl__ACQ_1.sif for cell MUX2D2 completed successfully. (SMSC-103)
Info:    IO Retry 0
Info:    set _SIS_CLIENT_RESULT_ {{MUX2D2 Cin__S__hl__ACQ_1 {sifTS 0.0 sifName /home/linux/ieng6/ee260bwi20/haz023/lab5/run_siliconsmart/LIB_FF_1.1_-40_ALL/temp/siliconsmart.ieng6-249.53689.5463/Cin__S__hl__ACQ_1.sif eadCksum d2e8de926d5d22c7140523b5474a11a0 simulationCount 1 exportVars {} errorList {} sofName /home/linux/ieng6/ee260bwi20/haz023/lab5/run_siliconsmart/LIB_FF_1.1_-40_ALL/temp/siliconsmart.ieng6-249.53689.5463/Cin__S__hl__ACQ_1.sof eadTS 0.0 eadName /home/linux/ieng6/ee260bwi20/haz023/lab5/run_siliconsmart/LIB_FF_1.1_-40_ALL/temp/siliconsmart.ieng6-249.53689.5463/Cin__S__hl__ACQ_1.ead enableCache 0 status done depFiles /home/linux/ieng6/ee260bwi20/haz023/lab5/run_siliconsmart/LIB_FF_1.1_-40_ALL/netlists/MUX2D2.cdl sifCksum 858670d321cd6d42545fe90737ac5595}}}
Info:    _SIS_CLIENT_RESULT_END
Info:    __recordTaskStats__ MUX2D2 Cin__S__hl__ACQ_1 0.1 0.01 0.58 0.14 1 5.42597103119 ieng6-249.ucsd.edu 1582327101.19 1582327106.62
Info:    Loading information for cell MUX2D4... (SMSC-60)
Info:    Current directory '/home/linux/ieng6/ee260bwi20/haz023/lab5/run_siliconsmart/LIB_FF_1.1_-40_ALL' (SIM-68)
Info:    Working in directory '/home/linux/ieng6/ee260bwi20/haz023/lab5/run_siliconsmart/LIB_FF_1.1_-40_ALL/temp/siliconsmart.ieng6-249.53689.5463/delay__S__hl__Z__hl__ACQ_1.sif_0' (SIM-69)
Info:    Executing 'hspice deck.cir -o deck' (SIM-30)
Warning: return code 0 (hspice: No such file or directory)
Info:    Simulation delay__S__hl__Z__hl__ACQ_1.sif for cell MUX2D4 completed successfully. (SMSC-103)
Info:    IO Retry 0
Info:    set _SIS_CLIENT_RESULT_ {{MUX2D4 delay__S__hl__Z__hl__ACQ_1 {sifTS 0.0 sifName /home/linux/ieng6/ee260bwi20/haz023/lab5/run_siliconsmart/LIB_FF_1.1_-40_ALL/temp/siliconsmart.ieng6-249.53689.5463/delay__S__hl__Z__hl__ACQ_1.sif eadCksum f828d048395e275301d33601101e0b6e simulationCount 1 exportVars {} errorList {} sofName /home/linux/ieng6/ee260bwi20/haz023/lab5/run_siliconsmart/LIB_FF_1.1_-40_ALL/temp/siliconsmart.ieng6-249.53689.5463/delay__S__hl__Z__hl__ACQ_1.sof eadTS 0.0 eadName /home/linux/ieng6/ee260bwi20/haz023/lab5/run_siliconsmart/LIB_FF_1.1_-40_ALL/temp/siliconsmart.ieng6-249.53689.5463/delay__S__hl__Z__hl__ACQ_1.ead enableCache 0 status done depFiles /home/linux/ieng6/ee260bwi20/haz023/lab5/run_siliconsmart/LIB_FF_1.1_-40_ALL/netlists/MUX2D4.cdl sifCksum 36a9f21a71de5fcfc30c4cceb711228c}}}
Info:    _SIS_CLIENT_RESULT_END
Info:    __recordTaskStats__ MUX2D4 delay__S__hl__Z__hl__ACQ_1 0.16 0.02 2.99 0.26 1 28.1954188347 ieng6-249.ucsd.edu 1582327106.64 1582327134.83
Info:    Loading information for cell OAI21D2... (SMSC-60)
Info:    Current directory '/home/linux/ieng6/ee260bwi20/haz023/lab5/run_siliconsmart/LIB_FF_1.1_-40_ALL' (SIM-68)
Info:    Working in directory '/home/linux/ieng6/ee260bwi20/haz023/lab5/run_siliconsmart/LIB_FF_1.1_-40_ALL/temp/siliconsmart.ieng6-249.53689.5463/delay__A1__hl__ZN__lh__ACQ_1.sif_0' (SIM-69)
Info:    Executing 'hspice deck.cir -o deck' (SIM-30)
Warning: return code 0 (hspice: No such file or directory)
Info:    Simulation delay__A1__hl__ZN__lh__ACQ_1.sif for cell OAI21D2 completed successfully. (SMSC-103)
Info:    IO Retry 0
Info:    set _SIS_CLIENT_RESULT_ {{OAI21D2 delay__A1__hl__ZN__lh__ACQ_1 {sifTS 0.0 sifName /home/linux/ieng6/ee260bwi20/haz023/lab5/run_siliconsmart/LIB_FF_1.1_-40_ALL/temp/siliconsmart.ieng6-249.53689.5463/delay__A1__hl__ZN__lh__ACQ_1.sif eadCksum 42609c501dae0d9fb401e76778e99053 simulationCount 1 exportVars {} errorList {} sofName /home/linux/ieng6/ee260bwi20/haz023/lab5/run_siliconsmart/LIB_FF_1.1_-40_ALL/temp/siliconsmart.ieng6-249.53689.5463/delay__A1__hl__ZN__lh__ACQ_1.sof eadTS 0.0 eadName /home/linux/ieng6/ee260bwi20/haz023/lab5/run_siliconsmart/LIB_FF_1.1_-40_ALL/temp/siliconsmart.ieng6-249.53689.5463/delay__A1__hl__ZN__lh__ACQ_1.ead enableCache 0 status done depFiles /home/linux/ieng6/ee260bwi20/haz023/lab5/run_siliconsmart/LIB_FF_1.1_-40_ALL/netlists/OAI21D2.cdl sifCksum 28028049c4714cd72f4be7aaf00b89f3}}}
Info:    _SIS_CLIENT_RESULT_END
Info:    __recordTaskStats__ OAI21D2 delay__A1__hl__ZN__lh__ACQ_1 0.18 0.02 1.93 0.21 1 17.9140071869 ieng6-249.ucsd.edu 1582327134.83 1582327152.75
Info:    Loading information for cell AN2D1... (SMSC-60)
Info:    Current directory '/home/linux/ieng6/ee260bwi20/haz023/lab5/run_siliconsmart/LIB_FF_1.1_-40_ALL' (SIM-68)
Info:    Working in directory '/home/linux/ieng6/ee260bwi20/haz023/lab5/run_siliconsmart/LIB_FF_1.1_-40_ALL/temp/siliconsmart.ieng6-249.53689.5463/leakage_power__ACQ_1.sif_0' (SIM-69)
Info:    Executing 'hspice deck.cir -o deck' (SIM-30)
Warning: return code 0 (hspice: No such file or directory)
Info:    Simulation leakage_power__ACQ_1.sif for cell AN2D1 completed successfully. (SMSC-103)
Info:    IO Retry 0
Info:    set _SIS_CLIENT_RESULT_ {{AN2D1 leakage_power__ACQ_1 {sifTS 0.0 sifName /home/linux/ieng6/ee260bwi20/haz023/lab5/run_siliconsmart/LIB_FF_1.1_-40_ALL/temp/siliconsmart.ieng6-249.53689.5463/leakage_power__ACQ_1.sif eadCksum 375fe1013c49a583fe4914ced0de4ed8 simulationCount 1 exportVars {} errorList {} sofName /home/linux/ieng6/ee260bwi20/haz023/lab5/run_siliconsmart/LIB_FF_1.1_-40_ALL/temp/siliconsmart.ieng6-249.53689.5463/leakage_power__ACQ_1.sof eadTS 0.0 eadName /home/linux/ieng6/ee260bwi20/haz023/lab5/run_siliconsmart/LIB_FF_1.1_-40_ALL/temp/siliconsmart.ieng6-249.53689.5463/leakage_power__ACQ_1.ead enableCache 0 status done depFiles /home/linux/ieng6/ee260bwi20/haz023/lab5/run_siliconsmart/LIB_FF_1.1_-40_ALL/netlists/AN2D1.cdl sifCksum 8c938d24811a4252afeafbd6b6437682}}}
Info:    _SIS_CLIENT_RESULT_END
Info:    __recordTaskStats__ AN2D1 leakage_power__ACQ_1 0.08 0.01 0.29 0.11 1 3.48023200035 ieng6-249.ucsd.edu 1582327152.75 1582327156.23
Info:    Loading information for cell AN2D2... (SMSC-60)
Info:    Current directory '/home/linux/ieng6/ee260bwi20/haz023/lab5/run_siliconsmart/LIB_FF_1.1_-40_ALL' (SIM-68)
Info:    Working in directory '/home/linux/ieng6/ee260bwi20/haz023/lab5/run_siliconsmart/LIB_FF_1.1_-40_ALL/temp/siliconsmart.ieng6-249.53689.5463/Cin__A1__lh__ACQ_1.sif_0' (SIM-69)
Info:    Executing 'hspice deck.cir -o deck' (SIM-30)
Warning: return code 0 (hspice: No such file or directory)
Info:    Simulation Cin__A1__lh__ACQ_1.sif for cell AN2D2 completed successfully. (SMSC-103)
Info:    IO Retry 0
Info:    set _SIS_CLIENT_RESULT_ {{AN2D2 Cin__A1__lh__ACQ_1 {sifTS 0.0 sifName /home/linux/ieng6/ee260bwi20/haz023/lab5/run_siliconsmart/LIB_FF_1.1_-40_ALL/temp/siliconsmart.ieng6-249.53689.5463/Cin__A1__lh__ACQ_1.sif eadCksum a97f2912a4acf4f587e19c4a09bc99f3 simulationCount 1 exportVars {} errorList {} sofName /home/linux/ieng6/ee260bwi20/haz023/lab5/run_siliconsmart/LIB_FF_1.1_-40_ALL/temp/siliconsmart.ieng6-249.53689.5463/Cin__A1__lh__ACQ_1.sof eadTS 0.0 eadName /home/linux/ieng6/ee260bwi20/haz023/lab5/run_siliconsmart/LIB_FF_1.1_-40_ALL/temp/siliconsmart.ieng6-249.53689.5463/Cin__A1__lh__ACQ_1.ead enableCache 0 status done depFiles /home/linux/ieng6/ee260bwi20/haz023/lab5/run_siliconsmart/LIB_FF_1.1_-40_ALL/netlists/AN2D2.cdl sifCksum 6225a1e91dc35dcc418ef40baae6d62d}}}
Info:    _SIS_CLIENT_RESULT_END
Info:    __recordTaskStats__ AN2D2 Cin__A1__lh__ACQ_1 0.09 0.01 0.47 0.11 1 4.61067390442 ieng6-249.ucsd.edu 1582327156.23 1582327160.84
Info:    Loading information for cell AN2D4... (SMSC-60)
Info:    Current directory '/home/linux/ieng6/ee260bwi20/haz023/lab5/run_siliconsmart/LIB_FF_1.1_-40_ALL' (SIM-68)
Info:    Working in directory '/home/linux/ieng6/ee260bwi20/haz023/lab5/run_siliconsmart/LIB_FF_1.1_-40_ALL/temp/siliconsmart.ieng6-249.53689.5463/Cin__A2__hl__ACQ_1.sif_0' (SIM-69)
Info:    Executing 'hspice deck.cir -o deck' (SIM-30)
Warning: return code 0 (hspice: No such file or directory)
Info:    Simulation Cin__A2__hl__ACQ_1.sif for cell AN2D4 completed successfully. (SMSC-103)
Info:    IO Retry 0
Info:    set _SIS_CLIENT_RESULT_ {{AN2D4 Cin__A2__hl__ACQ_1 {sifTS 0.0 sifName /home/linux/ieng6/ee260bwi20/haz023/lab5/run_siliconsmart/LIB_FF_1.1_-40_ALL/temp/siliconsmart.ieng6-249.53689.5463/Cin__A2__hl__ACQ_1.sif eadCksum 7ad1507a2ddea96b615102b765be19cb simulationCount 1 exportVars {} errorList {} sofName /home/linux/ieng6/ee260bwi20/haz023/lab5/run_siliconsmart/LIB_FF_1.1_-40_ALL/temp/siliconsmart.ieng6-249.53689.5463/Cin__A2__hl__ACQ_1.sof eadTS 0.0 eadName /home/linux/ieng6/ee260bwi20/haz023/lab5/run_siliconsmart/LIB_FF_1.1_-40_ALL/temp/siliconsmart.ieng6-249.53689.5463/Cin__A2__hl__ACQ_1.ead enableCache 0 status done depFiles /home/linux/ieng6/ee260bwi20/haz023/lab5/run_siliconsmart/LIB_FF_1.1_-40_ALL/netlists/AN2D4.cdl sifCksum 7d4e1545afc4156490ddedd33c33874b}}}
Info:    _SIS_CLIENT_RESULT_END
Info:    __recordTaskStats__ AN2D4 Cin__A2__hl__ACQ_1 0.1 0.01 0.65 0.15 1 5.60324001312 ieng6-249.ucsd.edu 1582327160.86 1582327166.46
Info:    Loading information for cell AN2D8... (SMSC-60)
Info:    Current directory '/home/linux/ieng6/ee260bwi20/haz023/lab5/run_siliconsmart/LIB_FF_1.1_-40_ALL' (SIM-68)
Info:    Working in directory '/home/linux/ieng6/ee260bwi20/haz023/lab5/run_siliconsmart/LIB_FF_1.1_-40_ALL/temp/siliconsmart.ieng6-249.53689.5463/delay__A2__hl__Z__hl__ACQ_1.sif_0' (SIM-69)
Info:    Executing 'hspice deck.cir -o deck' (SIM-30)
Warning: return code 0 (hspice: No such file or directory)
Info:    Simulation delay__A2__hl__Z__hl__ACQ_1.sif for cell AN2D8 completed successfully. (SMSC-103)
Info:    IO Retry 0
Info:    set _SIS_CLIENT_RESULT_ {{AN2D8 delay__A2__hl__Z__hl__ACQ_1 {sifTS 0.0 sifName /home/linux/ieng6/ee260bwi20/haz023/lab5/run_siliconsmart/LIB_FF_1.1_-40_ALL/temp/siliconsmart.ieng6-249.53689.5463/delay__A2__hl__Z__hl__ACQ_1.sif eadCksum a67b7d81b861c13ff56af10e388e983f simulationCount 1 exportVars {} errorList {} sofName /home/linux/ieng6/ee260bwi20/haz023/lab5/run_siliconsmart/LIB_FF_1.1_-40_ALL/temp/siliconsmart.ieng6-249.53689.5463/delay__A2__hl__Z__hl__ACQ_1.sof eadTS 0.0 eadName /home/linux/ieng6/ee260bwi20/haz023/lab5/run_siliconsmart/LIB_FF_1.1_-40_ALL/temp/siliconsmart.ieng6-249.53689.5463/delay__A2__hl__Z__hl__ACQ_1.ead enableCache 0 status done depFiles /home/linux/ieng6/ee260bwi20/haz023/lab5/run_siliconsmart/LIB_FF_1.1_-40_ALL/netlists/AN2D8.cdl sifCksum c5e96570ead8349e22431b1b043a3f9e}}}
Info:    _SIS_CLIENT_RESULT_END
Info:    __recordTaskStats__ AN2D8 delay__A2__hl__Z__hl__ACQ_1 0.23 0.04 3.59 0.34 1 34.6237912178 ieng6-249.ucsd.edu 1582327166.46 1582327201.09
Info:    Loading information for cell NR2D0... (SMSC-60)
Info:    Current directory '/home/linux/ieng6/ee260bwi20/haz023/lab5/run_siliconsmart/LIB_FF_1.1_-40_ALL' (SIM-68)
Info:    Working in directory '/home/linux/ieng6/ee260bwi20/haz023/lab5/run_siliconsmart/LIB_FF_1.1_-40_ALL/temp/siliconsmart.ieng6-249.53689.5463/Cin__A1__lh__ACQ_1.sif_0' (SIM-69)
Info:    Executing 'hspice deck.cir -o deck' (SIM-30)
Warning: return code 0 (hspice: No such file or directory)
Info:    Simulation Cin__A1__lh__ACQ_1.sif for cell NR2D0 completed successfully. (SMSC-103)
Info:    IO Retry 0
Info:    set _SIS_CLIENT_RESULT_ {{NR2D0 Cin__A1__lh__ACQ_1 {sifTS 0.0 sifName /home/linux/ieng6/ee260bwi20/haz023/lab5/run_siliconsmart/LIB_FF_1.1_-40_ALL/temp/siliconsmart.ieng6-249.53689.5463/Cin__A1__lh__ACQ_1.sif eadCksum 23cfe16595186a0d787abfdb8a93c44c simulationCount 1 exportVars {} errorList {} sofName /home/linux/ieng6/ee260bwi20/haz023/lab5/run_siliconsmart/LIB_FF_1.1_-40_ALL/temp/siliconsmart.ieng6-249.53689.5463/Cin__A1__lh__ACQ_1.sof eadTS 0.0 eadName /home/linux/ieng6/ee260bwi20/haz023/lab5/run_siliconsmart/LIB_FF_1.1_-40_ALL/temp/siliconsmart.ieng6-249.53689.5463/Cin__A1__lh__ACQ_1.ead enableCache 0 status done depFiles /home/linux/ieng6/ee260bwi20/haz023/lab5/run_siliconsmart/LIB_FF_1.1_-40_ALL/netlists/NR2D0.cdl sifCksum e6e2a91a6b5f748118ebd87b090648d9}}}
Info:    _SIS_CLIENT_RESULT_END
Info:    __recordTaskStats__ NR2D0 Cin__A1__lh__ACQ_1 3.74 0.64 0.38 0.1 1 157.619422913 ieng6-249.ucsd.edu 1582327201.22 1582327358.84
Info:    Loading information for cell NR2D2... (SMSC-60)
Info:    Current directory '/home/linux/ieng6/ee260bwi20/haz023/lab5/run_siliconsmart/LIB_FF_1.1_-40_ALL' (SIM-68)
Info:    Working in directory '/home/linux/ieng6/ee260bwi20/haz023/lab5/run_siliconsmart/LIB_FF_1.1_-40_ALL/temp/siliconsmart.ieng6-249.53689.5463/leakage_power__ACQ_2.sif_0' (SIM-69)
Info:    Executing 'hspice deck.cir -o deck' (SIM-30)
Warning: return code 0 (hspice: No such file or directory)
Info:    Simulation leakage_power__ACQ_2.sif for cell NR2D2 completed successfully. (SMSC-103)
Info:    IO Retry 0
Info:    set _SIS_CLIENT_RESULT_ {{NR2D2 leakage_power__ACQ_2 {sifTS 0.0 sifName /home/linux/ieng6/ee260bwi20/haz023/lab5/run_siliconsmart/LIB_FF_1.1_-40_ALL/temp/siliconsmart.ieng6-249.53689.5463/leakage_power__ACQ_2.sif eadCksum 4abaa417a7a04691c7f7e208e9cdd633 simulationCount 1 exportVars {} errorList {} sofName /home/linux/ieng6/ee260bwi20/haz023/lab5/run_siliconsmart/LIB_FF_1.1_-40_ALL/temp/siliconsmart.ieng6-249.53689.5463/leakage_power__ACQ_2.sof eadTS 0.0 eadName /home/linux/ieng6/ee260bwi20/haz023/lab5/run_siliconsmart/LIB_FF_1.1_-40_ALL/temp/siliconsmart.ieng6-249.53689.5463/leakage_power__ACQ_2.ead enableCache 0 status done depFiles /home/linux/ieng6/ee260bwi20/haz023/lab5/run_siliconsmart/LIB_FF_1.1_-40_ALL/netlists/NR2D2.cdl sifCksum 241a999c532107fe1634de8a8b68c075}}}
Info:    _SIS_CLIENT_RESULT_END
Info:    __recordTaskStats__ NR2D2 leakage_power__ACQ_2 0.09 0.01 0.28 0.1 1 3.91430592537 ieng6-249.ucsd.edu 1582327358.84 1582327362.76
Info:    Loading information for cell NR2D3... (SMSC-60)
Info:    Current directory '/home/linux/ieng6/ee260bwi20/haz023/lab5/run_siliconsmart/LIB_FF_1.1_-40_ALL' (SIM-68)
Info:    Working in directory '/home/linux/ieng6/ee260bwi20/haz023/lab5/run_siliconsmart/LIB_FF_1.1_-40_ALL/temp/siliconsmart.ieng6-249.53689.5463/delay__A1__lh__ZN__hl__ACQ_1.sif_0' (SIM-69)
Info:    Executing 'hspice deck.cir -o deck' (SIM-30)
Warning: return code 0 (hspice: No such file or directory)
Info:    Simulation delay__A1__lh__ZN__hl__ACQ_1.sif for cell NR2D3 completed successfully. (SMSC-103)
Info:    IO Retry 0
Info:    set _SIS_CLIENT_RESULT_ {{NR2D3 delay__A1__lh__ZN__hl__ACQ_1 {sifTS 0.0 sifName /home/linux/ieng6/ee260bwi20/haz023/lab5/run_siliconsmart/LIB_FF_1.1_-40_ALL/temp/siliconsmart.ieng6-249.53689.5463/delay__A1__lh__ZN__hl__ACQ_1.sif eadCksum 35c3f40b85595a134a45b418a57f83d6 simulationCount 1 exportVars {} errorList {} sofName /home/linux/ieng6/ee260bwi20/haz023/lab5/run_siliconsmart/LIB_FF_1.1_-40_ALL/temp/siliconsmart.ieng6-249.53689.5463/delay__A1__lh__ZN__hl__ACQ_1.sof eadTS 0.0 eadName /home/linux/ieng6/ee260bwi20/haz023/lab5/run_siliconsmart/LIB_FF_1.1_-40_ALL/temp/siliconsmart.ieng6-249.53689.5463/delay__A1__lh__ZN__hl__ACQ_1.ead enableCache 0 status done depFiles /home/linux/ieng6/ee260bwi20/haz023/lab5/run_siliconsmart/LIB_FF_1.1_-40_ALL/netlists/NR2D3.cdl sifCksum d3877c2ddf3a027f2b5bcc6aa12d73f8}}}
Info:    _SIS_CLIENT_RESULT_END
Info:    __recordTaskStats__ NR2D3 delay__A1__lh__ZN__hl__ACQ_1 0.15 0.0 1.79 0.18 1 15.6607239246 ieng6-249.ucsd.edu 1582327362.77 1582327378.43
Info:    Loading information for cell OR2D1... (SMSC-60)
Info:    Current directory '/home/linux/ieng6/ee260bwi20/haz023/lab5/run_siliconsmart/LIB_FF_1.1_-40_ALL' (SIM-68)
Info:    Working in directory '/home/linux/ieng6/ee260bwi20/haz023/lab5/run_siliconsmart/LIB_FF_1.1_-40_ALL/temp/siliconsmart.ieng6-249.53689.5463/delay__A2__lh__Z__lh__ACQ_1.sif_0' (SIM-69)
Info:    Executing 'hspice deck.cir -o deck' (SIM-30)
Warning: return code 0 (hspice: No such file or directory)
Info:    Simulation delay__A2__lh__Z__lh__ACQ_1.sif for cell OR2D1 completed successfully. (SMSC-103)
Info:    IO Retry 0
Info:    set _SIS_CLIENT_RESULT_ {{OR2D1 delay__A2__lh__Z__lh__ACQ_1 {sifTS 0.0 sifName /home/linux/ieng6/ee260bwi20/haz023/lab5/run_siliconsmart/LIB_FF_1.1_-40_ALL/temp/siliconsmart.ieng6-249.53689.5463/delay__A2__lh__Z__lh__ACQ_1.sif eadCksum 2e5ff0fc318f20a89519f4eabb138d4d simulationCount 1 exportVars {} errorList {} sofName /home/linux/ieng6/ee260bwi20/haz023/lab5/run_siliconsmart/LIB_FF_1.1_-40_ALL/temp/siliconsmart.ieng6-249.53689.5463/delay__A2__lh__Z__lh__ACQ_1.sof eadTS 0.0 eadName /home/linux/ieng6/ee260bwi20/haz023/lab5/run_siliconsmart/LIB_FF_1.1_-40_ALL/temp/siliconsmart.ieng6-249.53689.5463/delay__A2__lh__Z__lh__ACQ_1.ead enableCache 0 status done depFiles /home/linux/ieng6/ee260bwi20/haz023/lab5/run_siliconsmart/LIB_FF_1.1_-40_ALL/netlists/OR2D1.cdl sifCksum bf1136bdfe263ed41502e3eca976d659}}}
Info:    _SIS_CLIENT_RESULT_END
Info:    __recordTaskStats__ OR2D1 delay__A2__lh__Z__lh__ACQ_1 0.14 0.01 1.62 0.19 1 13.4943668842 ieng6-249.ucsd.edu 1582327378.43 1582327391.92
Info:    Loading information for cell XNR2D0... (SMSC-60)
Info:    Current directory '/home/linux/ieng6/ee260bwi20/haz023/lab5/run_siliconsmart/LIB_FF_1.1_-40_ALL' (SIM-68)
Info:    Working in directory '/home/linux/ieng6/ee260bwi20/haz023/lab5/run_siliconsmart/LIB_FF_1.1_-40_ALL/temp/siliconsmart.ieng6-249.53689.5463/delay__A2__lh__ZN__lh__ACQ_1.sif_0' (SIM-69)
Info:    Executing 'hspice deck.cir -o deck' (SIM-30)
Warning: return code 0 (hspice: No such file or directory)
Info:    Simulation delay__A2__lh__ZN__lh__ACQ_1.sif for cell XNR2D0 completed successfully. (SMSC-103)
Info:    IO Retry 0
Info:    set _SIS_CLIENT_RESULT_ {{XNR2D0 delay__A2__lh__ZN__lh__ACQ_1 {sifTS 0.0 sifName /home/linux/ieng6/ee260bwi20/haz023/lab5/run_siliconsmart/LIB_FF_1.1_-40_ALL/temp/siliconsmart.ieng6-249.53689.5463/delay__A2__lh__ZN__lh__ACQ_1.sif eadCksum 964dc57866e85933f6f5c04c900fc470 simulationCount 1 exportVars {} errorList {} sofName /home/linux/ieng6/ee260bwi20/haz023/lab5/run_siliconsmart/LIB_FF_1.1_-40_ALL/temp/siliconsmart.ieng6-249.53689.5463/delay__A2__lh__ZN__lh__ACQ_1.sof eadTS 0.0 eadName /home/linux/ieng6/ee260bwi20/haz023/lab5/run_siliconsmart/LIB_FF_1.1_-40_ALL/temp/siliconsmart.ieng6-249.53689.5463/delay__A2__lh__ZN__lh__ACQ_1.ead enableCache 0 status done depFiles /home/linux/ieng6/ee260bwi20/haz023/lab5/run_siliconsmart/LIB_FF_1.1_-40_ALL/netlists/XNR2D0.cdl sifCksum 8172121b33deb856c8155e04e23f2be0}}}
Info:    _SIS_CLIENT_RESULT_END
Info:    __recordTaskStats__ XNR2D0 delay__A2__lh__ZN__lh__ACQ_1 0.18 0.01 2.15 0.18 1 18.2675127983 ieng6-249.ucsd.edu 1582327391.92 1582327410.19
Info:    Loading information for cell XNR2D4... (SMSC-60)
Info:    Current directory '/home/linux/ieng6/ee260bwi20/haz023/lab5/run_siliconsmart/LIB_FF_1.1_-40_ALL' (SIM-68)
Info:    Working in directory '/home/linux/ieng6/ee260bwi20/haz023/lab5/run_siliconsmart/LIB_FF_1.1_-40_ALL/temp/siliconsmart.ieng6-249.53689.5463/delay__A2__hl__ZN__hl__ACQ_1.sif_0' (SIM-69)
Info:    Executing 'hspice deck.cir -o deck' (SIM-30)
Warning: return code 0 (hspice: No such file or directory)
Info:    Simulation delay__A2__hl__ZN__hl__ACQ_1.sif for cell XNR2D4 completed successfully. (SMSC-103)
Info:    IO Retry 0
Info:    set _SIS_CLIENT_RESULT_ {{XNR2D4 delay__A2__hl__ZN__hl__ACQ_1 {sifTS 0.0 sifName /home/linux/ieng6/ee260bwi20/haz023/lab5/run_siliconsmart/LIB_FF_1.1_-40_ALL/temp/siliconsmart.ieng6-249.53689.5463/delay__A2__hl__ZN__hl__ACQ_1.sif eadCksum 49992f38e6280b75c7a16db5630b1ed7 simulationCount 1 exportVars {} errorList {} sofName /home/linux/ieng6/ee260bwi20/haz023/lab5/run_siliconsmart/LIB_FF_1.1_-40_ALL/temp/siliconsmart.ieng6-249.53689.5463/delay__A2__hl__ZN__hl__ACQ_1.sof eadTS 0.0 eadName /home/linux/ieng6/ee260bwi20/haz023/lab5/run_siliconsmart/LIB_FF_1.1_-40_ALL/temp/siliconsmart.ieng6-249.53689.5463/delay__A2__hl__ZN__hl__ACQ_1.ead enableCache 0 status done depFiles /home/linux/ieng6/ee260bwi20/haz023/lab5/run_siliconsmart/LIB_FF_1.1_-40_ALL/netlists/XNR2D4.cdl sifCksum 06d07617bbdd2849b3530240b2c24687}}}
Info:    _SIS_CLIENT_RESULT_END
Info:    __recordTaskStats__ XNR2D4 delay__A2__hl__ZN__hl__ACQ_1 0.14 0.01 3.13 0.19 1 25.0687820911 ieng6-249.ucsd.edu 1582327410.19 1582327435.26
Info:    Loading information for cell BUFFD0... (SMSC-60)
Info:    Current directory '/home/linux/ieng6/ee260bwi20/haz023/lab5/run_siliconsmart/LIB_FF_1.1_-40_ALL' (SIM-68)
Info:    Working in directory '/home/linux/ieng6/ee260bwi20/haz023/lab5/run_siliconsmart/LIB_FF_1.1_-40_ALL/temp/siliconsmart.ieng6-249.53689.5463/delay__I__hl__Z__hl__ACQ_1.sif_0' (SIM-69)
Info:    Executing 'hspice deck.cir -o deck' (SIM-30)
Warning: return code 0 (hspice: No such file or directory)
Info:    Simulation delay__I__hl__Z__hl__ACQ_1.sif for cell BUFFD0 completed successfully. (SMSC-103)
Info:    IO Retry 0
Info:    set _SIS_CLIENT_RESULT_ {{BUFFD0 delay__I__hl__Z__hl__ACQ_1 {sifTS 0.0 sifName /home/linux/ieng6/ee260bwi20/haz023/lab5/run_siliconsmart/LIB_FF_1.1_-40_ALL/temp/siliconsmart.ieng6-249.53689.5463/delay__I__hl__Z__hl__ACQ_1.sif eadCksum 7a816c298a48d962669f7a5003121228 simulationCount 1 exportVars {} errorList {} sofName /home/linux/ieng6/ee260bwi20/haz023/lab5/run_siliconsmart/LIB_FF_1.1_-40_ALL/temp/siliconsmart.ieng6-249.53689.5463/delay__I__hl__Z__hl__ACQ_1.sof eadTS 0.0 eadName /home/linux/ieng6/ee260bwi20/haz023/lab5/run_siliconsmart/LIB_FF_1.1_-40_ALL/temp/siliconsmart.ieng6-249.53689.5463/delay__I__hl__Z__hl__ACQ_1.ead enableCache 0 status done depFiles /home/linux/ieng6/ee260bwi20/haz023/lab5/run_siliconsmart/LIB_FF_1.1_-40_ALL/netlists/BUFFD0.cdl sifCksum 5c475bde0cfbbc0efb5bad9aa665c5ec}}}
Info:    _SIS_CLIENT_RESULT_END
Info:    __recordTaskStats__ BUFFD0 delay__I__hl__Z__hl__ACQ_1 0.14 0.0 1.32 0.18 1 10.5311760902 ieng6-249.ucsd.edu 1582327435.27 1582327445.8
Info:    Loading information for cell BUFFD8... (SMSC-60)
Info:    Current directory '/home/linux/ieng6/ee260bwi20/haz023/lab5/run_siliconsmart/LIB_FF_1.1_-40_ALL' (SIM-68)
Info:    Working in directory '/home/linux/ieng6/ee260bwi20/haz023/lab5/run_siliconsmart/LIB_FF_1.1_-40_ALL/temp/siliconsmart.ieng6-249.53689.5463/delay__I__lh__Z__lh__ACQ_1.sif_0' (SIM-69)
Info:    Executing 'hspice deck.cir -o deck' (SIM-30)
Warning: return code 0 (hspice: No such file or directory)
Info:    Simulation delay__I__lh__Z__lh__ACQ_1.sif for cell BUFFD8 completed successfully. (SMSC-103)
Info:    IO Retry 0
Info:    set _SIS_CLIENT_RESULT_ {{BUFFD8 delay__I__lh__Z__lh__ACQ_1 {sifTS 0.0 sifName /home/linux/ieng6/ee260bwi20/haz023/lab5/run_siliconsmart/LIB_FF_1.1_-40_ALL/temp/siliconsmart.ieng6-249.53689.5463/delay__I__lh__Z__lh__ACQ_1.sif eadCksum 3fcf986afb4b53fa5c501454a780b6a9 simulationCount 1 exportVars {} errorList {} sofName /home/linux/ieng6/ee260bwi20/haz023/lab5/run_siliconsmart/LIB_FF_1.1_-40_ALL/temp/siliconsmart.ieng6-249.53689.5463/delay__I__lh__Z__lh__ACQ_1.sof eadTS 0.0 eadName /home/linux/ieng6/ee260bwi20/haz023/lab5/run_siliconsmart/LIB_FF_1.1_-40_ALL/temp/siliconsmart.ieng6-249.53689.5463/delay__I__lh__Z__lh__ACQ_1.ead enableCache 0 status done depFiles /home/linux/ieng6/ee260bwi20/haz023/lab5/run_siliconsmart/LIB_FF_1.1_-40_ALL/netlists/BUFFD8.cdl sifCksum 9cf6611654019bc1c8f947188f625b4d}}}
Info:    _SIS_CLIENT_RESULT_END
Info:    __recordTaskStats__ BUFFD8 delay__I__lh__Z__lh__ACQ_1 0.14 0.0 2.55 0.16 1 21.4803509712 ieng6-249.ucsd.edu 1582327445.81 1582327467.29
Info:    The char directory is /home/linux/ieng6/ee260bwi20/haz023/lab5/run_siliconsmart/LIB_FF_1.1_-40_ALL
Warning: Operating condition 'FF_1.1_-40_ALL' already exists, skipped.
Info:    Initializing modeler.
Info:    Creating recharacterized libraries. 
Info:    Reading /home/linux/ieng6/ee260bwi20/haz023/lab5/run_siliconsmart/LIB_FF_1.1_-40_ALL/models/liberty/cellmodels/header.lib ...
Info:    Reading /home/linux/ieng6/ee260bwi20/haz023/lab5/run_siliconsmart/LIB_FF_1.1_-40_ALL/models/liberty/cellmodels/AOI21D2.lib ...
Info:    Writing libraries ...
Info:    Creating Liberty file "/home/linux/ieng6/ee260bwi20/haz023/lab5/run_siliconsmart/LIB_FF_1.1_-40_ALL/models/liberty/cells/AOI21D2_FF_1.1_-40_ALL.lib".
Info:    re-positioning normalized_driver_waveform (ndw_ntin_nvolt_7x13) after templates
Info:    __recordTaskStats__ AOI21D2 modeling 1.57 0.0 0.01 0.06 1 10.5367639065 ieng6-249.ucsd.edu 1582327493.69 1582327504.23
Info:    set _SIS_CLIENT_RESULT_ {{AOI21D2 modeling {status done exportVars {} errorList {} sifName {} sofName {} eadName {} depFiles {} tmpHeader {FF_1.1_-40_ALL /home/linux/ieng6/ee260bwi20/haz023/lab5/run_siliconsmart/LIB_FF_1.1_-40_ALL/runtime/modeling/merge/AOI21D2_FF_1.1_-40_ALL.header} tmpBody {FF_1.1_-40_ALL_AOI21D2 /home/linux/ieng6/ee260bwi20/haz023/lab5/run_siliconsmart/LIB_FF_1.1_-40_ALL/runtime/modeling/merge/AOI21D2_FF_1.1_-40_ALL.body}}}}
Info:    _SIS_CLIENT_RESULT_END
Info:    Initializing modeler.
Info:    Creating recharacterized libraries. 
Info:    Reading /home/linux/ieng6/ee260bwi20/haz023/lab5/run_siliconsmart/LIB_FF_1.1_-40_ALL/models/liberty/cellmodels/header.lib ...
Info:    Reading /home/linux/ieng6/ee260bwi20/haz023/lab5/run_siliconsmart/LIB_FF_1.1_-40_ALL/models/liberty/cellmodels/ND2D4.lib ...
Info:    Writing libraries ...
Info:    Creating Liberty file "/home/linux/ieng6/ee260bwi20/haz023/lab5/run_siliconsmart/LIB_FF_1.1_-40_ALL/models/liberty/cells/ND2D4_FF_1.1_-40_ALL.lib".
Info:    __recordTaskStats__ ND2D4 modeling 1.58 0.0 0.02 0.06 1 11.5095770359 ieng6-249.ucsd.edu 1582327504.24 1582327515.75
Info:    set _SIS_CLIENT_RESULT_ {{ND2D4 modeling {status done exportVars {} errorList {} sifName {} sofName {} eadName {} depFiles {} tmpHeader {FF_1.1_-40_ALL /home/linux/ieng6/ee260bwi20/haz023/lab5/run_siliconsmart/LIB_FF_1.1_-40_ALL/runtime/modeling/merge/ND2D4_FF_1.1_-40_ALL.header} tmpBody {FF_1.1_-40_ALL_ND2D4 /home/linux/ieng6/ee260bwi20/haz023/lab5/run_siliconsmart/LIB_FF_1.1_-40_ALL/runtime/modeling/merge/ND2D4_FF_1.1_-40_ALL.body}}}}
Info:    _SIS_CLIENT_RESULT_END
Info:    Initializing modeler.
Info:    Creating recharacterized libraries. 
Info:    Reading /home/linux/ieng6/ee260bwi20/haz023/lab5/run_siliconsmart/LIB_FF_1.1_-40_ALL/models/liberty/cellmodels/header.lib ...
Info:    Reading /home/linux/ieng6/ee260bwi20/haz023/lab5/run_siliconsmart/LIB_FF_1.1_-40_ALL/models/liberty/cellmodels/BUFFD3.lib ...
Info:    Writing libraries ...
Info:    Creating Liberty file "/home/linux/ieng6/ee260bwi20/haz023/lab5/run_siliconsmart/LIB_FF_1.1_-40_ALL/models/liberty/cells/BUFFD3_FF_1.1_-40_ALL.lib".
Info:    __recordTaskStats__ BUFFD3 modeling 1.25 0.0 0.0 0.06 1 7.25038218498 ieng6-249.ucsd.edu 1582327515.75 1582327523.0
Info:    set _SIS_CLIENT_RESULT_ {{BUFFD3 modeling {status done exportVars {} errorList {} sifName {} sofName {} eadName {} depFiles {} tmpHeader {FF_1.1_-40_ALL /home/linux/ieng6/ee260bwi20/haz023/lab5/run_siliconsmart/LIB_FF_1.1_-40_ALL/runtime/modeling/merge/BUFFD3_FF_1.1_-40_ALL.header} tmpBody {FF_1.1_-40_ALL_BUFFD3 /home/linux/ieng6/ee260bwi20/haz023/lab5/run_siliconsmart/LIB_FF_1.1_-40_ALL/runtime/modeling/merge/BUFFD3_FF_1.1_-40_ALL.body}}}}
Info:    _SIS_CLIENT_RESULT_END
Info:    CDPL worker exited normally.
Info:    Maximum virtual memory size: 652.20MB
Info:    Switching log to /home/linux/ieng6/ee260bwi20/haz023/lab5/run_siliconsmart/LIB_FF_1.1_-40_ALL/runtime/cdpl/sis.W18.ieng6-249.ucsd.edu.5463.log at Fri Feb 21 15:25:29 2020
.
----------------------------------------------------------------------
----------------------------------------------------------------------
Info:    Switching log from /home/linux/ieng6/ee260bwi20/haz023/lab5/run_siliconsmart/LIB_FF_1.1_-40_ALL/temp/sis.haz023.5463.log at Fri Feb 21 15:25:29 2020
Info:    Log written by SiliconSmart version L-2016.06-SP1-2 on Fri Feb 21 15:25:29 2020
Info:    Build date: Dec 07, 2016 16:59:49
Info:    SiliconSmart Path: /acsnfs3/software/SiliconSmartAce-2016.06-SP1-2/linux64/bin/siliconsmart
Info:    Host Name: ieng6-249.ucsd.edu, User Name: haz023, PID: 5463
Info:    CPU: 4 x 2000 MHz, Intel(R) Xeon(R) CPU E5-2650 0 @ 2.00GHz (2 socket, 2 core)
Info:    Memory: 32 GB RAM, 2 GB Swap
Info:    Directory: /home/linux/ieng6/ee260bwi20/haz023/lab5/run_siliconsmart/LIB_FF_1.1_-40_ALL
Info:    Maximum virtual memory size: 652.20MB
Info:    Maximum virtual memory size: 652.199 MB
