----------------------------------------------------------------------
Info:    Log written by SiliconSmart version L-2016.06-SP1-2 on Fri Feb 21 15:13:46 2020
Info:    Build date: Dec 07, 2016 16:59:49
Info:    SiliconSmart Path: /acsnfs3/software/SiliconSmartAce-2016.06-SP1-2/linux64/bin/siliconsmart
Info:    Host Name: ieng6-249.ucsd.edu, User Name: haz023, PID: 5387
Info:    CPU: 4 x 2000 MHz, Intel(R) Xeon(R) CPU E5-2650 0 @ 2.00GHz (2 socket, 2 core)
Info:    Memory: 32 GB RAM, 2 GB Swap
Info:    Directory: /home/linux/ieng6/ee260bwi20/haz023/lab5/run_siliconsmart/LIB_FF_1.1_-40_ALL
Info:    Maximum virtual memory size: 586.70MB
Command-line: /acsnfs3/software/SiliconSmartAce-2016.06-SP1-2/linux64/bin/siliconsmart -server /home/linux/ieng6/ee260bwi20/haz023/lab5/run_siliconsmart/LIB_FF_1.1_-40_ALL/runtime/cdpl/driver_4461.tcl
Fri Feb 21 15:13:46 2020: Establishing connection to license server
The char directory is /home/linux/ieng6/ee260bwi20/haz023/lab5/run_siliconsmart/LIB_FF_1.1_-40_ALL
Warning: Operating condition 'FF_1.1_-40_ALL' already exists, skipped.
Info:    Reading instance file for cell INVD20... (SMSC-23)
Info:    Generating timing tests.
Info:    Generating power tests.
Info:    Generating template at Fri Feb 21 15:13:47 2020 
Info:    Done generating template at Fri Feb 21 15:13:48 2020
Info:    Generate Templates: Maximum virtual memory size: 622.852 MB
Info:    Cell INVD20 configured for characterization. (SMSC-24)
Info:    __recordTaskStats__ INVD20 configure 0.16 0.02 0.0 0.0 1 1.01161408424 ieng6-249.ucsd.edu 1582326827.31 1582326828.32
Info:    set _SIS_CLIENT_RESULT_ {{INVD20 configuration {status done exportVars {} errorList {} sifName {} sofName {} eadName {} depFiles {}}}}
Info:    _SIS_CLIENT_RESULT_END
Info:    Reading instance file for cell MUX2D2... (SMSC-23)
Info:    Generating timing tests.
Info:    Generating power tests.
Info:    Generating template at Fri Feb 21 15:13:48 2020 
Warning: MUX2D2:For test delay__S__lh__Z__lh following when conditions are not possible ['I0&!I1']
Warning: MUX2D2:For test delay__S__lh__Z__hl following when conditions are not possible ['!I0&I1']
Warning: MUX2D2:For test delay__S__hl__Z__lh following when conditions are not possible ['!I0&I1']
Warning: MUX2D2:For test delay__S__hl__Z__hl following when conditions are not possible ['I0&!I1']
Warning: MUX2D2:For test energy__S__lh__Z__lh following when conditions are not possible ['I0&!I1']
Warning: MUX2D2:For test energy__S__lh__Z__hl following when conditions are not possible ['!I0&I1']
Warning: MUX2D2:For test energy__S__hl__Z__lh following when conditions are not possible ['!I0&I1']
Warning: MUX2D2:For test energy__S__hl__Z__hl following when conditions are not possible ['I0&!I1']
Info:    Done generating template at Fri Feb 21 15:13:52 2020
Info:    Generate Templates: Maximum virtual memory size: 624.742 MB
Info:    Cell MUX2D2 configured for characterization. (SMSC-24)
Info:    __recordTaskStats__ MUX2D2 configure 0.73 0.02 0.0 0.0 1 5.03619098663 ieng6-249.ucsd.edu 1582326828.33 1582326833.37
Info:    set _SIS_CLIENT_RESULT_ {{MUX2D2 configuration {status done exportVars {} errorList {} sifName {} sofName {} eadName {} depFiles {}}}}
Info:    _SIS_CLIENT_RESULT_END
Info:    The char directory is /home/linux/ieng6/ee260bwi20/haz023/lab5/run_siliconsmart/LIB_FF_1.1_-40_ALL
Warning: Operating condition 'FF_1.1_-40_ALL' already exists, skipped.
Info:    The char directory is /home/linux/ieng6/ee260bwi20/haz023/lab5/run_siliconsmart/LIB_FF_1.1_-40_ALL
Warning: Operating condition 'FF_1.1_-40_ALL' already exists, skipped.
Info:    Loading information for cell DFCSNQD1... (SMSC-60)
Info:    Current directory '/home/linux/ieng6/ee260bwi20/haz023/lab5/run_siliconsmart/LIB_FF_1.1_-40_ALL' (SIM-68)
Info:    Working in directory '/home/linux/ieng6/ee260bwi20/haz023/lab5/run_siliconsmart/LIB_FF_1.1_-40_ALL/temp/siliconsmart.ieng6-249.53689.5387/Cin__CP__hl__ACQ_1.sif_0' (SIM-69)
Info:    Executing 'hspice deck.cir -o deck' (SIM-30)
Warning: return code 0 (hspice: No such file or directory)
Info:    Simulation Cin__CP__hl__ACQ_1.sif for cell DFCSNQD1 completed successfully. (SMSC-103)
Info:    IO Retry 0
Info:    set _SIS_CLIENT_RESULT_ {{DFCSNQD1 Cin__CP__hl__ACQ_1 {sifTS 0.0 sifName /home/linux/ieng6/ee260bwi20/haz023/lab5/run_siliconsmart/LIB_FF_1.1_-40_ALL/temp/siliconsmart.ieng6-249.53689.5387/Cin__CP__hl__ACQ_1.sif eadCksum 0bb8c43bff6f074adef824160ce205e0 simulationCount 1 exportVars {} errorList {} sofName /home/linux/ieng6/ee260bwi20/haz023/lab5/run_siliconsmart/LIB_FF_1.1_-40_ALL/temp/siliconsmart.ieng6-249.53689.5387/Cin__CP__hl__ACQ_1.sof eadTS 0.0 eadName /home/linux/ieng6/ee260bwi20/haz023/lab5/run_siliconsmart/LIB_FF_1.1_-40_ALL/temp/siliconsmart.ieng6-249.53689.5387/Cin__CP__hl__ACQ_1.ead enableCache 0 status done depFiles /home/linux/ieng6/ee260bwi20/haz023/lab5/run_siliconsmart/LIB_FF_1.1_-40_ALL/netlists/DFCSNQD1.cdl sifCksum 7c0c3caf3bb94d005c532313bf2bbbad}}}
Info:    _SIS_CLIENT_RESULT_END
Info:    __recordTaskStats__ DFCSNQD1 Cin__CP__hl__ACQ_1 0.24 0.02 1.9 0.3 1 15.4720540047 ieng6-249.ucsd.edu 1582326859.88 1582326875.35
Info:    Loading information for cell DFCSNQD2... (SMSC-60)
Info:    Current directory '/home/linux/ieng6/ee260bwi20/haz023/lab5/run_siliconsmart/LIB_FF_1.1_-40_ALL' (SIM-68)
Info:    Working in directory '/home/linux/ieng6/ee260bwi20/haz023/lab5/run_siliconsmart/LIB_FF_1.1_-40_ALL/temp/siliconsmart.ieng6-249.53689.5387/delay__SDN__hl__Q__lh__ACQ_1.sif_0' (SIM-69)
Info:    Executing 'hspice deck.cir -o deck' (SIM-30)
Warning: return code 0 (hspice: No such file or directory)
Info:    Simulation delay__SDN__hl__Q__lh__ACQ_1.sif for cell DFCSNQD2 completed successfully. (SMSC-103)
Info:    IO Retry 0
Info:    set _SIS_CLIENT_RESULT_ {{DFCSNQD2 delay__SDN__hl__Q__lh__ACQ_1 {sifTS 0.0 sifName /home/linux/ieng6/ee260bwi20/haz023/lab5/run_siliconsmart/LIB_FF_1.1_-40_ALL/temp/siliconsmart.ieng6-249.53689.5387/delay__SDN__hl__Q__lh__ACQ_1.sif eadCksum b2375f6c502de2c3fe8fd64c2cb0f7ab simulationCount 1 exportVars {} errorList {} sofName /home/linux/ieng6/ee260bwi20/haz023/lab5/run_siliconsmart/LIB_FF_1.1_-40_ALL/temp/siliconsmart.ieng6-249.53689.5387/delay__SDN__hl__Q__lh__ACQ_1.sof eadTS 0.0 eadName /home/linux/ieng6/ee260bwi20/haz023/lab5/run_siliconsmart/LIB_FF_1.1_-40_ALL/temp/siliconsmart.ieng6-249.53689.5387/delay__SDN__hl__Q__lh__ACQ_1.ead enableCache 0 status done depFiles /home/linux/ieng6/ee260bwi20/haz023/lab5/run_siliconsmart/LIB_FF_1.1_-40_ALL/netlists/DFCSNQD2.cdl sifCksum be2c371e63109c83bdc9698c071f8ade}}}
Info:    _SIS_CLIENT_RESULT_END
Info:    __recordTaskStats__ DFCSNQD2 delay__SDN__hl__Q__lh__ACQ_1 0.24 0.02 5.77 0.3 1 55.8397598267 ieng6-249.ucsd.edu 1582326875.36 1582326931.2
Info:    Loading information for cell DFCSNQD2... (SMSC-60)
Info:    Current directory '/home/linux/ieng6/ee260bwi20/haz023/lab5/run_siliconsmart/LIB_FF_1.1_-40_ALL' (SIM-68)
Info:    Working in directory '/home/linux/ieng6/ee260bwi20/haz023/lab5/run_siliconsmart/LIB_FF_1.1_-40_ALL/temp/siliconsmart.ieng6-249.53689.5387/delay__CP__lh__Q__lh__ACQ_1.sif_0' (SIM-69)
Info:    Executing 'hspice deck.cir -o deck' (SIM-30)
Warning: return code 0 (hspice: No such file or directory)
Info:    Simulation delay__CP__lh__Q__lh__ACQ_1.sif for cell DFCSNQD2 completed successfully. (SMSC-103)
Info:    IO Retry 0
Info:    set _SIS_CLIENT_RESULT_ {{DFCSNQD2 delay__CP__lh__Q__lh__ACQ_1 {sifTS 0.0 sifName /home/linux/ieng6/ee260bwi20/haz023/lab5/run_siliconsmart/LIB_FF_1.1_-40_ALL/temp/siliconsmart.ieng6-249.53689.5387/delay__CP__lh__Q__lh__ACQ_1.sif eadCksum 0626e3b225c10b29834c3d44d2d335ad simulationCount 1 exportVars {} errorList {} sofName /home/linux/ieng6/ee260bwi20/haz023/lab5/run_siliconsmart/LIB_FF_1.1_-40_ALL/temp/siliconsmart.ieng6-249.53689.5387/delay__CP__lh__Q__lh__ACQ_1.sof eadTS 0.0 eadName /home/linux/ieng6/ee260bwi20/haz023/lab5/run_siliconsmart/LIB_FF_1.1_-40_ALL/temp/siliconsmart.ieng6-249.53689.5387/delay__CP__lh__Q__lh__ACQ_1.ead enableCache 0 status done depFiles /home/linux/ieng6/ee260bwi20/haz023/lab5/run_siliconsmart/LIB_FF_1.1_-40_ALL/netlists/DFCSNQD2.cdl sifCksum 6329bbcc9baeecb9f8348589e838fc6f}}}
Info:    _SIS_CLIENT_RESULT_END
Info:    __recordTaskStats__ DFCSNQD2 delay__CP__lh__Q__lh__ACQ_1 0.21 0.02 6.42 0.32 1 61.0036890507 ieng6-249.ucsd.edu 1582326931.21 1582326992.21
Info:    Loading information for cell LHQD2... (SMSC-60)
Info:    Start Search.seeded_expand.opt_width on width (SIM-43)
Info:    Current directory '/home/linux/ieng6/ee260bwi20/haz023/lab5/run_siliconsmart/LIB_FF_1.1_-40_ALL' (SIM-68)
Info:    Working in directory '/home/linux/ieng6/ee260bwi20/haz023/lab5/run_siliconsmart/LIB_FF_1.1_-40_ALL/temp/siliconsmart.ieng6-249.53689.5387/combined_setup_hold__D__hl__E__hl__ACQ_1.sif_0' (SIM-69)
Info:    Executing 'hspice deck.cir -o deck' (SIM-30)
Warning: return code 0 (hspice: No such file or directory)
Info:    Current directory '/home/linux/ieng6/ee260bwi20/haz023/lab5/run_siliconsmart/LIB_FF_1.1_-40_ALL' (SIM-68)
Info:    Working in directory '/home/linux/ieng6/ee260bwi20/haz023/lab5/run_siliconsmart/LIB_FF_1.1_-40_ALL/temp/siliconsmart.ieng6-249.53689.5387/combined_setup_hold__D__hl__E__hl__ACQ_1.sif_1' (SIM-69)
Info:    Executing 'hspice deck.cir -o deck' (SIM-30)
Warning: return code 0 (hspice: No such file or directory)
Info:    Current directory '/home/linux/ieng6/ee260bwi20/haz023/lab5/run_siliconsmart/LIB_FF_1.1_-40_ALL' (SIM-68)
Info:    Working in directory '/home/linux/ieng6/ee260bwi20/haz023/lab5/run_siliconsmart/LIB_FF_1.1_-40_ALL/temp/siliconsmart.ieng6-249.53689.5387/combined_setup_hold__D__hl__E__hl__ACQ_1.sif_2' (SIM-69)
Info:    Executing 'hspice deck.cir -o deck' (SIM-30)
Warning: return code 0 (hspice: No such file or directory)
Info:    Current directory '/home/linux/ieng6/ee260bwi20/haz023/lab5/run_siliconsmart/LIB_FF_1.1_-40_ALL' (SIM-68)
Info:    Working in directory '/home/linux/ieng6/ee260bwi20/haz023/lab5/run_siliconsmart/LIB_FF_1.1_-40_ALL/temp/siliconsmart.ieng6-249.53689.5387/combined_setup_hold__D__hl__E__hl__ACQ_1.sif_3' (SIM-69)
Info:    Executing 'hspice deck.cir -o deck' (SIM-30)
Warning: return code 0 (hspice: No such file or directory)
Info:    Current directory '/home/linux/ieng6/ee260bwi20/haz023/lab5/run_siliconsmart/LIB_FF_1.1_-40_ALL' (SIM-68)
Info:    Working in directory '/home/linux/ieng6/ee260bwi20/haz023/lab5/run_siliconsmart/LIB_FF_1.1_-40_ALL/temp/siliconsmart.ieng6-249.53689.5387/combined_setup_hold__D__hl__E__hl__ACQ_1.sif_4' (SIM-69)
Info:    Executing 'hspice deck.cir -o deck' (SIM-30)
Warning: return code 0 (hspice: No such file or directory)
Info:    Current directory '/home/linux/ieng6/ee260bwi20/haz023/lab5/run_siliconsmart/LIB_FF_1.1_-40_ALL' (SIM-68)
Info:    Working in directory '/home/linux/ieng6/ee260bwi20/haz023/lab5/run_siliconsmart/LIB_FF_1.1_-40_ALL/temp/siliconsmart.ieng6-249.53689.5387/combined_setup_hold__D__hl__E__hl__ACQ_1.sif_5' (SIM-69)
Info:    Executing 'hspice deck.cir -o deck' (SIM-30)
Warning: return code 0 (hspice: No such file or directory)
Info:    Current directory '/home/linux/ieng6/ee260bwi20/haz023/lab5/run_siliconsmart/LIB_FF_1.1_-40_ALL' (SIM-68)
Info:    Working in directory '/home/linux/ieng6/ee260bwi20/haz023/lab5/run_siliconsmart/LIB_FF_1.1_-40_ALL/temp/siliconsmart.ieng6-249.53689.5387/combined_setup_hold__D__hl__E__hl__ACQ_1.sif_6' (SIM-69)
Info:    Executing 'hspice deck.cir -o deck' (SIM-30)
Warning: return code 0 (hspice: No such file or directory)
Info:    Current directory '/home/linux/ieng6/ee260bwi20/haz023/lab5/run_siliconsmart/LIB_FF_1.1_-40_ALL' (SIM-68)
Info:    Working in directory '/home/linux/ieng6/ee260bwi20/haz023/lab5/run_siliconsmart/LIB_FF_1.1_-40_ALL/temp/siliconsmart.ieng6-249.53689.5387/combined_setup_hold__D__hl__E__hl__ACQ_1.sif_7' (SIM-69)
Info:    Executing 'hspice deck.cir -o deck' (SIM-30)
Warning: return code 0 (hspice: No such file or directory)
Info:    Current directory '/home/linux/ieng6/ee260bwi20/haz023/lab5/run_siliconsmart/LIB_FF_1.1_-40_ALL' (SIM-68)
Info:    Working in directory '/home/linux/ieng6/ee260bwi20/haz023/lab5/run_siliconsmart/LIB_FF_1.1_-40_ALL/temp/siliconsmart.ieng6-249.53689.5387/combined_setup_hold__D__hl__E__hl__ACQ_1.sif_8' (SIM-69)
Info:    Executing 'hspice deck.cir -o deck' (SIM-30)
Warning: return code 0 (hspice: No such file or directory)
Info:    Current directory '/home/linux/ieng6/ee260bwi20/haz023/lab5/run_siliconsmart/LIB_FF_1.1_-40_ALL' (SIM-68)
Info:    Working in directory '/home/linux/ieng6/ee260bwi20/haz023/lab5/run_siliconsmart/LIB_FF_1.1_-40_ALL/temp/siliconsmart.ieng6-249.53689.5387/combined_setup_hold__D__hl__E__hl__ACQ_1.sif_9' (SIM-69)
Info:    Executing 'hspice deck.cir -o deck' (SIM-30)
Warning: return code 0 (hspice: No such file or directory)
Info:    Start Search.seeded_expand.opt_hold on hold (SIM-43)
Info:    Current directory '/home/linux/ieng6/ee260bwi20/haz023/lab5/run_siliconsmart/LIB_FF_1.1_-40_ALL' (SIM-68)
Info:    Working in directory '/home/linux/ieng6/ee260bwi20/haz023/lab5/run_siliconsmart/LIB_FF_1.1_-40_ALL/temp/siliconsmart.ieng6-249.53689.5387/combined_setup_hold__D__hl__E__hl__ACQ_1.sif_10' (SIM-69)
Info:    Executing 'hspice deck.cir -o deck' (SIM-30)
Warning: return code 0 (hspice: No such file or directory)
Info:    Start Search.refine.opt_setup on setup (SIM-43)
Info:    Current directory '/home/linux/ieng6/ee260bwi20/haz023/lab5/run_siliconsmart/LIB_FF_1.1_-40_ALL' (SIM-68)
Info:    Working in directory '/home/linux/ieng6/ee260bwi20/haz023/lab5/run_siliconsmart/LIB_FF_1.1_-40_ALL/temp/siliconsmart.ieng6-249.53689.5387/combined_setup_hold__D__hl__E__hl__ACQ_1.sif_11' (SIM-69)
Info:    Executing 'hspice deck.cir -o deck' (SIM-30)
Warning: return code 0 (hspice: No such file or directory)
Info:    Current directory '/home/linux/ieng6/ee260bwi20/haz023/lab5/run_siliconsmart/LIB_FF_1.1_-40_ALL' (SIM-68)
Info:    Working in directory '/home/linux/ieng6/ee260bwi20/haz023/lab5/run_siliconsmart/LIB_FF_1.1_-40_ALL/temp/siliconsmart.ieng6-249.53689.5387/combined_setup_hold__D__hl__E__hl__ACQ_1.sif_12' (SIM-69)
Info:    Executing 'hspice deck.cir -o deck' (SIM-30)
Warning: return code 0 (hspice: No such file or directory)
Info:    Current directory '/home/linux/ieng6/ee260bwi20/haz023/lab5/run_siliconsmart/LIB_FF_1.1_-40_ALL' (SIM-68)
Info:    Working in directory '/home/linux/ieng6/ee260bwi20/haz023/lab5/run_siliconsmart/LIB_FF_1.1_-40_ALL/temp/siliconsmart.ieng6-249.53689.5387/combined_setup_hold__D__hl__E__hl__ACQ_1.sif_13' (SIM-69)
Info:    Executing 'hspice deck.cir -o deck' (SIM-30)
Warning: return code 0 (hspice: No such file or directory)
Info:    Current directory '/home/linux/ieng6/ee260bwi20/haz023/lab5/run_siliconsmart/LIB_FF_1.1_-40_ALL' (SIM-68)
Info:    Working in directory '/home/linux/ieng6/ee260bwi20/haz023/lab5/run_siliconsmart/LIB_FF_1.1_-40_ALL/temp/siliconsmart.ieng6-249.53689.5387/combined_setup_hold__D__hl__E__hl__ACQ_1.sif_14' (SIM-69)
Info:    Executing 'hspice deck.cir -o deck' (SIM-30)
Warning: return code 0 (hspice: No such file or directory)
Info:    Current directory '/home/linux/ieng6/ee260bwi20/haz023/lab5/run_siliconsmart/LIB_FF_1.1_-40_ALL' (SIM-68)
Info:    Working in directory '/home/linux/ieng6/ee260bwi20/haz023/lab5/run_siliconsmart/LIB_FF_1.1_-40_ALL/temp/siliconsmart.ieng6-249.53689.5387/combined_setup_hold__D__hl__E__hl__ACQ_1.sif_15' (SIM-69)
Info:    Executing 'hspice deck.cir -o deck' (SIM-30)
Warning: return code 0 (hspice: No such file or directory)
Info:    Current directory '/home/linux/ieng6/ee260bwi20/haz023/lab5/run_siliconsmart/LIB_FF_1.1_-40_ALL' (SIM-68)
Info:    Working in directory '/home/linux/ieng6/ee260bwi20/haz023/lab5/run_siliconsmart/LIB_FF_1.1_-40_ALL/temp/siliconsmart.ieng6-249.53689.5387/combined_setup_hold__D__hl__E__hl__ACQ_1.sif_16' (SIM-69)
Info:    Executing 'hspice deck.cir -o deck' (SIM-30)
Warning: return code 0 (hspice: No such file or directory)
Info:    Current directory '/home/linux/ieng6/ee260bwi20/haz023/lab5/run_siliconsmart/LIB_FF_1.1_-40_ALL' (SIM-68)
Info:    Working in directory '/home/linux/ieng6/ee260bwi20/haz023/lab5/run_siliconsmart/LIB_FF_1.1_-40_ALL/temp/siliconsmart.ieng6-249.53689.5387/combined_setup_hold__D__hl__E__hl__ACQ_1.sif_17' (SIM-69)
Info:    Executing 'hspice deck.cir -o deck' (SIM-30)
Warning: return code 0 (hspice: No such file or directory)
Info:    Current directory '/home/linux/ieng6/ee260bwi20/haz023/lab5/run_siliconsmart/LIB_FF_1.1_-40_ALL' (SIM-68)
Info:    Working in directory '/home/linux/ieng6/ee260bwi20/haz023/lab5/run_siliconsmart/LIB_FF_1.1_-40_ALL/temp/siliconsmart.ieng6-249.53689.5387/combined_setup_hold__D__hl__E__hl__ACQ_1.sif_18' (SIM-69)
Info:    Executing 'hspice deck.cir -o deck' (SIM-30)
Warning: return code 0 (hspice: No such file or directory)
Info:    Simulation combined_setup_hold__D__hl__E__hl__ACQ_1.sif for cell LHQD2 completed successfully. (SMSC-103)
Info:    IO Retry 0
Info:    set _SIS_CLIENT_RESULT_ {{LHQD2 combined_setup_hold__D__hl__E__hl__ACQ_1 {sifTS 0.0 sifName /home/linux/ieng6/ee260bwi20/haz023/lab5/run_siliconsmart/LIB_FF_1.1_-40_ALL/temp/siliconsmart.ieng6-249.53689.5387/combined_setup_hold__D__hl__E__hl__ACQ_1.sif eadCksum efcf65c683fd986a14011a7c4f9eb058 simulationCount 19 exportVars {} errorList {} sofName /home/linux/ieng6/ee260bwi20/haz023/lab5/run_siliconsmart/LIB_FF_1.1_-40_ALL/temp/siliconsmart.ieng6-249.53689.5387/combined_setup_hold__D__hl__E__hl__ACQ_1.sof eadTS 0.0 eadName /home/linux/ieng6/ee260bwi20/haz023/lab5/run_siliconsmart/LIB_FF_1.1_-40_ALL/temp/siliconsmart.ieng6-249.53689.5387/combined_setup_hold__D__hl__E__hl__ACQ_1.ead enableCache 0 status done depFiles /home/linux/ieng6/ee260bwi20/haz023/lab5/run_siliconsmart/LIB_FF_1.1_-40_ALL/netlists/LHQD2.cdl sifCksum 85781e6ae93d89bc65874c9687c70704}}}
Info:    _SIS_CLIENT_RESULT_END
Info:    __recordTaskStats__ LHQD2 combined_setup_hold__D__hl__E__hl__ACQ_1 0.43 0.12 24.2 3.1 19 164.118421793 ieng6-249.ucsd.edu 1582326992.23 1582327156.35
Info:    Loading information for cell AN2D2... (SMSC-60)
Info:    Current directory '/home/linux/ieng6/ee260bwi20/haz023/lab5/run_siliconsmart/LIB_FF_1.1_-40_ALL' (SIM-68)
Info:    Working in directory '/home/linux/ieng6/ee260bwi20/haz023/lab5/run_siliconsmart/LIB_FF_1.1_-40_ALL/temp/siliconsmart.ieng6-249.53689.5387/delay__A1__lh__Z__lh__ACQ_1.sif_0' (SIM-69)
Info:    Executing 'hspice deck.cir -o deck' (SIM-30)
Warning: return code 0 (hspice: No such file or directory)
Info:    Simulation delay__A1__lh__Z__lh__ACQ_1.sif for cell AN2D2 completed successfully. (SMSC-103)
Info:    IO Retry 0
Info:    set _SIS_CLIENT_RESULT_ {{AN2D2 delay__A1__lh__Z__lh__ACQ_1 {sifTS 0.0 sifName /home/linux/ieng6/ee260bwi20/haz023/lab5/run_siliconsmart/LIB_FF_1.1_-40_ALL/temp/siliconsmart.ieng6-249.53689.5387/delay__A1__lh__Z__lh__ACQ_1.sif eadCksum 1ddf2a50d4e786fabaca6bfeb595b411 simulationCount 1 exportVars {} errorList {} sofName /home/linux/ieng6/ee260bwi20/haz023/lab5/run_siliconsmart/LIB_FF_1.1_-40_ALL/temp/siliconsmart.ieng6-249.53689.5387/delay__A1__lh__Z__lh__ACQ_1.sof eadTS 0.0 eadName /home/linux/ieng6/ee260bwi20/haz023/lab5/run_siliconsmart/LIB_FF_1.1_-40_ALL/temp/siliconsmart.ieng6-249.53689.5387/delay__A1__lh__Z__lh__ACQ_1.ead enableCache 0 status done depFiles /home/linux/ieng6/ee260bwi20/haz023/lab5/run_siliconsmart/LIB_FF_1.1_-40_ALL/netlists/AN2D2.cdl sifCksum 02bf08a7df05d931bde92b105a1a4fdb}}}
Info:    _SIS_CLIENT_RESULT_END
Info:    __recordTaskStats__ AN2D2 delay__A1__lh__Z__lh__ACQ_1 0.17 0.01 1.78 0.25 1 15.4047839642 ieng6-249.ucsd.edu 1582327156.36 1582327171.76
Info:    Loading information for cell AN2XD1... (SMSC-60)
Info:    Current directory '/home/linux/ieng6/ee260bwi20/haz023/lab5/run_siliconsmart/LIB_FF_1.1_-40_ALL' (SIM-68)
Info:    Working in directory '/home/linux/ieng6/ee260bwi20/haz023/lab5/run_siliconsmart/LIB_FF_1.1_-40_ALL/temp/siliconsmart.ieng6-249.53689.5387/Cin__A2__lh__ACQ_1.sif_0' (SIM-69)
Info:    Executing 'hspice deck.cir -o deck' (SIM-30)
Warning: return code 0 (hspice: No such file or directory)
Info:    Simulation Cin__A2__lh__ACQ_1.sif for cell AN2XD1 completed successfully. (SMSC-103)
Info:    IO Retry 0
Info:    set _SIS_CLIENT_RESULT_ {{AN2XD1 Cin__A2__lh__ACQ_1 {sifTS 0.0 sifName /home/linux/ieng6/ee260bwi20/haz023/lab5/run_siliconsmart/LIB_FF_1.1_-40_ALL/temp/siliconsmart.ieng6-249.53689.5387/Cin__A2__lh__ACQ_1.sif eadCksum cb5cd3a9f62a3f6b9c027554f6b7bde9 simulationCount 1 exportVars {} errorList {} sofName /home/linux/ieng6/ee260bwi20/haz023/lab5/run_siliconsmart/LIB_FF_1.1_-40_ALL/temp/siliconsmart.ieng6-249.53689.5387/Cin__A2__lh__ACQ_1.sof eadTS 0.0 eadName /home/linux/ieng6/ee260bwi20/haz023/lab5/run_siliconsmart/LIB_FF_1.1_-40_ALL/temp/siliconsmart.ieng6-249.53689.5387/Cin__A2__lh__ACQ_1.ead enableCache 0 status done depFiles /home/linux/ieng6/ee260bwi20/haz023/lab5/run_siliconsmart/LIB_FF_1.1_-40_ALL/netlists/AN2XD1.cdl sifCksum 78f2913d632cb69f0ac2d800bf125393}}}
Info:    _SIS_CLIENT_RESULT_END
Info:    __recordTaskStats__ AN2XD1 Cin__A2__lh__ACQ_1 0.11 0.02 0.48 0.12 1 5.06015920639 ieng6-249.ucsd.edu 1582327171.76 1582327176.82
Info:    Loading information for cell ND2D1... (SMSC-60)
Info:    Current directory '/home/linux/ieng6/ee260bwi20/haz023/lab5/run_siliconsmart/LIB_FF_1.1_-40_ALL' (SIM-68)
Info:    Working in directory '/home/linux/ieng6/ee260bwi20/haz023/lab5/run_siliconsmart/LIB_FF_1.1_-40_ALL/temp/siliconsmart.ieng6-249.53689.5387/Cin__A2__hl__ACQ_1.sif_0' (SIM-69)
Info:    Executing 'hspice deck.cir -o deck' (SIM-30)
Warning: return code 0 (hspice: No such file or directory)
Info:    Simulation Cin__A2__hl__ACQ_1.sif for cell ND2D1 completed successfully. (SMSC-103)
Info:    IO Retry 0
Info:    set _SIS_CLIENT_RESULT_ {{ND2D1 Cin__A2__hl__ACQ_1 {sifTS 0.0 sifName /home/linux/ieng6/ee260bwi20/haz023/lab5/run_siliconsmart/LIB_FF_1.1_-40_ALL/temp/siliconsmart.ieng6-249.53689.5387/Cin__A2__hl__ACQ_1.sif eadCksum ec4226038f720e04bd4cbe4fbbd41318 simulationCount 1 exportVars {} errorList {} sofName /home/linux/ieng6/ee260bwi20/haz023/lab5/run_siliconsmart/LIB_FF_1.1_-40_ALL/temp/siliconsmart.ieng6-249.53689.5387/Cin__A2__hl__ACQ_1.sof eadTS 0.0 eadName /home/linux/ieng6/ee260bwi20/haz023/lab5/run_siliconsmart/LIB_FF_1.1_-40_ALL/temp/siliconsmart.ieng6-249.53689.5387/Cin__A2__hl__ACQ_1.ead enableCache 0 status done depFiles /home/linux/ieng6/ee260bwi20/haz023/lab5/run_siliconsmart/LIB_FF_1.1_-40_ALL/netlists/ND2D1.cdl sifCksum ecf5769e0b1a1dbe15afc9dad37361ed}}}
Info:    _SIS_CLIENT_RESULT_END
Info:    __recordTaskStats__ ND2D1 Cin__A2__hl__ACQ_1 0.11 0.02 0.5 0.14 1 5.39386487007 ieng6-249.ucsd.edu 1582327176.84 1582327182.24
Info:    Loading information for cell ND2D1... (SMSC-60)
Info:    Current directory '/home/linux/ieng6/ee260bwi20/haz023/lab5/run_siliconsmart/LIB_FF_1.1_-40_ALL' (SIM-68)
Info:    Working in directory '/home/linux/ieng6/ee260bwi20/haz023/lab5/run_siliconsmart/LIB_FF_1.1_-40_ALL/temp/siliconsmart.ieng6-249.53689.5387/delay__A2__hl__ZN__lh__ACQ_1.sif_0' (SIM-69)
Info:    Executing 'hspice deck.cir -o deck' (SIM-30)
Warning: return code 0 (hspice: No such file or directory)
Info:    Simulation delay__A2__hl__ZN__lh__ACQ_1.sif for cell ND2D1 completed successfully. (SMSC-103)
Info:    IO Retry 0
Info:    set _SIS_CLIENT_RESULT_ {{ND2D1 delay__A2__hl__ZN__lh__ACQ_1 {sifTS 0.0 sifName /home/linux/ieng6/ee260bwi20/haz023/lab5/run_siliconsmart/LIB_FF_1.1_-40_ALL/temp/siliconsmart.ieng6-249.53689.5387/delay__A2__hl__ZN__lh__ACQ_1.sif eadCksum 28eeafb78e2dec87909e953e9c30c010 simulationCount 1 exportVars {} errorList {} sofName /home/linux/ieng6/ee260bwi20/haz023/lab5/run_siliconsmart/LIB_FF_1.1_-40_ALL/temp/siliconsmart.ieng6-249.53689.5387/delay__A2__hl__ZN__lh__ACQ_1.sof eadTS 0.0 eadName /home/linux/ieng6/ee260bwi20/haz023/lab5/run_siliconsmart/LIB_FF_1.1_-40_ALL/temp/siliconsmart.ieng6-249.53689.5387/delay__A2__hl__ZN__lh__ACQ_1.ead enableCache 0 status done depFiles /home/linux/ieng6/ee260bwi20/haz023/lab5/run_siliconsmart/LIB_FF_1.1_-40_ALL/netlists/ND2D1.cdl sifCksum 349e9ca5b6b9879fe1c3137a027c684b}}}
Info:    _SIS_CLIENT_RESULT_END
Info:    __recordTaskStats__ ND2D1 delay__A2__hl__ZN__lh__ACQ_1 0.14 0.02 1.64 0.28 1 13.2698740959 ieng6-249.ucsd.edu 1582327182.24 1582327195.51
Info:    Loading information for cell ND2D8... (SMSC-60)
Info:    Current directory '/home/linux/ieng6/ee260bwi20/haz023/lab5/run_siliconsmart/LIB_FF_1.1_-40_ALL' (SIM-68)
Info:    Working in directory '/home/linux/ieng6/ee260bwi20/haz023/lab5/run_siliconsmart/LIB_FF_1.1_-40_ALL/temp/siliconsmart.ieng6-249.53689.5387/Cin__A1__lh__ACQ_1.sif_0' (SIM-69)
Info:    Executing 'hspice deck.cir -o deck' (SIM-30)
Warning: return code 0 (hspice: No such file or directory)
Info:    Simulation Cin__A1__lh__ACQ_1.sif for cell ND2D8 completed successfully. (SMSC-103)
Info:    IO Retry 0
Info:    set _SIS_CLIENT_RESULT_ {{ND2D8 Cin__A1__lh__ACQ_1 {sifTS 0.0 sifName /home/linux/ieng6/ee260bwi20/haz023/lab5/run_siliconsmart/LIB_FF_1.1_-40_ALL/temp/siliconsmart.ieng6-249.53689.5387/Cin__A1__lh__ACQ_1.sif eadCksum 4eadfabcac3f728ea740095bc93fcfb0 simulationCount 1 exportVars {} errorList {} sofName /home/linux/ieng6/ee260bwi20/haz023/lab5/run_siliconsmart/LIB_FF_1.1_-40_ALL/temp/siliconsmart.ieng6-249.53689.5387/Cin__A1__lh__ACQ_1.sof eadTS 0.0 eadName /home/linux/ieng6/ee260bwi20/haz023/lab5/run_siliconsmart/LIB_FF_1.1_-40_ALL/temp/siliconsmart.ieng6-249.53689.5387/Cin__A1__lh__ACQ_1.ead enableCache 0 status done depFiles /home/linux/ieng6/ee260bwi20/haz023/lab5/run_siliconsmart/LIB_FF_1.1_-40_ALL/netlists/ND2D8.cdl sifCksum 95cf57af25ce6ee9a3b5e3464c58247b}}}
Info:    _SIS_CLIENT_RESULT_END
Info:    __recordTaskStats__ ND2D8 Cin__A1__lh__ACQ_1 0.83 0.16 4.35 0.69 1 159.094542027 ieng6-249.ucsd.edu 1582327195.52 1582327354.62
Info:    Loading information for cell NR2D0... (SMSC-60)
Info:    Current directory '/home/linux/ieng6/ee260bwi20/haz023/lab5/run_siliconsmart/LIB_FF_1.1_-40_ALL' (SIM-68)
Info:    Working in directory '/home/linux/ieng6/ee260bwi20/haz023/lab5/run_siliconsmart/LIB_FF_1.1_-40_ALL/temp/siliconsmart.ieng6-249.53689.5387/delay__A1__lh__ZN__hl__ACQ_1.sif_0' (SIM-69)
Info:    Executing 'hspice deck.cir -o deck' (SIM-30)
Warning: return code 0 (hspice: No such file or directory)
Info:    Simulation delay__A1__lh__ZN__hl__ACQ_1.sif for cell NR2D0 completed successfully. (SMSC-103)
Info:    IO Retry 0
Info:    set _SIS_CLIENT_RESULT_ {{NR2D0 delay__A1__lh__ZN__hl__ACQ_1 {sifTS 0.0 sifName /home/linux/ieng6/ee260bwi20/haz023/lab5/run_siliconsmart/LIB_FF_1.1_-40_ALL/temp/siliconsmart.ieng6-249.53689.5387/delay__A1__lh__ZN__hl__ACQ_1.sif eadCksum 14522847fcb15f6887439edb2fb2acf6 simulationCount 1 exportVars {} errorList {} sofName /home/linux/ieng6/ee260bwi20/haz023/lab5/run_siliconsmart/LIB_FF_1.1_-40_ALL/temp/siliconsmart.ieng6-249.53689.5387/delay__A1__lh__ZN__hl__ACQ_1.sof eadTS 0.0 eadName /home/linux/ieng6/ee260bwi20/haz023/lab5/run_siliconsmart/LIB_FF_1.1_-40_ALL/temp/siliconsmart.ieng6-249.53689.5387/delay__A1__lh__ZN__hl__ACQ_1.ead enableCache 0 status done depFiles /home/linux/ieng6/ee260bwi20/haz023/lab5/run_siliconsmart/LIB_FF_1.1_-40_ALL/netlists/NR2D0.cdl sifCksum ea98dceff67eabd2113ecd9f5bac3211}}}
Info:    _SIS_CLIENT_RESULT_END
Info:    __recordTaskStats__ NR2D0 delay__A1__lh__ZN__hl__ACQ_1 0.16 0.0 1.26 0.15 1 11.6914200783 ieng6-249.ucsd.edu 1582327354.62 1582327366.31
Info:    Loading information for cell NR2D4... (SMSC-60)
Info:    Current directory '/home/linux/ieng6/ee260bwi20/haz023/lab5/run_siliconsmart/LIB_FF_1.1_-40_ALL' (SIM-68)
Info:    Working in directory '/home/linux/ieng6/ee260bwi20/haz023/lab5/run_siliconsmart/LIB_FF_1.1_-40_ALL/temp/siliconsmart.ieng6-249.53689.5387/Cin__A1__lh__ACQ_1.sif_0' (SIM-69)
Info:    Executing 'hspice deck.cir -o deck' (SIM-30)
Warning: return code 0 (hspice: No such file or directory)
Info:    Simulation Cin__A1__lh__ACQ_1.sif for cell NR2D4 completed successfully. (SMSC-103)
Info:    IO Retry 0
Info:    set _SIS_CLIENT_RESULT_ {{NR2D4 Cin__A1__lh__ACQ_1 {sifTS 0.0 sifName /home/linux/ieng6/ee260bwi20/haz023/lab5/run_siliconsmart/LIB_FF_1.1_-40_ALL/temp/siliconsmart.ieng6-249.53689.5387/Cin__A1__lh__ACQ_1.sif eadCksum 520b596dabd36b1542481378bca7785e simulationCount 1 exportVars {} errorList {} sofName /home/linux/ieng6/ee260bwi20/haz023/lab5/run_siliconsmart/LIB_FF_1.1_-40_ALL/temp/siliconsmart.ieng6-249.53689.5387/Cin__A1__lh__ACQ_1.sof eadTS 0.0 eadName /home/linux/ieng6/ee260bwi20/haz023/lab5/run_siliconsmart/LIB_FF_1.1_-40_ALL/temp/siliconsmart.ieng6-249.53689.5387/Cin__A1__lh__ACQ_1.ead enableCache 0 status done depFiles /home/linux/ieng6/ee260bwi20/haz023/lab5/run_siliconsmart/LIB_FF_1.1_-40_ALL/netlists/NR2D4.cdl sifCksum 76eac974830d271bc56d953bcb0f97e5}}}
Info:    _SIS_CLIENT_RESULT_END
Info:    __recordTaskStats__ NR2D4 Cin__A1__lh__ACQ_1 0.09 0.01 0.59 0.11 1 5.00217986107 ieng6-249.ucsd.edu 1582327366.33 1582327371.33
Info:    Loading information for cell NR2D8... (SMSC-60)
Info:    Current directory '/home/linux/ieng6/ee260bwi20/haz023/lab5/run_siliconsmart/LIB_FF_1.1_-40_ALL' (SIM-68)
Info:    Working in directory '/home/linux/ieng6/ee260bwi20/haz023/lab5/run_siliconsmart/LIB_FF_1.1_-40_ALL/temp/siliconsmart.ieng6-249.53689.5387/Cin__A2__lh__ACQ_1.sif_0' (SIM-69)
Info:    Executing 'hspice deck.cir -o deck' (SIM-30)
Warning: return code 0 (hspice: No such file or directory)
Info:    Simulation Cin__A2__lh__ACQ_1.sif for cell NR2D8 completed successfully. (SMSC-103)
Info:    IO Retry 0
Info:    set _SIS_CLIENT_RESULT_ {{NR2D8 Cin__A2__lh__ACQ_1 {sifTS 0.0 sifName /home/linux/ieng6/ee260bwi20/haz023/lab5/run_siliconsmart/LIB_FF_1.1_-40_ALL/temp/siliconsmart.ieng6-249.53689.5387/Cin__A2__lh__ACQ_1.sif eadCksum 65c179e70e6d1c0dd551d4a70a18e44a simulationCount 1 exportVars {} errorList {} sofName /home/linux/ieng6/ee260bwi20/haz023/lab5/run_siliconsmart/LIB_FF_1.1_-40_ALL/temp/siliconsmart.ieng6-249.53689.5387/Cin__A2__lh__ACQ_1.sof eadTS 0.0 eadName /home/linux/ieng6/ee260bwi20/haz023/lab5/run_siliconsmart/LIB_FF_1.1_-40_ALL/temp/siliconsmart.ieng6-249.53689.5387/Cin__A2__lh__ACQ_1.ead enableCache 0 status done depFiles /home/linux/ieng6/ee260bwi20/haz023/lab5/run_siliconsmart/LIB_FF_1.1_-40_ALL/netlists/NR2D8.cdl sifCksum 98e282b94d551e0d124a7563071052a5}}}
Info:    _SIS_CLIENT_RESULT_END
Info:    __recordTaskStats__ NR2D8 Cin__A2__lh__ACQ_1 0.09 0.01 0.78 0.1 1 5.73293995857 ieng6-249.ucsd.edu 1582327371.33 1582327377.07
Info:    Loading information for cell OR2D0... (SMSC-60)
Info:    Current directory '/home/linux/ieng6/ee260bwi20/haz023/lab5/run_siliconsmart/LIB_FF_1.1_-40_ALL' (SIM-68)
Info:    Working in directory '/home/linux/ieng6/ee260bwi20/haz023/lab5/run_siliconsmart/LIB_FF_1.1_-40_ALL/temp/siliconsmart.ieng6-249.53689.5387/Cin__A1__hl__ACQ_1.sif_0' (SIM-69)
Info:    Executing 'hspice deck.cir -o deck' (SIM-30)
Warning: return code 0 (hspice: No such file or directory)
Info:    Simulation Cin__A1__hl__ACQ_1.sif for cell OR2D0 completed successfully. (SMSC-103)
Info:    IO Retry 0
Info:    set _SIS_CLIENT_RESULT_ {{OR2D0 Cin__A1__hl__ACQ_1 {sifTS 0.0 sifName /home/linux/ieng6/ee260bwi20/haz023/lab5/run_siliconsmart/LIB_FF_1.1_-40_ALL/temp/siliconsmart.ieng6-249.53689.5387/Cin__A1__hl__ACQ_1.sif eadCksum a3408992dc9fbd9d447c84a7c83c7f85 simulationCount 1 exportVars {} errorList {} sofName /home/linux/ieng6/ee260bwi20/haz023/lab5/run_siliconsmart/LIB_FF_1.1_-40_ALL/temp/siliconsmart.ieng6-249.53689.5387/Cin__A1__hl__ACQ_1.sof eadTS 0.0 eadName /home/linux/ieng6/ee260bwi20/haz023/lab5/run_siliconsmart/LIB_FF_1.1_-40_ALL/temp/siliconsmart.ieng6-249.53689.5387/Cin__A1__hl__ACQ_1.ead enableCache 0 status done depFiles /home/linux/ieng6/ee260bwi20/haz023/lab5/run_siliconsmart/LIB_FF_1.1_-40_ALL/netlists/OR2D0.cdl sifCksum 090584076441f9fccfab43211becab13}}}
Info:    _SIS_CLIENT_RESULT_END
Info:    __recordTaskStats__ OR2D0 Cin__A1__hl__ACQ_1 0.08 0.01 0.37 0.09 1 3.6140089035 ieng6-249.ucsd.edu 1582327377.07 1582327380.68
Info:    Loading information for cell OR2D1... (SMSC-60)
Info:    Current directory '/home/linux/ieng6/ee260bwi20/haz023/lab5/run_siliconsmart/LIB_FF_1.1_-40_ALL' (SIM-68)
Info:    Working in directory '/home/linux/ieng6/ee260bwi20/haz023/lab5/run_siliconsmart/LIB_FF_1.1_-40_ALL/temp/siliconsmart.ieng6-249.53689.5387/Cin__A2__lh__ACQ_1.sif_0' (SIM-69)
Info:    Executing 'hspice deck.cir -o deck' (SIM-30)
Warning: return code 0 (hspice: No such file or directory)
Info:    Simulation Cin__A2__lh__ACQ_1.sif for cell OR2D1 completed successfully. (SMSC-103)
Info:    IO Retry 0
Info:    set _SIS_CLIENT_RESULT_ {{OR2D1 Cin__A2__lh__ACQ_1 {sifTS 0.0 sifName /home/linux/ieng6/ee260bwi20/haz023/lab5/run_siliconsmart/LIB_FF_1.1_-40_ALL/temp/siliconsmart.ieng6-249.53689.5387/Cin__A2__lh__ACQ_1.sif eadCksum 3e23e3b41702355fd6dc63e0c413d602 simulationCount 1 exportVars {} errorList {} sofName /home/linux/ieng6/ee260bwi20/haz023/lab5/run_siliconsmart/LIB_FF_1.1_-40_ALL/temp/siliconsmart.ieng6-249.53689.5387/Cin__A2__lh__ACQ_1.sof eadTS 0.0 eadName /home/linux/ieng6/ee260bwi20/haz023/lab5/run_siliconsmart/LIB_FF_1.1_-40_ALL/temp/siliconsmart.ieng6-249.53689.5387/Cin__A2__lh__ACQ_1.ead enableCache 0 status done depFiles /home/linux/ieng6/ee260bwi20/haz023/lab5/run_siliconsmart/LIB_FF_1.1_-40_ALL/netlists/OR2D1.cdl sifCksum a8662a5d62027ef6b1f4067a6eb645e6}}}
Info:    _SIS_CLIENT_RESULT_END
Info:    __recordTaskStats__ OR2D1 Cin__A2__lh__ACQ_1 0.1 0.01 0.4 0.1 1 4.0346288681 ieng6-249.ucsd.edu 1582327380.68 1582327384.72
Info:    Loading information for cell OR2D2... (SMSC-60)
Info:    Current directory '/home/linux/ieng6/ee260bwi20/haz023/lab5/run_siliconsmart/LIB_FF_1.1_-40_ALL' (SIM-68)
Info:    Working in directory '/home/linux/ieng6/ee260bwi20/haz023/lab5/run_siliconsmart/LIB_FF_1.1_-40_ALL/temp/siliconsmart.ieng6-249.53689.5387/delay__A2__hl__Z__hl__ACQ_1.sif_0' (SIM-69)
Info:    Executing 'hspice deck.cir -o deck' (SIM-30)
Warning: return code 0 (hspice: No such file or directory)
Info:    Simulation delay__A2__hl__Z__hl__ACQ_1.sif for cell OR2D2 completed successfully. (SMSC-103)
Info:    IO Retry 0
Info:    set _SIS_CLIENT_RESULT_ {{OR2D2 delay__A2__hl__Z__hl__ACQ_1 {sifTS 0.0 sifName /home/linux/ieng6/ee260bwi20/haz023/lab5/run_siliconsmart/LIB_FF_1.1_-40_ALL/temp/siliconsmart.ieng6-249.53689.5387/delay__A2__hl__Z__hl__ACQ_1.sif eadCksum 24b54902056b2e60defe8368dee510e3 simulationCount 1 exportVars {} errorList {} sofName /home/linux/ieng6/ee260bwi20/haz023/lab5/run_siliconsmart/LIB_FF_1.1_-40_ALL/temp/siliconsmart.ieng6-249.53689.5387/delay__A2__hl__Z__hl__ACQ_1.sof eadTS 0.0 eadName /home/linux/ieng6/ee260bwi20/haz023/lab5/run_siliconsmart/LIB_FF_1.1_-40_ALL/temp/siliconsmart.ieng6-249.53689.5387/delay__A2__hl__Z__hl__ACQ_1.ead enableCache 0 status done depFiles /home/linux/ieng6/ee260bwi20/haz023/lab5/run_siliconsmart/LIB_FF_1.1_-40_ALL/netlists/OR2D2.cdl sifCksum adbdb0c5cad147bed4591ac8606930a3}}}
Info:    _SIS_CLIENT_RESULT_END
Info:    __recordTaskStats__ OR2D2 delay__A2__hl__Z__hl__ACQ_1 0.16 0.01 1.83 0.2 1 14.9042580128 ieng6-249.ucsd.edu 1582327384.72 1582327399.62
Info:    Loading information for cell XNR2D1... (SMSC-60)
Info:    Current directory '/home/linux/ieng6/ee260bwi20/haz023/lab5/run_siliconsmart/LIB_FF_1.1_-40_ALL' (SIM-68)
Info:    Working in directory '/home/linux/ieng6/ee260bwi20/haz023/lab5/run_siliconsmart/LIB_FF_1.1_-40_ALL/temp/siliconsmart.ieng6-249.53689.5387/delay__A2__lh__ZN__hl__ACQ_1.sif_0' (SIM-69)
Info:    Executing 'hspice deck.cir -o deck' (SIM-30)
Warning: return code 0 (hspice: No such file or directory)
Info:    Simulation delay__A2__lh__ZN__hl__ACQ_1.sif for cell XNR2D1 completed successfully. (SMSC-103)
Info:    IO Retry 0
Info:    set _SIS_CLIENT_RESULT_ {{XNR2D1 delay__A2__lh__ZN__hl__ACQ_1 {sifTS 0.0 sifName /home/linux/ieng6/ee260bwi20/haz023/lab5/run_siliconsmart/LIB_FF_1.1_-40_ALL/temp/siliconsmart.ieng6-249.53689.5387/delay__A2__lh__ZN__hl__ACQ_1.sif eadCksum 7d3f527bb230364b1ebe13ba8d6ac53a simulationCount 1 exportVars {} errorList {} sofName /home/linux/ieng6/ee260bwi20/haz023/lab5/run_siliconsmart/LIB_FF_1.1_-40_ALL/temp/siliconsmart.ieng6-249.53689.5387/delay__A2__lh__ZN__hl__ACQ_1.sof eadTS 0.0 eadName /home/linux/ieng6/ee260bwi20/haz023/lab5/run_siliconsmart/LIB_FF_1.1_-40_ALL/temp/siliconsmart.ieng6-249.53689.5387/delay__A2__lh__ZN__hl__ACQ_1.ead enableCache 0 status done depFiles /home/linux/ieng6/ee260bwi20/haz023/lab5/run_siliconsmart/LIB_FF_1.1_-40_ALL/netlists/XNR2D1.cdl sifCksum f1f7328a70966ea6636813a394b2ee93}}}
Info:    _SIS_CLIENT_RESULT_END
Info:    __recordTaskStats__ XNR2D1 delay__A2__lh__ZN__hl__ACQ_1 0.15 0.01 2.13 0.19 1 17.3535270691 ieng6-249.ucsd.edu 1582327399.63 1582327416.98
Info:    Loading information for cell XOR2D0... (SMSC-60)
Info:    Current directory '/home/linux/ieng6/ee260bwi20/haz023/lab5/run_siliconsmart/LIB_FF_1.1_-40_ALL' (SIM-68)
Info:    Working in directory '/home/linux/ieng6/ee260bwi20/haz023/lab5/run_siliconsmart/LIB_FF_1.1_-40_ALL/temp/siliconsmart.ieng6-249.53689.5387/delay__A1__lh__Z__hl__ACQ_1.sif_0' (SIM-69)
Info:    Executing 'hspice deck.cir -o deck' (SIM-30)
Warning: return code 0 (hspice: No such file or directory)
Info:    Simulation delay__A1__lh__Z__hl__ACQ_1.sif for cell XOR2D0 completed successfully. (SMSC-103)
Info:    IO Retry 0
Info:    set _SIS_CLIENT_RESULT_ {{XOR2D0 delay__A1__lh__Z__hl__ACQ_1 {sifTS 0.0 sifName /home/linux/ieng6/ee260bwi20/haz023/lab5/run_siliconsmart/LIB_FF_1.1_-40_ALL/temp/siliconsmart.ieng6-249.53689.5387/delay__A1__lh__Z__hl__ACQ_1.sif eadCksum abc476905c90d680f965f3644703d939 simulationCount 1 exportVars {} errorList {} sofName /home/linux/ieng6/ee260bwi20/haz023/lab5/run_siliconsmart/LIB_FF_1.1_-40_ALL/temp/siliconsmart.ieng6-249.53689.5387/delay__A1__lh__Z__hl__ACQ_1.sof eadTS 0.0 eadName /home/linux/ieng6/ee260bwi20/haz023/lab5/run_siliconsmart/LIB_FF_1.1_-40_ALL/temp/siliconsmart.ieng6-249.53689.5387/delay__A1__lh__Z__hl__ACQ_1.ead enableCache 0 status done depFiles /home/linux/ieng6/ee260bwi20/haz023/lab5/run_siliconsmart/LIB_FF_1.1_-40_ALL/netlists/XOR2D0.cdl sifCksum c1b9e040310520bd43b68955401928a9}}}
Info:    _SIS_CLIENT_RESULT_END
Info:    __recordTaskStats__ XOR2D0 delay__A1__lh__Z__hl__ACQ_1 0.16 0.01 1.99 0.16 1 15.4473519325 ieng6-249.ucsd.edu 1582327416.98 1582327432.43
Info:    Loading information for cell XOR2D2... (SMSC-60)
Info:    Current directory '/home/linux/ieng6/ee260bwi20/haz023/lab5/run_siliconsmart/LIB_FF_1.1_-40_ALL' (SIM-68)
Info:    Working in directory '/home/linux/ieng6/ee260bwi20/haz023/lab5/run_siliconsmart/LIB_FF_1.1_-40_ALL/temp/siliconsmart.ieng6-249.53689.5387/delay__A2__hl__Z__hl__ACQ_1.sif_0' (SIM-69)
Info:    Executing 'hspice deck.cir -o deck' (SIM-30)
Warning: return code 0 (hspice: No such file or directory)
Info:    Simulation delay__A2__hl__Z__hl__ACQ_1.sif for cell XOR2D2 completed successfully. (SMSC-103)
Info:    IO Retry 0
Info:    set _SIS_CLIENT_RESULT_ {{XOR2D2 delay__A2__hl__Z__hl__ACQ_1 {sifTS 0.0 sifName /home/linux/ieng6/ee260bwi20/haz023/lab5/run_siliconsmart/LIB_FF_1.1_-40_ALL/temp/siliconsmart.ieng6-249.53689.5387/delay__A2__hl__Z__hl__ACQ_1.sif eadCksum 3b9f44944023ea79f1ea98e68b9cfc29 simulationCount 1 exportVars {} errorList {} sofName /home/linux/ieng6/ee260bwi20/haz023/lab5/run_siliconsmart/LIB_FF_1.1_-40_ALL/temp/siliconsmart.ieng6-249.53689.5387/delay__A2__hl__Z__hl__ACQ_1.sof eadTS 0.0 eadName /home/linux/ieng6/ee260bwi20/haz023/lab5/run_siliconsmart/LIB_FF_1.1_-40_ALL/temp/siliconsmart.ieng6-249.53689.5387/delay__A2__hl__Z__hl__ACQ_1.ead enableCache 0 status done depFiles /home/linux/ieng6/ee260bwi20/haz023/lab5/run_siliconsmart/LIB_FF_1.1_-40_ALL/netlists/XOR2D2.cdl sifCksum 06a729e9af98eba84f3c26a800eb815f}}}
Info:    _SIS_CLIENT_RESULT_END
Info:    __recordTaskStats__ XOR2D2 delay__A2__hl__Z__hl__ACQ_1 0.14 0.01 2.18 0.17 1 17.5469708443 ieng6-249.ucsd.edu 1582327432.43 1582327449.98
Info:    Loading information for cell INVD1... (SMSC-60)
Info:    Current directory '/home/linux/ieng6/ee260bwi20/haz023/lab5/run_siliconsmart/LIB_FF_1.1_-40_ALL' (SIM-68)
Info:    Working in directory '/home/linux/ieng6/ee260bwi20/haz023/lab5/run_siliconsmart/LIB_FF_1.1_-40_ALL/temp/siliconsmart.ieng6-249.53689.5387/delay__I__hl__ZN__lh__ACQ_1.sif_0' (SIM-69)
Info:    Executing 'hspice deck.cir -o deck' (SIM-30)
Warning: return code 0 (hspice: No such file or directory)
Info:    Simulation delay__I__hl__ZN__lh__ACQ_1.sif for cell INVD1 completed successfully. (SMSC-103)
Info:    IO Retry 0
Info:    set _SIS_CLIENT_RESULT_ {{INVD1 delay__I__hl__ZN__lh__ACQ_1 {sifTS 0.0 sifName /home/linux/ieng6/ee260bwi20/haz023/lab5/run_siliconsmart/LIB_FF_1.1_-40_ALL/temp/siliconsmart.ieng6-249.53689.5387/delay__I__hl__ZN__lh__ACQ_1.sif eadCksum bd1d4c1cd3bb5bb4348061008e526228 simulationCount 1 exportVars {} errorList {} sofName /home/linux/ieng6/ee260bwi20/haz023/lab5/run_siliconsmart/LIB_FF_1.1_-40_ALL/temp/siliconsmart.ieng6-249.53689.5387/delay__I__hl__ZN__lh__ACQ_1.sof eadTS 0.0 eadName /home/linux/ieng6/ee260bwi20/haz023/lab5/run_siliconsmart/LIB_FF_1.1_-40_ALL/temp/siliconsmart.ieng6-249.53689.5387/delay__I__hl__ZN__lh__ACQ_1.ead enableCache 0 status done depFiles /home/linux/ieng6/ee260bwi20/haz023/lab5/run_siliconsmart/LIB_FF_1.1_-40_ALL/netlists/INVD1.cdl sifCksum bdac2aee0a73e11f84813440b34609fc}}}
Info:    _SIS_CLIENT_RESULT_END
Info:    __recordTaskStats__ INVD1 delay__I__hl__ZN__lh__ACQ_1 0.13 0.01 1.11 0.15 1 7.92297101021 ieng6-249.ucsd.edu 1582327449.98 1582327457.9
Info:    Loading information for cell INVD3... (SMSC-60)
Info:    Current directory '/home/linux/ieng6/ee260bwi20/haz023/lab5/run_siliconsmart/LIB_FF_1.1_-40_ALL' (SIM-68)
Info:    Working in directory '/home/linux/ieng6/ee260bwi20/haz023/lab5/run_siliconsmart/LIB_FF_1.1_-40_ALL/temp/siliconsmart.ieng6-249.53689.5387/delay__I__lh__ZN__hl__ACQ_1.sif_0' (SIM-69)
Info:    Executing 'hspice deck.cir -o deck' (SIM-30)
Warning: return code 0 (hspice: No such file or directory)
Info:    Simulation delay__I__lh__ZN__hl__ACQ_1.sif for cell INVD3 completed successfully. (SMSC-103)
Info:    IO Retry 0
Info:    set _SIS_CLIENT_RESULT_ {{INVD3 delay__I__lh__ZN__hl__ACQ_1 {sifTS 0.0 sifName /home/linux/ieng6/ee260bwi20/haz023/lab5/run_siliconsmart/LIB_FF_1.1_-40_ALL/temp/siliconsmart.ieng6-249.53689.5387/delay__I__lh__ZN__hl__ACQ_1.sif eadCksum ad5a7048b500c40bb799495b229aebb1 simulationCount 1 exportVars {} errorList {} sofName /home/linux/ieng6/ee260bwi20/haz023/lab5/run_siliconsmart/LIB_FF_1.1_-40_ALL/temp/siliconsmart.ieng6-249.53689.5387/delay__I__lh__ZN__hl__ACQ_1.sof eadTS 0.0 eadName /home/linux/ieng6/ee260bwi20/haz023/lab5/run_siliconsmart/LIB_FF_1.1_-40_ALL/temp/siliconsmart.ieng6-249.53689.5387/delay__I__lh__ZN__hl__ACQ_1.ead enableCache 0 status done depFiles /home/linux/ieng6/ee260bwi20/haz023/lab5/run_siliconsmart/LIB_FF_1.1_-40_ALL/netlists/INVD3.cdl sifCksum 5bdc0a34fe4b5f825ab7e82aa70c2878}}}
Info:    _SIS_CLIENT_RESULT_END
Info:    __recordTaskStats__ INVD3 delay__I__lh__ZN__hl__ACQ_1 0.13 0.0 1.34 0.16 1 9.92805218697 ieng6-249.ucsd.edu 1582327457.92 1582327467.84
Info:    The char directory is /home/linux/ieng6/ee260bwi20/haz023/lab5/run_siliconsmart/LIB_FF_1.1_-40_ALL
Warning: Operating condition 'FF_1.1_-40_ALL' already exists, skipped.
Info:    Initializing modeler.
Info:    Creating recharacterized libraries. 
Info:    Reading /home/linux/ieng6/ee260bwi20/haz023/lab5/run_siliconsmart/LIB_FF_1.1_-40_ALL/models/liberty/cellmodels/header.lib ...
Info:    Reading /home/linux/ieng6/ee260bwi20/haz023/lab5/run_siliconsmart/LIB_FF_1.1_-40_ALL/models/liberty/cellmodels/AOI21D4.lib ...
Info:    Writing libraries ...
Info:    Creating Liberty file "/home/linux/ieng6/ee260bwi20/haz023/lab5/run_siliconsmart/LIB_FF_1.1_-40_ALL/models/liberty/cells/AOI21D4_FF_1.1_-40_ALL.lib".
Info:    re-positioning normalized_driver_waveform (ndw_ntin_nvolt_7x13) after templates
Info:    __recordTaskStats__ AOI21D4 modeling 1.57 0.03 0.01 0.05 1 10.8291978836 ieng6-249.ucsd.edu 1582327493.91 1582327504.74
Info:    set _SIS_CLIENT_RESULT_ {{AOI21D4 modeling {status done exportVars {} errorList {} sifName {} sofName {} eadName {} depFiles {} tmpHeader {FF_1.1_-40_ALL /home/linux/ieng6/ee260bwi20/haz023/lab5/run_siliconsmart/LIB_FF_1.1_-40_ALL/runtime/modeling/merge/AOI21D4_FF_1.1_-40_ALL.header} tmpBody {FF_1.1_-40_ALL_AOI21D4 /home/linux/ieng6/ee260bwi20/haz023/lab5/run_siliconsmart/LIB_FF_1.1_-40_ALL/runtime/modeling/merge/AOI21D4_FF_1.1_-40_ALL.body}}}}
Info:    _SIS_CLIENT_RESULT_END
Info:    Initializing modeler.
Info:    Creating recharacterized libraries. 
Info:    Reading /home/linux/ieng6/ee260bwi20/haz023/lab5/run_siliconsmart/LIB_FF_1.1_-40_ALL/models/liberty/cellmodels/header.lib ...
Info:    Reading /home/linux/ieng6/ee260bwi20/haz023/lab5/run_siliconsmart/LIB_FF_1.1_-40_ALL/models/liberty/cellmodels/NR2D2.lib ...
Info:    Writing libraries ...
Info:    Creating Liberty file "/home/linux/ieng6/ee260bwi20/haz023/lab5/run_siliconsmart/LIB_FF_1.1_-40_ALL/models/liberty/cells/NR2D2_FF_1.1_-40_ALL.lib".
Info:    __recordTaskStats__ NR2D2 modeling 1.51 0.02 0.01 0.06 1 11.5169990063 ieng6-249.ucsd.edu 1582327504.74 1582327516.26
Info:    set _SIS_CLIENT_RESULT_ {{NR2D2 modeling {status done exportVars {} errorList {} sifName {} sofName {} eadName {} depFiles {} tmpHeader {FF_1.1_-40_ALL /home/linux/ieng6/ee260bwi20/haz023/lab5/run_siliconsmart/LIB_FF_1.1_-40_ALL/runtime/modeling/merge/NR2D2_FF_1.1_-40_ALL.header} tmpBody {FF_1.1_-40_ALL_NR2D2 /home/linux/ieng6/ee260bwi20/haz023/lab5/run_siliconsmart/LIB_FF_1.1_-40_ALL/runtime/modeling/merge/NR2D2_FF_1.1_-40_ALL.body}}}}
Info:    _SIS_CLIENT_RESULT_END
Info:    Initializing modeler.
Info:    Creating recharacterized libraries. 
Info:    Reading /home/linux/ieng6/ee260bwi20/haz023/lab5/run_siliconsmart/LIB_FF_1.1_-40_ALL/models/liberty/cellmodels/header.lib ...
Info:    Reading /home/linux/ieng6/ee260bwi20/haz023/lab5/run_siliconsmart/LIB_FF_1.1_-40_ALL/models/liberty/cellmodels/BUFFD8.lib ...
Info:    Writing libraries ...
Info:    Creating Liberty file "/home/linux/ieng6/ee260bwi20/haz023/lab5/run_siliconsmart/LIB_FF_1.1_-40_ALL/models/liberty/cells/BUFFD8_FF_1.1_-40_ALL.lib".
Info:    __recordTaskStats__ BUFFD8 modeling 1.2 0.01 0.01 0.06 1 6.73955416679 ieng6-249.ucsd.edu 1582327516.26 1582327523.0
Info:    set _SIS_CLIENT_RESULT_ {{BUFFD8 modeling {status done exportVars {} errorList {} sifName {} sofName {} eadName {} depFiles {} tmpHeader {FF_1.1_-40_ALL /home/linux/ieng6/ee260bwi20/haz023/lab5/run_siliconsmart/LIB_FF_1.1_-40_ALL/runtime/modeling/merge/BUFFD8_FF_1.1_-40_ALL.header} tmpBody {FF_1.1_-40_ALL_BUFFD8 /home/linux/ieng6/ee260bwi20/haz023/lab5/run_siliconsmart/LIB_FF_1.1_-40_ALL/runtime/modeling/merge/BUFFD8_FF_1.1_-40_ALL.body}}}}
Info:    _SIS_CLIENT_RESULT_END
Info:    CDPL worker exited normally.
Info:    Maximum virtual memory size: 648.23MB
Info:    Switching log to /home/linux/ieng6/ee260bwi20/haz023/lab5/run_siliconsmart/LIB_FF_1.1_-40_ALL/runtime/cdpl/sis.W16.ieng6-249.ucsd.edu.5387.log at Fri Feb 21 15:25:29 2020
.
----------------------------------------------------------------------
----------------------------------------------------------------------
Info:    Switching log from /home/linux/ieng6/ee260bwi20/haz023/lab5/run_siliconsmart/LIB_FF_1.1_-40_ALL/temp/sis.haz023.5387.log at Fri Feb 21 15:25:29 2020
Info:    Log written by SiliconSmart version L-2016.06-SP1-2 on Fri Feb 21 15:25:29 2020
Info:    Build date: Dec 07, 2016 16:59:49
Info:    SiliconSmart Path: /acsnfs3/software/SiliconSmartAce-2016.06-SP1-2/linux64/bin/siliconsmart
Info:    Host Name: ieng6-249.ucsd.edu, User Name: haz023, PID: 5387
Info:    CPU: 4 x 2000 MHz, Intel(R) Xeon(R) CPU E5-2650 0 @ 2.00GHz (2 socket, 2 core)
Info:    Memory: 32 GB RAM, 2 GB Swap
Info:    Directory: /home/linux/ieng6/ee260bwi20/haz023/lab5/run_siliconsmart/LIB_FF_1.1_-40_ALL
Info:    Maximum virtual memory size: 648.23MB
Info:    Maximum virtual memory size: 648.227 MB
