----------------------------------------------------------------------
Info:    Log written by SiliconSmart version L-2016.06-SP1-2 on Fri Feb 21 15:13:46 2020
Info:    Build date: Dec 07, 2016 16:59:49
Info:    SiliconSmart Path: /acsnfs3/software/SiliconSmartAce-2016.06-SP1-2/linux64/bin/siliconsmart
Info:    Host Name: ieng6-249.ucsd.edu, User Name: haz023, PID: 5326
Info:    CPU: 4 x 2000 MHz, Intel(R) Xeon(R) CPU E5-2650 0 @ 2.00GHz (2 socket, 2 core)
Info:    Memory: 32 GB RAM, 2 GB Swap
Info:    Directory: /home/linux/ieng6/ee260bwi20/haz023/lab5/run_siliconsmart/LIB_FF_1.1_-40_ALL
Info:    Maximum virtual memory size: 586.71MB
Command-line: /acsnfs3/software/SiliconSmartAce-2016.06-SP1-2/linux64/bin/siliconsmart -server /home/linux/ieng6/ee260bwi20/haz023/lab5/run_siliconsmart/LIB_FF_1.1_-40_ALL/runtime/cdpl/driver_4461.tcl
Fri Feb 21 15:13:45 2020: Establishing connection to license server
The char directory is /home/linux/ieng6/ee260bwi20/haz023/lab5/run_siliconsmart/LIB_FF_1.1_-40_ALL
Warning: Operating condition 'FF_1.1_-40_ALL' already exists, skipped.
Info:    Reading instance file for cell DFCSNQD4... (SMSC-23)
Info:    Generating timing tests.
Info:    Generating power tests.
Info:    Generating template at Fri Feb 21 15:13:47 2020 
Info:    Done generating template at Fri Feb 21 15:13:53 2020
Info:    Generate Templates: Maximum virtual memory size: 629.48 MB
Info:    Cell DFCSNQD4 configured for characterization. (SMSC-24)
Info:    __recordTaskStats__ DFCSNQD4 configure 1.3 0.06 0.0 0.0 1 7.82676410675 ieng6-249.ucsd.edu 1582326826.73 1582326834.56
Info:    set _SIS_CLIENT_RESULT_ {{DFCSNQD4 configuration {status done exportVars {} errorList {} sifName {} sofName {} eadName {} depFiles {}}}}
Info:    _SIS_CLIENT_RESULT_END
Info:    The char directory is /home/linux/ieng6/ee260bwi20/haz023/lab5/run_siliconsmart/LIB_FF_1.1_-40_ALL
Warning: Operating condition 'FF_1.1_-40_ALL' already exists, skipped.
Info:    The char directory is /home/linux/ieng6/ee260bwi20/haz023/lab5/run_siliconsmart/LIB_FF_1.1_-40_ALL
Warning: Operating condition 'FF_1.1_-40_ALL' already exists, skipped.
Info:    Loading information for cell DFCSNQD1... (SMSC-60)
Info:    Start Search.seeded_expand.opt_width on width (SIM-43)
Info:    Current directory '/home/linux/ieng6/ee260bwi20/haz023/lab5/run_siliconsmart/LIB_FF_1.1_-40_ALL' (SIM-68)
Info:    Working in directory '/home/linux/ieng6/ee260bwi20/haz023/lab5/run_siliconsmart/LIB_FF_1.1_-40_ALL/temp/siliconsmart.ieng6-249.53689.5326/combined_setup_hold__D__lh__CP__lh__ACQ_1.sif_0' (SIM-69)
Info:    Executing 'hspice deck.cir -o deck' (SIM-30)
Warning: return code 0 (hspice: No such file or directory)
Info:    Current directory '/home/linux/ieng6/ee260bwi20/haz023/lab5/run_siliconsmart/LIB_FF_1.1_-40_ALL' (SIM-68)
Info:    Working in directory '/home/linux/ieng6/ee260bwi20/haz023/lab5/run_siliconsmart/LIB_FF_1.1_-40_ALL/temp/siliconsmart.ieng6-249.53689.5326/combined_setup_hold__D__lh__CP__lh__ACQ_1.sif_1' (SIM-69)
Info:    Executing 'hspice deck.cir -o deck' (SIM-30)
Warning: return code 0 (hspice: No such file or directory)
Info:    Current directory '/home/linux/ieng6/ee260bwi20/haz023/lab5/run_siliconsmart/LIB_FF_1.1_-40_ALL' (SIM-68)
Info:    Working in directory '/home/linux/ieng6/ee260bwi20/haz023/lab5/run_siliconsmart/LIB_FF_1.1_-40_ALL/temp/siliconsmart.ieng6-249.53689.5326/combined_setup_hold__D__lh__CP__lh__ACQ_1.sif_2' (SIM-69)
Info:    Executing 'hspice deck.cir -o deck' (SIM-30)
Warning: return code 0 (hspice: No such file or directory)
Info:    Current directory '/home/linux/ieng6/ee260bwi20/haz023/lab5/run_siliconsmart/LIB_FF_1.1_-40_ALL' (SIM-68)
Info:    Working in directory '/home/linux/ieng6/ee260bwi20/haz023/lab5/run_siliconsmart/LIB_FF_1.1_-40_ALL/temp/siliconsmart.ieng6-249.53689.5326/combined_setup_hold__D__lh__CP__lh__ACQ_1.sif_3' (SIM-69)
Info:    Executing 'hspice deck.cir -o deck' (SIM-30)
Warning: return code 0 (hspice: No such file or directory)
Info:    Current directory '/home/linux/ieng6/ee260bwi20/haz023/lab5/run_siliconsmart/LIB_FF_1.1_-40_ALL' (SIM-68)
Info:    Working in directory '/home/linux/ieng6/ee260bwi20/haz023/lab5/run_siliconsmart/LIB_FF_1.1_-40_ALL/temp/siliconsmart.ieng6-249.53689.5326/combined_setup_hold__D__lh__CP__lh__ACQ_1.sif_4' (SIM-69)
Info:    Executing 'hspice deck.cir -o deck' (SIM-30)
Warning: return code 0 (hspice: No such file or directory)
Info:    Current directory '/home/linux/ieng6/ee260bwi20/haz023/lab5/run_siliconsmart/LIB_FF_1.1_-40_ALL' (SIM-68)
Info:    Working in directory '/home/linux/ieng6/ee260bwi20/haz023/lab5/run_siliconsmart/LIB_FF_1.1_-40_ALL/temp/siliconsmart.ieng6-249.53689.5326/combined_setup_hold__D__lh__CP__lh__ACQ_1.sif_5' (SIM-69)
Info:    Executing 'hspice deck.cir -o deck' (SIM-30)
Warning: return code 0 (hspice: No such file or directory)
Info:    Current directory '/home/linux/ieng6/ee260bwi20/haz023/lab5/run_siliconsmart/LIB_FF_1.1_-40_ALL' (SIM-68)
Info:    Working in directory '/home/linux/ieng6/ee260bwi20/haz023/lab5/run_siliconsmart/LIB_FF_1.1_-40_ALL/temp/siliconsmart.ieng6-249.53689.5326/combined_setup_hold__D__lh__CP__lh__ACQ_1.sif_6' (SIM-69)
Info:    Executing 'hspice deck.cir -o deck' (SIM-30)
Warning: return code 0 (hspice: No such file or directory)
Info:    Current directory '/home/linux/ieng6/ee260bwi20/haz023/lab5/run_siliconsmart/LIB_FF_1.1_-40_ALL' (SIM-68)
Info:    Working in directory '/home/linux/ieng6/ee260bwi20/haz023/lab5/run_siliconsmart/LIB_FF_1.1_-40_ALL/temp/siliconsmart.ieng6-249.53689.5326/combined_setup_hold__D__lh__CP__lh__ACQ_1.sif_7' (SIM-69)
Info:    Executing 'hspice deck.cir -o deck' (SIM-30)
Warning: return code 0 (hspice: No such file or directory)
Info:    Current directory '/home/linux/ieng6/ee260bwi20/haz023/lab5/run_siliconsmart/LIB_FF_1.1_-40_ALL' (SIM-68)
Info:    Working in directory '/home/linux/ieng6/ee260bwi20/haz023/lab5/run_siliconsmart/LIB_FF_1.1_-40_ALL/temp/siliconsmart.ieng6-249.53689.5326/combined_setup_hold__D__lh__CP__lh__ACQ_1.sif_8' (SIM-69)
Info:    Executing 'hspice deck.cir -o deck' (SIM-30)
Warning: return code 0 (hspice: No such file or directory)
Info:    Current directory '/home/linux/ieng6/ee260bwi20/haz023/lab5/run_siliconsmart/LIB_FF_1.1_-40_ALL' (SIM-68)
Info:    Working in directory '/home/linux/ieng6/ee260bwi20/haz023/lab5/run_siliconsmart/LIB_FF_1.1_-40_ALL/temp/siliconsmart.ieng6-249.53689.5326/combined_setup_hold__D__lh__CP__lh__ACQ_1.sif_9' (SIM-69)
Info:    Executing 'hspice deck.cir -o deck' (SIM-30)
Warning: return code 0 (hspice: No such file or directory)
Info:    Start Search.seeded_expand.opt_hold on hold (SIM-43)
Info:    Current directory '/home/linux/ieng6/ee260bwi20/haz023/lab5/run_siliconsmart/LIB_FF_1.1_-40_ALL' (SIM-68)
Info:    Working in directory '/home/linux/ieng6/ee260bwi20/haz023/lab5/run_siliconsmart/LIB_FF_1.1_-40_ALL/temp/siliconsmart.ieng6-249.53689.5326/combined_setup_hold__D__lh__CP__lh__ACQ_1.sif_10' (SIM-69)
Info:    Executing 'hspice deck.cir -o deck' (SIM-30)
Warning: return code 0 (hspice: No such file or directory)
Info:    Start Search.refine.opt_setup on setup (SIM-43)
Info:    Current directory '/home/linux/ieng6/ee260bwi20/haz023/lab5/run_siliconsmart/LIB_FF_1.1_-40_ALL' (SIM-68)
Info:    Working in directory '/home/linux/ieng6/ee260bwi20/haz023/lab5/run_siliconsmart/LIB_FF_1.1_-40_ALL/temp/siliconsmart.ieng6-249.53689.5326/combined_setup_hold__D__lh__CP__lh__ACQ_1.sif_11' (SIM-69)
Info:    Executing 'hspice deck.cir -o deck' (SIM-30)
Warning: return code 0 (hspice: No such file or directory)
Info:    Current directory '/home/linux/ieng6/ee260bwi20/haz023/lab5/run_siliconsmart/LIB_FF_1.1_-40_ALL' (SIM-68)
Info:    Working in directory '/home/linux/ieng6/ee260bwi20/haz023/lab5/run_siliconsmart/LIB_FF_1.1_-40_ALL/temp/siliconsmart.ieng6-249.53689.5326/combined_setup_hold__D__lh__CP__lh__ACQ_1.sif_12' (SIM-69)
Info:    Executing 'hspice deck.cir -o deck' (SIM-30)
Warning: return code 0 (hspice: No such file or directory)
Info:    Current directory '/home/linux/ieng6/ee260bwi20/haz023/lab5/run_siliconsmart/LIB_FF_1.1_-40_ALL' (SIM-68)
Info:    Working in directory '/home/linux/ieng6/ee260bwi20/haz023/lab5/run_siliconsmart/LIB_FF_1.1_-40_ALL/temp/siliconsmart.ieng6-249.53689.5326/combined_setup_hold__D__lh__CP__lh__ACQ_1.sif_13' (SIM-69)
Info:    Executing 'hspice deck.cir -o deck' (SIM-30)
Warning: return code 0 (hspice: No such file or directory)
Info:    Current directory '/home/linux/ieng6/ee260bwi20/haz023/lab5/run_siliconsmart/LIB_FF_1.1_-40_ALL' (SIM-68)
Info:    Working in directory '/home/linux/ieng6/ee260bwi20/haz023/lab5/run_siliconsmart/LIB_FF_1.1_-40_ALL/temp/siliconsmart.ieng6-249.53689.5326/combined_setup_hold__D__lh__CP__lh__ACQ_1.sif_14' (SIM-69)
Info:    Executing 'hspice deck.cir -o deck' (SIM-30)
Warning: return code 0 (hspice: No such file or directory)
Info:    Current directory '/home/linux/ieng6/ee260bwi20/haz023/lab5/run_siliconsmart/LIB_FF_1.1_-40_ALL' (SIM-68)
Info:    Working in directory '/home/linux/ieng6/ee260bwi20/haz023/lab5/run_siliconsmart/LIB_FF_1.1_-40_ALL/temp/siliconsmart.ieng6-249.53689.5326/combined_setup_hold__D__lh__CP__lh__ACQ_1.sif_15' (SIM-69)
Info:    Executing 'hspice deck.cir -o deck' (SIM-30)
Warning: return code 0 (hspice: No such file or directory)
Info:    Current directory '/home/linux/ieng6/ee260bwi20/haz023/lab5/run_siliconsmart/LIB_FF_1.1_-40_ALL' (SIM-68)
Info:    Working in directory '/home/linux/ieng6/ee260bwi20/haz023/lab5/run_siliconsmart/LIB_FF_1.1_-40_ALL/temp/siliconsmart.ieng6-249.53689.5326/combined_setup_hold__D__lh__CP__lh__ACQ_1.sif_16' (SIM-69)
Info:    Executing 'hspice deck.cir -o deck' (SIM-30)
Warning: return code 0 (hspice: No such file or directory)
Info:    Current directory '/home/linux/ieng6/ee260bwi20/haz023/lab5/run_siliconsmart/LIB_FF_1.1_-40_ALL' (SIM-68)
Info:    Working in directory '/home/linux/ieng6/ee260bwi20/haz023/lab5/run_siliconsmart/LIB_FF_1.1_-40_ALL/temp/siliconsmart.ieng6-249.53689.5326/combined_setup_hold__D__lh__CP__lh__ACQ_1.sif_17' (SIM-69)
Info:    Executing 'hspice deck.cir -o deck' (SIM-30)
Warning: return code 0 (hspice: No such file or directory)
Info:    Current directory '/home/linux/ieng6/ee260bwi20/haz023/lab5/run_siliconsmart/LIB_FF_1.1_-40_ALL' (SIM-68)
Info:    Working in directory '/home/linux/ieng6/ee260bwi20/haz023/lab5/run_siliconsmart/LIB_FF_1.1_-40_ALL/temp/siliconsmart.ieng6-249.53689.5326/combined_setup_hold__D__lh__CP__lh__ACQ_1.sif_18' (SIM-69)
Info:    Executing 'hspice deck.cir -o deck' (SIM-30)
Warning: return code 0 (hspice: No such file or directory)
Info:    Simulation combined_setup_hold__D__lh__CP__lh__ACQ_1.sif for cell DFCSNQD1 completed successfully. (SMSC-103)
Info:    IO Retry 0
Info:    set _SIS_CLIENT_RESULT_ {{DFCSNQD1 combined_setup_hold__D__lh__CP__lh__ACQ_1 {sifTS 0.0 sifName /home/linux/ieng6/ee260bwi20/haz023/lab5/run_siliconsmart/LIB_FF_1.1_-40_ALL/temp/siliconsmart.ieng6-249.53689.5326/combined_setup_hold__D__lh__CP__lh__ACQ_1.sif eadCksum 9bbc27a47a980626d50505b3ed4a24c7 simulationCount 19 exportVars {} errorList {} sofName /home/linux/ieng6/ee260bwi20/haz023/lab5/run_siliconsmart/LIB_FF_1.1_-40_ALL/temp/siliconsmart.ieng6-249.53689.5326/combined_setup_hold__D__lh__CP__lh__ACQ_1.sof eadTS 0.0 eadName /home/linux/ieng6/ee260bwi20/haz023/lab5/run_siliconsmart/LIB_FF_1.1_-40_ALL/temp/siliconsmart.ieng6-249.53689.5326/combined_setup_hold__D__lh__CP__lh__ACQ_1.ead enableCache 0 status done depFiles /home/linux/ieng6/ee260bwi20/haz023/lab5/run_siliconsmart/LIB_FF_1.1_-40_ALL/netlists/DFCSNQD1.cdl sifCksum 7232a0d50f86bc505e6f53d90cbf847c}}}
Info:    _SIS_CLIENT_RESULT_END
Info:    __recordTaskStats__ DFCSNQD1 combined_setup_hold__D__lh__CP__lh__ACQ_1 0.54 0.15 29.91 3.31 19 218.403290033 ieng6-249.ucsd.edu 1582326863.62 1582327082.02
Info:    Loading information for cell MUX2D1... (SMSC-60)
Info:    Current directory '/home/linux/ieng6/ee260bwi20/haz023/lab5/run_siliconsmart/LIB_FF_1.1_-40_ALL' (SIM-68)
Info:    Working in directory '/home/linux/ieng6/ee260bwi20/haz023/lab5/run_siliconsmart/LIB_FF_1.1_-40_ALL/temp/siliconsmart.ieng6-249.53689.5326/delay__S__lh__Z__lh__ACQ_1.sif_0' (SIM-69)
Info:    Executing 'hspice deck.cir -o deck' (SIM-30)
Warning: return code 0 (hspice: No such file or directory)
Info:    Simulation delay__S__lh__Z__lh__ACQ_1.sif for cell MUX2D1 completed successfully. (SMSC-103)
Info:    IO Retry 0
Info:    set _SIS_CLIENT_RESULT_ {{MUX2D1 delay__S__lh__Z__lh__ACQ_1 {sifTS 0.0 sifName /home/linux/ieng6/ee260bwi20/haz023/lab5/run_siliconsmart/LIB_FF_1.1_-40_ALL/temp/siliconsmart.ieng6-249.53689.5326/delay__S__lh__Z__lh__ACQ_1.sif eadCksum d7ae74eeb7620b469fcebcec259ebb2e simulationCount 1 exportVars {} errorList {} sofName /home/linux/ieng6/ee260bwi20/haz023/lab5/run_siliconsmart/LIB_FF_1.1_-40_ALL/temp/siliconsmart.ieng6-249.53689.5326/delay__S__lh__Z__lh__ACQ_1.sof eadTS 0.0 eadName /home/linux/ieng6/ee260bwi20/haz023/lab5/run_siliconsmart/LIB_FF_1.1_-40_ALL/temp/siliconsmart.ieng6-249.53689.5326/delay__S__lh__Z__lh__ACQ_1.ead enableCache 0 status done depFiles /home/linux/ieng6/ee260bwi20/haz023/lab5/run_siliconsmart/LIB_FF_1.1_-40_ALL/netlists/MUX2D1.cdl sifCksum 72964b20f0538f688fc19ff790a0df45}}}
Info:    _SIS_CLIENT_RESULT_END
Info:    __recordTaskStats__ MUX2D1 delay__S__lh__Z__lh__ACQ_1 0.33 0.02 2.65 0.29 1 23.1815350056 ieng6-249.ucsd.edu 1582327082.03 1582327105.21
Info:    Loading information for cell MUX2D4... (SMSC-60)
Info:    Current directory '/home/linux/ieng6/ee260bwi20/haz023/lab5/run_siliconsmart/LIB_FF_1.1_-40_ALL' (SIM-68)
Info:    Working in directory '/home/linux/ieng6/ee260bwi20/haz023/lab5/run_siliconsmart/LIB_FF_1.1_-40_ALL/temp/siliconsmart.ieng6-249.53689.5326/delay__I0__hl__Z__hl__ACQ_1.sif_0' (SIM-69)
Info:    Executing 'hspice deck.cir -o deck' (SIM-30)
Warning: return code 0 (hspice: No such file or directory)
Info:    Simulation delay__I0__hl__Z__hl__ACQ_1.sif for cell MUX2D4 completed successfully. (SMSC-103)
Info:    IO Retry 0
Info:    set _SIS_CLIENT_RESULT_ {{MUX2D4 delay__I0__hl__Z__hl__ACQ_1 {sifTS 0.0 sifName /home/linux/ieng6/ee260bwi20/haz023/lab5/run_siliconsmart/LIB_FF_1.1_-40_ALL/temp/siliconsmart.ieng6-249.53689.5326/delay__I0__hl__Z__hl__ACQ_1.sif eadCksum 130c31bd239c2f31a25fd2e98c80961d simulationCount 1 exportVars {} errorList {} sofName /home/linux/ieng6/ee260bwi20/haz023/lab5/run_siliconsmart/LIB_FF_1.1_-40_ALL/temp/siliconsmart.ieng6-249.53689.5326/delay__I0__hl__Z__hl__ACQ_1.sof eadTS 0.0 eadName /home/linux/ieng6/ee260bwi20/haz023/lab5/run_siliconsmart/LIB_FF_1.1_-40_ALL/temp/siliconsmart.ieng6-249.53689.5326/delay__I0__hl__Z__hl__ACQ_1.ead enableCache 0 status done depFiles /home/linux/ieng6/ee260bwi20/haz023/lab5/run_siliconsmart/LIB_FF_1.1_-40_ALL/netlists/MUX2D4.cdl sifCksum 0a4f0b72c47b9c1264c7e970d0d73876}}}
Info:    _SIS_CLIENT_RESULT_END
Info:    __recordTaskStats__ MUX2D4 delay__I0__hl__Z__hl__ACQ_1 0.18 0.02 2.84 0.26 1 26.8138620853 ieng6-249.ucsd.edu 1582327105.23 1582327132.04
Info:    Loading information for cell OAI21D1... (SMSC-60)
Info:    Current directory '/home/linux/ieng6/ee260bwi20/haz023/lab5/run_siliconsmart/LIB_FF_1.1_-40_ALL' (SIM-68)
Info:    Working in directory '/home/linux/ieng6/ee260bwi20/haz023/lab5/run_siliconsmart/LIB_FF_1.1_-40_ALL/temp/siliconsmart.ieng6-249.53689.5326/delay__B__hl__ZN__lh__ACQ_1.sif_0' (SIM-69)
Info:    Executing 'hspice deck.cir -o deck' (SIM-30)
Warning: return code 0 (hspice: No such file or directory)
Info:    Simulation delay__B__hl__ZN__lh__ACQ_1.sif for cell OAI21D1 completed successfully. (SMSC-103)
Info:    IO Retry 0
Info:    set _SIS_CLIENT_RESULT_ {{OAI21D1 delay__B__hl__ZN__lh__ACQ_1 {sifTS 0.0 sifName /home/linux/ieng6/ee260bwi20/haz023/lab5/run_siliconsmart/LIB_FF_1.1_-40_ALL/temp/siliconsmart.ieng6-249.53689.5326/delay__B__hl__ZN__lh__ACQ_1.sif eadCksum 8264bcd768d85b642c7fa86c11b2d4dd simulationCount 1 exportVars {} errorList {} sofName /home/linux/ieng6/ee260bwi20/haz023/lab5/run_siliconsmart/LIB_FF_1.1_-40_ALL/temp/siliconsmart.ieng6-249.53689.5326/delay__B__hl__ZN__lh__ACQ_1.sof eadTS 0.0 eadName /home/linux/ieng6/ee260bwi20/haz023/lab5/run_siliconsmart/LIB_FF_1.1_-40_ALL/temp/siliconsmart.ieng6-249.53689.5326/delay__B__hl__ZN__lh__ACQ_1.ead enableCache 0 status done depFiles /home/linux/ieng6/ee260bwi20/haz023/lab5/run_siliconsmart/LIB_FF_1.1_-40_ALL/netlists/OAI21D1.cdl sifCksum ced785063f923d921bdb89c6ee422071}}}
Info:    _SIS_CLIENT_RESULT_END
Info:    __recordTaskStats__ OAI21D1 delay__B__hl__ZN__lh__ACQ_1 0.18 0.02 1.83 0.23 1 16.9606318474 ieng6-249.ucsd.edu 1582327132.05 1582327149.01
Info:    Loading information for cell AN2D0... (SMSC-60)
Info:    Current directory '/home/linux/ieng6/ee260bwi20/haz023/lab5/run_siliconsmart/LIB_FF_1.1_-40_ALL' (SIM-68)
Info:    Working in directory '/home/linux/ieng6/ee260bwi20/haz023/lab5/run_siliconsmart/LIB_FF_1.1_-40_ALL/temp/siliconsmart.ieng6-249.53689.5326/delay__A2__hl__Z__hl__ACQ_1.sif_0' (SIM-69)
Info:    Executing 'hspice deck.cir -o deck' (SIM-30)
Warning: return code 0 (hspice: No such file or directory)
Info:    Simulation delay__A2__hl__Z__hl__ACQ_1.sif for cell AN2D0 completed successfully. (SMSC-103)
Info:    IO Retry 0
Info:    set _SIS_CLIENT_RESULT_ {{AN2D0 delay__A2__hl__Z__hl__ACQ_1 {sifTS 0.0 sifName /home/linux/ieng6/ee260bwi20/haz023/lab5/run_siliconsmart/LIB_FF_1.1_-40_ALL/temp/siliconsmart.ieng6-249.53689.5326/delay__A2__hl__Z__hl__ACQ_1.sif eadCksum e2cb3c161b526ad14417922f70bd3ea3 simulationCount 1 exportVars {} errorList {} sofName /home/linux/ieng6/ee260bwi20/haz023/lab5/run_siliconsmart/LIB_FF_1.1_-40_ALL/temp/siliconsmart.ieng6-249.53689.5326/delay__A2__hl__Z__hl__ACQ_1.sof eadTS 0.0 eadName /home/linux/ieng6/ee260bwi20/haz023/lab5/run_siliconsmart/LIB_FF_1.1_-40_ALL/temp/siliconsmart.ieng6-249.53689.5326/delay__A2__hl__Z__hl__ACQ_1.ead enableCache 0 status done depFiles /home/linux/ieng6/ee260bwi20/haz023/lab5/run_siliconsmart/LIB_FF_1.1_-40_ALL/netlists/AN2D0.cdl sifCksum 08a11285f968ef46fc72cffefe726ec2}}}
Info:    _SIS_CLIENT_RESULT_END
Info:    __recordTaskStats__ AN2D0 delay__A2__hl__Z__hl__ACQ_1 0.15 0.01 1.53 0.21 1 13.2395069599 ieng6-249.ucsd.edu 1582327149.03 1582327162.26
Info:    Loading information for cell AN2D4... (SMSC-60)
Info:    Current directory '/home/linux/ieng6/ee260bwi20/haz023/lab5/run_siliconsmart/LIB_FF_1.1_-40_ALL' (SIM-68)
Info:    Working in directory '/home/linux/ieng6/ee260bwi20/haz023/lab5/run_siliconsmart/LIB_FF_1.1_-40_ALL/temp/siliconsmart.ieng6-249.53689.5326/leakage_power__ACQ_4.sif_0' (SIM-69)
Info:    Executing 'hspice deck.cir -o deck' (SIM-30)
Warning: return code 0 (hspice: No such file or directory)
Info:    Simulation leakage_power__ACQ_4.sif for cell AN2D4 completed successfully. (SMSC-103)
Info:    IO Retry 0
Info:    set _SIS_CLIENT_RESULT_ {{AN2D4 leakage_power__ACQ_4 {sifTS 0.0 sifName /home/linux/ieng6/ee260bwi20/haz023/lab5/run_siliconsmart/LIB_FF_1.1_-40_ALL/temp/siliconsmart.ieng6-249.53689.5326/leakage_power__ACQ_4.sif eadCksum 066980434b1e7f8c0b0dd9929c868257 simulationCount 1 exportVars {} errorList {} sofName /home/linux/ieng6/ee260bwi20/haz023/lab5/run_siliconsmart/LIB_FF_1.1_-40_ALL/temp/siliconsmart.ieng6-249.53689.5326/leakage_power__ACQ_4.sof eadTS 0.0 eadName /home/linux/ieng6/ee260bwi20/haz023/lab5/run_siliconsmart/LIB_FF_1.1_-40_ALL/temp/siliconsmart.ieng6-249.53689.5326/leakage_power__ACQ_4.ead enableCache 0 status done depFiles /home/linux/ieng6/ee260bwi20/haz023/lab5/run_siliconsmart/LIB_FF_1.1_-40_ALL/netlists/AN2D4.cdl sifCksum 5f140703f4e083ac305a14cf47713bb2}}}
Info:    _SIS_CLIENT_RESULT_END
Info:    __recordTaskStats__ AN2D4 leakage_power__ACQ_4 0.09 0.01 0.36 0.16 1 3.84097099304 ieng6-249.ucsd.edu 1582327162.28 1582327166.12
Info:    Loading information for cell AN2D8... (SMSC-60)
Info:    Current directory '/home/linux/ieng6/ee260bwi20/haz023/lab5/run_siliconsmart/LIB_FF_1.1_-40_ALL' (SIM-68)
Info:    Working in directory '/home/linux/ieng6/ee260bwi20/haz023/lab5/run_siliconsmart/LIB_FF_1.1_-40_ALL/temp/siliconsmart.ieng6-249.53689.5326/leakage_power__ACQ_4.sif_0' (SIM-69)
Info:    Executing 'hspice deck.cir -o deck' (SIM-30)
Warning: return code 0 (hspice: No such file or directory)
Info:    Simulation leakage_power__ACQ_4.sif for cell AN2D8 completed successfully. (SMSC-103)
Info:    IO Retry 0
Info:    set _SIS_CLIENT_RESULT_ {{AN2D8 leakage_power__ACQ_4 {sifTS 0.0 sifName /home/linux/ieng6/ee260bwi20/haz023/lab5/run_siliconsmart/LIB_FF_1.1_-40_ALL/temp/siliconsmart.ieng6-249.53689.5326/leakage_power__ACQ_4.sif eadCksum 5dd4551434c383391ce371b8b0112140 simulationCount 1 exportVars {} errorList {} sofName /home/linux/ieng6/ee260bwi20/haz023/lab5/run_siliconsmart/LIB_FF_1.1_-40_ALL/temp/siliconsmart.ieng6-249.53689.5326/leakage_power__ACQ_4.sof eadTS 0.0 eadName /home/linux/ieng6/ee260bwi20/haz023/lab5/run_siliconsmart/LIB_FF_1.1_-40_ALL/temp/siliconsmart.ieng6-249.53689.5326/leakage_power__ACQ_4.ead enableCache 0 status done depFiles /home/linux/ieng6/ee260bwi20/haz023/lab5/run_siliconsmart/LIB_FF_1.1_-40_ALL/netlists/AN2D8.cdl sifCksum f0152099e6b4da83c47d30bbd609a4f3}}}
Info:    _SIS_CLIENT_RESULT_END
Info:    __recordTaskStats__ AN2D8 leakage_power__ACQ_4 0.1 0.02 0.39 0.15 1 4.32071089745 ieng6-249.ucsd.edu 1582327166.12 1582327170.45
Info:    Loading information for cell AN2XD1... (SMSC-60)
Info:    Current directory '/home/linux/ieng6/ee260bwi20/haz023/lab5/run_siliconsmart/LIB_FF_1.1_-40_ALL' (SIM-68)
Info:    Working in directory '/home/linux/ieng6/ee260bwi20/haz023/lab5/run_siliconsmart/LIB_FF_1.1_-40_ALL/temp/siliconsmart.ieng6-249.53689.5326/leakage_power__ACQ_4.sif_0' (SIM-69)
Info:    Executing 'hspice deck.cir -o deck' (SIM-30)
Warning: return code 0 (hspice: No such file or directory)
Info:    Simulation leakage_power__ACQ_4.sif for cell AN2XD1 completed successfully. (SMSC-103)
Info:    IO Retry 0
Info:    set _SIS_CLIENT_RESULT_ {{AN2XD1 leakage_power__ACQ_4 {sifTS 0.0 sifName /home/linux/ieng6/ee260bwi20/haz023/lab5/run_siliconsmart/LIB_FF_1.1_-40_ALL/temp/siliconsmart.ieng6-249.53689.5326/leakage_power__ACQ_4.sif eadCksum 26f1acbcdd1e14b23cba2e509e7945ee simulationCount 1 exportVars {} errorList {} sofName /home/linux/ieng6/ee260bwi20/haz023/lab5/run_siliconsmart/LIB_FF_1.1_-40_ALL/temp/siliconsmart.ieng6-249.53689.5326/leakage_power__ACQ_4.sof eadTS 0.0 eadName /home/linux/ieng6/ee260bwi20/haz023/lab5/run_siliconsmart/LIB_FF_1.1_-40_ALL/temp/siliconsmart.ieng6-249.53689.5326/leakage_power__ACQ_4.ead enableCache 0 status done depFiles /home/linux/ieng6/ee260bwi20/haz023/lab5/run_siliconsmart/LIB_FF_1.1_-40_ALL/netlists/AN2XD1.cdl sifCksum df54128da0d86a56563f4f0599704d8a}}}
Info:    _SIS_CLIENT_RESULT_END
Info:    __recordTaskStats__ AN2XD1 leakage_power__ACQ_4 0.1 0.01 0.34 0.15 1 4.32771396637 ieng6-249.ucsd.edu 1582327170.48 1582327174.81
Info:    Loading information for cell ND2D0... (SMSC-60)
Info:    Current directory '/home/linux/ieng6/ee260bwi20/haz023/lab5/run_siliconsmart/LIB_FF_1.1_-40_ALL' (SIM-68)
Info:    Working in directory '/home/linux/ieng6/ee260bwi20/haz023/lab5/run_siliconsmart/LIB_FF_1.1_-40_ALL/temp/siliconsmart.ieng6-249.53689.5326/leakage_power__ACQ_4.sif_0' (SIM-69)
Info:    Executing 'hspice deck.cir -o deck' (SIM-30)
Warning: return code 0 (hspice: No such file or directory)
Info:    Simulation leakage_power__ACQ_4.sif for cell ND2D0 completed successfully. (SMSC-103)
Info:    IO Retry 0
Info:    set _SIS_CLIENT_RESULT_ {{ND2D0 leakage_power__ACQ_4 {sifTS 0.0 sifName /home/linux/ieng6/ee260bwi20/haz023/lab5/run_siliconsmart/LIB_FF_1.1_-40_ALL/temp/siliconsmart.ieng6-249.53689.5326/leakage_power__ACQ_4.sif eadCksum 33158bef2bf83b6ec807a5baa131d4e7 simulationCount 1 exportVars {} errorList {} sofName /home/linux/ieng6/ee260bwi20/haz023/lab5/run_siliconsmart/LIB_FF_1.1_-40_ALL/temp/siliconsmart.ieng6-249.53689.5326/leakage_power__ACQ_4.sof eadTS 0.0 eadName /home/linux/ieng6/ee260bwi20/haz023/lab5/run_siliconsmart/LIB_FF_1.1_-40_ALL/temp/siliconsmart.ieng6-249.53689.5326/leakage_power__ACQ_4.ead enableCache 0 status done depFiles /home/linux/ieng6/ee260bwi20/haz023/lab5/run_siliconsmart/LIB_FF_1.1_-40_ALL/netlists/ND2D0.cdl sifCksum 6bb5456668bd1ebd08e67e6db7ab71bf}}}
Info:    _SIS_CLIENT_RESULT_END
Info:    __recordTaskStats__ ND2D0 leakage_power__ACQ_4 0.09 0.03 0.29 0.12 1 3.83717298508 ieng6-249.ucsd.edu 1582327174.82 1582327178.65
Info:    Loading information for cell ND2D1... (SMSC-60)
Info:    Current directory '/home/linux/ieng6/ee260bwi20/haz023/lab5/run_siliconsmart/LIB_FF_1.1_-40_ALL' (SIM-68)
Info:    Working in directory '/home/linux/ieng6/ee260bwi20/haz023/lab5/run_siliconsmart/LIB_FF_1.1_-40_ALL/temp/siliconsmart.ieng6-249.53689.5326/delay__A1__hl__ZN__lh__ACQ_1.sif_0' (SIM-69)
Info:    Executing 'hspice deck.cir -o deck' (SIM-30)
Warning: return code 0 (hspice: No such file or directory)
Info:    Simulation delay__A1__hl__ZN__lh__ACQ_1.sif for cell ND2D1 completed successfully. (SMSC-103)
Info:    IO Retry 0
Info:    set _SIS_CLIENT_RESULT_ {{ND2D1 delay__A1__hl__ZN__lh__ACQ_1 {sifTS 0.0 sifName /home/linux/ieng6/ee260bwi20/haz023/lab5/run_siliconsmart/LIB_FF_1.1_-40_ALL/temp/siliconsmart.ieng6-249.53689.5326/delay__A1__hl__ZN__lh__ACQ_1.sif eadCksum 51ff4eac9e4dcf6d00ee064747236176 simulationCount 1 exportVars {} errorList {} sofName /home/linux/ieng6/ee260bwi20/haz023/lab5/run_siliconsmart/LIB_FF_1.1_-40_ALL/temp/siliconsmart.ieng6-249.53689.5326/delay__A1__hl__ZN__lh__ACQ_1.sof eadTS 0.0 eadName /home/linux/ieng6/ee260bwi20/haz023/lab5/run_siliconsmart/LIB_FF_1.1_-40_ALL/temp/siliconsmart.ieng6-249.53689.5326/delay__A1__hl__ZN__lh__ACQ_1.ead enableCache 0 status done depFiles /home/linux/ieng6/ee260bwi20/haz023/lab5/run_siliconsmart/LIB_FF_1.1_-40_ALL/netlists/ND2D1.cdl sifCksum 10a63f414a81bf66f3f3b03e6eda858a}}}
Info:    _SIS_CLIENT_RESULT_END
Info:    __recordTaskStats__ ND2D1 delay__A1__hl__ZN__lh__ACQ_1 0.22 0.01 1.49 0.23 1 11.839892149 ieng6-249.ucsd.edu 1582327178.65 1582327190.49
Info:    Loading information for cell ND2D4... (SMSC-60)
Info:    Current directory '/home/linux/ieng6/ee260bwi20/haz023/lab5/run_siliconsmart/LIB_FF_1.1_-40_ALL' (SIM-68)
Info:    Working in directory '/home/linux/ieng6/ee260bwi20/haz023/lab5/run_siliconsmart/LIB_FF_1.1_-40_ALL/temp/siliconsmart.ieng6-249.53689.5326/leakage_power__ACQ_1.sif_0' (SIM-69)
Info:    Executing 'hspice deck.cir -o deck' (SIM-30)
Warning: return code 0 (hspice: No such file or directory)
Info:    Simulation leakage_power__ACQ_1.sif for cell ND2D4 completed successfully. (SMSC-103)
Info:    IO Retry 0
Info:    set _SIS_CLIENT_RESULT_ {{ND2D4 leakage_power__ACQ_1 {sifTS 0.0 sifName /home/linux/ieng6/ee260bwi20/haz023/lab5/run_siliconsmart/LIB_FF_1.1_-40_ALL/temp/siliconsmart.ieng6-249.53689.5326/leakage_power__ACQ_1.sif eadCksum 6901f79354863ecf1c4d31b922641690 simulationCount 1 exportVars {} errorList {} sofName /home/linux/ieng6/ee260bwi20/haz023/lab5/run_siliconsmart/LIB_FF_1.1_-40_ALL/temp/siliconsmart.ieng6-249.53689.5326/leakage_power__ACQ_1.sof eadTS 0.0 eadName /home/linux/ieng6/ee260bwi20/haz023/lab5/run_siliconsmart/LIB_FF_1.1_-40_ALL/temp/siliconsmart.ieng6-249.53689.5326/leakage_power__ACQ_1.ead enableCache 0 status done depFiles /home/linux/ieng6/ee260bwi20/haz023/lab5/run_siliconsmart/LIB_FF_1.1_-40_ALL/netlists/ND2D4.cdl sifCksum 529e1e0789346973b2ba09265bdb1d17}}}
Info:    _SIS_CLIENT_RESULT_END
Info:    __recordTaskStats__ ND2D4 leakage_power__ACQ_1 0.11 0.03 0.35 0.17 1 5.38622713089 ieng6-249.ucsd.edu 1582327190.51 1582327195.89
Info:    Loading information for cell ND2D8... (SMSC-60)
Info:    Current directory '/home/linux/ieng6/ee260bwi20/haz023/lab5/run_siliconsmart/LIB_FF_1.1_-40_ALL' (SIM-68)
Info:    Working in directory '/home/linux/ieng6/ee260bwi20/haz023/lab5/run_siliconsmart/LIB_FF_1.1_-40_ALL/temp/siliconsmart.ieng6-249.53689.5326/delay__A1__lh__ZN__hl__ACQ_1.sif_0' (SIM-69)
Info:    Executing 'hspice deck.cir -o deck' (SIM-30)
Warning: return code 0 (hspice: No such file or directory)
Info:    Simulation delay__A1__lh__ZN__hl__ACQ_1.sif for cell ND2D8 completed successfully. (SMSC-103)
Info:    IO Retry 0
Info:    set _SIS_CLIENT_RESULT_ {{ND2D8 delay__A1__lh__ZN__hl__ACQ_1 {sifTS 0.0 sifName /home/linux/ieng6/ee260bwi20/haz023/lab5/run_siliconsmart/LIB_FF_1.1_-40_ALL/temp/siliconsmart.ieng6-249.53689.5326/delay__A1__lh__ZN__hl__ACQ_1.sif eadCksum 15e3f61ac2d233be092eea3734c6dc82 simulationCount 1 exportVars {} errorList {} sofName /home/linux/ieng6/ee260bwi20/haz023/lab5/run_siliconsmart/LIB_FF_1.1_-40_ALL/temp/siliconsmart.ieng6-249.53689.5326/delay__A1__lh__ZN__hl__ACQ_1.sof eadTS 0.0 eadName /home/linux/ieng6/ee260bwi20/haz023/lab5/run_siliconsmart/LIB_FF_1.1_-40_ALL/temp/siliconsmart.ieng6-249.53689.5326/delay__A1__lh__ZN__hl__ACQ_1.ead enableCache 0 status done depFiles /home/linux/ieng6/ee260bwi20/haz023/lab5/run_siliconsmart/LIB_FF_1.1_-40_ALL/netlists/ND2D8.cdl sifCksum 32987ded09858c85347bf43197fbfb69}}}
Info:    _SIS_CLIENT_RESULT_END
Info:    __recordTaskStats__ ND2D8 delay__A1__lh__ZN__hl__ACQ_1 1.45 0.26 7.05 1.1 1 178.210456848 ieng6-249.ucsd.edu 1582327195.9 1582327374.11
Info:    Loading information for cell OR2D0... (SMSC-60)
Info:    Current directory '/home/linux/ieng6/ee260bwi20/haz023/lab5/run_siliconsmart/LIB_FF_1.1_-40_ALL' (SIM-68)
Info:    Working in directory '/home/linux/ieng6/ee260bwi20/haz023/lab5/run_siliconsmart/LIB_FF_1.1_-40_ALL/temp/siliconsmart.ieng6-249.53689.5326/delay__A1__hl__Z__hl__ACQ_1.sif_0' (SIM-69)
Info:    Executing 'hspice deck.cir -o deck' (SIM-30)
Warning: return code 0 (hspice: No such file or directory)
Info:    Simulation delay__A1__hl__Z__hl__ACQ_1.sif for cell OR2D0 completed successfully. (SMSC-103)
Info:    IO Retry 0
Info:    set _SIS_CLIENT_RESULT_ {{OR2D0 delay__A1__hl__Z__hl__ACQ_1 {sifTS 0.0 sifName /home/linux/ieng6/ee260bwi20/haz023/lab5/run_siliconsmart/LIB_FF_1.1_-40_ALL/temp/siliconsmart.ieng6-249.53689.5326/delay__A1__hl__Z__hl__ACQ_1.sif eadCksum 12da3f9df936464d4b38866790c3e81d simulationCount 1 exportVars {} errorList {} sofName /home/linux/ieng6/ee260bwi20/haz023/lab5/run_siliconsmart/LIB_FF_1.1_-40_ALL/temp/siliconsmart.ieng6-249.53689.5326/delay__A1__hl__Z__hl__ACQ_1.sof eadTS 0.0 eadName /home/linux/ieng6/ee260bwi20/haz023/lab5/run_siliconsmart/LIB_FF_1.1_-40_ALL/temp/siliconsmart.ieng6-249.53689.5326/delay__A1__hl__Z__hl__ACQ_1.ead enableCache 0 status done depFiles /home/linux/ieng6/ee260bwi20/haz023/lab5/run_siliconsmart/LIB_FF_1.1_-40_ALL/netlists/OR2D0.cdl sifCksum 9dc888d7e13cc5dc79c6bf0fe7a276be}}}
Info:    _SIS_CLIENT_RESULT_END
Info:    __recordTaskStats__ OR2D0 delay__A1__hl__Z__hl__ACQ_1 0.17 0.01 1.49 0.17 1 12.1343510151 ieng6-249.ucsd.edu 1582327374.11 1582327386.24
Info:    Loading information for cell OR2D4... (SMSC-60)
Info:    Current directory '/home/linux/ieng6/ee260bwi20/haz023/lab5/run_siliconsmart/LIB_FF_1.1_-40_ALL' (SIM-68)
Info:    Working in directory '/home/linux/ieng6/ee260bwi20/haz023/lab5/run_siliconsmart/LIB_FF_1.1_-40_ALL/temp/siliconsmart.ieng6-249.53689.5326/delay__A2__hl__Z__hl__ACQ_1.sif_0' (SIM-69)
Info:    Executing 'hspice deck.cir -o deck' (SIM-30)
Warning: return code 0 (hspice: No such file or directory)
Info:    Simulation delay__A2__hl__Z__hl__ACQ_1.sif for cell OR2D4 completed successfully. (SMSC-103)
Info:    IO Retry 0
Info:    set _SIS_CLIENT_RESULT_ {{OR2D4 delay__A2__hl__Z__hl__ACQ_1 {sifTS 0.0 sifName /home/linux/ieng6/ee260bwi20/haz023/lab5/run_siliconsmart/LIB_FF_1.1_-40_ALL/temp/siliconsmart.ieng6-249.53689.5326/delay__A2__hl__Z__hl__ACQ_1.sif eadCksum 88415f69ccc2d838ee7f76004767d3e6 simulationCount 1 exportVars {} errorList {} sofName /home/linux/ieng6/ee260bwi20/haz023/lab5/run_siliconsmart/LIB_FF_1.1_-40_ALL/temp/siliconsmart.ieng6-249.53689.5326/delay__A2__hl__Z__hl__ACQ_1.sof eadTS 0.0 eadName /home/linux/ieng6/ee260bwi20/haz023/lab5/run_siliconsmart/LIB_FF_1.1_-40_ALL/temp/siliconsmart.ieng6-249.53689.5326/delay__A2__hl__Z__hl__ACQ_1.ead enableCache 0 status done depFiles /home/linux/ieng6/ee260bwi20/haz023/lab5/run_siliconsmart/LIB_FF_1.1_-40_ALL/netlists/OR2D4.cdl sifCksum 0df8039398e4d6d2a0061741c5970682}}}
Info:    _SIS_CLIENT_RESULT_END
Info:    __recordTaskStats__ OR2D4 delay__A2__hl__Z__hl__ACQ_1 0.17 0.0 2.47 0.2 1 22.0378739834 ieng6-249.ucsd.edu 1582327386.25 1582327408.28
Info:    Loading information for cell XNR2D2... (SMSC-60)
Info:    Current directory '/home/linux/ieng6/ee260bwi20/haz023/lab5/run_siliconsmart/LIB_FF_1.1_-40_ALL' (SIM-68)
Info:    Working in directory '/home/linux/ieng6/ee260bwi20/haz023/lab5/run_siliconsmart/LIB_FF_1.1_-40_ALL/temp/siliconsmart.ieng6-249.53689.5326/delay__A1__hl__ZN__hl__ACQ_1.sif_0' (SIM-69)
Info:    Executing 'hspice deck.cir -o deck' (SIM-30)
Warning: return code 0 (hspice: No such file or directory)
Info:    Simulation delay__A1__hl__ZN__hl__ACQ_1.sif for cell XNR2D2 completed successfully. (SMSC-103)
Info:    IO Retry 0
Info:    set _SIS_CLIENT_RESULT_ {{XNR2D2 delay__A1__hl__ZN__hl__ACQ_1 {sifTS 0.0 sifName /home/linux/ieng6/ee260bwi20/haz023/lab5/run_siliconsmart/LIB_FF_1.1_-40_ALL/temp/siliconsmart.ieng6-249.53689.5326/delay__A1__hl__ZN__hl__ACQ_1.sif eadCksum 1244bcbf8a1334b514eaf86f2685f3d0 simulationCount 1 exportVars {} errorList {} sofName /home/linux/ieng6/ee260bwi20/haz023/lab5/run_siliconsmart/LIB_FF_1.1_-40_ALL/temp/siliconsmart.ieng6-249.53689.5326/delay__A1__hl__ZN__hl__ACQ_1.sof eadTS 0.0 eadName /home/linux/ieng6/ee260bwi20/haz023/lab5/run_siliconsmart/LIB_FF_1.1_-40_ALL/temp/siliconsmart.ieng6-249.53689.5326/delay__A1__hl__ZN__hl__ACQ_1.ead enableCache 0 status done depFiles /home/linux/ieng6/ee260bwi20/haz023/lab5/run_siliconsmart/LIB_FF_1.1_-40_ALL/netlists/XNR2D2.cdl sifCksum 1c7389a0fd4597d569543061294f79ca}}}
Info:    _SIS_CLIENT_RESULT_END
Info:    __recordTaskStats__ XNR2D2 delay__A1__hl__ZN__hl__ACQ_1 0.16 0.01 2.08 0.19 1 17.5739119053 ieng6-249.ucsd.edu 1582327408.3 1582327425.87
Info:    Loading information for cell XOR2D2... (SMSC-60)
Info:    Current directory '/home/linux/ieng6/ee260bwi20/haz023/lab5/run_siliconsmart/LIB_FF_1.1_-40_ALL' (SIM-68)
Info:    Working in directory '/home/linux/ieng6/ee260bwi20/haz023/lab5/run_siliconsmart/LIB_FF_1.1_-40_ALL/temp/siliconsmart.ieng6-249.53689.5326/delay__A1__lh__Z__lh__ACQ_1.sif_0' (SIM-69)
Info:    Executing 'hspice deck.cir -o deck' (SIM-30)
Warning: return code 0 (hspice: No such file or directory)
Info:    Simulation delay__A1__lh__Z__lh__ACQ_1.sif for cell XOR2D2 completed successfully. (SMSC-103)
Info:    IO Retry 0
Info:    set _SIS_CLIENT_RESULT_ {{XOR2D2 delay__A1__lh__Z__lh__ACQ_1 {sifTS 0.0 sifName /home/linux/ieng6/ee260bwi20/haz023/lab5/run_siliconsmart/LIB_FF_1.1_-40_ALL/temp/siliconsmart.ieng6-249.53689.5326/delay__A1__lh__Z__lh__ACQ_1.sif eadCksum 7ec673aef950ddb1ba75aedd633e6578 simulationCount 1 exportVars {} errorList {} sofName /home/linux/ieng6/ee260bwi20/haz023/lab5/run_siliconsmart/LIB_FF_1.1_-40_ALL/temp/siliconsmart.ieng6-249.53689.5326/delay__A1__lh__Z__lh__ACQ_1.sof eadTS 0.0 eadName /home/linux/ieng6/ee260bwi20/haz023/lab5/run_siliconsmart/LIB_FF_1.1_-40_ALL/temp/siliconsmart.ieng6-249.53689.5326/delay__A1__lh__Z__lh__ACQ_1.ead enableCache 0 status done depFiles /home/linux/ieng6/ee260bwi20/haz023/lab5/run_siliconsmart/LIB_FF_1.1_-40_ALL/netlists/XOR2D2.cdl sifCksum b0653bb36cdd243839fcf41ebb30ff0a}}}
Info:    _SIS_CLIENT_RESULT_END
Info:    __recordTaskStats__ XOR2D2 delay__A1__lh__Z__lh__ACQ_1 0.15 0.02 2.12 0.15 1 16.2098920345 ieng6-249.ucsd.edu 1582327425.88 1582327442.09
Info:    Loading information for cell BUFFD3... (SMSC-60)
Info:    Current directory '/home/linux/ieng6/ee260bwi20/haz023/lab5/run_siliconsmart/LIB_FF_1.1_-40_ALL' (SIM-68)
Info:    Working in directory '/home/linux/ieng6/ee260bwi20/haz023/lab5/run_siliconsmart/LIB_FF_1.1_-40_ALL/temp/siliconsmart.ieng6-249.53689.5326/delay__I__hl__Z__hl__ACQ_1.sif_0' (SIM-69)
Info:    Executing 'hspice deck.cir -o deck' (SIM-30)
Warning: return code 0 (hspice: No such file or directory)
Info:    Simulation delay__I__hl__Z__hl__ACQ_1.sif for cell BUFFD3 completed successfully. (SMSC-103)
Info:    IO Retry 0
Info:    set _SIS_CLIENT_RESULT_ {{BUFFD3 delay__I__hl__Z__hl__ACQ_1 {sifTS 0.0 sifName /home/linux/ieng6/ee260bwi20/haz023/lab5/run_siliconsmart/LIB_FF_1.1_-40_ALL/temp/siliconsmart.ieng6-249.53689.5326/delay__I__hl__Z__hl__ACQ_1.sif eadCksum 09341065b6c5ecf5491d5e893e02a1d9 simulationCount 1 exportVars {} errorList {} sofName /home/linux/ieng6/ee260bwi20/haz023/lab5/run_siliconsmart/LIB_FF_1.1_-40_ALL/temp/siliconsmart.ieng6-249.53689.5326/delay__I__hl__Z__hl__ACQ_1.sof eadTS 0.0 eadName /home/linux/ieng6/ee260bwi20/haz023/lab5/run_siliconsmart/LIB_FF_1.1_-40_ALL/temp/siliconsmart.ieng6-249.53689.5326/delay__I__hl__Z__hl__ACQ_1.ead enableCache 0 status done depFiles /home/linux/ieng6/ee260bwi20/haz023/lab5/run_siliconsmart/LIB_FF_1.1_-40_ALL/netlists/BUFFD3.cdl sifCksum 74df8b1004dffeb20fca20f50994b852}}}
Info:    _SIS_CLIENT_RESULT_END
Info:    __recordTaskStats__ BUFFD3 delay__I__hl__Z__hl__ACQ_1 0.13 0.01 1.54 0.18 1 12.2430541515 ieng6-249.ucsd.edu 1582327442.09 1582327454.34
Info:    Loading information for cell INVD2... (SMSC-60)
Info:    Current directory '/home/linux/ieng6/ee260bwi20/haz023/lab5/run_siliconsmart/LIB_FF_1.1_-40_ALL' (SIM-68)
Info:    Working in directory '/home/linux/ieng6/ee260bwi20/haz023/lab5/run_siliconsmart/LIB_FF_1.1_-40_ALL/temp/siliconsmart.ieng6-249.53689.5326/delay__I__hl__ZN__lh__ACQ_1.sif_0' (SIM-69)
Info:    Executing 'hspice deck.cir -o deck' (SIM-30)
Warning: return code 0 (hspice: No such file or directory)
Info:    Simulation delay__I__hl__ZN__lh__ACQ_1.sif for cell INVD2 completed successfully. (SMSC-103)
Info:    IO Retry 0
Info:    set _SIS_CLIENT_RESULT_ {{INVD2 delay__I__hl__ZN__lh__ACQ_1 {sifTS 0.0 sifName /home/linux/ieng6/ee260bwi20/haz023/lab5/run_siliconsmart/LIB_FF_1.1_-40_ALL/temp/siliconsmart.ieng6-249.53689.5326/delay__I__hl__ZN__lh__ACQ_1.sif eadCksum 7684ac393eec37142ec35223e46c64e4 simulationCount 1 exportVars {} errorList {} sofName /home/linux/ieng6/ee260bwi20/haz023/lab5/run_siliconsmart/LIB_FF_1.1_-40_ALL/temp/siliconsmart.ieng6-249.53689.5326/delay__I__hl__ZN__lh__ACQ_1.sof eadTS 0.0 eadName /home/linux/ieng6/ee260bwi20/haz023/lab5/run_siliconsmart/LIB_FF_1.1_-40_ALL/temp/siliconsmart.ieng6-249.53689.5326/delay__I__hl__ZN__lh__ACQ_1.ead enableCache 0 status done depFiles /home/linux/ieng6/ee260bwi20/haz023/lab5/run_siliconsmart/LIB_FF_1.1_-40_ALL/netlists/INVD2.cdl sifCksum 9e8b0ac44f71b31627a5298dfa1e5b01}}}
Info:    _SIS_CLIENT_RESULT_END
Info:    __recordTaskStats__ INVD2 delay__I__hl__ZN__lh__ACQ_1 0.12 0.02 1.26 0.17 1 9.4758439064 ieng6-249.ucsd.edu 1582327454.34 1582327463.82
Info:    Loading information for cell INVD8... (SMSC-60)
Info:    Current directory '/home/linux/ieng6/ee260bwi20/haz023/lab5/run_siliconsmart/LIB_FF_1.1_-40_ALL' (SIM-68)
Info:    Working in directory '/home/linux/ieng6/ee260bwi20/haz023/lab5/run_siliconsmart/LIB_FF_1.1_-40_ALL/temp/siliconsmart.ieng6-249.53689.5326/delay__I__lh__ZN__hl__ACQ_1.sif_0' (SIM-69)
Info:    Executing 'hspice deck.cir -o deck' (SIM-30)
Warning: return code 0 (hspice: No such file or directory)
Info:    Simulation delay__I__lh__ZN__hl__ACQ_1.sif for cell INVD8 completed successfully. (SMSC-103)
Info:    IO Retry 0
Info:    set _SIS_CLIENT_RESULT_ {{INVD8 delay__I__lh__ZN__hl__ACQ_1 {sifTS 0.0 sifName /home/linux/ieng6/ee260bwi20/haz023/lab5/run_siliconsmart/LIB_FF_1.1_-40_ALL/temp/siliconsmart.ieng6-249.53689.5326/delay__I__lh__ZN__hl__ACQ_1.sif eadCksum f6829c6cce72f0244f53a15d098cb38c simulationCount 1 exportVars {} errorList {} sofName /home/linux/ieng6/ee260bwi20/haz023/lab5/run_siliconsmart/LIB_FF_1.1_-40_ALL/temp/siliconsmart.ieng6-249.53689.5326/delay__I__lh__ZN__hl__ACQ_1.sof eadTS 0.0 eadName /home/linux/ieng6/ee260bwi20/haz023/lab5/run_siliconsmart/LIB_FF_1.1_-40_ALL/temp/siliconsmart.ieng6-249.53689.5326/delay__I__lh__ZN__hl__ACQ_1.ead enableCache 0 status done depFiles /home/linux/ieng6/ee260bwi20/haz023/lab5/run_siliconsmart/LIB_FF_1.1_-40_ALL/netlists/INVD8.cdl sifCksum 6f6ebd586c5f2940ea14858c22843e01}}}
Info:    _SIS_CLIENT_RESULT_END
Info:    __recordTaskStats__ INVD8 delay__I__lh__ZN__hl__ACQ_1 0.16 0.0 1.88 0.16 1 8.23531603813 ieng6-249.ucsd.edu 1582327463.85 1582327472.08
Info:    The char directory is /home/linux/ieng6/ee260bwi20/haz023/lab5/run_siliconsmart/LIB_FF_1.1_-40_ALL
Warning: Operating condition 'FF_1.1_-40_ALL' already exists, skipped.
Info:    Initializing modeler.
Info:    Creating recharacterized libraries. 
Info:    Reading /home/linux/ieng6/ee260bwi20/haz023/lab5/run_siliconsmart/LIB_FF_1.1_-40_ALL/models/liberty/cellmodels/header.lib ...
Info:    Reading /home/linux/ieng6/ee260bwi20/haz023/lab5/run_siliconsmart/LIB_FF_1.1_-40_ALL/models/liberty/cellmodels/AN2D4.lib ...
Info:    Writing libraries ...
Info:    Creating Liberty file "/home/linux/ieng6/ee260bwi20/haz023/lab5/run_siliconsmart/LIB_FF_1.1_-40_ALL/models/liberty/cells/AN2D4_FF_1.1_-40_ALL.lib".
Info:    re-positioning normalized_driver_waveform (ndw_ntin_nvolt_7x13) after templates
Info:    __recordTaskStats__ AN2D4 modeling 1.43 0.0 0.01 0.07 1 11.0940580368 ieng6-249.ucsd.edu 1582327495.79 1582327506.89
Info:    set _SIS_CLIENT_RESULT_ {{AN2D4 modeling {status done exportVars {} errorList {} sifName {} sofName {} eadName {} depFiles {} tmpHeader {FF_1.1_-40_ALL /home/linux/ieng6/ee260bwi20/haz023/lab5/run_siliconsmart/LIB_FF_1.1_-40_ALL/runtime/modeling/merge/AN2D4_FF_1.1_-40_ALL.header} tmpBody {FF_1.1_-40_ALL_AN2D4 /home/linux/ieng6/ee260bwi20/haz023/lab5/run_siliconsmart/LIB_FF_1.1_-40_ALL/runtime/modeling/merge/AN2D4_FF_1.1_-40_ALL.body}}}}
Info:    _SIS_CLIENT_RESULT_END
Info:    Initializing modeler.
Info:    Creating recharacterized libraries. 
Info:    Reading /home/linux/ieng6/ee260bwi20/haz023/lab5/run_siliconsmart/LIB_FF_1.1_-40_ALL/models/liberty/cellmodels/header.lib ...
Info:    Reading /home/linux/ieng6/ee260bwi20/haz023/lab5/run_siliconsmart/LIB_FF_1.1_-40_ALL/models/liberty/cellmodels/OR2D4.lib ...
Info:    Writing libraries ...
Info:    Creating Liberty file "/home/linux/ieng6/ee260bwi20/haz023/lab5/run_siliconsmart/LIB_FF_1.1_-40_ALL/models/liberty/cells/OR2D4_FF_1.1_-40_ALL.lib".
Info:    __recordTaskStats__ OR2D4 modeling 1.48 0.0 0.02 0.05 1 11.2261049747 ieng6-249.ucsd.edu 1582327506.89 1582327518.12
Info:    set _SIS_CLIENT_RESULT_ {{OR2D4 modeling {status done exportVars {} errorList {} sifName {} sofName {} eadName {} depFiles {} tmpHeader {FF_1.1_-40_ALL /home/linux/ieng6/ee260bwi20/haz023/lab5/run_siliconsmart/LIB_FF_1.1_-40_ALL/runtime/modeling/merge/OR2D4_FF_1.1_-40_ALL.header} tmpBody {FF_1.1_-40_ALL_OR2D4 /home/linux/ieng6/ee260bwi20/haz023/lab5/run_siliconsmart/LIB_FF_1.1_-40_ALL/runtime/modeling/merge/OR2D4_FF_1.1_-40_ALL.body}}}}
Info:    _SIS_CLIENT_RESULT_END
Info:    Initializing modeler.
Info:    Creating recharacterized libraries. 
Info:    Reading /home/linux/ieng6/ee260bwi20/haz023/lab5/run_siliconsmart/LIB_FF_1.1_-40_ALL/models/liberty/cellmodels/header.lib ...
Info:    Reading /home/linux/ieng6/ee260bwi20/haz023/lab5/run_siliconsmart/LIB_FF_1.1_-40_ALL/models/liberty/cellmodels/INVD3.lib ...
Info:    Writing libraries ...
Info:    Creating Liberty file "/home/linux/ieng6/ee260bwi20/haz023/lab5/run_siliconsmart/LIB_FF_1.1_-40_ALL/models/liberty/cells/INVD3_FF_1.1_-40_ALL.lib".
Info:    __recordTaskStats__ INVD3 modeling 1.27 0.01 0.01 0.06 1 5.57059788704 ieng6-249.ucsd.edu 1582327518.13 1582327523.7
Info:    set _SIS_CLIENT_RESULT_ {{INVD3 modeling {status done exportVars {} errorList {} sifName {} sofName {} eadName {} depFiles {} tmpHeader {FF_1.1_-40_ALL /home/linux/ieng6/ee260bwi20/haz023/lab5/run_siliconsmart/LIB_FF_1.1_-40_ALL/runtime/modeling/merge/INVD3_FF_1.1_-40_ALL.header} tmpBody {FF_1.1_-40_ALL_INVD3 /home/linux/ieng6/ee260bwi20/haz023/lab5/run_siliconsmart/LIB_FF_1.1_-40_ALL/runtime/modeling/merge/INVD3_FF_1.1_-40_ALL.body}}}}
Info:    _SIS_CLIENT_RESULT_END
Info:    CDPL worker exited normally.
Info:    Maximum virtual memory size: 647.17MB
Info:    Switching log to /home/linux/ieng6/ee260bwi20/haz023/lab5/run_siliconsmart/LIB_FF_1.1_-40_ALL/runtime/cdpl/sis.W14.ieng6-249.ucsd.edu.5326.log at Fri Feb 21 15:25:29 2020
.
----------------------------------------------------------------------
----------------------------------------------------------------------
Info:    Switching log from /home/linux/ieng6/ee260bwi20/haz023/lab5/run_siliconsmart/LIB_FF_1.1_-40_ALL/temp/sis.haz023.5326.log at Fri Feb 21 15:25:29 2020
Info:    Log written by SiliconSmart version L-2016.06-SP1-2 on Fri Feb 21 15:25:29 2020
Info:    Build date: Dec 07, 2016 16:59:49
Info:    SiliconSmart Path: /acsnfs3/software/SiliconSmartAce-2016.06-SP1-2/linux64/bin/siliconsmart
Info:    Host Name: ieng6-249.ucsd.edu, User Name: haz023, PID: 5326
Info:    CPU: 4 x 2000 MHz, Intel(R) Xeon(R) CPU E5-2650 0 @ 2.00GHz (2 socket, 2 core)
Info:    Memory: 32 GB RAM, 2 GB Swap
Info:    Directory: /home/linux/ieng6/ee260bwi20/haz023/lab5/run_siliconsmart/LIB_FF_1.1_-40_ALL
Info:    Maximum virtual memory size: 647.17MB
Info:    Maximum virtual memory size: 647.168 MB
