----------------------------------------------------------------------
Info:    Log written by SiliconSmart version L-2016.06-SP1-2 on Fri Feb 21 15:13:41 2020
Info:    Build date: Dec 07, 2016 16:59:49
Info:    SiliconSmart Path: /acsnfs3/software/SiliconSmartAce-2016.06-SP1-2/linux64/bin/siliconsmart
Info:    Host Name: ieng6-249.ucsd.edu, User Name: haz023, PID: 5071
Info:    CPU: 4 x 2000 MHz, Intel(R) Xeon(R) CPU E5-2650 0 @ 2.00GHz (2 socket, 2 core)
Info:    Memory: 32 GB RAM, 2 GB Swap
Info:    Directory: /home/linux/ieng6/ee260bwi20/haz023/lab5/run_siliconsmart/LIB_FF_1.1_-40_ALL
Info:    Maximum virtual memory size: 586.71MB
Command-line: /acsnfs3/software/SiliconSmartAce-2016.06-SP1-2/linux64/bin/siliconsmart -server /home/linux/ieng6/ee260bwi20/haz023/lab5/run_siliconsmart/LIB_FF_1.1_-40_ALL/runtime/cdpl/driver_4461.tcl
Fri Feb 21 15:13:40 2020: Establishing connection to license server
The char directory is /home/linux/ieng6/ee260bwi20/haz023/lab5/run_siliconsmart/LIB_FF_1.1_-40_ALL
Warning: Operating condition 'FF_1.1_-40_ALL' already exists, skipped.
Info:    Reading instance file for cell AN2D4... (SMSC-23)
Info:    Generating timing tests.
Info:    Generating power tests.
Info:    Generating template at Fri Feb 21 15:13:42 2020 
Info:    Done generating template at Fri Feb 21 15:13:44 2020
Info:    Generate Templates: Maximum virtual memory size: 622.855 MB
Info:    Cell AN2D4 configured for characterization. (SMSC-24)
Info:    __recordTaskStats__ AN2D4 configure 0.45 0.03 0.0 0.0 1 3.42280697823 ieng6-249.ucsd.edu 1582326821.87 1582326825.29
Info:    set _SIS_CLIENT_RESULT_ {{AN2D4 configuration {status done exportVars {} errorList {} sifName {} sofName {} eadName {} depFiles {}}}}
Info:    _SIS_CLIENT_RESULT_END
Info:    Reading instance file for cell BUFFD12... (SMSC-23)
Info:    Generating timing tests.
Info:    Generating power tests.
Info:    Generating template at Fri Feb 21 15:13:45 2020 
Info:    Done generating template at Fri Feb 21 15:13:46 2020
Info:    Generate Templates: Maximum virtual memory size: 623.871 MB
Info:    Cell BUFFD12 configured for characterization. (SMSC-24)
Info:    __recordTaskStats__ BUFFD12 configure 0.16 0.0 0.0 0.0 1 0.949810028076 ieng6-249.ucsd.edu 1582326825.31 1582326826.26
Info:    set _SIS_CLIENT_RESULT_ {{BUFFD12 configuration {status done exportVars {} errorList {} sifName {} sofName {} eadName {} depFiles {}}}}
Info:    _SIS_CLIENT_RESULT_END
Info:    Reading instance file for cell BUFFD6... (SMSC-23)
Info:    Generating timing tests.
Info:    Generating power tests.
Info:    Generating template at Fri Feb 21 15:13:46 2020 
Info:    Done generating template at Fri Feb 21 15:13:46 2020
Info:    Generate Templates: Maximum virtual memory size: 623.871 MB
Info:    Cell BUFFD6 configured for characterization. (SMSC-24)
Info:    __recordTaskStats__ BUFFD6 configure 0.15 0.01 0.0 0.0 1 1.10885596275 ieng6-249.ucsd.edu 1582326826.26 1582326827.37
Info:    set _SIS_CLIENT_RESULT_ {{BUFFD6 configuration {status done exportVars {} errorList {} sifName {} sofName {} eadName {} depFiles {}}}}
Info:    _SIS_CLIENT_RESULT_END
Info:    Reading instance file for cell INVD24... (SMSC-23)
Info:    Generating timing tests.
Info:    Generating power tests.
Info:    Generating template at Fri Feb 21 15:13:47 2020 
Info:    Done generating template at Fri Feb 21 15:13:48 2020
Info:    Generate Templates: Maximum virtual memory size: 623.871 MB
Info:    Cell INVD24 configured for characterization. (SMSC-24)
Info:    __recordTaskStats__ INVD24 configure 0.15 0.0 0.0 0.0 1 1.1927781105 ieng6-249.ucsd.edu 1582326827.38 1582326828.57
Info:    set _SIS_CLIENT_RESULT_ {{INVD24 configuration {status done exportVars {} errorList {} sifName {} sofName {} eadName {} depFiles {}}}}
Info:    _SIS_CLIENT_RESULT_END
Info:    Reading instance file for cell ND2D2... (SMSC-23)
Info:    Generating timing tests.
Info:    Generating power tests.
Info:    Generating template at Fri Feb 21 15:13:48 2020 
Info:    Done generating template at Fri Feb 21 15:13:50 2020
Info:    Generate Templates: Maximum virtual memory size: 623.871 MB
Info:    Cell ND2D2 configured for characterization. (SMSC-24)
Info:    __recordTaskStats__ ND2D2 configure 0.39 0.0 0.0 0.0 1 2.56347489357 ieng6-249.ucsd.edu 1582326828.58 1582326831.14
Info:    set _SIS_CLIENT_RESULT_ {{ND2D2 configuration {status done exportVars {} errorList {} sifName {} sofName {} eadName {} depFiles {}}}}
Info:    _SIS_CLIENT_RESULT_END
Info:    Reading instance file for cell OR2D2... (SMSC-23)
Info:    Generating timing tests.
Info:    Generating power tests.
Info:    Generating template at Fri Feb 21 15:13:51 2020 
Info:    Done generating template at Fri Feb 21 15:13:53 2020
Info:    Generate Templates: Maximum virtual memory size: 625.191 MB
Info:    Cell OR2D2 configured for characterization. (SMSC-24)
Info:    __recordTaskStats__ OR2D2 configure 0.44 0.03 0.0 0.0 1 3.11568307877 ieng6-249.ucsd.edu 1582326831.14 1582326834.26
Info:    set _SIS_CLIENT_RESULT_ {{OR2D2 configuration {status done exportVars {} errorList {} sifName {} sofName {} eadName {} depFiles {}}}}
Info:    _SIS_CLIENT_RESULT_END
Info:    The char directory is /home/linux/ieng6/ee260bwi20/haz023/lab5/run_siliconsmart/LIB_FF_1.1_-40_ALL
Warning: Operating condition 'FF_1.1_-40_ALL' already exists, skipped.
Info:    The char directory is /home/linux/ieng6/ee260bwi20/haz023/lab5/run_siliconsmart/LIB_FF_1.1_-40_ALL
Warning: Operating condition 'FF_1.1_-40_ALL' already exists, skipped.
Info:    Loading information for cell DFCSNQD1... (SMSC-60)
Info:    Start Search.seeded_binary.opt_asynch_recovery on asynch_recovery (SIM-43)
Info:    Current directory '/home/linux/ieng6/ee260bwi20/haz023/lab5/run_siliconsmart/LIB_FF_1.1_-40_ALL' (SIM-68)
Info:    Working in directory '/home/linux/ieng6/ee260bwi20/haz023/lab5/run_siliconsmart/LIB_FF_1.1_-40_ALL/temp/siliconsmart.ieng6-249.53689.5071/asynch_recover__CDN__lh__SDN__lh__ACQ_1.sif_0' (SIM-69)
Info:    Executing 'hspice deck.cir -o deck' (SIM-30)
Warning: return code 0 (hspice: No such file or directory)
Info:    Current directory '/home/linux/ieng6/ee260bwi20/haz023/lab5/run_siliconsmart/LIB_FF_1.1_-40_ALL' (SIM-68)
Info:    Working in directory '/home/linux/ieng6/ee260bwi20/haz023/lab5/run_siliconsmart/LIB_FF_1.1_-40_ALL/temp/siliconsmart.ieng6-249.53689.5071/asynch_recover__CDN__lh__SDN__lh__ACQ_1.sif_1' (SIM-69)
Info:    Executing 'hspice deck.cir -o deck' (SIM-30)
Warning: return code 0 (hspice: No such file or directory)
Info:    Current directory '/home/linux/ieng6/ee260bwi20/haz023/lab5/run_siliconsmart/LIB_FF_1.1_-40_ALL' (SIM-68)
Info:    Working in directory '/home/linux/ieng6/ee260bwi20/haz023/lab5/run_siliconsmart/LIB_FF_1.1_-40_ALL/temp/siliconsmart.ieng6-249.53689.5071/asynch_recover__CDN__lh__SDN__lh__ACQ_1.sif_2' (SIM-69)
Info:    Executing 'hspice deck.cir -o deck' (SIM-30)
Warning: return code 0 (hspice: No such file or directory)
Info:    Current directory '/home/linux/ieng6/ee260bwi20/haz023/lab5/run_siliconsmart/LIB_FF_1.1_-40_ALL' (SIM-68)
Info:    Working in directory '/home/linux/ieng6/ee260bwi20/haz023/lab5/run_siliconsmart/LIB_FF_1.1_-40_ALL/temp/siliconsmart.ieng6-249.53689.5071/asynch_recover__CDN__lh__SDN__lh__ACQ_1.sif_3' (SIM-69)
Info:    Executing 'hspice deck.cir -o deck' (SIM-30)
Warning: return code 0 (hspice: No such file or directory)
Info:    Current directory '/home/linux/ieng6/ee260bwi20/haz023/lab5/run_siliconsmart/LIB_FF_1.1_-40_ALL' (SIM-68)
Info:    Working in directory '/home/linux/ieng6/ee260bwi20/haz023/lab5/run_siliconsmart/LIB_FF_1.1_-40_ALL/temp/siliconsmart.ieng6-249.53689.5071/asynch_recover__CDN__lh__SDN__lh__ACQ_1.sif_4' (SIM-69)
Info:    Executing 'hspice deck.cir -o deck' (SIM-30)
Warning: return code 0 (hspice: No such file or directory)
Info:    Current directory '/home/linux/ieng6/ee260bwi20/haz023/lab5/run_siliconsmart/LIB_FF_1.1_-40_ALL' (SIM-68)
Info:    Working in directory '/home/linux/ieng6/ee260bwi20/haz023/lab5/run_siliconsmart/LIB_FF_1.1_-40_ALL/temp/siliconsmart.ieng6-249.53689.5071/asynch_recover__CDN__lh__SDN__lh__ACQ_1.sif_5' (SIM-69)
Info:    Executing 'hspice deck.cir -o deck' (SIM-30)
Warning: return code 0 (hspice: No such file or directory)
Info:    Simulation asynch_recover__CDN__lh__SDN__lh__ACQ_1.sif for cell DFCSNQD1 completed successfully. (SMSC-103)
Info:    IO Retry 0
Info:    set _SIS_CLIENT_RESULT_ {{DFCSNQD1 asynch_recover__CDN__lh__SDN__lh__ACQ_1 {sifTS 0.0 sifName /home/linux/ieng6/ee260bwi20/haz023/lab5/run_siliconsmart/LIB_FF_1.1_-40_ALL/temp/siliconsmart.ieng6-249.53689.5071/asynch_recover__CDN__lh__SDN__lh__ACQ_1.sif eadCksum 99b5c66c9c1cc327f21724aa3ffb3158 simulationCount 6 exportVars {} errorList {} sofName /home/linux/ieng6/ee260bwi20/haz023/lab5/run_siliconsmart/LIB_FF_1.1_-40_ALL/temp/siliconsmart.ieng6-249.53689.5071/asynch_recover__CDN__lh__SDN__lh__ACQ_1.sof eadTS 0.0 eadName /home/linux/ieng6/ee260bwi20/haz023/lab5/run_siliconsmart/LIB_FF_1.1_-40_ALL/temp/siliconsmart.ieng6-249.53689.5071/asynch_recover__CDN__lh__SDN__lh__ACQ_1.ead enableCache 0 status done depFiles /home/linux/ieng6/ee260bwi20/haz023/lab5/run_siliconsmart/LIB_FF_1.1_-40_ALL/netlists/DFCSNQD1.cdl sifCksum b8628aa26b389ea8498cce69fd5b8e01}}}
Info:    _SIS_CLIENT_RESULT_END
Info:    __recordTaskStats__ DFCSNQD1 asynch_recover__CDN__lh__SDN__lh__ACQ_1 0.32 0.06 9.21 1.14 6 74.3025369644 ieng6-249.ucsd.edu 1582326861.85 1582326936.15
Info:    Loading information for cell DFCSNQD4... (SMSC-60)
Info:    Current directory '/home/linux/ieng6/ee260bwi20/haz023/lab5/run_siliconsmart/LIB_FF_1.1_-40_ALL' (SIM-68)
Info:    Working in directory '/home/linux/ieng6/ee260bwi20/haz023/lab5/run_siliconsmart/LIB_FF_1.1_-40_ALL/temp/siliconsmart.ieng6-249.53689.5071/delay__SDN__hl__Q__lh__ACQ_1.sif_0' (SIM-69)
Info:    Executing 'hspice deck.cir -o deck' (SIM-30)
Warning: return code 0 (hspice: No such file or directory)
Info:    Simulation delay__SDN__hl__Q__lh__ACQ_1.sif for cell DFCSNQD4 completed successfully. (SMSC-103)
Info:    IO Retry 0
Info:    set _SIS_CLIENT_RESULT_ {{DFCSNQD4 delay__SDN__hl__Q__lh__ACQ_1 {sifTS 0.0 sifName /home/linux/ieng6/ee260bwi20/haz023/lab5/run_siliconsmart/LIB_FF_1.1_-40_ALL/temp/siliconsmart.ieng6-249.53689.5071/delay__SDN__hl__Q__lh__ACQ_1.sif eadCksum e9f1e81316d2a7371523f7e1cc5ea688 simulationCount 1 exportVars {} errorList {} sofName /home/linux/ieng6/ee260bwi20/haz023/lab5/run_siliconsmart/LIB_FF_1.1_-40_ALL/temp/siliconsmart.ieng6-249.53689.5071/delay__SDN__hl__Q__lh__ACQ_1.sof eadTS 0.0 eadName /home/linux/ieng6/ee260bwi20/haz023/lab5/run_siliconsmart/LIB_FF_1.1_-40_ALL/temp/siliconsmart.ieng6-249.53689.5071/delay__SDN__hl__Q__lh__ACQ_1.ead enableCache 0 status done depFiles /home/linux/ieng6/ee260bwi20/haz023/lab5/run_siliconsmart/LIB_FF_1.1_-40_ALL/netlists/DFCSNQD4.cdl sifCksum 1b2653609cfa58d608687239db18ab86}}}
Info:    _SIS_CLIENT_RESULT_END
Info:    __recordTaskStats__ DFCSNQD4 delay__SDN__hl__Q__lh__ACQ_1 0.3 0.02 5.97 0.28 1 54.916738987 ieng6-249.ucsd.edu 1582326936.17 1582326991.09
Info:    Loading information for cell LHQD2... (SMSC-60)
Info:    Current directory '/home/linux/ieng6/ee260bwi20/haz023/lab5/run_siliconsmart/LIB_FF_1.1_-40_ALL' (SIM-68)
Info:    Working in directory '/home/linux/ieng6/ee260bwi20/haz023/lab5/run_siliconsmart/LIB_FF_1.1_-40_ALL/temp/siliconsmart.ieng6-249.53689.5071/Cin__D__lh__ACQ_1.sif_0' (SIM-69)
Info:    Executing 'hspice deck.cir -o deck' (SIM-30)
Warning: return code 0 (hspice: No such file or directory)
Info:    Simulation Cin__D__lh__ACQ_1.sif for cell LHQD2 completed successfully. (SMSC-103)
Info:    IO Retry 0
Info:    set _SIS_CLIENT_RESULT_ {{LHQD2 Cin__D__lh__ACQ_1 {sifTS 0.0 sifName /home/linux/ieng6/ee260bwi20/haz023/lab5/run_siliconsmart/LIB_FF_1.1_-40_ALL/temp/siliconsmart.ieng6-249.53689.5071/Cin__D__lh__ACQ_1.sif eadCksum 53b0fbad76982e2ff54cc726bee6c440 simulationCount 1 exportVars {} errorList {} sofName /home/linux/ieng6/ee260bwi20/haz023/lab5/run_siliconsmart/LIB_FF_1.1_-40_ALL/temp/siliconsmart.ieng6-249.53689.5071/Cin__D__lh__ACQ_1.sof eadTS 0.0 eadName /home/linux/ieng6/ee260bwi20/haz023/lab5/run_siliconsmart/LIB_FF_1.1_-40_ALL/temp/siliconsmart.ieng6-249.53689.5071/Cin__D__lh__ACQ_1.ead enableCache 0 status done depFiles /home/linux/ieng6/ee260bwi20/haz023/lab5/run_siliconsmart/LIB_FF_1.1_-40_ALL/netlists/LHQD2.cdl sifCksum 4b654d442a0b356b66c7a2918bf4cf18}}}
Info:    _SIS_CLIENT_RESULT_END
Info:    __recordTaskStats__ LHQD2 Cin__D__lh__ACQ_1 0.11 0.02 1.1 0.16 1 8.35662102699 ieng6-249.ucsd.edu 1582326991.09 1582326999.44
Info:    Loading information for cell LHQD2... (SMSC-60)
Info:    Current directory '/home/linux/ieng6/ee260bwi20/haz023/lab5/run_siliconsmart/LIB_FF_1.1_-40_ALL' (SIM-68)
Info:    Working in directory '/home/linux/ieng6/ee260bwi20/haz023/lab5/run_siliconsmart/LIB_FF_1.1_-40_ALL/temp/siliconsmart.ieng6-249.53689.5071/Cin__D__hl__ACQ_1.sif_0' (SIM-69)
Info:    Executing 'hspice deck.cir -o deck' (SIM-30)
Warning: return code 0 (hspice: No such file or directory)
Info:    Simulation Cin__D__hl__ACQ_1.sif for cell LHQD2 completed successfully. (SMSC-103)
Info:    IO Retry 0
Info:    set _SIS_CLIENT_RESULT_ {{LHQD2 Cin__D__hl__ACQ_1 {sifTS 0.0 sifName /home/linux/ieng6/ee260bwi20/haz023/lab5/run_siliconsmart/LIB_FF_1.1_-40_ALL/temp/siliconsmart.ieng6-249.53689.5071/Cin__D__hl__ACQ_1.sif eadCksum 40f8d214f99ed697eacab0e74476a081 simulationCount 1 exportVars {} errorList {} sofName /home/linux/ieng6/ee260bwi20/haz023/lab5/run_siliconsmart/LIB_FF_1.1_-40_ALL/temp/siliconsmart.ieng6-249.53689.5071/Cin__D__hl__ACQ_1.sof eadTS 0.0 eadName /home/linux/ieng6/ee260bwi20/haz023/lab5/run_siliconsmart/LIB_FF_1.1_-40_ALL/temp/siliconsmart.ieng6-249.53689.5071/Cin__D__hl__ACQ_1.ead enableCache 0 status done depFiles /home/linux/ieng6/ee260bwi20/haz023/lab5/run_siliconsmart/LIB_FF_1.1_-40_ALL/netlists/LHQD2.cdl sifCksum 67678a20ae150aba8d7d25a202f48b93}}}
Info:    _SIS_CLIENT_RESULT_END
Info:    __recordTaskStats__ LHQD2 Cin__D__hl__ACQ_1 0.1 0.02 1.18 0.16 1 8.45903682709 ieng6-249.ucsd.edu 1582326999.45 1582327007.9
Info:    Loading information for cell LHQD2... (SMSC-60)
Info:    Current directory '/home/linux/ieng6/ee260bwi20/haz023/lab5/run_siliconsmart/LIB_FF_1.1_-40_ALL' (SIM-68)
Info:    Working in directory '/home/linux/ieng6/ee260bwi20/haz023/lab5/run_siliconsmart/LIB_FF_1.1_-40_ALL/temp/siliconsmart.ieng6-249.53689.5071/delay__D__lh__Q__lh__ACQ_1.sif_0' (SIM-69)
Info:    Executing 'hspice deck.cir -o deck' (SIM-30)
Warning: return code 0 (hspice: No such file or directory)
Info:    Simulation delay__D__lh__Q__lh__ACQ_1.sif for cell LHQD2 completed successfully. (SMSC-103)
Info:    IO Retry 0
Info:    set _SIS_CLIENT_RESULT_ {{LHQD2 delay__D__lh__Q__lh__ACQ_1 {sifTS 0.0 sifName /home/linux/ieng6/ee260bwi20/haz023/lab5/run_siliconsmart/LIB_FF_1.1_-40_ALL/temp/siliconsmart.ieng6-249.53689.5071/delay__D__lh__Q__lh__ACQ_1.sif eadCksum 15b8f5dc1a69b20fb6ad4a719016a33c simulationCount 1 exportVars {} errorList {} sofName /home/linux/ieng6/ee260bwi20/haz023/lab5/run_siliconsmart/LIB_FF_1.1_-40_ALL/temp/siliconsmart.ieng6-249.53689.5071/delay__D__lh__Q__lh__ACQ_1.sof eadTS 0.0 eadName /home/linux/ieng6/ee260bwi20/haz023/lab5/run_siliconsmart/LIB_FF_1.1_-40_ALL/temp/siliconsmart.ieng6-249.53689.5071/delay__D__lh__Q__lh__ACQ_1.ead enableCache 0 status done depFiles /home/linux/ieng6/ee260bwi20/haz023/lab5/run_siliconsmart/LIB_FF_1.1_-40_ALL/netlists/LHQD2.cdl sifCksum eae9eec9009ce2c4d6b42066aee9776e}}}
Info:    _SIS_CLIENT_RESULT_END
Info:    __recordTaskStats__ LHQD2 delay__D__lh__Q__lh__ACQ_1 0.15 0.01 2.99 0.28 1 28.1158480644 ieng6-249.ucsd.edu 1582327007.91 1582327036.02
Info:    Loading information for cell AOI21D1... (SMSC-60)
Info:    Current directory '/home/linux/ieng6/ee260bwi20/haz023/lab5/run_siliconsmart/LIB_FF_1.1_-40_ALL' (SIM-68)
Info:    Working in directory '/home/linux/ieng6/ee260bwi20/haz023/lab5/run_siliconsmart/LIB_FF_1.1_-40_ALL/temp/siliconsmart.ieng6-249.53689.5071/Cin__B__lh__ACQ_1.sif_0' (SIM-69)
Info:    Executing 'hspice deck.cir -o deck' (SIM-30)
Warning: return code 0 (hspice: No such file or directory)
Info:    Simulation Cin__B__lh__ACQ_1.sif for cell AOI21D1 completed successfully. (SMSC-103)
Info:    IO Retry 0
Info:    set _SIS_CLIENT_RESULT_ {{AOI21D1 Cin__B__lh__ACQ_1 {sifTS 0.0 sifName /home/linux/ieng6/ee260bwi20/haz023/lab5/run_siliconsmart/LIB_FF_1.1_-40_ALL/temp/siliconsmart.ieng6-249.53689.5071/Cin__B__lh__ACQ_1.sif eadCksum 5f5c4beb69e32474d30b924a304400fc simulationCount 1 exportVars {} errorList {} sofName /home/linux/ieng6/ee260bwi20/haz023/lab5/run_siliconsmart/LIB_FF_1.1_-40_ALL/temp/siliconsmart.ieng6-249.53689.5071/Cin__B__lh__ACQ_1.sof eadTS 0.0 eadName /home/linux/ieng6/ee260bwi20/haz023/lab5/run_siliconsmart/LIB_FF_1.1_-40_ALL/temp/siliconsmart.ieng6-249.53689.5071/Cin__B__lh__ACQ_1.ead enableCache 0 status done depFiles /home/linux/ieng6/ee260bwi20/haz023/lab5/run_siliconsmart/LIB_FF_1.1_-40_ALL/netlists/AOI21D1.cdl sifCksum c36056c4b992b374f8c9b1b9c2dcc47c}}}
Info:    _SIS_CLIENT_RESULT_END
Info:    __recordTaskStats__ AOI21D1 Cin__B__lh__ACQ_1 0.11 0.02 0.49 0.13 1 5.12000799179 ieng6-249.ucsd.edu 1582327036.05 1582327041.17
Info:    Loading information for cell AOI21D1... (SMSC-60)
Info:    Current directory '/home/linux/ieng6/ee260bwi20/haz023/lab5/run_siliconsmart/LIB_FF_1.1_-40_ALL' (SIM-68)
Info:    Working in directory '/home/linux/ieng6/ee260bwi20/haz023/lab5/run_siliconsmart/LIB_FF_1.1_-40_ALL/temp/siliconsmart.ieng6-249.53689.5071/delay__A2__hl__ZN__lh__ACQ_1.sif_0' (SIM-69)
Info:    Executing 'hspice deck.cir -o deck' (SIM-30)
Warning: return code 0 (hspice: No such file or directory)
Info:    Simulation delay__A2__hl__ZN__lh__ACQ_1.sif for cell AOI21D1 completed successfully. (SMSC-103)
Info:    IO Retry 0
Info:    set _SIS_CLIENT_RESULT_ {{AOI21D1 delay__A2__hl__ZN__lh__ACQ_1 {sifTS 0.0 sifName /home/linux/ieng6/ee260bwi20/haz023/lab5/run_siliconsmart/LIB_FF_1.1_-40_ALL/temp/siliconsmart.ieng6-249.53689.5071/delay__A2__hl__ZN__lh__ACQ_1.sif eadCksum c01653e13bc81cbb69661bdc47e9db41 simulationCount 1 exportVars {} errorList {} sofName /home/linux/ieng6/ee260bwi20/haz023/lab5/run_siliconsmart/LIB_FF_1.1_-40_ALL/temp/siliconsmart.ieng6-249.53689.5071/delay__A2__hl__ZN__lh__ACQ_1.sof eadTS 0.0 eadName /home/linux/ieng6/ee260bwi20/haz023/lab5/run_siliconsmart/LIB_FF_1.1_-40_ALL/temp/siliconsmart.ieng6-249.53689.5071/delay__A2__hl__ZN__lh__ACQ_1.ead enableCache 0 status done depFiles /home/linux/ieng6/ee260bwi20/haz023/lab5/run_siliconsmart/LIB_FF_1.1_-40_ALL/netlists/AOI21D1.cdl sifCksum 20047f05f35824f967a0776fa7a30f65}}}
Info:    _SIS_CLIENT_RESULT_END
Info:    __recordTaskStats__ AOI21D1 delay__A2__hl__ZN__lh__ACQ_1 0.17 0.01 1.75 0.23 1 15.2991349697 ieng6-249.ucsd.edu 1582327041.17 1582327056.47
Info:    Loading information for cell AOI21D4... (SMSC-60)
Info:    Current directory '/home/linux/ieng6/ee260bwi20/haz023/lab5/run_siliconsmart/LIB_FF_1.1_-40_ALL' (SIM-68)
Info:    Working in directory '/home/linux/ieng6/ee260bwi20/haz023/lab5/run_siliconsmart/LIB_FF_1.1_-40_ALL/temp/siliconsmart.ieng6-249.53689.5071/leakage_power__ACQ_1.sif_0' (SIM-69)
Info:    Executing 'hspice deck.cir -o deck' (SIM-30)
Warning: return code 0 (hspice: No such file or directory)
Info:    Simulation leakage_power__ACQ_1.sif for cell AOI21D4 completed successfully. (SMSC-103)
Info:    IO Retry 0
Info:    set _SIS_CLIENT_RESULT_ {{AOI21D4 leakage_power__ACQ_1 {sifTS 0.0 sifName /home/linux/ieng6/ee260bwi20/haz023/lab5/run_siliconsmart/LIB_FF_1.1_-40_ALL/temp/siliconsmart.ieng6-249.53689.5071/leakage_power__ACQ_1.sif eadCksum 77892575d19f4a36521254aa7516ad00 simulationCount 1 exportVars {} errorList {} sofName /home/linux/ieng6/ee260bwi20/haz023/lab5/run_siliconsmart/LIB_FF_1.1_-40_ALL/temp/siliconsmart.ieng6-249.53689.5071/leakage_power__ACQ_1.sof eadTS 0.0 eadName /home/linux/ieng6/ee260bwi20/haz023/lab5/run_siliconsmart/LIB_FF_1.1_-40_ALL/temp/siliconsmart.ieng6-249.53689.5071/leakage_power__ACQ_1.ead enableCache 0 status done depFiles /home/linux/ieng6/ee260bwi20/haz023/lab5/run_siliconsmart/LIB_FF_1.1_-40_ALL/netlists/AOI21D4.cdl sifCksum 8993472434dc80009d69c5f0f8f57539}}}
Info:    _SIS_CLIENT_RESULT_END
Info:    __recordTaskStats__ AOI21D4 leakage_power__ACQ_1 0.14 0.02 0.46 0.15 1 5.76633620262 ieng6-249.ucsd.edu 1582327056.47 1582327062.24
Info:    Loading information for cell AOI21D4... (SMSC-60)
Info:    Current directory '/home/linux/ieng6/ee260bwi20/haz023/lab5/run_siliconsmart/LIB_FF_1.1_-40_ALL' (SIM-68)
Info:    Working in directory '/home/linux/ieng6/ee260bwi20/haz023/lab5/run_siliconsmart/LIB_FF_1.1_-40_ALL/temp/siliconsmart.ieng6-249.53689.5071/delay__A2__hl__ZN__lh__ACQ_1.sif_0' (SIM-69)
Info:    Executing 'hspice deck.cir -o deck' (SIM-30)
Warning: return code 0 (hspice: No such file or directory)
Info:    Simulation delay__A2__hl__ZN__lh__ACQ_1.sif for cell AOI21D4 completed successfully. (SMSC-103)
Info:    IO Retry 0
Info:    set _SIS_CLIENT_RESULT_ {{AOI21D4 delay__A2__hl__ZN__lh__ACQ_1 {sifTS 0.0 sifName /home/linux/ieng6/ee260bwi20/haz023/lab5/run_siliconsmart/LIB_FF_1.1_-40_ALL/temp/siliconsmart.ieng6-249.53689.5071/delay__A2__hl__ZN__lh__ACQ_1.sif eadCksum 72e262e453615b035b75203ec4805257 simulationCount 1 exportVars {} errorList {} sofName /home/linux/ieng6/ee260bwi20/haz023/lab5/run_siliconsmart/LIB_FF_1.1_-40_ALL/temp/siliconsmart.ieng6-249.53689.5071/delay__A2__hl__ZN__lh__ACQ_1.sof eadTS 0.0 eadName /home/linux/ieng6/ee260bwi20/haz023/lab5/run_siliconsmart/LIB_FF_1.1_-40_ALL/temp/siliconsmart.ieng6-249.53689.5071/delay__A2__hl__ZN__lh__ACQ_1.ead enableCache 0 status done depFiles /home/linux/ieng6/ee260bwi20/haz023/lab5/run_siliconsmart/LIB_FF_1.1_-40_ALL/netlists/AOI21D4.cdl sifCksum 781db7edf390c904f653ee1052975fd1}}}
Info:    _SIS_CLIENT_RESULT_END
Info:    __recordTaskStats__ AOI21D4 delay__A2__hl__ZN__lh__ACQ_1 0.16 0.01 3.45 0.24 1 33.3405561447 ieng6-249.ucsd.edu 1582327062.24 1582327095.58
Info:    Loading information for cell MUX2D2... (SMSC-60)
Info:    Current directory '/home/linux/ieng6/ee260bwi20/haz023/lab5/run_siliconsmart/LIB_FF_1.1_-40_ALL' (SIM-68)
Info:    Working in directory '/home/linux/ieng6/ee260bwi20/haz023/lab5/run_siliconsmart/LIB_FF_1.1_-40_ALL/temp/siliconsmart.ieng6-249.53689.5071/delay__I0__lh__Z__lh__ACQ_1.sif_0' (SIM-69)
Info:    Executing 'hspice deck.cir -o deck' (SIM-30)
Warning: return code 0 (hspice: No such file or directory)
Info:    Simulation delay__I0__lh__Z__lh__ACQ_1.sif for cell MUX2D2 completed successfully. (SMSC-103)
Info:    IO Retry 0
Info:    set _SIS_CLIENT_RESULT_ {{MUX2D2 delay__I0__lh__Z__lh__ACQ_1 {sifTS 0.0 sifName /home/linux/ieng6/ee260bwi20/haz023/lab5/run_siliconsmart/LIB_FF_1.1_-40_ALL/temp/siliconsmart.ieng6-249.53689.5071/delay__I0__lh__Z__lh__ACQ_1.sif eadCksum 676dc2852582723e6bd7ff7f9a680047 simulationCount 1 exportVars {} errorList {} sofName /home/linux/ieng6/ee260bwi20/haz023/lab5/run_siliconsmart/LIB_FF_1.1_-40_ALL/temp/siliconsmart.ieng6-249.53689.5071/delay__I0__lh__Z__lh__ACQ_1.sof eadTS 0.0 eadName /home/linux/ieng6/ee260bwi20/haz023/lab5/run_siliconsmart/LIB_FF_1.1_-40_ALL/temp/siliconsmart.ieng6-249.53689.5071/delay__I0__lh__Z__lh__ACQ_1.ead enableCache 0 status done depFiles /home/linux/ieng6/ee260bwi20/haz023/lab5/run_siliconsmart/LIB_FF_1.1_-40_ALL/netlists/MUX2D2.cdl sifCksum b13d794379d5bb94c1d8b960d6731167}}}
Info:    _SIS_CLIENT_RESULT_END
Info:    __recordTaskStats__ MUX2D2 delay__I0__lh__Z__lh__ACQ_1 0.19 0.02 2.13 0.21 1 18.8935370445 ieng6-249.ucsd.edu 1582327095.6 1582327114.49
Info:    Loading information for cell MUX2D4... (SMSC-60)
Info:    Current directory '/home/linux/ieng6/ee260bwi20/haz023/lab5/run_siliconsmart/LIB_FF_1.1_-40_ALL' (SIM-68)
Info:    Working in directory '/home/linux/ieng6/ee260bwi20/haz023/lab5/run_siliconsmart/LIB_FF_1.1_-40_ALL/temp/siliconsmart.ieng6-249.53689.5071/Cin__S__lh__ACQ_1.sif_0' (SIM-69)
Info:    Executing 'hspice deck.cir -o deck' (SIM-30)
Warning: return code 0 (hspice: No such file or directory)
Info:    Simulation Cin__S__lh__ACQ_1.sif for cell MUX2D4 completed successfully. (SMSC-103)
Info:    IO Retry 0
Info:    set _SIS_CLIENT_RESULT_ {{MUX2D4 Cin__S__lh__ACQ_1 {sifTS 0.0 sifName /home/linux/ieng6/ee260bwi20/haz023/lab5/run_siliconsmart/LIB_FF_1.1_-40_ALL/temp/siliconsmart.ieng6-249.53689.5071/Cin__S__lh__ACQ_1.sif eadCksum 36723ab11eadf40a1cc963e78ad5df36 simulationCount 1 exportVars {} errorList {} sofName /home/linux/ieng6/ee260bwi20/haz023/lab5/run_siliconsmart/LIB_FF_1.1_-40_ALL/temp/siliconsmart.ieng6-249.53689.5071/Cin__S__lh__ACQ_1.sof eadTS 0.0 eadName /home/linux/ieng6/ee260bwi20/haz023/lab5/run_siliconsmart/LIB_FF_1.1_-40_ALL/temp/siliconsmart.ieng6-249.53689.5071/Cin__S__lh__ACQ_1.ead enableCache 0 status done depFiles /home/linux/ieng6/ee260bwi20/haz023/lab5/run_siliconsmart/LIB_FF_1.1_-40_ALL/netlists/MUX2D4.cdl sifCksum c1d4f2e757f41659e029977b35f2962f}}}
Info:    _SIS_CLIENT_RESULT_END
Info:    __recordTaskStats__ MUX2D4 Cin__S__lh__ACQ_1 0.11 0.02 0.73 0.14 1 6.36118793488 ieng6-249.ucsd.edu 1582327114.5 1582327120.86
Info:    Loading information for cell OAI21D0... (SMSC-60)
Info:    Current directory '/home/linux/ieng6/ee260bwi20/haz023/lab5/run_siliconsmart/LIB_FF_1.1_-40_ALL' (SIM-68)
Info:    Working in directory '/home/linux/ieng6/ee260bwi20/haz023/lab5/run_siliconsmart/LIB_FF_1.1_-40_ALL/temp/siliconsmart.ieng6-249.53689.5071/Cin__B__hl__ACQ_1.sif_0' (SIM-69)
Info:    Executing 'hspice deck.cir -o deck' (SIM-30)
Warning: return code 0 (hspice: No such file or directory)
Info:    Simulation Cin__B__hl__ACQ_1.sif for cell OAI21D0 completed successfully. (SMSC-103)
Info:    IO Retry 0
Info:    set _SIS_CLIENT_RESULT_ {{OAI21D0 Cin__B__hl__ACQ_1 {sifTS 0.0 sifName /home/linux/ieng6/ee260bwi20/haz023/lab5/run_siliconsmart/LIB_FF_1.1_-40_ALL/temp/siliconsmart.ieng6-249.53689.5071/Cin__B__hl__ACQ_1.sif eadCksum aa65a8b44e7d21bcb1a25f9b021e26c8 simulationCount 1 exportVars {} errorList {} sofName /home/linux/ieng6/ee260bwi20/haz023/lab5/run_siliconsmart/LIB_FF_1.1_-40_ALL/temp/siliconsmart.ieng6-249.53689.5071/Cin__B__hl__ACQ_1.sof eadTS 0.0 eadName /home/linux/ieng6/ee260bwi20/haz023/lab5/run_siliconsmart/LIB_FF_1.1_-40_ALL/temp/siliconsmart.ieng6-249.53689.5071/Cin__B__hl__ACQ_1.ead enableCache 0 status done depFiles /home/linux/ieng6/ee260bwi20/haz023/lab5/run_siliconsmart/LIB_FF_1.1_-40_ALL/netlists/OAI21D0.cdl sifCksum 811cbb076a6edc4b17001859fc2204e6}}}
Info:    _SIS_CLIENT_RESULT_END
Info:    __recordTaskStats__ OAI21D0 Cin__B__hl__ACQ_1 0.14 0.01 0.52 0.14 1 5.51097512245 ieng6-249.ucsd.edu 1582327120.88 1582327126.39
Info:    Loading information for cell OAI21D1... (SMSC-60)
Info:    Current directory '/home/linux/ieng6/ee260bwi20/haz023/lab5/run_siliconsmart/LIB_FF_1.1_-40_ALL' (SIM-68)
Info:    Working in directory '/home/linux/ieng6/ee260bwi20/haz023/lab5/run_siliconsmart/LIB_FF_1.1_-40_ALL/temp/siliconsmart.ieng6-249.53689.5071/delay__A1__hl__ZN__lh__ACQ_1.sif_0' (SIM-69)
Info:    Executing 'hspice deck.cir -o deck' (SIM-30)
Warning: return code 0 (hspice: No such file or directory)
Info:    Simulation delay__A1__hl__ZN__lh__ACQ_1.sif for cell OAI21D1 completed successfully. (SMSC-103)
Info:    IO Retry 0
Info:    set _SIS_CLIENT_RESULT_ {{OAI21D1 delay__A1__hl__ZN__lh__ACQ_1 {sifTS 0.0 sifName /home/linux/ieng6/ee260bwi20/haz023/lab5/run_siliconsmart/LIB_FF_1.1_-40_ALL/temp/siliconsmart.ieng6-249.53689.5071/delay__A1__hl__ZN__lh__ACQ_1.sif eadCksum 313c8b936c1f1b5806a1cb5a17f22e44 simulationCount 1 exportVars {} errorList {} sofName /home/linux/ieng6/ee260bwi20/haz023/lab5/run_siliconsmart/LIB_FF_1.1_-40_ALL/temp/siliconsmart.ieng6-249.53689.5071/delay__A1__hl__ZN__lh__ACQ_1.sof eadTS 0.0 eadName /home/linux/ieng6/ee260bwi20/haz023/lab5/run_siliconsmart/LIB_FF_1.1_-40_ALL/temp/siliconsmart.ieng6-249.53689.5071/delay__A1__hl__ZN__lh__ACQ_1.ead enableCache 0 status done depFiles /home/linux/ieng6/ee260bwi20/haz023/lab5/run_siliconsmart/LIB_FF_1.1_-40_ALL/netlists/OAI21D1.cdl sifCksum ae8a5189eebf388b53103dab5231557a}}}
Info:    _SIS_CLIENT_RESULT_END
Info:    __recordTaskStats__ OAI21D1 delay__A1__hl__ZN__lh__ACQ_1 0.18 0.02 1.56 0.25 1 12.9750549793 ieng6-249.ucsd.edu 1582327126.41 1582327139.38
Info:    Loading information for cell OAI21D4... (SMSC-60)
Info:    Current directory '/home/linux/ieng6/ee260bwi20/haz023/lab5/run_siliconsmart/LIB_FF_1.1_-40_ALL' (SIM-68)
Info:    Working in directory '/home/linux/ieng6/ee260bwi20/haz023/lab5/run_siliconsmart/LIB_FF_1.1_-40_ALL/temp/siliconsmart.ieng6-249.53689.5071/leakage_power__ACQ_1.sif_0' (SIM-69)
Info:    Executing 'hspice deck.cir -o deck' (SIM-30)
Warning: return code 0 (hspice: No such file or directory)
Info:    Simulation leakage_power__ACQ_1.sif for cell OAI21D4 completed successfully. (SMSC-103)
Info:    IO Retry 0
Info:    set _SIS_CLIENT_RESULT_ {{OAI21D4 leakage_power__ACQ_1 {sifTS 0.0 sifName /home/linux/ieng6/ee260bwi20/haz023/lab5/run_siliconsmart/LIB_FF_1.1_-40_ALL/temp/siliconsmart.ieng6-249.53689.5071/leakage_power__ACQ_1.sif eadCksum d3825ddd26ea8605aada8480bd1593a7 simulationCount 1 exportVars {} errorList {} sofName /home/linux/ieng6/ee260bwi20/haz023/lab5/run_siliconsmart/LIB_FF_1.1_-40_ALL/temp/siliconsmart.ieng6-249.53689.5071/leakage_power__ACQ_1.sof eadTS 0.0 eadName /home/linux/ieng6/ee260bwi20/haz023/lab5/run_siliconsmart/LIB_FF_1.1_-40_ALL/temp/siliconsmart.ieng6-249.53689.5071/leakage_power__ACQ_1.ead enableCache 0 status done depFiles /home/linux/ieng6/ee260bwi20/haz023/lab5/run_siliconsmart/LIB_FF_1.1_-40_ALL/netlists/OAI21D4.cdl sifCksum 5f1420d617bd6fa135f80256655b5b38}}}
Info:    _SIS_CLIENT_RESULT_END
Info:    __recordTaskStats__ OAI21D4 leakage_power__ACQ_1 0.1 0.01 0.41 0.13 1 5.29414701462 ieng6-249.ucsd.edu 1582327139.39 1582327144.68
Info:    Loading information for cell OAI21D4... (SMSC-60)
Info:    Current directory '/home/linux/ieng6/ee260bwi20/haz023/lab5/run_siliconsmart/LIB_FF_1.1_-40_ALL' (SIM-68)
Info:    Working in directory '/home/linux/ieng6/ee260bwi20/haz023/lab5/run_siliconsmart/LIB_FF_1.1_-40_ALL/temp/siliconsmart.ieng6-249.53689.5071/delay__B__lh__ZN__hl__ACQ_1.sif_0' (SIM-69)
Info:    Executing 'hspice deck.cir -o deck' (SIM-30)
Warning: return code 0 (hspice: No such file or directory)
Info:    Simulation delay__B__lh__ZN__hl__ACQ_1.sif for cell OAI21D4 completed successfully. (SMSC-103)
Info:    IO Retry 0
Info:    set _SIS_CLIENT_RESULT_ {{OAI21D4 delay__B__lh__ZN__hl__ACQ_1 {sifTS 0.0 sifName /home/linux/ieng6/ee260bwi20/haz023/lab5/run_siliconsmart/LIB_FF_1.1_-40_ALL/temp/siliconsmart.ieng6-249.53689.5071/delay__B__lh__ZN__hl__ACQ_1.sif eadCksum 1338d0696ba859e7faac6030c00e8c7a simulationCount 1 exportVars {} errorList {} sofName /home/linux/ieng6/ee260bwi20/haz023/lab5/run_siliconsmart/LIB_FF_1.1_-40_ALL/temp/siliconsmart.ieng6-249.53689.5071/delay__B__lh__ZN__hl__ACQ_1.sof eadTS 0.0 eadName /home/linux/ieng6/ee260bwi20/haz023/lab5/run_siliconsmart/LIB_FF_1.1_-40_ALL/temp/siliconsmart.ieng6-249.53689.5071/delay__B__lh__ZN__hl__ACQ_1.ead enableCache 0 status done depFiles /home/linux/ieng6/ee260bwi20/haz023/lab5/run_siliconsmart/LIB_FF_1.1_-40_ALL/netlists/OAI21D4.cdl sifCksum d7a494c7210e9657364f6b5f0d9cac52}}}
Info:    _SIS_CLIENT_RESULT_END
Info:    __recordTaskStats__ OAI21D4 delay__B__lh__ZN__hl__ACQ_1 0.18 0.02 3.06 0.23 1 28.7117919922 ieng6-249.ucsd.edu 1582327144.7 1582327173.41
Info:    Loading information for cell ND2D0... (SMSC-60)
Info:    Current directory '/home/linux/ieng6/ee260bwi20/haz023/lab5/run_siliconsmart/LIB_FF_1.1_-40_ALL' (SIM-68)
Info:    Working in directory '/home/linux/ieng6/ee260bwi20/haz023/lab5/run_siliconsmart/LIB_FF_1.1_-40_ALL/temp/siliconsmart.ieng6-249.53689.5071/Cin__A2__hl__ACQ_1.sif_0' (SIM-69)
Info:    Executing 'hspice deck.cir -o deck' (SIM-30)
Warning: return code 0 (hspice: No such file or directory)
Info:    Simulation Cin__A2__hl__ACQ_1.sif for cell ND2D0 completed successfully. (SMSC-103)
Info:    IO Retry 0
Info:    set _SIS_CLIENT_RESULT_ {{ND2D0 Cin__A2__hl__ACQ_1 {sifTS 0.0 sifName /home/linux/ieng6/ee260bwi20/haz023/lab5/run_siliconsmart/LIB_FF_1.1_-40_ALL/temp/siliconsmart.ieng6-249.53689.5071/Cin__A2__hl__ACQ_1.sif eadCksum de7217f9b98e0b2ec19da55238b5531f simulationCount 1 exportVars {} errorList {} sofName /home/linux/ieng6/ee260bwi20/haz023/lab5/run_siliconsmart/LIB_FF_1.1_-40_ALL/temp/siliconsmart.ieng6-249.53689.5071/Cin__A2__hl__ACQ_1.sof eadTS 0.0 eadName /home/linux/ieng6/ee260bwi20/haz023/lab5/run_siliconsmart/LIB_FF_1.1_-40_ALL/temp/siliconsmart.ieng6-249.53689.5071/Cin__A2__hl__ACQ_1.ead enableCache 0 status done depFiles /home/linux/ieng6/ee260bwi20/haz023/lab5/run_siliconsmart/LIB_FF_1.1_-40_ALL/netlists/ND2D0.cdl sifCksum 9d2e12ec5c0d3565dc1067040911daa0}}}
Info:    _SIS_CLIENT_RESULT_END
Info:    __recordTaskStats__ ND2D0 Cin__A2__hl__ACQ_1 0.13 0.02 0.39 0.15 1 4.93929100037 ieng6-249.ucsd.edu 1582327173.42 1582327178.36
Info:    Loading information for cell ND2D1... (SMSC-60)
Info:    Current directory '/home/linux/ieng6/ee260bwi20/haz023/lab5/run_siliconsmart/LIB_FF_1.1_-40_ALL' (SIM-68)
Info:    Working in directory '/home/linux/ieng6/ee260bwi20/haz023/lab5/run_siliconsmart/LIB_FF_1.1_-40_ALL/temp/siliconsmart.ieng6-249.53689.5071/delay__A1__lh__ZN__hl__ACQ_1.sif_0' (SIM-69)
Info:    Executing 'hspice deck.cir -o deck' (SIM-30)
Warning: return code 0 (hspice: No such file or directory)
Info:    Simulation delay__A1__lh__ZN__hl__ACQ_1.sif for cell ND2D1 completed successfully. (SMSC-103)
Info:    IO Retry 0
Info:    set _SIS_CLIENT_RESULT_ {{ND2D1 delay__A1__lh__ZN__hl__ACQ_1 {sifTS 0.0 sifName /home/linux/ieng6/ee260bwi20/haz023/lab5/run_siliconsmart/LIB_FF_1.1_-40_ALL/temp/siliconsmart.ieng6-249.53689.5071/delay__A1__lh__ZN__hl__ACQ_1.sif eadCksum 07f553c11d452128da679cf04407798c simulationCount 1 exportVars {} errorList {} sofName /home/linux/ieng6/ee260bwi20/haz023/lab5/run_siliconsmart/LIB_FF_1.1_-40_ALL/temp/siliconsmart.ieng6-249.53689.5071/delay__A1__lh__ZN__hl__ACQ_1.sof eadTS 0.0 eadName /home/linux/ieng6/ee260bwi20/haz023/lab5/run_siliconsmart/LIB_FF_1.1_-40_ALL/temp/siliconsmart.ieng6-249.53689.5071/delay__A1__lh__ZN__hl__ACQ_1.ead enableCache 0 status done depFiles /home/linux/ieng6/ee260bwi20/haz023/lab5/run_siliconsmart/LIB_FF_1.1_-40_ALL/netlists/ND2D1.cdl sifCksum 133174f21d6616ab590d25bc0edd6e7b}}}
Info:    _SIS_CLIENT_RESULT_END
Info:    __recordTaskStats__ ND2D1 delay__A1__lh__ZN__hl__ACQ_1 0.2 0.02 1.47 0.23 1 12.416260004 ieng6-249.ucsd.edu 1582327178.36 1582327190.78
Info:    Loading information for cell ND2D4... (SMSC-60)
Info:    Current directory '/home/linux/ieng6/ee260bwi20/haz023/lab5/run_siliconsmart/LIB_FF_1.1_-40_ALL' (SIM-68)
Info:    Working in directory '/home/linux/ieng6/ee260bwi20/haz023/lab5/run_siliconsmart/LIB_FF_1.1_-40_ALL/temp/siliconsmart.ieng6-249.53689.5071/delay__A1__lh__ZN__hl__ACQ_1.sif_0' (SIM-69)
Info:    Executing 'hspice deck.cir -o deck' (SIM-30)
Warning: return code 0 (hspice: No such file or directory)
Info:    Simulation delay__A1__lh__ZN__hl__ACQ_1.sif for cell ND2D4 completed successfully. (SMSC-103)
Info:    IO Retry 0
Info:    set _SIS_CLIENT_RESULT_ {{ND2D4 delay__A1__lh__ZN__hl__ACQ_1 {sifTS 0.0 sifName /home/linux/ieng6/ee260bwi20/haz023/lab5/run_siliconsmart/LIB_FF_1.1_-40_ALL/temp/siliconsmart.ieng6-249.53689.5071/delay__A1__lh__ZN__hl__ACQ_1.sif eadCksum 462c99a578539539801e2a45b0e0aaf2 simulationCount 1 exportVars {} errorList {} sofName /home/linux/ieng6/ee260bwi20/haz023/lab5/run_siliconsmart/LIB_FF_1.1_-40_ALL/temp/siliconsmart.ieng6-249.53689.5071/delay__A1__lh__ZN__hl__ACQ_1.sof eadTS 0.0 eadName /home/linux/ieng6/ee260bwi20/haz023/lab5/run_siliconsmart/LIB_FF_1.1_-40_ALL/temp/siliconsmart.ieng6-249.53689.5071/delay__A1__lh__ZN__hl__ACQ_1.ead enableCache 0 status done depFiles /home/linux/ieng6/ee260bwi20/haz023/lab5/run_siliconsmart/LIB_FF_1.1_-40_ALL/netlists/ND2D4.cdl sifCksum 828eeaab6b33a57596a61f4057226cdb}}}
Info:    _SIS_CLIENT_RESULT_END
Info:    __recordTaskStats__ ND2D4 delay__A1__lh__ZN__hl__ACQ_1 1.12 0.18 5.42 0.62 1 164.240852118 ieng6-249.ucsd.edu 1582327190.78 1582327355.02
Info:    Loading information for cell NR2D0... (SMSC-60)
Info:    Current directory '/home/linux/ieng6/ee260bwi20/haz023/lab5/run_siliconsmart/LIB_FF_1.1_-40_ALL' (SIM-68)
Info:    Working in directory '/home/linux/ieng6/ee260bwi20/haz023/lab5/run_siliconsmart/LIB_FF_1.1_-40_ALL/temp/siliconsmart.ieng6-249.53689.5071/delay__A2__lh__ZN__hl__ACQ_1.sif_0' (SIM-69)
Info:    Executing 'hspice deck.cir -o deck' (SIM-30)
Warning: return code 0 (hspice: No such file or directory)
Info:    Simulation delay__A2__lh__ZN__hl__ACQ_1.sif for cell NR2D0 completed successfully. (SMSC-103)
Info:    IO Retry 0
Info:    set _SIS_CLIENT_RESULT_ {{NR2D0 delay__A2__lh__ZN__hl__ACQ_1 {sifTS 0.0 sifName /home/linux/ieng6/ee260bwi20/haz023/lab5/run_siliconsmart/LIB_FF_1.1_-40_ALL/temp/siliconsmart.ieng6-249.53689.5071/delay__A2__lh__ZN__hl__ACQ_1.sif eadCksum 842f5e343e8031f72669821479bf8599 simulationCount 1 exportVars {} errorList {} sofName /home/linux/ieng6/ee260bwi20/haz023/lab5/run_siliconsmart/LIB_FF_1.1_-40_ALL/temp/siliconsmart.ieng6-249.53689.5071/delay__A2__lh__ZN__hl__ACQ_1.sof eadTS 0.0 eadName /home/linux/ieng6/ee260bwi20/haz023/lab5/run_siliconsmart/LIB_FF_1.1_-40_ALL/temp/siliconsmart.ieng6-249.53689.5071/delay__A2__lh__ZN__hl__ACQ_1.ead enableCache 0 status done depFiles /home/linux/ieng6/ee260bwi20/haz023/lab5/run_siliconsmart/LIB_FF_1.1_-40_ALL/netlists/NR2D0.cdl sifCksum 6f28256ddfc46a8f38eeb4915e2eab23}}}
Info:    _SIS_CLIENT_RESULT_END
Info:    __recordTaskStats__ NR2D0 delay__A2__lh__ZN__hl__ACQ_1 0.17 0.02 1.32 0.16 1 12.7064769268 ieng6-249.ucsd.edu 1582327355.02 1582327367.73
Info:    Loading information for cell NR2D4... (SMSC-60)
Info:    Current directory '/home/linux/ieng6/ee260bwi20/haz023/lab5/run_siliconsmart/LIB_FF_1.1_-40_ALL' (SIM-68)
Info:    Working in directory '/home/linux/ieng6/ee260bwi20/haz023/lab5/run_siliconsmart/LIB_FF_1.1_-40_ALL/temp/siliconsmart.ieng6-249.53689.5071/delay__A2__lh__ZN__hl__ACQ_1.sif_0' (SIM-69)
Info:    Executing 'hspice deck.cir -o deck' (SIM-30)
Warning: return code 0 (hspice: No such file or directory)
Info:    Simulation delay__A2__lh__ZN__hl__ACQ_1.sif for cell NR2D4 completed successfully. (SMSC-103)
Info:    IO Retry 0
Info:    set _SIS_CLIENT_RESULT_ {{NR2D4 delay__A2__lh__ZN__hl__ACQ_1 {sifTS 0.0 sifName /home/linux/ieng6/ee260bwi20/haz023/lab5/run_siliconsmart/LIB_FF_1.1_-40_ALL/temp/siliconsmart.ieng6-249.53689.5071/delay__A2__lh__ZN__hl__ACQ_1.sif eadCksum ba07655f01e4708e7bfc2ff46c5ec5d6 simulationCount 1 exportVars {} errorList {} sofName /home/linux/ieng6/ee260bwi20/haz023/lab5/run_siliconsmart/LIB_FF_1.1_-40_ALL/temp/siliconsmart.ieng6-249.53689.5071/delay__A2__lh__ZN__hl__ACQ_1.sof eadTS 0.0 eadName /home/linux/ieng6/ee260bwi20/haz023/lab5/run_siliconsmart/LIB_FF_1.1_-40_ALL/temp/siliconsmart.ieng6-249.53689.5071/delay__A2__lh__ZN__hl__ACQ_1.ead enableCache 0 status done depFiles /home/linux/ieng6/ee260bwi20/haz023/lab5/run_siliconsmart/LIB_FF_1.1_-40_ALL/netlists/NR2D4.cdl sifCksum 0d75fc82a94830d976e222f0f236af28}}}
Info:    _SIS_CLIENT_RESULT_END
Info:    __recordTaskStats__ NR2D4 delay__A2__lh__ZN__hl__ACQ_1 0.16 0.0 2.21 0.16 1 18.8570289612 ieng6-249.ucsd.edu 1582327367.74 1582327386.6
Info:    Loading information for cell OR2D4... (SMSC-60)
Info:    Current directory '/home/linux/ieng6/ee260bwi20/haz023/lab5/run_siliconsmart/LIB_FF_1.1_-40_ALL' (SIM-68)
Info:    Working in directory '/home/linux/ieng6/ee260bwi20/haz023/lab5/run_siliconsmart/LIB_FF_1.1_-40_ALL/temp/siliconsmart.ieng6-249.53689.5071/Cin__A2__lh__ACQ_1.sif_0' (SIM-69)
Info:    Executing 'hspice deck.cir -o deck' (SIM-30)
Warning: return code 0 (hspice: No such file or directory)
Info:    Simulation Cin__A2__lh__ACQ_1.sif for cell OR2D4 completed successfully. (SMSC-103)
Info:    IO Retry 0
Info:    set _SIS_CLIENT_RESULT_ {{OR2D4 Cin__A2__lh__ACQ_1 {sifTS 0.0 sifName /home/linux/ieng6/ee260bwi20/haz023/lab5/run_siliconsmart/LIB_FF_1.1_-40_ALL/temp/siliconsmart.ieng6-249.53689.5071/Cin__A2__lh__ACQ_1.sif eadCksum fb691dd7852f05660fb35d64f0b31d8a simulationCount 1 exportVars {} errorList {} sofName /home/linux/ieng6/ee260bwi20/haz023/lab5/run_siliconsmart/LIB_FF_1.1_-40_ALL/temp/siliconsmart.ieng6-249.53689.5071/Cin__A2__lh__ACQ_1.sof eadTS 0.0 eadName /home/linux/ieng6/ee260bwi20/haz023/lab5/run_siliconsmart/LIB_FF_1.1_-40_ALL/temp/siliconsmart.ieng6-249.53689.5071/Cin__A2__lh__ACQ_1.ead enableCache 0 status done depFiles /home/linux/ieng6/ee260bwi20/haz023/lab5/run_siliconsmart/LIB_FF_1.1_-40_ALL/netlists/OR2D4.cdl sifCksum 634e7609fe5087df4049cceb8a6baca7}}}
Info:    _SIS_CLIENT_RESULT_END
Info:    __recordTaskStats__ OR2D4 Cin__A2__lh__ACQ_1 0.08 0.02 0.59 0.11 1 5.12599110603 ieng6-249.ucsd.edu 1582327386.62 1582327391.74
Info:    Loading information for cell OR2XD1... (SMSC-60)
Info:    Current directory '/home/linux/ieng6/ee260bwi20/haz023/lab5/run_siliconsmart/LIB_FF_1.1_-40_ALL' (SIM-68)
Info:    Working in directory '/home/linux/ieng6/ee260bwi20/haz023/lab5/run_siliconsmart/LIB_FF_1.1_-40_ALL/temp/siliconsmart.ieng6-249.53689.5071/Cin__A1__hl__ACQ_1.sif_0' (SIM-69)
Info:    Executing 'hspice deck.cir -o deck' (SIM-30)
Warning: return code 0 (hspice: No such file or directory)
Info:    Simulation Cin__A1__hl__ACQ_1.sif for cell OR2XD1 completed successfully. (SMSC-103)
Info:    IO Retry 0
Info:    set _SIS_CLIENT_RESULT_ {{OR2XD1 Cin__A1__hl__ACQ_1 {sifTS 0.0 sifName /home/linux/ieng6/ee260bwi20/haz023/lab5/run_siliconsmart/LIB_FF_1.1_-40_ALL/temp/siliconsmart.ieng6-249.53689.5071/Cin__A1__hl__ACQ_1.sif eadCksum 63a7a3023749822353a076b2da8a1f67 simulationCount 1 exportVars {} errorList {} sofName /home/linux/ieng6/ee260bwi20/haz023/lab5/run_siliconsmart/LIB_FF_1.1_-40_ALL/temp/siliconsmart.ieng6-249.53689.5071/Cin__A1__hl__ACQ_1.sof eadTS 0.0 eadName /home/linux/ieng6/ee260bwi20/haz023/lab5/run_siliconsmart/LIB_FF_1.1_-40_ALL/temp/siliconsmart.ieng6-249.53689.5071/Cin__A1__hl__ACQ_1.ead enableCache 0 status done depFiles /home/linux/ieng6/ee260bwi20/haz023/lab5/run_siliconsmart/LIB_FF_1.1_-40_ALL/netlists/OR2XD1.cdl sifCksum 0e4f5ad33c25316bafcf0f550b5db670}}}
Info:    _SIS_CLIENT_RESULT_END
Info:    __recordTaskStats__ OR2XD1 Cin__A1__hl__ACQ_1 0.1 0.01 0.38 0.1 1 4.06957197189 ieng6-249.ucsd.edu 1582327391.74 1582327395.81
Info:    Loading information for cell XNR2D1... (SMSC-60)
Info:    Current directory '/home/linux/ieng6/ee260bwi20/haz023/lab5/run_siliconsmart/LIB_FF_1.1_-40_ALL' (SIM-68)
Info:    Working in directory '/home/linux/ieng6/ee260bwi20/haz023/lab5/run_siliconsmart/LIB_FF_1.1_-40_ALL/temp/siliconsmart.ieng6-249.53689.5071/delay__A2__lh__ZN__lh__ACQ_1.sif_0' (SIM-69)
Info:    Executing 'hspice deck.cir -o deck' (SIM-30)
Warning: return code 0 (hspice: No such file or directory)
Info:    Simulation delay__A2__lh__ZN__lh__ACQ_1.sif for cell XNR2D1 completed successfully. (SMSC-103)
Info:    IO Retry 0
Info:    set _SIS_CLIENT_RESULT_ {{XNR2D1 delay__A2__lh__ZN__lh__ACQ_1 {sifTS 0.0 sifName /home/linux/ieng6/ee260bwi20/haz023/lab5/run_siliconsmart/LIB_FF_1.1_-40_ALL/temp/siliconsmart.ieng6-249.53689.5071/delay__A2__lh__ZN__lh__ACQ_1.sif eadCksum ba2aca2be9a641811d4ad60571f2372e simulationCount 1 exportVars {} errorList {} sofName /home/linux/ieng6/ee260bwi20/haz023/lab5/run_siliconsmart/LIB_FF_1.1_-40_ALL/temp/siliconsmart.ieng6-249.53689.5071/delay__A2__lh__ZN__lh__ACQ_1.sof eadTS 0.0 eadName /home/linux/ieng6/ee260bwi20/haz023/lab5/run_siliconsmart/LIB_FF_1.1_-40_ALL/temp/siliconsmart.ieng6-249.53689.5071/delay__A2__lh__ZN__lh__ACQ_1.ead enableCache 0 status done depFiles /home/linux/ieng6/ee260bwi20/haz023/lab5/run_siliconsmart/LIB_FF_1.1_-40_ALL/netlists/XNR2D1.cdl sifCksum c135f4ffee827c6a4bbd467187d3e07c}}}
Info:    _SIS_CLIENT_RESULT_END
Info:    __recordTaskStats__ XNR2D1 delay__A2__lh__ZN__lh__ACQ_1 0.16 0.01 2.09 0.18 1 17.0354008675 ieng6-249.ucsd.edu 1582327395.83 1582327412.86
Info:    Loading information for cell XOR2D0... (SMSC-60)
Info:    Current directory '/home/linux/ieng6/ee260bwi20/haz023/lab5/run_siliconsmart/LIB_FF_1.1_-40_ALL' (SIM-68)
Info:    Working in directory '/home/linux/ieng6/ee260bwi20/haz023/lab5/run_siliconsmart/LIB_FF_1.1_-40_ALL/temp/siliconsmart.ieng6-249.53689.5071/delay__A1__lh__Z__lh__ACQ_1.sif_0' (SIM-69)
Info:    Executing 'hspice deck.cir -o deck' (SIM-30)
Warning: return code 0 (hspice: No such file or directory)
Info:    Simulation delay__A1__lh__Z__lh__ACQ_1.sif for cell XOR2D0 completed successfully. (SMSC-103)
Info:    IO Retry 0
Info:    set _SIS_CLIENT_RESULT_ {{XOR2D0 delay__A1__lh__Z__lh__ACQ_1 {sifTS 0.0 sifName /home/linux/ieng6/ee260bwi20/haz023/lab5/run_siliconsmart/LIB_FF_1.1_-40_ALL/temp/siliconsmart.ieng6-249.53689.5071/delay__A1__lh__Z__lh__ACQ_1.sif eadCksum 0f4d3952eec6a99c458ea95c0904e297 simulationCount 1 exportVars {} errorList {} sofName /home/linux/ieng6/ee260bwi20/haz023/lab5/run_siliconsmart/LIB_FF_1.1_-40_ALL/temp/siliconsmart.ieng6-249.53689.5071/delay__A1__lh__Z__lh__ACQ_1.sof eadTS 0.0 eadName /home/linux/ieng6/ee260bwi20/haz023/lab5/run_siliconsmart/LIB_FF_1.1_-40_ALL/temp/siliconsmart.ieng6-249.53689.5071/delay__A1__lh__Z__lh__ACQ_1.ead enableCache 0 status done depFiles /home/linux/ieng6/ee260bwi20/haz023/lab5/run_siliconsmart/LIB_FF_1.1_-40_ALL/netlists/XOR2D0.cdl sifCksum eeed2fc54422a9433a77fa075b4cf864}}}
Info:    _SIS_CLIENT_RESULT_END
Info:    __recordTaskStats__ XOR2D0 delay__A1__lh__Z__lh__ACQ_1 0.15 0.01 1.92 0.19 1 14.8932740688 ieng6-249.ucsd.edu 1582327412.88 1582327427.77
Info:    Loading information for cell XOR2D2... (SMSC-60)
Info:    Current directory '/home/linux/ieng6/ee260bwi20/haz023/lab5/run_siliconsmart/LIB_FF_1.1_-40_ALL' (SIM-68)
Info:    Working in directory '/home/linux/ieng6/ee260bwi20/haz023/lab5/run_siliconsmart/LIB_FF_1.1_-40_ALL/temp/siliconsmart.ieng6-249.53689.5071/delay__A1__hl__Z__hl__ACQ_1.sif_0' (SIM-69)
Info:    Executing 'hspice deck.cir -o deck' (SIM-30)
Warning: return code 0 (hspice: No such file or directory)
Info:    Simulation delay__A1__hl__Z__hl__ACQ_1.sif for cell XOR2D2 completed successfully. (SMSC-103)
Info:    IO Retry 0
Info:    set _SIS_CLIENT_RESULT_ {{XOR2D2 delay__A1__hl__Z__hl__ACQ_1 {sifTS 0.0 sifName /home/linux/ieng6/ee260bwi20/haz023/lab5/run_siliconsmart/LIB_FF_1.1_-40_ALL/temp/siliconsmart.ieng6-249.53689.5071/delay__A1__hl__Z__hl__ACQ_1.sif eadCksum e06e35c28d2d9612b7ef2f047f494ce9 simulationCount 1 exportVars {} errorList {} sofName /home/linux/ieng6/ee260bwi20/haz023/lab5/run_siliconsmart/LIB_FF_1.1_-40_ALL/temp/siliconsmart.ieng6-249.53689.5071/delay__A1__hl__Z__hl__ACQ_1.sof eadTS 0.0 eadName /home/linux/ieng6/ee260bwi20/haz023/lab5/run_siliconsmart/LIB_FF_1.1_-40_ALL/temp/siliconsmart.ieng6-249.53689.5071/delay__A1__hl__Z__hl__ACQ_1.ead enableCache 0 status done depFiles /home/linux/ieng6/ee260bwi20/haz023/lab5/run_siliconsmart/LIB_FF_1.1_-40_ALL/netlists/XOR2D2.cdl sifCksum 4da0e9b3234313900a9d788795d06d9f}}}
Info:    _SIS_CLIENT_RESULT_END
Info:    __recordTaskStats__ XOR2D2 delay__A1__hl__Z__hl__ACQ_1 0.15 0.01 2.04 0.2 1 16.2923381329 ieng6-249.ucsd.edu 1582327427.79 1582327444.08
Info:    Loading information for cell BUFFD6... (SMSC-60)
Info:    Current directory '/home/linux/ieng6/ee260bwi20/haz023/lab5/run_siliconsmart/LIB_FF_1.1_-40_ALL' (SIM-68)
Info:    Working in directory '/home/linux/ieng6/ee260bwi20/haz023/lab5/run_siliconsmart/LIB_FF_1.1_-40_ALL/temp/siliconsmart.ieng6-249.53689.5071/leakage_power__ACQ_2.sif_0' (SIM-69)
Info:    Executing 'hspice deck.cir -o deck' (SIM-30)
Warning: return code 0 (hspice: No such file or directory)
Info:    Simulation leakage_power__ACQ_2.sif for cell BUFFD6 completed successfully. (SMSC-103)
Info:    IO Retry 0
Info:    set _SIS_CLIENT_RESULT_ {{BUFFD6 leakage_power__ACQ_2 {sifTS 0.0 sifName /home/linux/ieng6/ee260bwi20/haz023/lab5/run_siliconsmart/LIB_FF_1.1_-40_ALL/temp/siliconsmart.ieng6-249.53689.5071/leakage_power__ACQ_2.sif eadCksum 283c3a5d8cea36ba1ddae308138befd8 simulationCount 1 exportVars {} errorList {} sofName /home/linux/ieng6/ee260bwi20/haz023/lab5/run_siliconsmart/LIB_FF_1.1_-40_ALL/temp/siliconsmart.ieng6-249.53689.5071/leakage_power__ACQ_2.sof eadTS 0.0 eadName /home/linux/ieng6/ee260bwi20/haz023/lab5/run_siliconsmart/LIB_FF_1.1_-40_ALL/temp/siliconsmart.ieng6-249.53689.5071/leakage_power__ACQ_2.ead enableCache 0 status done depFiles /home/linux/ieng6/ee260bwi20/haz023/lab5/run_siliconsmart/LIB_FF_1.1_-40_ALL/netlists/BUFFD6.cdl sifCksum 422f0176e2135190764bd44a1614a12d}}}
Info:    _SIS_CLIENT_RESULT_END
Info:    __recordTaskStats__ BUFFD6 leakage_power__ACQ_2 0.08 0.01 0.32 0.1 1 3.49664711952 ieng6-249.ucsd.edu 1582327444.1 1582327447.6
Info:    Loading information for cell INVD0... (SMSC-60)
Info:    Current directory '/home/linux/ieng6/ee260bwi20/haz023/lab5/run_siliconsmart/LIB_FF_1.1_-40_ALL' (SIM-68)
Info:    Working in directory '/home/linux/ieng6/ee260bwi20/haz023/lab5/run_siliconsmart/LIB_FF_1.1_-40_ALL/temp/siliconsmart.ieng6-249.53689.5071/delay__I__lh__ZN__hl__ACQ_1.sif_0' (SIM-69)
Info:    Executing 'hspice deck.cir -o deck' (SIM-30)
Warning: return code 0 (hspice: No such file or directory)
Info:    Simulation delay__I__lh__ZN__hl__ACQ_1.sif for cell INVD0 completed successfully. (SMSC-103)
Info:    IO Retry 0
Info:    set _SIS_CLIENT_RESULT_ {{INVD0 delay__I__lh__ZN__hl__ACQ_1 {sifTS 0.0 sifName /home/linux/ieng6/ee260bwi20/haz023/lab5/run_siliconsmart/LIB_FF_1.1_-40_ALL/temp/siliconsmart.ieng6-249.53689.5071/delay__I__lh__ZN__hl__ACQ_1.sif eadCksum 333274f51001ddbfc860ec61d45fb674 simulationCount 1 exportVars {} errorList {} sofName /home/linux/ieng6/ee260bwi20/haz023/lab5/run_siliconsmart/LIB_FF_1.1_-40_ALL/temp/siliconsmart.ieng6-249.53689.5071/delay__I__lh__ZN__hl__ACQ_1.sof eadTS 0.0 eadName /home/linux/ieng6/ee260bwi20/haz023/lab5/run_siliconsmart/LIB_FF_1.1_-40_ALL/temp/siliconsmart.ieng6-249.53689.5071/delay__I__lh__ZN__hl__ACQ_1.ead enableCache 0 status done depFiles /home/linux/ieng6/ee260bwi20/haz023/lab5/run_siliconsmart/LIB_FF_1.1_-40_ALL/netlists/INVD0.cdl sifCksum ee01ae7a5e56e5e9de58e88a4c41fa73}}}
Info:    _SIS_CLIENT_RESULT_END
Info:    __recordTaskStats__ INVD0 delay__I__lh__ZN__hl__ACQ_1 0.13 0.01 1.15 0.15 1 7.67559313774 ieng6-249.ucsd.edu 1582327447.6 1582327455.27
Info:    Loading information for cell INVD20... (SMSC-60)
Info:    Current directory '/home/linux/ieng6/ee260bwi20/haz023/lab5/run_siliconsmart/LIB_FF_1.1_-40_ALL' (SIM-68)
Info:    Working in directory '/home/linux/ieng6/ee260bwi20/haz023/lab5/run_siliconsmart/LIB_FF_1.1_-40_ALL/temp/siliconsmart.ieng6-249.53689.5071/leakage_power__ACQ_2.sif_0' (SIM-69)
Info:    Executing 'hspice deck.cir -o deck' (SIM-30)
Warning: return code 0 (hspice: No such file or directory)
Info:    Simulation leakage_power__ACQ_2.sif for cell INVD20 completed successfully. (SMSC-103)
Info:    IO Retry 0
Info:    set _SIS_CLIENT_RESULT_ {{INVD20 leakage_power__ACQ_2 {sifTS 0.0 sifName /home/linux/ieng6/ee260bwi20/haz023/lab5/run_siliconsmart/LIB_FF_1.1_-40_ALL/temp/siliconsmart.ieng6-249.53689.5071/leakage_power__ACQ_2.sif eadCksum 451c64f79809713874c1ec5d6d22fa14 simulationCount 1 exportVars {} errorList {} sofName /home/linux/ieng6/ee260bwi20/haz023/lab5/run_siliconsmart/LIB_FF_1.1_-40_ALL/temp/siliconsmart.ieng6-249.53689.5071/leakage_power__ACQ_2.sof eadTS 0.0 eadName /home/linux/ieng6/ee260bwi20/haz023/lab5/run_siliconsmart/LIB_FF_1.1_-40_ALL/temp/siliconsmart.ieng6-249.53689.5071/leakage_power__ACQ_2.ead enableCache 0 status done depFiles /home/linux/ieng6/ee260bwi20/haz023/lab5/run_siliconsmart/LIB_FF_1.1_-40_ALL/netlists/INVD20.cdl sifCksum 6a8f240623071484746db1a217ffd03e}}}
Info:    _SIS_CLIENT_RESULT_END
Info:    __recordTaskStats__ INVD20 leakage_power__ACQ_2 0.08 0.01 0.31 0.08 1 3.14287900925 ieng6-249.ucsd.edu 1582327455.29 1582327458.43
Info:    Loading information for cell INVD3... (SMSC-60)
Info:    Current directory '/home/linux/ieng6/ee260bwi20/haz023/lab5/run_siliconsmart/LIB_FF_1.1_-40_ALL' (SIM-68)
Info:    Working in directory '/home/linux/ieng6/ee260bwi20/haz023/lab5/run_siliconsmart/LIB_FF_1.1_-40_ALL/temp/siliconsmart.ieng6-249.53689.5071/delay__I__hl__ZN__lh__ACQ_1.sif_0' (SIM-69)
Info:    Executing 'hspice deck.cir -o deck' (SIM-30)
Warning: return code 0 (hspice: No such file or directory)
Info:    Simulation delay__I__hl__ZN__lh__ACQ_1.sif for cell INVD3 completed successfully. (SMSC-103)
Info:    IO Retry 0
Info:    set _SIS_CLIENT_RESULT_ {{INVD3 delay__I__hl__ZN__lh__ACQ_1 {sifTS 0.0 sifName /home/linux/ieng6/ee260bwi20/haz023/lab5/run_siliconsmart/LIB_FF_1.1_-40_ALL/temp/siliconsmart.ieng6-249.53689.5071/delay__I__hl__ZN__lh__ACQ_1.sif eadCksum b91b066ce788391b875da5f0e3c19cc5 simulationCount 1 exportVars {} errorList {} sofName /home/linux/ieng6/ee260bwi20/haz023/lab5/run_siliconsmart/LIB_FF_1.1_-40_ALL/temp/siliconsmart.ieng6-249.53689.5071/delay__I__hl__ZN__lh__ACQ_1.sof eadTS 0.0 eadName /home/linux/ieng6/ee260bwi20/haz023/lab5/run_siliconsmart/LIB_FF_1.1_-40_ALL/temp/siliconsmart.ieng6-249.53689.5071/delay__I__hl__ZN__lh__ACQ_1.ead enableCache 0 status done depFiles /home/linux/ieng6/ee260bwi20/haz023/lab5/run_siliconsmart/LIB_FF_1.1_-40_ALL/netlists/INVD3.cdl sifCksum 79d0e82583fb12314d9c3f9914564747}}}
Info:    _SIS_CLIENT_RESULT_END
Info:    __recordTaskStats__ INVD3 delay__I__hl__ZN__lh__ACQ_1 0.14 0.01 1.39 0.16 1 9.53056406975 ieng6-249.ucsd.edu 1582327458.44 1582327467.97
Info:    The char directory is /home/linux/ieng6/ee260bwi20/haz023/lab5/run_siliconsmart/LIB_FF_1.1_-40_ALL
Warning: Operating condition 'FF_1.1_-40_ALL' already exists, skipped.
Info:    Initializing modeler.
Info:    Creating recharacterized libraries. 
Info:    Reading /home/linux/ieng6/ee260bwi20/haz023/lab5/run_siliconsmart/LIB_FF_1.1_-40_ALL/models/liberty/cellmodels/header.lib ...
Info:    Reading /home/linux/ieng6/ee260bwi20/haz023/lab5/run_siliconsmart/LIB_FF_1.1_-40_ALL/models/liberty/cellmodels/MUX2D0.lib ...
Info:    Writing libraries ...
Warning: Power model 937 (internal_power_group:935) for rise_power for related_pin S to Z  with when: none could not be recharacterized, therefore deleting this model..
Warning: Power model 938 (internal_power_group:936) for fall_power for related_pin S to Z  with when: none could not be recharacterized, therefore deleting this model..
Info:    Creating Liberty file "/home/linux/ieng6/ee260bwi20/haz023/lab5/run_siliconsmart/LIB_FF_1.1_-40_ALL/models/liberty/cells/MUX2D0_FF_1.1_-40_ALL.lib".
Info:    re-positioning normalized_driver_waveform (ndw_ntin_nvolt_7x13) after templates
Info:    __recordTaskStats__ MUX2D0 modeling 1.89 0.01 0.02 0.07 1 13.2026970387 ieng6-249.ucsd.edu 1582327493.91 1582327507.11
Info:    set _SIS_CLIENT_RESULT_ {{MUX2D0 modeling {status done exportVars {} errorList {} sifName {} sofName {} eadName {} depFiles {} tmpHeader {FF_1.1_-40_ALL /home/linux/ieng6/ee260bwi20/haz023/lab5/run_siliconsmart/LIB_FF_1.1_-40_ALL/runtime/modeling/merge/MUX2D0_FF_1.1_-40_ALL.header} tmpBody {FF_1.1_-40_ALL_MUX2D0 /home/linux/ieng6/ee260bwi20/haz023/lab5/run_siliconsmart/LIB_FF_1.1_-40_ALL/runtime/modeling/merge/MUX2D0_FF_1.1_-40_ALL.body}}}}
Info:    _SIS_CLIENT_RESULT_END
Info:    Initializing modeler.
Info:    Creating recharacterized libraries. 
Info:    Reading /home/linux/ieng6/ee260bwi20/haz023/lab5/run_siliconsmart/LIB_FF_1.1_-40_ALL/models/liberty/cellmodels/header.lib ...
Info:    Reading /home/linux/ieng6/ee260bwi20/haz023/lab5/run_siliconsmart/LIB_FF_1.1_-40_ALL/models/liberty/cellmodels/XNR2D0.lib ...
Info:    Writing libraries ...
Warning: Power model 1947 (internal_power_group:1945) for fall_power for related_pin A1 to ZN  with when: none could not be recharacterized, therefore deleting this model..
Warning: Power model 1946 (internal_power_group:1944) for rise_power for related_pin A1 to ZN  with when: none could not be recharacterized, therefore deleting this model..
Warning: Power model 1961 (internal_power_group:1959) for fall_power for related_pin A2 to ZN  with when: none could not be recharacterized, therefore deleting this model..
Warning: Power model 1960 (internal_power_group:1958) for rise_power for related_pin A2 to ZN  with when: none could not be recharacterized, therefore deleting this model..
Info:    Creating Liberty file "/home/linux/ieng6/ee260bwi20/haz023/lab5/run_siliconsmart/LIB_FF_1.1_-40_ALL/models/liberty/cells/XNR2D0_FF_1.1_-40_ALL.lib".
Info:    __recordTaskStats__ XNR2D0 modeling 1.65 0.02 0.01 0.06 1 12.3741891384 ieng6-249.ucsd.edu 1582327507.13 1582327519.5
Info:    set _SIS_CLIENT_RESULT_ {{XNR2D0 modeling {status done exportVars {} errorList {warning {Power model 937 (internal_power_group:935) for rise_power for related_pin S to Z  with when: none could not be recharacterized, therefore deleting this model..} warning {Power model 938 (internal_power_group:936) for fall_power for related_pin S to Z  with when: none could not be recharacterized, therefore deleting this model..}} sifName {} sofName {} eadName {} depFiles {} tmpHeader {FF_1.1_-40_ALL /home/linux/ieng6/ee260bwi20/haz023/lab5/run_siliconsmart/LIB_FF_1.1_-40_ALL/runtime/modeling/merge/XNR2D0_FF_1.1_-40_ALL.header} tmpBody {FF_1.1_-40_ALL_XNR2D0 /home/linux/ieng6/ee260bwi20/haz023/lab5/run_siliconsmart/LIB_FF_1.1_-40_ALL/runtime/modeling/merge/XNR2D0_FF_1.1_-40_ALL.body}}}}
Info:    _SIS_CLIENT_RESULT_END
Info:    CDPL worker exited normally.
Info:    Maximum virtual memory size: 652.10MB
Info:    Switching log to /home/linux/ieng6/ee260bwi20/haz023/lab5/run_siliconsmart/LIB_FF_1.1_-40_ALL/runtime/cdpl/sis.W4.ieng6-249.ucsd.edu.5071.log at Fri Feb 21 15:25:29 2020
.
----------------------------------------------------------------------
----------------------------------------------------------------------
Info:    Switching log from /home/linux/ieng6/ee260bwi20/haz023/lab5/run_siliconsmart/LIB_FF_1.1_-40_ALL/temp/sis.haz023.5071.log at Fri Feb 21 15:25:29 2020
Info:    Log written by SiliconSmart version L-2016.06-SP1-2 on Fri Feb 21 15:25:29 2020
Info:    Build date: Dec 07, 2016 16:59:49
Info:    SiliconSmart Path: /acsnfs3/software/SiliconSmartAce-2016.06-SP1-2/linux64/bin/siliconsmart
Info:    Host Name: ieng6-249.ucsd.edu, User Name: haz023, PID: 5071
Info:    CPU: 4 x 2000 MHz, Intel(R) Xeon(R) CPU E5-2650 0 @ 2.00GHz (2 socket, 2 core)
Info:    Memory: 32 GB RAM, 2 GB Swap
Info:    Directory: /home/linux/ieng6/ee260bwi20/haz023/lab5/run_siliconsmart/LIB_FF_1.1_-40_ALL
Info:    Maximum virtual memory size: 652.10MB
Info:    Maximum virtual memory size: 652.098 MB
