----------------------------------------------------------------------
Info:    Log written by SiliconSmart version L-2016.06-SP1-2 on Fri Feb 21 15:13:49 2020
Info:    Build date: Dec 07, 2016 16:59:49
Info:    SiliconSmart Path: /acsnfs3/software/SiliconSmartAce-2016.06-SP1-2/linux64/bin/siliconsmart
Info:    Host Name: ieng6-249.ucsd.edu, User Name: haz023, PID: 5719
Info:    CPU: 4 x 2000 MHz, Intel(R) Xeon(R) CPU E5-2650 0 @ 2.00GHz (2 socket, 2 core)
Info:    Memory: 32 GB RAM, 2 GB Swap
Info:    Directory: /home/linux/ieng6/ee260bwi20/haz023/lab5/run_siliconsmart/LIB_FF_1.1_-40_ALL
Info:    Maximum virtual memory size: 586.70MB
Command-line: /acsnfs3/software/SiliconSmartAce-2016.06-SP1-2/linux64/bin/siliconsmart -server /home/linux/ieng6/ee260bwi20/haz023/lab5/run_siliconsmart/LIB_FF_1.1_-40_ALL/runtime/cdpl/driver_4461.tcl
Fri Feb 21 15:13:49 2020: Establishing connection to license server
The char directory is /home/linux/ieng6/ee260bwi20/haz023/lab5/run_siliconsmart/LIB_FF_1.1_-40_ALL
Warning: Operating condition 'FF_1.1_-40_ALL' already exists, skipped.
Info:    Reading instance file for cell OR2D0... (SMSC-23)
Info:    Generating timing tests.
Info:    Generating power tests.
Info:    Generating template at Fri Feb 21 15:13:50 2020 
Info:    Done generating template at Fri Feb 21 15:13:52 2020
Info:    Generate Templates: Maximum virtual memory size: 622.852 MB
Info:    Cell OR2D0 configured for characterization. (SMSC-24)
Info:    __recordTaskStats__ OR2D0 configure 0.4 0.03 0.0 0.0 1 2.55079102516 ieng6-249.ucsd.edu 1582326830.43 1582326832.98
Info:    set _SIS_CLIENT_RESULT_ {{OR2D0 configuration {status done exportVars {} errorList {} sifName {} sofName {} eadName {} depFiles {}}}}
Info:    _SIS_CLIENT_RESULT_END
Info:    The char directory is /home/linux/ieng6/ee260bwi20/haz023/lab5/run_siliconsmart/LIB_FF_1.1_-40_ALL
Warning: Operating condition 'FF_1.1_-40_ALL' already exists, skipped.
Info:    The char directory is /home/linux/ieng6/ee260bwi20/haz023/lab5/run_siliconsmart/LIB_FF_1.1_-40_ALL
Warning: Operating condition 'FF_1.1_-40_ALL' already exists, skipped.
Info:    Loading information for cell DFCSNQD1... (SMSC-60)
Info:    Current directory '/home/linux/ieng6/ee260bwi20/haz023/lab5/run_siliconsmart/LIB_FF_1.1_-40_ALL' (SIM-68)
Info:    Working in directory '/home/linux/ieng6/ee260bwi20/haz023/lab5/run_siliconsmart/LIB_FF_1.1_-40_ALL/temp/siliconsmart.ieng6-249.53689.5719/delay__SDN__hl__Q__lh__ACQ_1.sif_0' (SIM-69)
Info:    Executing 'hspice deck.cir -o deck' (SIM-30)
Warning: return code 0 (hspice: No such file or directory)
Info:    Simulation delay__SDN__hl__Q__lh__ACQ_1.sif for cell DFCSNQD1 completed successfully. (SMSC-103)
Info:    IO Retry 0
Info:    set _SIS_CLIENT_RESULT_ {{DFCSNQD1 delay__SDN__hl__Q__lh__ACQ_1 {sifTS 0.0 sifName /home/linux/ieng6/ee260bwi20/haz023/lab5/run_siliconsmart/LIB_FF_1.1_-40_ALL/temp/siliconsmart.ieng6-249.53689.5719/delay__SDN__hl__Q__lh__ACQ_1.sif eadCksum c42774a390a84e4ae415f9d1edfa719c simulationCount 1 exportVars {} errorList {} sofName /home/linux/ieng6/ee260bwi20/haz023/lab5/run_siliconsmart/LIB_FF_1.1_-40_ALL/temp/siliconsmart.ieng6-249.53689.5719/delay__SDN__hl__Q__lh__ACQ_1.sof eadTS 0.0 eadName /home/linux/ieng6/ee260bwi20/haz023/lab5/run_siliconsmart/LIB_FF_1.1_-40_ALL/temp/siliconsmart.ieng6-249.53689.5719/delay__SDN__hl__Q__lh__ACQ_1.ead enableCache 0 status done depFiles /home/linux/ieng6/ee260bwi20/haz023/lab5/run_siliconsmart/LIB_FF_1.1_-40_ALL/netlists/DFCSNQD1.cdl sifCksum 5af4e80ca6ba9ca6e551085be013440d}}}
Info:    _SIS_CLIENT_RESULT_END
Info:    __recordTaskStats__ DFCSNQD1 delay__SDN__hl__Q__lh__ACQ_1 0.29 0.02 5.19 0.47 1 50.716919899 ieng6-249.ucsd.edu 1582326859.67 1582326910.39
Info:    Loading information for cell DFCSNQD2... (SMSC-60)
Info:    Current directory '/home/linux/ieng6/ee260bwi20/haz023/lab5/run_siliconsmart/LIB_FF_1.1_-40_ALL' (SIM-68)
Info:    Working in directory '/home/linux/ieng6/ee260bwi20/haz023/lab5/run_siliconsmart/LIB_FF_1.1_-40_ALL/temp/siliconsmart.ieng6-249.53689.5719/energy__SDN__lh__ACQ_1.sif_0' (SIM-69)
Info:    Executing 'hspice deck.cir -o deck' (SIM-30)
Warning: return code 0 (hspice: No such file or directory)
Info:    Simulation energy__SDN__lh__ACQ_1.sif for cell DFCSNQD2 completed successfully. (SMSC-103)
Info:    IO Retry 0
Info:    set _SIS_CLIENT_RESULT_ {{DFCSNQD2 energy__SDN__lh__ACQ_1 {sifTS 0.0 sifName /home/linux/ieng6/ee260bwi20/haz023/lab5/run_siliconsmart/LIB_FF_1.1_-40_ALL/temp/siliconsmart.ieng6-249.53689.5719/energy__SDN__lh__ACQ_1.sif eadCksum f5e1b80efa5bdc82be6b0ef761b904aa simulationCount 1 exportVars {} errorList {} sofName /home/linux/ieng6/ee260bwi20/haz023/lab5/run_siliconsmart/LIB_FF_1.1_-40_ALL/temp/siliconsmart.ieng6-249.53689.5719/energy__SDN__lh__ACQ_1.sof eadTS 0.0 eadName /home/linux/ieng6/ee260bwi20/haz023/lab5/run_siliconsmart/LIB_FF_1.1_-40_ALL/temp/siliconsmart.ieng6-249.53689.5719/energy__SDN__lh__ACQ_1.ead enableCache 0 status done depFiles /home/linux/ieng6/ee260bwi20/haz023/lab5/run_siliconsmart/LIB_FF_1.1_-40_ALL/netlists/DFCSNQD2.cdl sifCksum b2d717fceccd2ab7e092f64098bbbe05}}}
Info:    _SIS_CLIENT_RESULT_END
Info:    __recordTaskStats__ DFCSNQD2 energy__SDN__lh__ACQ_1 0.17 0.02 1.35 0.13 1 9.96759486198 ieng6-249.ucsd.edu 1582326910.41 1582326920.38
Info:    Loading information for cell DFCSNQD2... (SMSC-60)
Info:    Current directory '/home/linux/ieng6/ee260bwi20/haz023/lab5/run_siliconsmart/LIB_FF_1.1_-40_ALL' (SIM-68)
Info:    Working in directory '/home/linux/ieng6/ee260bwi20/haz023/lab5/run_siliconsmart/LIB_FF_1.1_-40_ALL/temp/siliconsmart.ieng6-249.53689.5719/Cin__CDN__hl__ACQ_1.sif_0' (SIM-69)
Info:    Executing 'hspice deck.cir -o deck' (SIM-30)
Warning: return code 0 (hspice: No such file or directory)
Info:    Simulation Cin__CDN__hl__ACQ_1.sif for cell DFCSNQD2 completed successfully. (SMSC-103)
Info:    IO Retry 0
Info:    set _SIS_CLIENT_RESULT_ {{DFCSNQD2 Cin__CDN__hl__ACQ_1 {sifTS 0.0 sifName /home/linux/ieng6/ee260bwi20/haz023/lab5/run_siliconsmart/LIB_FF_1.1_-40_ALL/temp/siliconsmart.ieng6-249.53689.5719/Cin__CDN__hl__ACQ_1.sif eadCksum bfe38fa2aaff5182e003ca72245e0723 simulationCount 1 exportVars {} errorList {} sofName /home/linux/ieng6/ee260bwi20/haz023/lab5/run_siliconsmart/LIB_FF_1.1_-40_ALL/temp/siliconsmart.ieng6-249.53689.5719/Cin__CDN__hl__ACQ_1.sof eadTS 0.0 eadName /home/linux/ieng6/ee260bwi20/haz023/lab5/run_siliconsmart/LIB_FF_1.1_-40_ALL/temp/siliconsmart.ieng6-249.53689.5719/Cin__CDN__hl__ACQ_1.ead enableCache 0 status done depFiles /home/linux/ieng6/ee260bwi20/haz023/lab5/run_siliconsmart/LIB_FF_1.1_-40_ALL/netlists/DFCSNQD2.cdl sifCksum 84d0fa4e7bc32c6b3bf7b90eb99075a4}}}
Info:    _SIS_CLIENT_RESULT_END
Info:    __recordTaskStats__ DFCSNQD2 Cin__CDN__hl__ACQ_1 0.1 0.02 0.93 0.13 1 6.75686693192 ieng6-249.ucsd.edu 1582326920.4 1582326927.16
Info:    Loading information for cell DFCSNQD2... (SMSC-60)
Info:    Current directory '/home/linux/ieng6/ee260bwi20/haz023/lab5/run_siliconsmart/LIB_FF_1.1_-40_ALL' (SIM-68)
Info:    Working in directory '/home/linux/ieng6/ee260bwi20/haz023/lab5/run_siliconsmart/LIB_FF_1.1_-40_ALL/temp/siliconsmart.ieng6-249.53689.5719/Cin__CDN__lh__ACQ_1.sif_0' (SIM-69)
Info:    Executing 'hspice deck.cir -o deck' (SIM-30)
Warning: return code 0 (hspice: No such file or directory)
Info:    Simulation Cin__CDN__lh__ACQ_1.sif for cell DFCSNQD2 completed successfully. (SMSC-103)
Info:    IO Retry 0
Info:    set _SIS_CLIENT_RESULT_ {{DFCSNQD2 Cin__CDN__lh__ACQ_1 {sifTS 0.0 sifName /home/linux/ieng6/ee260bwi20/haz023/lab5/run_siliconsmart/LIB_FF_1.1_-40_ALL/temp/siliconsmart.ieng6-249.53689.5719/Cin__CDN__lh__ACQ_1.sif eadCksum 50b301ddc5191eedd4c677eb48e57c26 simulationCount 1 exportVars {} errorList {} sofName /home/linux/ieng6/ee260bwi20/haz023/lab5/run_siliconsmart/LIB_FF_1.1_-40_ALL/temp/siliconsmart.ieng6-249.53689.5719/Cin__CDN__lh__ACQ_1.sof eadTS 0.0 eadName /home/linux/ieng6/ee260bwi20/haz023/lab5/run_siliconsmart/LIB_FF_1.1_-40_ALL/temp/siliconsmart.ieng6-249.53689.5719/Cin__CDN__lh__ACQ_1.ead enableCache 0 status done depFiles /home/linux/ieng6/ee260bwi20/haz023/lab5/run_siliconsmart/LIB_FF_1.1_-40_ALL/netlists/DFCSNQD2.cdl sifCksum a992f4cb9ba26f7657b877b9ee8ab5a1}}}
Info:    _SIS_CLIENT_RESULT_END
Info:    __recordTaskStats__ DFCSNQD2 Cin__CDN__lh__ACQ_1 0.1 0.01 0.97 0.13 1 6.90799093246 ieng6-249.ucsd.edu 1582326927.17 1582326934.08
Info:    Loading information for cell DFCSNQD2... (SMSC-60)
Info:    Current directory '/home/linux/ieng6/ee260bwi20/haz023/lab5/run_siliconsmart/LIB_FF_1.1_-40_ALL' (SIM-68)
Info:    Working in directory '/home/linux/ieng6/ee260bwi20/haz023/lab5/run_siliconsmart/LIB_FF_1.1_-40_ALL/temp/siliconsmart.ieng6-249.53689.5719/delay__CP__lh__Q__hl__ACQ_1.sif_0' (SIM-69)
Info:    Executing 'hspice deck.cir -o deck' (SIM-30)
Warning: return code 0 (hspice: No such file or directory)
Info:    Simulation delay__CP__lh__Q__hl__ACQ_1.sif for cell DFCSNQD2 completed successfully. (SMSC-103)
Info:    IO Retry 0
Info:    set _SIS_CLIENT_RESULT_ {{DFCSNQD2 delay__CP__lh__Q__hl__ACQ_1 {sifTS 0.0 sifName /home/linux/ieng6/ee260bwi20/haz023/lab5/run_siliconsmart/LIB_FF_1.1_-40_ALL/temp/siliconsmart.ieng6-249.53689.5719/delay__CP__lh__Q__hl__ACQ_1.sif eadCksum 7ae3e818a448929d5921709817d8c049 simulationCount 1 exportVars {} errorList {} sofName /home/linux/ieng6/ee260bwi20/haz023/lab5/run_siliconsmart/LIB_FF_1.1_-40_ALL/temp/siliconsmart.ieng6-249.53689.5719/delay__CP__lh__Q__hl__ACQ_1.sof eadTS 0.0 eadName /home/linux/ieng6/ee260bwi20/haz023/lab5/run_siliconsmart/LIB_FF_1.1_-40_ALL/temp/siliconsmart.ieng6-249.53689.5719/delay__CP__lh__Q__hl__ACQ_1.ead enableCache 0 status done depFiles /home/linux/ieng6/ee260bwi20/haz023/lab5/run_siliconsmart/LIB_FF_1.1_-40_ALL/netlists/DFCSNQD2.cdl sifCksum b2145fbf4f76c2cda9a70db10f91ee61}}}
Info:    _SIS_CLIENT_RESULT_END
Info:    __recordTaskStats__ DFCSNQD2 delay__CP__lh__Q__hl__ACQ_1 0.2 0.01 6.36 0.34 1 57.6723959446 ieng6-249.ucsd.edu 1582326934.09 1582326991.76
Info:    Loading information for cell LHQD2... (SMSC-60)
Info:    Current directory '/home/linux/ieng6/ee260bwi20/haz023/lab5/run_siliconsmart/LIB_FF_1.1_-40_ALL' (SIM-68)
Info:    Working in directory '/home/linux/ieng6/ee260bwi20/haz023/lab5/run_siliconsmart/LIB_FF_1.1_-40_ALL/temp/siliconsmart.ieng6-249.53689.5719/energy__E__hl__ACQ_1.sif_0' (SIM-69)
Info:    Executing 'hspice deck.cir -o deck' (SIM-30)
Warning: return code 0 (hspice: No such file or directory)
Info:    Simulation energy__E__hl__ACQ_1.sif for cell LHQD2 completed successfully. (SMSC-103)
Info:    IO Retry 0
Info:    set _SIS_CLIENT_RESULT_ {{LHQD2 energy__E__hl__ACQ_1 {sifTS 0.0 sifName /home/linux/ieng6/ee260bwi20/haz023/lab5/run_siliconsmart/LIB_FF_1.1_-40_ALL/temp/siliconsmart.ieng6-249.53689.5719/energy__E__hl__ACQ_1.sif eadCksum d4c79b105f087c533aabf6a5e49116ee simulationCount 1 exportVars {} errorList {} sofName /home/linux/ieng6/ee260bwi20/haz023/lab5/run_siliconsmart/LIB_FF_1.1_-40_ALL/temp/siliconsmart.ieng6-249.53689.5719/energy__E__hl__ACQ_1.sof eadTS 0.0 eadName /home/linux/ieng6/ee260bwi20/haz023/lab5/run_siliconsmart/LIB_FF_1.1_-40_ALL/temp/siliconsmart.ieng6-249.53689.5719/energy__E__hl__ACQ_1.ead enableCache 0 status done depFiles /home/linux/ieng6/ee260bwi20/haz023/lab5/run_siliconsmart/LIB_FF_1.1_-40_ALL/netlists/LHQD2.cdl sifCksum eb0610bcbf7762cc1651a9a11b9d4c2b}}}
Info:    _SIS_CLIENT_RESULT_END
Info:    __recordTaskStats__ LHQD2 energy__E__hl__ACQ_1 0.15 0.02 0.86 0.15 1 7.55624914169 ieng6-249.ucsd.edu 1582326991.78 1582326999.33
Info:    Loading information for cell LHQD2... (SMSC-60)
Info:    Current directory '/home/linux/ieng6/ee260bwi20/haz023/lab5/run_siliconsmart/LIB_FF_1.1_-40_ALL' (SIM-68)
Info:    Working in directory '/home/linux/ieng6/ee260bwi20/haz023/lab5/run_siliconsmart/LIB_FF_1.1_-40_ALL/temp/siliconsmart.ieng6-249.53689.5719/delay__E__lh__Q__hl__ACQ_1.sif_0' (SIM-69)
Info:    Executing 'hspice deck.cir -o deck' (SIM-30)
Warning: return code 0 (hspice: No such file or directory)
Info:    Simulation delay__E__lh__Q__hl__ACQ_1.sif for cell LHQD2 completed successfully. (SMSC-103)
Info:    IO Retry 0
Info:    set _SIS_CLIENT_RESULT_ {{LHQD2 delay__E__lh__Q__hl__ACQ_1 {sifTS 0.0 sifName /home/linux/ieng6/ee260bwi20/haz023/lab5/run_siliconsmart/LIB_FF_1.1_-40_ALL/temp/siliconsmart.ieng6-249.53689.5719/delay__E__lh__Q__hl__ACQ_1.sif eadCksum 9ca9258687777a24e288fa8ee68f1cb3 simulationCount 1 exportVars {} errorList {} sofName /home/linux/ieng6/ee260bwi20/haz023/lab5/run_siliconsmart/LIB_FF_1.1_-40_ALL/temp/siliconsmart.ieng6-249.53689.5719/delay__E__lh__Q__hl__ACQ_1.sof eadTS 0.0 eadName /home/linux/ieng6/ee260bwi20/haz023/lab5/run_siliconsmart/LIB_FF_1.1_-40_ALL/temp/siliconsmart.ieng6-249.53689.5719/delay__E__lh__Q__hl__ACQ_1.ead enableCache 0 status done depFiles /home/linux/ieng6/ee260bwi20/haz023/lab5/run_siliconsmart/LIB_FF_1.1_-40_ALL/netlists/LHQD2.cdl sifCksum 3cff5cd2eb1eb0d7ed61c6caf66024db}}}
Info:    _SIS_CLIENT_RESULT_END
Info:    __recordTaskStats__ LHQD2 delay__E__lh__Q__hl__ACQ_1 0.18 0.01 3.71 0.3 1 34.2196989059 ieng6-249.ucsd.edu 1582326999.33 1582327033.55
Info:    Loading information for cell AOI21D0... (SMSC-60)
Info:    Current directory '/home/linux/ieng6/ee260bwi20/haz023/lab5/run_siliconsmart/LIB_FF_1.1_-40_ALL' (SIM-68)
Info:    Working in directory '/home/linux/ieng6/ee260bwi20/haz023/lab5/run_siliconsmart/LIB_FF_1.1_-40_ALL/temp/siliconsmart.ieng6-249.53689.5719/delay__B__lh__ZN__hl__ACQ_1.sif_0' (SIM-69)
Info:    Executing 'hspice deck.cir -o deck' (SIM-30)
Warning: return code 0 (hspice: No such file or directory)
Info:    Simulation delay__B__lh__ZN__hl__ACQ_1.sif for cell AOI21D0 completed successfully. (SMSC-103)
Info:    IO Retry 0
Info:    set _SIS_CLIENT_RESULT_ {{AOI21D0 delay__B__lh__ZN__hl__ACQ_1 {sifTS 0.0 sifName /home/linux/ieng6/ee260bwi20/haz023/lab5/run_siliconsmart/LIB_FF_1.1_-40_ALL/temp/siliconsmart.ieng6-249.53689.5719/delay__B__lh__ZN__hl__ACQ_1.sif eadCksum 3b3b65d0990e988785a3b857c7aafcf3 simulationCount 1 exportVars {} errorList {} sofName /home/linux/ieng6/ee260bwi20/haz023/lab5/run_siliconsmart/LIB_FF_1.1_-40_ALL/temp/siliconsmart.ieng6-249.53689.5719/delay__B__lh__ZN__hl__ACQ_1.sof eadTS 0.0 eadName /home/linux/ieng6/ee260bwi20/haz023/lab5/run_siliconsmart/LIB_FF_1.1_-40_ALL/temp/siliconsmart.ieng6-249.53689.5719/delay__B__lh__ZN__hl__ACQ_1.ead enableCache 0 status done depFiles /home/linux/ieng6/ee260bwi20/haz023/lab5/run_siliconsmart/LIB_FF_1.1_-40_ALL/netlists/AOI21D0.cdl sifCksum 2f87615cbd169f022f118f46ed7664cd}}}
Info:    _SIS_CLIENT_RESULT_END
Info:    __recordTaskStats__ AOI21D0 delay__B__lh__ZN__hl__ACQ_1 0.17 0.01 1.71 0.23 1 14.407736063 ieng6-249.ucsd.edu 1582327033.57 1582327047.98
Info:    Loading information for cell AOI21D2... (SMSC-60)
Info:    Current directory '/home/linux/ieng6/ee260bwi20/haz023/lab5/run_siliconsmart/LIB_FF_1.1_-40_ALL' (SIM-68)
Info:    Working in directory '/home/linux/ieng6/ee260bwi20/haz023/lab5/run_siliconsmart/LIB_FF_1.1_-40_ALL/temp/siliconsmart.ieng6-249.53689.5719/leakage_power__ACQ_2.sif_0' (SIM-69)
Info:    Executing 'hspice deck.cir -o deck' (SIM-30)
Warning: return code 0 (hspice: No such file or directory)
Info:    Simulation leakage_power__ACQ_2.sif for cell AOI21D2 completed successfully. (SMSC-103)
Info:    IO Retry 0
Info:    set _SIS_CLIENT_RESULT_ {{AOI21D2 leakage_power__ACQ_2 {sifTS 0.0 sifName /home/linux/ieng6/ee260bwi20/haz023/lab5/run_siliconsmart/LIB_FF_1.1_-40_ALL/temp/siliconsmart.ieng6-249.53689.5719/leakage_power__ACQ_2.sif eadCksum 84e492eead2817f836cafba83361976f simulationCount 1 exportVars {} errorList {} sofName /home/linux/ieng6/ee260bwi20/haz023/lab5/run_siliconsmart/LIB_FF_1.1_-40_ALL/temp/siliconsmart.ieng6-249.53689.5719/leakage_power__ACQ_2.sof eadTS 0.0 eadName /home/linux/ieng6/ee260bwi20/haz023/lab5/run_siliconsmart/LIB_FF_1.1_-40_ALL/temp/siliconsmart.ieng6-249.53689.5719/leakage_power__ACQ_2.ead enableCache 0 status done depFiles /home/linux/ieng6/ee260bwi20/haz023/lab5/run_siliconsmart/LIB_FF_1.1_-40_ALL/netlists/AOI21D2.cdl sifCksum 9cb8ec99f121ea9d7e7f7d9ff8270f96}}}
Info:    _SIS_CLIENT_RESULT_END
Info:    __recordTaskStats__ AOI21D2 leakage_power__ACQ_2 0.11 0.01 0.4 0.12 1 4.53721880913 ieng6-249.ucsd.edu 1582327047.98 1582327052.52
Info:    Loading information for cell AOI21D2... (SMSC-60)
Info:    Current directory '/home/linux/ieng6/ee260bwi20/haz023/lab5/run_siliconsmart/LIB_FF_1.1_-40_ALL' (SIM-68)
Info:    Working in directory '/home/linux/ieng6/ee260bwi20/haz023/lab5/run_siliconsmart/LIB_FF_1.1_-40_ALL/temp/siliconsmart.ieng6-249.53689.5719/delay__B__hl__ZN__lh__ACQ_1.sif_0' (SIM-69)
Info:    Executing 'hspice deck.cir -o deck' (SIM-30)
Warning: return code 0 (hspice: No such file or directory)
Info:    Simulation delay__B__hl__ZN__lh__ACQ_1.sif for cell AOI21D2 completed successfully. (SMSC-103)
Info:    IO Retry 0
Info:    set _SIS_CLIENT_RESULT_ {{AOI21D2 delay__B__hl__ZN__lh__ACQ_1 {sifTS 0.0 sifName /home/linux/ieng6/ee260bwi20/haz023/lab5/run_siliconsmart/LIB_FF_1.1_-40_ALL/temp/siliconsmart.ieng6-249.53689.5719/delay__B__hl__ZN__lh__ACQ_1.sif eadCksum ae6c9081f50753146d22b1728c4e21e3 simulationCount 1 exportVars {} errorList {} sofName /home/linux/ieng6/ee260bwi20/haz023/lab5/run_siliconsmart/LIB_FF_1.1_-40_ALL/temp/siliconsmart.ieng6-249.53689.5719/delay__B__hl__ZN__lh__ACQ_1.sof eadTS 0.0 eadName /home/linux/ieng6/ee260bwi20/haz023/lab5/run_siliconsmart/LIB_FF_1.1_-40_ALL/temp/siliconsmart.ieng6-249.53689.5719/delay__B__hl__ZN__lh__ACQ_1.ead enableCache 0 status done depFiles /home/linux/ieng6/ee260bwi20/haz023/lab5/run_siliconsmart/LIB_FF_1.1_-40_ALL/netlists/AOI21D2.cdl sifCksum 2163fa7d14727b9a3954e9784f542103}}}
Info:    _SIS_CLIENT_RESULT_END
Info:    __recordTaskStats__ AOI21D2 delay__B__hl__ZN__lh__ACQ_1 0.17 0.02 2.34 0.23 1 20.8019049168 ieng6-249.ucsd.edu 1582327052.53 1582327073.33
Info:    Loading information for cell MUX2D0... (SMSC-60)
Info:    Current directory '/home/linux/ieng6/ee260bwi20/haz023/lab5/run_siliconsmart/LIB_FF_1.1_-40_ALL' (SIM-68)
Info:    Working in directory '/home/linux/ieng6/ee260bwi20/haz023/lab5/run_siliconsmart/LIB_FF_1.1_-40_ALL/temp/siliconsmart.ieng6-249.53689.5719/Cin__I0__hl__ACQ_1.sif_0' (SIM-69)
Info:    Executing 'hspice deck.cir -o deck' (SIM-30)
Warning: return code 0 (hspice: No such file or directory)
Info:    Simulation Cin__I0__hl__ACQ_1.sif for cell MUX2D0 completed successfully. (SMSC-103)
Info:    IO Retry 0
Info:    set _SIS_CLIENT_RESULT_ {{MUX2D0 Cin__I0__hl__ACQ_1 {sifTS 0.0 sifName /home/linux/ieng6/ee260bwi20/haz023/lab5/run_siliconsmart/LIB_FF_1.1_-40_ALL/temp/siliconsmart.ieng6-249.53689.5719/Cin__I0__hl__ACQ_1.sif eadCksum 4ffd958abf72186ade1569c3ee4a2468 simulationCount 1 exportVars {} errorList {} sofName /home/linux/ieng6/ee260bwi20/haz023/lab5/run_siliconsmart/LIB_FF_1.1_-40_ALL/temp/siliconsmart.ieng6-249.53689.5719/Cin__I0__hl__ACQ_1.sof eadTS 0.0 eadName /home/linux/ieng6/ee260bwi20/haz023/lab5/run_siliconsmart/LIB_FF_1.1_-40_ALL/temp/siliconsmart.ieng6-249.53689.5719/Cin__I0__hl__ACQ_1.ead enableCache 0 status done depFiles /home/linux/ieng6/ee260bwi20/haz023/lab5/run_siliconsmart/LIB_FF_1.1_-40_ALL/netlists/MUX2D0.cdl sifCksum 0e73a571c48943ee167a0e5177652ad9}}}
Info:    _SIS_CLIENT_RESULT_END
Info:    __recordTaskStats__ MUX2D0 Cin__I0__hl__ACQ_1 0.1 0.01 0.55 0.12 1 5.22146201134 ieng6-249.ucsd.edu 1582327073.35 1582327078.57
Info:    Loading information for cell MUX2D0... (SMSC-60)
Info:    Current directory '/home/linux/ieng6/ee260bwi20/haz023/lab5/run_siliconsmart/LIB_FF_1.1_-40_ALL' (SIM-68)
Info:    Working in directory '/home/linux/ieng6/ee260bwi20/haz023/lab5/run_siliconsmart/LIB_FF_1.1_-40_ALL/temp/siliconsmart.ieng6-249.53689.5719/Cin__I0__lh__ACQ_1.sif_0' (SIM-69)
Info:    Executing 'hspice deck.cir -o deck' (SIM-30)
Warning: return code 0 (hspice: No such file or directory)
Info:    Simulation Cin__I0__lh__ACQ_1.sif for cell MUX2D0 completed successfully. (SMSC-103)
Info:    IO Retry 0
Info:    set _SIS_CLIENT_RESULT_ {{MUX2D0 Cin__I0__lh__ACQ_1 {sifTS 0.0 sifName /home/linux/ieng6/ee260bwi20/haz023/lab5/run_siliconsmart/LIB_FF_1.1_-40_ALL/temp/siliconsmart.ieng6-249.53689.5719/Cin__I0__lh__ACQ_1.sif eadCksum 1f91fd52935e4bbe477448349b9ccb5e simulationCount 1 exportVars {} errorList {} sofName /home/linux/ieng6/ee260bwi20/haz023/lab5/run_siliconsmart/LIB_FF_1.1_-40_ALL/temp/siliconsmart.ieng6-249.53689.5719/Cin__I0__lh__ACQ_1.sof eadTS 0.0 eadName /home/linux/ieng6/ee260bwi20/haz023/lab5/run_siliconsmart/LIB_FF_1.1_-40_ALL/temp/siliconsmart.ieng6-249.53689.5719/Cin__I0__lh__ACQ_1.ead enableCache 0 status done depFiles /home/linux/ieng6/ee260bwi20/haz023/lab5/run_siliconsmart/LIB_FF_1.1_-40_ALL/netlists/MUX2D0.cdl sifCksum 018231bb9267558ed36dbbce953bb83d}}}
Info:    _SIS_CLIENT_RESULT_END
Info:    __recordTaskStats__ MUX2D0 Cin__I0__lh__ACQ_1 0.1 0.02 0.71 0.16 1 6.21012878418 ieng6-249.ucsd.edu 1582327078.58 1582327084.79
Info:    Loading information for cell MUX2D1... (SMSC-60)
Info:    Current directory '/home/linux/ieng6/ee260bwi20/haz023/lab5/run_siliconsmart/LIB_FF_1.1_-40_ALL' (SIM-68)
Info:    Working in directory '/home/linux/ieng6/ee260bwi20/haz023/lab5/run_siliconsmart/LIB_FF_1.1_-40_ALL/temp/siliconsmart.ieng6-249.53689.5719/delay__S__hl__Z__hl__ACQ_1.sif_0' (SIM-69)
Info:    Executing 'hspice deck.cir -o deck' (SIM-30)
Warning: return code 0 (hspice: No such file or directory)
Info:    Simulation delay__S__hl__Z__hl__ACQ_1.sif for cell MUX2D1 completed successfully. (SMSC-103)
Info:    IO Retry 0
Info:    set _SIS_CLIENT_RESULT_ {{MUX2D1 delay__S__hl__Z__hl__ACQ_1 {sifTS 0.0 sifName /home/linux/ieng6/ee260bwi20/haz023/lab5/run_siliconsmart/LIB_FF_1.1_-40_ALL/temp/siliconsmart.ieng6-249.53689.5719/delay__S__hl__Z__hl__ACQ_1.sif eadCksum 71916eaefbf3ed638f316b0a4b08e1c8 simulationCount 1 exportVars {} errorList {} sofName /home/linux/ieng6/ee260bwi20/haz023/lab5/run_siliconsmart/LIB_FF_1.1_-40_ALL/temp/siliconsmart.ieng6-249.53689.5719/delay__S__hl__Z__hl__ACQ_1.sof eadTS 0.0 eadName /home/linux/ieng6/ee260bwi20/haz023/lab5/run_siliconsmart/LIB_FF_1.1_-40_ALL/temp/siliconsmart.ieng6-249.53689.5719/delay__S__hl__Z__hl__ACQ_1.ead enableCache 0 status done depFiles /home/linux/ieng6/ee260bwi20/haz023/lab5/run_siliconsmart/LIB_FF_1.1_-40_ALL/netlists/MUX2D1.cdl sifCksum 2efb65cc0ed7c2b04010ae901f95d737}}}
Info:    _SIS_CLIENT_RESULT_END
Info:    __recordTaskStats__ MUX2D1 delay__S__hl__Z__hl__ACQ_1 0.27 0.01 2.49 0.29 1 22.5389239788 ieng6-249.ucsd.edu 1582327084.93 1582327107.47
Info:    Loading information for cell MUX2D4... (SMSC-60)
Info:    Current directory '/home/linux/ieng6/ee260bwi20/haz023/lab5/run_siliconsmart/LIB_FF_1.1_-40_ALL' (SIM-68)
Info:    Working in directory '/home/linux/ieng6/ee260bwi20/haz023/lab5/run_siliconsmart/LIB_FF_1.1_-40_ALL/temp/siliconsmart.ieng6-249.53689.5719/leakage_power__ACQ_1.sif_0' (SIM-69)
Info:    Executing 'hspice deck.cir -o deck' (SIM-30)
Warning: return code 0 (hspice: No such file or directory)
Info:    Simulation leakage_power__ACQ_1.sif for cell MUX2D4 completed successfully. (SMSC-103)
Info:    IO Retry 0
Info:    set _SIS_CLIENT_RESULT_ {{MUX2D4 leakage_power__ACQ_1 {sifTS 0.0 sifName /home/linux/ieng6/ee260bwi20/haz023/lab5/run_siliconsmart/LIB_FF_1.1_-40_ALL/temp/siliconsmart.ieng6-249.53689.5719/leakage_power__ACQ_1.sif eadCksum 9ab7c98ea626acda3c432276cfdb9482 simulationCount 1 exportVars {} errorList {} sofName /home/linux/ieng6/ee260bwi20/haz023/lab5/run_siliconsmart/LIB_FF_1.1_-40_ALL/temp/siliconsmart.ieng6-249.53689.5719/leakage_power__ACQ_1.sof eadTS 0.0 eadName /home/linux/ieng6/ee260bwi20/haz023/lab5/run_siliconsmart/LIB_FF_1.1_-40_ALL/temp/siliconsmart.ieng6-249.53689.5719/leakage_power__ACQ_1.ead enableCache 0 status done depFiles /home/linux/ieng6/ee260bwi20/haz023/lab5/run_siliconsmart/LIB_FF_1.1_-40_ALL/netlists/MUX2D4.cdl sifCksum d3f0239c14bf40f56b6b4c36fb3c6fb1}}}
Info:    _SIS_CLIENT_RESULT_END
Info:    __recordTaskStats__ MUX2D4 leakage_power__ACQ_1 0.12 0.02 0.36 0.1 1 4.25906610489 ieng6-249.ucsd.edu 1582327107.51 1582327111.77
Info:    Loading information for cell MUX2D4... (SMSC-60)
Info:    Current directory '/home/linux/ieng6/ee260bwi20/haz023/lab5/run_siliconsmart/LIB_FF_1.1_-40_ALL' (SIM-68)
Info:    Working in directory '/home/linux/ieng6/ee260bwi20/haz023/lab5/run_siliconsmart/LIB_FF_1.1_-40_ALL/temp/siliconsmart.ieng6-249.53689.5719/delay__S__hl__Z__lh__ACQ_1.sif_0' (SIM-69)
Info:    Executing 'hspice deck.cir -o deck' (SIM-30)
Warning: return code 0 (hspice: No such file or directory)
Info:    Simulation delay__S__hl__Z__lh__ACQ_1.sif for cell MUX2D4 completed successfully. (SMSC-103)
Info:    IO Retry 0
Info:    set _SIS_CLIENT_RESULT_ {{MUX2D4 delay__S__hl__Z__lh__ACQ_1 {sifTS 0.0 sifName /home/linux/ieng6/ee260bwi20/haz023/lab5/run_siliconsmart/LIB_FF_1.1_-40_ALL/temp/siliconsmart.ieng6-249.53689.5719/delay__S__hl__Z__lh__ACQ_1.sif eadCksum 8e55978c69b499026c966acfdbfea50d simulationCount 1 exportVars {} errorList {} sofName /home/linux/ieng6/ee260bwi20/haz023/lab5/run_siliconsmart/LIB_FF_1.1_-40_ALL/temp/siliconsmart.ieng6-249.53689.5719/delay__S__hl__Z__lh__ACQ_1.sof eadTS 0.0 eadName /home/linux/ieng6/ee260bwi20/haz023/lab5/run_siliconsmart/LIB_FF_1.1_-40_ALL/temp/siliconsmart.ieng6-249.53689.5719/delay__S__hl__Z__lh__ACQ_1.ead enableCache 0 status done depFiles /home/linux/ieng6/ee260bwi20/haz023/lab5/run_siliconsmart/LIB_FF_1.1_-40_ALL/netlists/MUX2D4.cdl sifCksum 7b18b438e65a61a9faaf7a6838ba93da}}}
Info:    _SIS_CLIENT_RESULT_END
Info:    __recordTaskStats__ MUX2D4 delay__S__hl__Z__lh__ACQ_1 0.14 0.01 3.19 0.26 1 28.707406044 ieng6-249.ucsd.edu 1582327111.77 1582327140.48
Info:    Loading information for cell OAI21D4... (SMSC-60)
Info:    Current directory '/home/linux/ieng6/ee260bwi20/haz023/lab5/run_siliconsmart/LIB_FF_1.1_-40_ALL' (SIM-68)
Info:    Working in directory '/home/linux/ieng6/ee260bwi20/haz023/lab5/run_siliconsmart/LIB_FF_1.1_-40_ALL/temp/siliconsmart.ieng6-249.53689.5719/leakage_power__ACQ_4.sif_0' (SIM-69)
Info:    Executing 'hspice deck.cir -o deck' (SIM-30)
Warning: return code 0 (hspice: No such file or directory)
Info:    Simulation leakage_power__ACQ_4.sif for cell OAI21D4 completed successfully. (SMSC-103)
Info:    IO Retry 0
Info:    set _SIS_CLIENT_RESULT_ {{OAI21D4 leakage_power__ACQ_4 {sifTS 0.0 sifName /home/linux/ieng6/ee260bwi20/haz023/lab5/run_siliconsmart/LIB_FF_1.1_-40_ALL/temp/siliconsmart.ieng6-249.53689.5719/leakage_power__ACQ_4.sif eadCksum 7a5d714cdf0221d7d108802fdc86045f simulationCount 1 exportVars {} errorList {} sofName /home/linux/ieng6/ee260bwi20/haz023/lab5/run_siliconsmart/LIB_FF_1.1_-40_ALL/temp/siliconsmart.ieng6-249.53689.5719/leakage_power__ACQ_4.sof eadTS 0.0 eadName /home/linux/ieng6/ee260bwi20/haz023/lab5/run_siliconsmart/LIB_FF_1.1_-40_ALL/temp/siliconsmart.ieng6-249.53689.5719/leakage_power__ACQ_4.ead enableCache 0 status done depFiles /home/linux/ieng6/ee260bwi20/haz023/lab5/run_siliconsmart/LIB_FF_1.1_-40_ALL/netlists/OAI21D4.cdl sifCksum 5a17c301cbdcf7b3e061e45b40b3d203}}}
Info:    _SIS_CLIENT_RESULT_END
Info:    __recordTaskStats__ OAI21D4 leakage_power__ACQ_4 0.12 0.01 0.43 0.14 1 5.22950601578 ieng6-249.ucsd.edu 1582327140.49 1582327145.72
Info:    Loading information for cell AN2D0... (SMSC-60)
Info:    Current directory '/home/linux/ieng6/ee260bwi20/haz023/lab5/run_siliconsmart/LIB_FF_1.1_-40_ALL' (SIM-68)
Info:    Working in directory '/home/linux/ieng6/ee260bwi20/haz023/lab5/run_siliconsmart/LIB_FF_1.1_-40_ALL/temp/siliconsmart.ieng6-249.53689.5719/delay__A1__lh__Z__lh__ACQ_1.sif_0' (SIM-69)
Info:    Executing 'hspice deck.cir -o deck' (SIM-30)
Warning: return code 0 (hspice: No such file or directory)
Info:    Simulation delay__A1__lh__Z__lh__ACQ_1.sif for cell AN2D0 completed successfully. (SMSC-103)
Info:    IO Retry 0
Info:    set _SIS_CLIENT_RESULT_ {{AN2D0 delay__A1__lh__Z__lh__ACQ_1 {sifTS 0.0 sifName /home/linux/ieng6/ee260bwi20/haz023/lab5/run_siliconsmart/LIB_FF_1.1_-40_ALL/temp/siliconsmart.ieng6-249.53689.5719/delay__A1__lh__Z__lh__ACQ_1.sif eadCksum 638d17035654d2525f20acc0a473756f simulationCount 1 exportVars {} errorList {} sofName /home/linux/ieng6/ee260bwi20/haz023/lab5/run_siliconsmart/LIB_FF_1.1_-40_ALL/temp/siliconsmart.ieng6-249.53689.5719/delay__A1__lh__Z__lh__ACQ_1.sof eadTS 0.0 eadName /home/linux/ieng6/ee260bwi20/haz023/lab5/run_siliconsmart/LIB_FF_1.1_-40_ALL/temp/siliconsmart.ieng6-249.53689.5719/delay__A1__lh__Z__lh__ACQ_1.ead enableCache 0 status done depFiles /home/linux/ieng6/ee260bwi20/haz023/lab5/run_siliconsmart/LIB_FF_1.1_-40_ALL/netlists/AN2D0.cdl sifCksum 8d2c217b32d3f201a9b63e2e741c9eb3}}}
Info:    _SIS_CLIENT_RESULT_END
Info:    __recordTaskStats__ AN2D0 delay__A1__lh__Z__lh__ACQ_1 0.18 0.02 1.36 0.21 1 12.2769880295 ieng6-249.ucsd.edu 1582327145.72 1582327158.0
Info:    Loading information for cell AN2D2... (SMSC-60)
Info:    Current directory '/home/linux/ieng6/ee260bwi20/haz023/lab5/run_siliconsmart/LIB_FF_1.1_-40_ALL' (SIM-68)
Info:    Working in directory '/home/linux/ieng6/ee260bwi20/haz023/lab5/run_siliconsmart/LIB_FF_1.1_-40_ALL/temp/siliconsmart.ieng6-249.53689.5719/delay__A2__lh__Z__lh__ACQ_1.sif_0' (SIM-69)
Info:    Executing 'hspice deck.cir -o deck' (SIM-30)
Warning: return code 0 (hspice: No such file or directory)
Info:    Simulation delay__A2__lh__Z__lh__ACQ_1.sif for cell AN2D2 completed successfully. (SMSC-103)
Info:    IO Retry 0
Info:    set _SIS_CLIENT_RESULT_ {{AN2D2 delay__A2__lh__Z__lh__ACQ_1 {sifTS 0.0 sifName /home/linux/ieng6/ee260bwi20/haz023/lab5/run_siliconsmart/LIB_FF_1.1_-40_ALL/temp/siliconsmart.ieng6-249.53689.5719/delay__A2__lh__Z__lh__ACQ_1.sif eadCksum 148a8995df1edb57d97c53ceb845eace simulationCount 1 exportVars {} errorList {} sofName /home/linux/ieng6/ee260bwi20/haz023/lab5/run_siliconsmart/LIB_FF_1.1_-40_ALL/temp/siliconsmart.ieng6-249.53689.5719/delay__A2__lh__Z__lh__ACQ_1.sof eadTS 0.0 eadName /home/linux/ieng6/ee260bwi20/haz023/lab5/run_siliconsmart/LIB_FF_1.1_-40_ALL/temp/siliconsmart.ieng6-249.53689.5719/delay__A2__lh__Z__lh__ACQ_1.ead enableCache 0 status done depFiles /home/linux/ieng6/ee260bwi20/haz023/lab5/run_siliconsmart/LIB_FF_1.1_-40_ALL/netlists/AN2D2.cdl sifCksum daeb48475295899b38e3914eee5016c6}}}
Info:    _SIS_CLIENT_RESULT_END
Info:    __recordTaskStats__ AN2D2 delay__A2__lh__Z__lh__ACQ_1 0.15 0.01 1.93 0.24 1 17.4451711178 ieng6-249.ucsd.edu 1582327158.04 1582327175.48
Info:    Loading information for cell ND2D0... (SMSC-60)
Info:    Current directory '/home/linux/ieng6/ee260bwi20/haz023/lab5/run_siliconsmart/LIB_FF_1.1_-40_ALL' (SIM-68)
Info:    Working in directory '/home/linux/ieng6/ee260bwi20/haz023/lab5/run_siliconsmart/LIB_FF_1.1_-40_ALL/temp/siliconsmart.ieng6-249.53689.5719/delay__A2__lh__ZN__hl__ACQ_1.sif_0' (SIM-69)
Info:    Executing 'hspice deck.cir -o deck' (SIM-30)
Warning: return code 0 (hspice: No such file or directory)
Info:    Simulation delay__A2__lh__ZN__hl__ACQ_1.sif for cell ND2D0 completed successfully. (SMSC-103)
Info:    IO Retry 0
Info:    set _SIS_CLIENT_RESULT_ {{ND2D0 delay__A2__lh__ZN__hl__ACQ_1 {sifTS 0.0 sifName /home/linux/ieng6/ee260bwi20/haz023/lab5/run_siliconsmart/LIB_FF_1.1_-40_ALL/temp/siliconsmart.ieng6-249.53689.5719/delay__A2__lh__ZN__hl__ACQ_1.sif eadCksum c55d87d0ae24600b4bade306e69ed2ad simulationCount 1 exportVars {} errorList {} sofName /home/linux/ieng6/ee260bwi20/haz023/lab5/run_siliconsmart/LIB_FF_1.1_-40_ALL/temp/siliconsmart.ieng6-249.53689.5719/delay__A2__lh__ZN__hl__ACQ_1.sof eadTS 0.0 eadName /home/linux/ieng6/ee260bwi20/haz023/lab5/run_siliconsmart/LIB_FF_1.1_-40_ALL/temp/siliconsmart.ieng6-249.53689.5719/delay__A2__lh__ZN__hl__ACQ_1.ead enableCache 0 status done depFiles /home/linux/ieng6/ee260bwi20/haz023/lab5/run_siliconsmart/LIB_FF_1.1_-40_ALL/netlists/ND2D0.cdl sifCksum a5578e0d52d65b2398ba12297dae018f}}}
Info:    _SIS_CLIENT_RESULT_END
Info:    __recordTaskStats__ ND2D0 delay__A2__lh__ZN__hl__ACQ_1 0.16 0.02 1.6 0.22 1 13.0375440121 ieng6-249.ucsd.edu 1582327175.48 1582327188.52
Info:    Loading information for cell ND2D3... (SMSC-60)
Info:    Current directory '/home/linux/ieng6/ee260bwi20/haz023/lab5/run_siliconsmart/LIB_FF_1.1_-40_ALL' (SIM-68)
Info:    Working in directory '/home/linux/ieng6/ee260bwi20/haz023/lab5/run_siliconsmart/LIB_FF_1.1_-40_ALL/temp/siliconsmart.ieng6-249.53689.5719/delay__A2__lh__ZN__hl__ACQ_1.sif_0' (SIM-69)
Info:    Executing 'hspice deck.cir -o deck' (SIM-30)
Warning: return code 0 (hspice: No such file or directory)
Info:    Simulation delay__A2__lh__ZN__hl__ACQ_1.sif for cell ND2D3 completed successfully. (SMSC-103)
Info:    IO Retry 0
Info:    set _SIS_CLIENT_RESULT_ {{ND2D3 delay__A2__lh__ZN__hl__ACQ_1 {sifTS 0.0 sifName /home/linux/ieng6/ee260bwi20/haz023/lab5/run_siliconsmart/LIB_FF_1.1_-40_ALL/temp/siliconsmart.ieng6-249.53689.5719/delay__A2__lh__ZN__hl__ACQ_1.sif eadCksum 9948587e55b94593e61506416e5373ae simulationCount 1 exportVars {} errorList {} sofName /home/linux/ieng6/ee260bwi20/haz023/lab5/run_siliconsmart/LIB_FF_1.1_-40_ALL/temp/siliconsmart.ieng6-249.53689.5719/delay__A2__lh__ZN__hl__ACQ_1.sof eadTS 0.0 eadName /home/linux/ieng6/ee260bwi20/haz023/lab5/run_siliconsmart/LIB_FF_1.1_-40_ALL/temp/siliconsmart.ieng6-249.53689.5719/delay__A2__lh__ZN__hl__ACQ_1.ead enableCache 0 status done depFiles /home/linux/ieng6/ee260bwi20/haz023/lab5/run_siliconsmart/LIB_FF_1.1_-40_ALL/netlists/ND2D3.cdl sifCksum 6fd09b3ad141749dc3cd1abc042e10a1}}}
Info:    _SIS_CLIENT_RESULT_END
Info:    __recordTaskStats__ ND2D3 delay__A2__lh__ZN__hl__ACQ_1 0.74 0.11 4.24 0.57 1 166.725203991 ieng6-249.ucsd.edu 1582327188.52 1582327355.25
Info:    Loading information for cell NR2D1... (SMSC-60)
Info:    Current directory '/home/linux/ieng6/ee260bwi20/haz023/lab5/run_siliconsmart/LIB_FF_1.1_-40_ALL' (SIM-68)
Info:    Working in directory '/home/linux/ieng6/ee260bwi20/haz023/lab5/run_siliconsmart/LIB_FF_1.1_-40_ALL/temp/siliconsmart.ieng6-249.53689.5719/delay__A1__lh__ZN__hl__ACQ_1.sif_0' (SIM-69)
Info:    Executing 'hspice deck.cir -o deck' (SIM-30)
Warning: return code 0 (hspice: No such file or directory)
Info:    Simulation delay__A1__lh__ZN__hl__ACQ_1.sif for cell NR2D1 completed successfully. (SMSC-103)
Info:    IO Retry 0
Info:    set _SIS_CLIENT_RESULT_ {{NR2D1 delay__A1__lh__ZN__hl__ACQ_1 {sifTS 0.0 sifName /home/linux/ieng6/ee260bwi20/haz023/lab5/run_siliconsmart/LIB_FF_1.1_-40_ALL/temp/siliconsmart.ieng6-249.53689.5719/delay__A1__lh__ZN__hl__ACQ_1.sif eadCksum 044c165cc4a7c319d4d930d9ffac51b6 simulationCount 1 exportVars {} errorList {} sofName /home/linux/ieng6/ee260bwi20/haz023/lab5/run_siliconsmart/LIB_FF_1.1_-40_ALL/temp/siliconsmart.ieng6-249.53689.5719/delay__A1__lh__ZN__hl__ACQ_1.sof eadTS 0.0 eadName /home/linux/ieng6/ee260bwi20/haz023/lab5/run_siliconsmart/LIB_FF_1.1_-40_ALL/temp/siliconsmart.ieng6-249.53689.5719/delay__A1__lh__ZN__hl__ACQ_1.ead enableCache 0 status done depFiles /home/linux/ieng6/ee260bwi20/haz023/lab5/run_siliconsmart/LIB_FF_1.1_-40_ALL/netlists/NR2D1.cdl sifCksum df4bc239de36ac7f8a5cb521a767b69e}}}
Info:    _SIS_CLIENT_RESULT_END
Info:    __recordTaskStats__ NR2D1 delay__A1__lh__ZN__hl__ACQ_1 0.15 0.02 1.27 0.16 1 12.3747940063 ieng6-249.ucsd.edu 1582327355.28 1582327367.65
Info:    Loading information for cell NR2D4... (SMSC-60)
Info:    Current directory '/home/linux/ieng6/ee260bwi20/haz023/lab5/run_siliconsmart/LIB_FF_1.1_-40_ALL' (SIM-68)
Info:    Working in directory '/home/linux/ieng6/ee260bwi20/haz023/lab5/run_siliconsmart/LIB_FF_1.1_-40_ALL/temp/siliconsmart.ieng6-249.53689.5719/Cin__A1__hl__ACQ_1.sif_0' (SIM-69)
Info:    Executing 'hspice deck.cir -o deck' (SIM-30)
Warning: return code 0 (hspice: No such file or directory)
Info:    Simulation Cin__A1__hl__ACQ_1.sif for cell NR2D4 completed successfully. (SMSC-103)
Info:    IO Retry 0
Info:    set _SIS_CLIENT_RESULT_ {{NR2D4 Cin__A1__hl__ACQ_1 {sifTS 0.0 sifName /home/linux/ieng6/ee260bwi20/haz023/lab5/run_siliconsmart/LIB_FF_1.1_-40_ALL/temp/siliconsmart.ieng6-249.53689.5719/Cin__A1__hl__ACQ_1.sif eadCksum 7ace3032d7a9a16798dab0697df42b3d simulationCount 1 exportVars {} errorList {} sofName /home/linux/ieng6/ee260bwi20/haz023/lab5/run_siliconsmart/LIB_FF_1.1_-40_ALL/temp/siliconsmart.ieng6-249.53689.5719/Cin__A1__hl__ACQ_1.sof eadTS 0.0 eadName /home/linux/ieng6/ee260bwi20/haz023/lab5/run_siliconsmart/LIB_FF_1.1_-40_ALL/temp/siliconsmart.ieng6-249.53689.5719/Cin__A1__hl__ACQ_1.ead enableCache 0 status done depFiles /home/linux/ieng6/ee260bwi20/haz023/lab5/run_siliconsmart/LIB_FF_1.1_-40_ALL/netlists/NR2D4.cdl sifCksum e753c39ad92ea8ee75439d93f6e3009b}}}
Info:    _SIS_CLIENT_RESULT_END
Info:    __recordTaskStats__ NR2D4 Cin__A1__hl__ACQ_1 0.09 0.01 0.54 0.09 1 4.83181905746 ieng6-249.ucsd.edu 1582327367.65 1582327372.49
Info:    Loading information for cell OR2D0... (SMSC-60)
Info:    Current directory '/home/linux/ieng6/ee260bwi20/haz023/lab5/run_siliconsmart/LIB_FF_1.1_-40_ALL' (SIM-68)
Info:    Working in directory '/home/linux/ieng6/ee260bwi20/haz023/lab5/run_siliconsmart/LIB_FF_1.1_-40_ALL/temp/siliconsmart.ieng6-249.53689.5719/Cin__A2__hl__ACQ_1.sif_0' (SIM-69)
Info:    Executing 'hspice deck.cir -o deck' (SIM-30)
Warning: return code 0 (hspice: No such file or directory)
Info:    Simulation Cin__A2__hl__ACQ_1.sif for cell OR2D0 completed successfully. (SMSC-103)
Info:    IO Retry 0
Info:    set _SIS_CLIENT_RESULT_ {{OR2D0 Cin__A2__hl__ACQ_1 {sifTS 0.0 sifName /home/linux/ieng6/ee260bwi20/haz023/lab5/run_siliconsmart/LIB_FF_1.1_-40_ALL/temp/siliconsmart.ieng6-249.53689.5719/Cin__A2__hl__ACQ_1.sif eadCksum 37ce42ff41c121f193c1f1aa9fc4bec4 simulationCount 1 exportVars {} errorList {} sofName /home/linux/ieng6/ee260bwi20/haz023/lab5/run_siliconsmart/LIB_FF_1.1_-40_ALL/temp/siliconsmart.ieng6-249.53689.5719/Cin__A2__hl__ACQ_1.sof eadTS 0.0 eadName /home/linux/ieng6/ee260bwi20/haz023/lab5/run_siliconsmart/LIB_FF_1.1_-40_ALL/temp/siliconsmart.ieng6-249.53689.5719/Cin__A2__hl__ACQ_1.ead enableCache 0 status done depFiles /home/linux/ieng6/ee260bwi20/haz023/lab5/run_siliconsmart/LIB_FF_1.1_-40_ALL/netlists/OR2D0.cdl sifCksum e88a8b6f77e8eccd1ab49b877bc3bbe0}}}
Info:    _SIS_CLIENT_RESULT_END
Info:    __recordTaskStats__ OR2D0 Cin__A2__hl__ACQ_1 0.08 0.01 0.43 0.1 1 4.59785509109 ieng6-249.ucsd.edu 1582327372.49 1582327377.08
Info:    Loading information for cell OR2D1... (SMSC-60)
Info:    Current directory '/home/linux/ieng6/ee260bwi20/haz023/lab5/run_siliconsmart/LIB_FF_1.1_-40_ALL' (SIM-68)
Info:    Working in directory '/home/linux/ieng6/ee260bwi20/haz023/lab5/run_siliconsmart/LIB_FF_1.1_-40_ALL/temp/siliconsmart.ieng6-249.53689.5719/Cin__A2__hl__ACQ_1.sif_0' (SIM-69)
Info:    Executing 'hspice deck.cir -o deck' (SIM-30)
Warning: return code 0 (hspice: No such file or directory)
Info:    Simulation Cin__A2__hl__ACQ_1.sif for cell OR2D1 completed successfully. (SMSC-103)
Info:    IO Retry 0
Info:    set _SIS_CLIENT_RESULT_ {{OR2D1 Cin__A2__hl__ACQ_1 {sifTS 0.0 sifName /home/linux/ieng6/ee260bwi20/haz023/lab5/run_siliconsmart/LIB_FF_1.1_-40_ALL/temp/siliconsmart.ieng6-249.53689.5719/Cin__A2__hl__ACQ_1.sif eadCksum c348c2e09b2bfd8e5d8b69221940d3f0 simulationCount 1 exportVars {} errorList {} sofName /home/linux/ieng6/ee260bwi20/haz023/lab5/run_siliconsmart/LIB_FF_1.1_-40_ALL/temp/siliconsmart.ieng6-249.53689.5719/Cin__A2__hl__ACQ_1.sof eadTS 0.0 eadName /home/linux/ieng6/ee260bwi20/haz023/lab5/run_siliconsmart/LIB_FF_1.1_-40_ALL/temp/siliconsmart.ieng6-249.53689.5719/Cin__A2__hl__ACQ_1.ead enableCache 0 status done depFiles /home/linux/ieng6/ee260bwi20/haz023/lab5/run_siliconsmart/LIB_FF_1.1_-40_ALL/netlists/OR2D1.cdl sifCksum 4248a3e77e3b55c22e072234c3c7c1a5}}}
Info:    _SIS_CLIENT_RESULT_END
Info:    __recordTaskStats__ OR2D1 Cin__A2__hl__ACQ_1 0.09 0.01 0.41 0.1 1 4.16307282448 ieng6-249.ucsd.edu 1582327377.09 1582327381.25
Info:    Loading information for cell OR2D1... (SMSC-60)
Info:    Current directory '/home/linux/ieng6/ee260bwi20/haz023/lab5/run_siliconsmart/LIB_FF_1.1_-40_ALL' (SIM-68)
Info:    Working in directory '/home/linux/ieng6/ee260bwi20/haz023/lab5/run_siliconsmart/LIB_FF_1.1_-40_ALL/temp/siliconsmart.ieng6-249.53689.5719/Cin__A1__hl__ACQ_1.sif_0' (SIM-69)
Info:    Executing 'hspice deck.cir -o deck' (SIM-30)
Warning: return code 0 (hspice: No such file or directory)
Info:    Simulation Cin__A1__hl__ACQ_1.sif for cell OR2D1 completed successfully. (SMSC-103)
Info:    IO Retry 0
Info:    set _SIS_CLIENT_RESULT_ {{OR2D1 Cin__A1__hl__ACQ_1 {sifTS 0.0 sifName /home/linux/ieng6/ee260bwi20/haz023/lab5/run_siliconsmart/LIB_FF_1.1_-40_ALL/temp/siliconsmart.ieng6-249.53689.5719/Cin__A1__hl__ACQ_1.sif eadCksum 915d499f0fdaf3409e34b25ac2796d7a simulationCount 1 exportVars {} errorList {} sofName /home/linux/ieng6/ee260bwi20/haz023/lab5/run_siliconsmart/LIB_FF_1.1_-40_ALL/temp/siliconsmart.ieng6-249.53689.5719/Cin__A1__hl__ACQ_1.sof eadTS 0.0 eadName /home/linux/ieng6/ee260bwi20/haz023/lab5/run_siliconsmart/LIB_FF_1.1_-40_ALL/temp/siliconsmart.ieng6-249.53689.5719/Cin__A1__hl__ACQ_1.ead enableCache 0 status done depFiles /home/linux/ieng6/ee260bwi20/haz023/lab5/run_siliconsmart/LIB_FF_1.1_-40_ALL/netlists/OR2D1.cdl sifCksum 6e0272223922a092ba709d0a633108e6}}}
Info:    _SIS_CLIENT_RESULT_END
Info:    __recordTaskStats__ OR2D1 Cin__A1__hl__ACQ_1 0.07 0.01 0.47 0.1 1 4.01345396042 ieng6-249.ucsd.edu 1582327381.25 1582327385.26
Info:    Loading information for cell OR2D4... (SMSC-60)
Info:    Current directory '/home/linux/ieng6/ee260bwi20/haz023/lab5/run_siliconsmart/LIB_FF_1.1_-40_ALL' (SIM-68)
Info:    Working in directory '/home/linux/ieng6/ee260bwi20/haz023/lab5/run_siliconsmart/LIB_FF_1.1_-40_ALL/temp/siliconsmart.ieng6-249.53689.5719/Cin__A2__hl__ACQ_1.sif_0' (SIM-69)
Info:    Executing 'hspice deck.cir -o deck' (SIM-30)
Warning: return code 0 (hspice: No such file or directory)
Info:    Simulation Cin__A2__hl__ACQ_1.sif for cell OR2D4 completed successfully. (SMSC-103)
Info:    IO Retry 0
Info:    set _SIS_CLIENT_RESULT_ {{OR2D4 Cin__A2__hl__ACQ_1 {sifTS 0.0 sifName /home/linux/ieng6/ee260bwi20/haz023/lab5/run_siliconsmart/LIB_FF_1.1_-40_ALL/temp/siliconsmart.ieng6-249.53689.5719/Cin__A2__hl__ACQ_1.sif eadCksum 17b1cb965af0ad38cb2b39a100e926dd simulationCount 1 exportVars {} errorList {} sofName /home/linux/ieng6/ee260bwi20/haz023/lab5/run_siliconsmart/LIB_FF_1.1_-40_ALL/temp/siliconsmart.ieng6-249.53689.5719/Cin__A2__hl__ACQ_1.sof eadTS 0.0 eadName /home/linux/ieng6/ee260bwi20/haz023/lab5/run_siliconsmart/LIB_FF_1.1_-40_ALL/temp/siliconsmart.ieng6-249.53689.5719/Cin__A2__hl__ACQ_1.ead enableCache 0 status done depFiles /home/linux/ieng6/ee260bwi20/haz023/lab5/run_siliconsmart/LIB_FF_1.1_-40_ALL/netlists/OR2D4.cdl sifCksum 8dfe71da30c6a3f9974e9d5b986032ed}}}
Info:    _SIS_CLIENT_RESULT_END
Info:    __recordTaskStats__ OR2D4 Cin__A2__hl__ACQ_1 0.09 0.01 0.56 0.11 1 4.63459205627 ieng6-249.ucsd.edu 1582327385.27 1582327389.91
Info:    Loading information for cell OR2XD1... (SMSC-60)
Info:    Current directory '/home/linux/ieng6/ee260bwi20/haz023/lab5/run_siliconsmart/LIB_FF_1.1_-40_ALL' (SIM-68)
Info:    Working in directory '/home/linux/ieng6/ee260bwi20/haz023/lab5/run_siliconsmart/LIB_FF_1.1_-40_ALL/temp/siliconsmart.ieng6-249.53689.5719/leakage_power__ACQ_2.sif_0' (SIM-69)
Info:    Executing 'hspice deck.cir -o deck' (SIM-30)
Warning: return code 0 (hspice: No such file or directory)
Info:    Simulation leakage_power__ACQ_2.sif for cell OR2XD1 completed successfully. (SMSC-103)
Info:    IO Retry 0
Info:    set _SIS_CLIENT_RESULT_ {{OR2XD1 leakage_power__ACQ_2 {sifTS 0.0 sifName /home/linux/ieng6/ee260bwi20/haz023/lab5/run_siliconsmart/LIB_FF_1.1_-40_ALL/temp/siliconsmart.ieng6-249.53689.5719/leakage_power__ACQ_2.sif eadCksum b2bbe0946b53e5a50378661da698d0a6 simulationCount 1 exportVars {} errorList {} sofName /home/linux/ieng6/ee260bwi20/haz023/lab5/run_siliconsmart/LIB_FF_1.1_-40_ALL/temp/siliconsmart.ieng6-249.53689.5719/leakage_power__ACQ_2.sof eadTS 0.0 eadName /home/linux/ieng6/ee260bwi20/haz023/lab5/run_siliconsmart/LIB_FF_1.1_-40_ALL/temp/siliconsmart.ieng6-249.53689.5719/leakage_power__ACQ_2.ead enableCache 0 status done depFiles /home/linux/ieng6/ee260bwi20/haz023/lab5/run_siliconsmart/LIB_FF_1.1_-40_ALL/netlists/OR2XD1.cdl sifCksum 0ffa7a322dd87788367a6ac9bfd96cb1}}}
Info:    _SIS_CLIENT_RESULT_END
Info:    __recordTaskStats__ OR2XD1 leakage_power__ACQ_2 0.08 0.01 0.28 0.1 1 3.33948898315 ieng6-249.ucsd.edu 1582327389.92 1582327393.26
Info:    Loading information for cell XNR2D0... (SMSC-60)
Info:    Current directory '/home/linux/ieng6/ee260bwi20/haz023/lab5/run_siliconsmart/LIB_FF_1.1_-40_ALL' (SIM-68)
Info:    Working in directory '/home/linux/ieng6/ee260bwi20/haz023/lab5/run_siliconsmart/LIB_FF_1.1_-40_ALL/temp/siliconsmart.ieng6-249.53689.5719/delay__A1__lh__ZN__hl__ACQ_1.sif_0' (SIM-69)
Info:    Executing 'hspice deck.cir -o deck' (SIM-30)
Warning: return code 0 (hspice: No such file or directory)
Info:    Simulation delay__A1__lh__ZN__hl__ACQ_1.sif for cell XNR2D0 completed successfully. (SMSC-103)
Info:    IO Retry 0
Info:    set _SIS_CLIENT_RESULT_ {{XNR2D0 delay__A1__lh__ZN__hl__ACQ_1 {sifTS 0.0 sifName /home/linux/ieng6/ee260bwi20/haz023/lab5/run_siliconsmart/LIB_FF_1.1_-40_ALL/temp/siliconsmart.ieng6-249.53689.5719/delay__A1__lh__ZN__hl__ACQ_1.sif eadCksum 40cbb9941ac26da194ed53551951b681 simulationCount 1 exportVars {} errorList {} sofName /home/linux/ieng6/ee260bwi20/haz023/lab5/run_siliconsmart/LIB_FF_1.1_-40_ALL/temp/siliconsmart.ieng6-249.53689.5719/delay__A1__lh__ZN__hl__ACQ_1.sof eadTS 0.0 eadName /home/linux/ieng6/ee260bwi20/haz023/lab5/run_siliconsmart/LIB_FF_1.1_-40_ALL/temp/siliconsmart.ieng6-249.53689.5719/delay__A1__lh__ZN__hl__ACQ_1.ead enableCache 0 status done depFiles /home/linux/ieng6/ee260bwi20/haz023/lab5/run_siliconsmart/LIB_FF_1.1_-40_ALL/netlists/XNR2D0.cdl sifCksum 751e0cee6341a72fd8d044f358539d9d}}}
Info:    _SIS_CLIENT_RESULT_END
Info:    __recordTaskStats__ XNR2D0 delay__A1__lh__ZN__hl__ACQ_1 0.19 0.01 2.14 0.19 1 18.6018202305 ieng6-249.ucsd.edu 1582327393.26 1582327411.86
Info:    Loading information for cell XNR2D4... (SMSC-60)
Info:    Current directory '/home/linux/ieng6/ee260bwi20/haz023/lab5/run_siliconsmart/LIB_FF_1.1_-40_ALL' (SIM-68)
Info:    Working in directory '/home/linux/ieng6/ee260bwi20/haz023/lab5/run_siliconsmart/LIB_FF_1.1_-40_ALL/temp/siliconsmart.ieng6-249.53689.5719/delay__A1__hl__ZN__lh__ACQ_1.sif_0' (SIM-69)
Info:    Executing 'hspice deck.cir -o deck' (SIM-30)
Warning: return code 0 (hspice: No such file or directory)
Info:    Simulation delay__A1__hl__ZN__lh__ACQ_1.sif for cell XNR2D4 completed successfully. (SMSC-103)
Info:    IO Retry 0
Info:    set _SIS_CLIENT_RESULT_ {{XNR2D4 delay__A1__hl__ZN__lh__ACQ_1 {sifTS 0.0 sifName /home/linux/ieng6/ee260bwi20/haz023/lab5/run_siliconsmart/LIB_FF_1.1_-40_ALL/temp/siliconsmart.ieng6-249.53689.5719/delay__A1__hl__ZN__lh__ACQ_1.sif eadCksum 083e375a32893d17ea48b8def8fa12c6 simulationCount 1 exportVars {} errorList {} sofName /home/linux/ieng6/ee260bwi20/haz023/lab5/run_siliconsmart/LIB_FF_1.1_-40_ALL/temp/siliconsmart.ieng6-249.53689.5719/delay__A1__hl__ZN__lh__ACQ_1.sof eadTS 0.0 eadName /home/linux/ieng6/ee260bwi20/haz023/lab5/run_siliconsmart/LIB_FF_1.1_-40_ALL/temp/siliconsmart.ieng6-249.53689.5719/delay__A1__hl__ZN__lh__ACQ_1.ead enableCache 0 status done depFiles /home/linux/ieng6/ee260bwi20/haz023/lab5/run_siliconsmart/LIB_FF_1.1_-40_ALL/netlists/XNR2D4.cdl sifCksum 4162750baa33b14540f8ed9109bcf783}}}
Info:    _SIS_CLIENT_RESULT_END
Info:    __recordTaskStats__ XNR2D4 delay__A1__hl__ZN__lh__ACQ_1 0.17 0.0 3.04 0.19 1 24.3805139065 ieng6-249.ucsd.edu 1582327411.87 1582327436.25
Info:    Loading information for cell BUFFD1... (SMSC-60)
Info:    Current directory '/home/linux/ieng6/ee260bwi20/haz023/lab5/run_siliconsmart/LIB_FF_1.1_-40_ALL' (SIM-68)
Info:    Working in directory '/home/linux/ieng6/ee260bwi20/haz023/lab5/run_siliconsmart/LIB_FF_1.1_-40_ALL/temp/siliconsmart.ieng6-249.53689.5719/delay__I__lh__Z__lh__ACQ_1.sif_0' (SIM-69)
Info:    Executing 'hspice deck.cir -o deck' (SIM-30)
Warning: return code 0 (hspice: No such file or directory)
Info:    Simulation delay__I__lh__Z__lh__ACQ_1.sif for cell BUFFD1 completed successfully. (SMSC-103)
Info:    IO Retry 0
Info:    set _SIS_CLIENT_RESULT_ {{BUFFD1 delay__I__lh__Z__lh__ACQ_1 {sifTS 0.0 sifName /home/linux/ieng6/ee260bwi20/haz023/lab5/run_siliconsmart/LIB_FF_1.1_-40_ALL/temp/siliconsmart.ieng6-249.53689.5719/delay__I__lh__Z__lh__ACQ_1.sif eadCksum 267e2cabcb005ecfbfd88fa8de39d8e5 simulationCount 1 exportVars {} errorList {} sofName /home/linux/ieng6/ee260bwi20/haz023/lab5/run_siliconsmart/LIB_FF_1.1_-40_ALL/temp/siliconsmart.ieng6-249.53689.5719/delay__I__lh__Z__lh__ACQ_1.sof eadTS 0.0 eadName /home/linux/ieng6/ee260bwi20/haz023/lab5/run_siliconsmart/LIB_FF_1.1_-40_ALL/temp/siliconsmart.ieng6-249.53689.5719/delay__I__lh__Z__lh__ACQ_1.ead enableCache 0 status done depFiles /home/linux/ieng6/ee260bwi20/haz023/lab5/run_siliconsmart/LIB_FF_1.1_-40_ALL/netlists/BUFFD1.cdl sifCksum 84408ec3e90fc67769fb5519803076db}}}
Info:    _SIS_CLIENT_RESULT_END
Info:    __recordTaskStats__ BUFFD1 delay__I__lh__Z__lh__ACQ_1 0.12 0.02 1.34 0.17 1 10.4363250732 ieng6-249.ucsd.edu 1582327436.27 1582327446.7
Info:    Loading information for cell BUFFD8... (SMSC-60)
Info:    Current directory '/home/linux/ieng6/ee260bwi20/haz023/lab5/run_siliconsmart/LIB_FF_1.1_-40_ALL' (SIM-68)
Info:    Working in directory '/home/linux/ieng6/ee260bwi20/haz023/lab5/run_siliconsmart/LIB_FF_1.1_-40_ALL/temp/siliconsmart.ieng6-249.53689.5719/delay__I__hl__Z__hl__ACQ_1.sif_0' (SIM-69)
Info:    Executing 'hspice deck.cir -o deck' (SIM-30)
Warning: return code 0 (hspice: No such file or directory)
Info:    Simulation delay__I__hl__Z__hl__ACQ_1.sif for cell BUFFD8 completed successfully. (SMSC-103)
Info:    IO Retry 0
Info:    set _SIS_CLIENT_RESULT_ {{BUFFD8 delay__I__hl__Z__hl__ACQ_1 {sifTS 0.0 sifName /home/linux/ieng6/ee260bwi20/haz023/lab5/run_siliconsmart/LIB_FF_1.1_-40_ALL/temp/siliconsmart.ieng6-249.53689.5719/delay__I__hl__Z__hl__ACQ_1.sif eadCksum b11c652e08ff937cb2b4d60550cb7a34 simulationCount 1 exportVars {} errorList {} sofName /home/linux/ieng6/ee260bwi20/haz023/lab5/run_siliconsmart/LIB_FF_1.1_-40_ALL/temp/siliconsmart.ieng6-249.53689.5719/delay__I__hl__Z__hl__ACQ_1.sof eadTS 0.0 eadName /home/linux/ieng6/ee260bwi20/haz023/lab5/run_siliconsmart/LIB_FF_1.1_-40_ALL/temp/siliconsmart.ieng6-249.53689.5719/delay__I__hl__Z__hl__ACQ_1.ead enableCache 0 status done depFiles /home/linux/ieng6/ee260bwi20/haz023/lab5/run_siliconsmart/LIB_FF_1.1_-40_ALL/netlists/BUFFD8.cdl sifCksum fb4ff3577e81a8f4742416f00996cb85}}}
Info:    _SIS_CLIENT_RESULT_END
Info:    __recordTaskStats__ BUFFD8 delay__I__hl__Z__hl__ACQ_1 0.12 0.01 2.52 0.18 1 20.462667942 ieng6-249.ucsd.edu 1582327446.71 1582327467.17
Info:    The char directory is /home/linux/ieng6/ee260bwi20/haz023/lab5/run_siliconsmart/LIB_FF_1.1_-40_ALL
Warning: Operating condition 'FF_1.1_-40_ALL' already exists, skipped.
Info:    Initializing modeler.
Info:    Creating recharacterized libraries. 
Info:    Reading /home/linux/ieng6/ee260bwi20/haz023/lab5/run_siliconsmart/LIB_FF_1.1_-40_ALL/models/liberty/cellmodels/header.lib ...
Info:    Reading /home/linux/ieng6/ee260bwi20/haz023/lab5/run_siliconsmart/LIB_FF_1.1_-40_ALL/models/liberty/cellmodels/AOI21D1.lib ...
Info:    Writing libraries ...
Info:    Creating Liberty file "/home/linux/ieng6/ee260bwi20/haz023/lab5/run_siliconsmart/LIB_FF_1.1_-40_ALL/models/liberty/cells/AOI21D1_FF_1.1_-40_ALL.lib".
Info:    re-positioning normalized_driver_waveform (ndw_ntin_nvolt_7x13) after templates
Info:    __recordTaskStats__ AOI21D1 modeling 1.56 0.02 0.02 0.06 1 11.0418488979 ieng6-249.ucsd.edu 1582327493.51 1582327504.55
Info:    set _SIS_CLIENT_RESULT_ {{AOI21D1 modeling {status done exportVars {} errorList {} sifName {} sofName {} eadName {} depFiles {} tmpHeader {FF_1.1_-40_ALL /home/linux/ieng6/ee260bwi20/haz023/lab5/run_siliconsmart/LIB_FF_1.1_-40_ALL/runtime/modeling/merge/AOI21D1_FF_1.1_-40_ALL.header} tmpBody {FF_1.1_-40_ALL_AOI21D1 /home/linux/ieng6/ee260bwi20/haz023/lab5/run_siliconsmart/LIB_FF_1.1_-40_ALL/runtime/modeling/merge/AOI21D1_FF_1.1_-40_ALL.body}}}}
Info:    _SIS_CLIENT_RESULT_END
Info:    Initializing modeler.
Info:    Creating recharacterized libraries. 
Info:    Reading /home/linux/ieng6/ee260bwi20/haz023/lab5/run_siliconsmart/LIB_FF_1.1_-40_ALL/models/liberty/cellmodels/header.lib ...
Info:    Reading /home/linux/ieng6/ee260bwi20/haz023/lab5/run_siliconsmart/LIB_FF_1.1_-40_ALL/models/liberty/cellmodels/NR2D1.lib ...
Info:    Writing libraries ...
Info:    Creating Liberty file "/home/linux/ieng6/ee260bwi20/haz023/lab5/run_siliconsmart/LIB_FF_1.1_-40_ALL/models/liberty/cells/NR2D1_FF_1.1_-40_ALL.lib".
Info:    __recordTaskStats__ NR2D1 modeling 1.56 0.04 0.01 0.05 1 12.0209889412 ieng6-249.ucsd.edu 1582327504.56 1582327516.58
Info:    set _SIS_CLIENT_RESULT_ {{NR2D1 modeling {status done exportVars {} errorList {} sifName {} sofName {} eadName {} depFiles {} tmpHeader {FF_1.1_-40_ALL /home/linux/ieng6/ee260bwi20/haz023/lab5/run_siliconsmart/LIB_FF_1.1_-40_ALL/runtime/modeling/merge/NR2D1_FF_1.1_-40_ALL.header} tmpBody {FF_1.1_-40_ALL_NR2D1 /home/linux/ieng6/ee260bwi20/haz023/lab5/run_siliconsmart/LIB_FF_1.1_-40_ALL/runtime/modeling/merge/NR2D1_FF_1.1_-40_ALL.body}}}}
Info:    _SIS_CLIENT_RESULT_END
Info:    Initializing modeler.
Info:    Creating recharacterized libraries. 
Info:    Reading /home/linux/ieng6/ee260bwi20/haz023/lab5/run_siliconsmart/LIB_FF_1.1_-40_ALL/models/liberty/cellmodels/header.lib ...
Info:    Reading /home/linux/ieng6/ee260bwi20/haz023/lab5/run_siliconsmart/LIB_FF_1.1_-40_ALL/models/liberty/cellmodels/INVD0.lib ...
Info:    Writing libraries ...
Info:    Creating Liberty file "/home/linux/ieng6/ee260bwi20/haz023/lab5/run_siliconsmart/LIB_FF_1.1_-40_ALL/models/liberty/cells/INVD0_FF_1.1_-40_ALL.lib".
Info:    __recordTaskStats__ INVD0 modeling 1.25 0.03 0.01 0.06 1 6.87867689133 ieng6-249.ucsd.edu 1582327516.59 1582327523.47
Info:    set _SIS_CLIENT_RESULT_ {{INVD0 modeling {status done exportVars {} errorList {} sifName {} sofName {} eadName {} depFiles {} tmpHeader {FF_1.1_-40_ALL /home/linux/ieng6/ee260bwi20/haz023/lab5/run_siliconsmart/LIB_FF_1.1_-40_ALL/runtime/modeling/merge/INVD0_FF_1.1_-40_ALL.header} tmpBody {FF_1.1_-40_ALL_INVD0 /home/linux/ieng6/ee260bwi20/haz023/lab5/run_siliconsmart/LIB_FF_1.1_-40_ALL/runtime/modeling/merge/INVD0_FF_1.1_-40_ALL.body}}}}
Info:    _SIS_CLIENT_RESULT_END
Info:    CDPL worker exited normally.
Info:    Maximum virtual memory size: 658.28MB
Info:    Switching log to /home/linux/ieng6/ee260bwi20/haz023/lab5/run_siliconsmart/LIB_FF_1.1_-40_ALL/runtime/cdpl/sis.W25.ieng6-249.ucsd.edu.5719.log at Fri Feb 21 15:25:29 2020
.
----------------------------------------------------------------------
----------------------------------------------------------------------
Info:    Switching log from /home/linux/ieng6/ee260bwi20/haz023/lab5/run_siliconsmart/LIB_FF_1.1_-40_ALL/temp/sis.haz023.5719.log at Fri Feb 21 15:25:29 2020
Info:    Log written by SiliconSmart version L-2016.06-SP1-2 on Fri Feb 21 15:25:29 2020
Info:    Build date: Dec 07, 2016 16:59:49
Info:    SiliconSmart Path: /acsnfs3/software/SiliconSmartAce-2016.06-SP1-2/linux64/bin/siliconsmart
Info:    Host Name: ieng6-249.ucsd.edu, User Name: haz023, PID: 5719
Info:    CPU: 4 x 2000 MHz, Intel(R) Xeon(R) CPU E5-2650 0 @ 2.00GHz (2 socket, 2 core)
Info:    Memory: 32 GB RAM, 2 GB Swap
Info:    Directory: /home/linux/ieng6/ee260bwi20/haz023/lab5/run_siliconsmart/LIB_FF_1.1_-40_ALL
Info:    Maximum virtual memory size: 658.28MB
Info:    Maximum virtual memory size: 658.281 MB
