1582326825.169194: 5177-7f45455fe000: cdpl_log.c:221: in cdpl_log_open(): debug: @@start_of_log@@
1582326825.169312: 5177-7f45455fe000: cdpl_log.c:729: in cdpl_log_dump_sysinfo(): info: time: 2020/02/21 15:13:45 PST -0800
1582326825.169324: 5177-7f45455fe000: cdpl_log.c:731: in cdpl_log_dump_sysinfo(): info: version: L_2016.03_SP2_PROD_CDPL 
1582326825.169329: 5177-7f45455fe000: cdpl_log.c:736: in cdpl_log_dump_sysinfo(): info: system: Linux 3.10.0-1062.9.1.el7.x86_64 #1 SMP Fri Dec 6 15:49:49 UTC 2019
1582326825.169334: 5177-7f45455fe000: cdpl_log.c:740: in cdpl_log_dump_sysinfo(): info: processor: x86_64 64-bits
1582326825.169337: 5177-7f45455fe000: cdpl_log.c:742: in cdpl_log_dump_sysinfo(): info: hostname: ieng6-249.ucsd.edu
1582326825.169342: 5177-7f45455fe000: cdpl_log.c:223: in cdpl_log_open(): debug: path: /home/linux/ieng6/ee260bwi20/haz023/lab5/run_siliconsmart/LIB_FF_1.1_-40_ALL/runtime/cdpl/worker.W8.ieng6-249.ucsd.edu.5177.log
1582326825.169346: 5177-7f45455fe000: cdpl_log.c:224: in cdpl_log_open(): debug: dir: /home/linux/ieng6/ee260bwi20/haz023/lab5/run_siliconsmart/LIB_FF_1.1_-40_ALL/runtime/cdpl
1582326825.169359: 5177-7f45455fe000: cdpl_worker.c:728: in cdpl_wk_new(): info: creating worker instance
1582326825.183805: 5177-7f45455fe000: cdpl_worker.c:925: in cdpl_wk_start(): debug: starting worker
1582326825.183858: 5177-7f45455fe000: cdpl_worker.c:276: in cdpl_wk_setup(): info: CDPL_SERVER is "128.54.70.249:35766"
1582326825.183866: 5177-7f45455fe000: cdpl_worker.c:299: in cdpl_wk_setup(): info: server 128.54.70.249, port 35766
1582326825.183871: 5177-7f45455fe000: cdpl_worker.c:319: in cdpl_wk_setup(): info: CDPL_ID is "8:1:1:1:1167169222"
1582326825.183891: 5177-7f45455fe000: cdpl_worker.c:361: in cdpl_wk_setup(): info: we are W8-B1-J1-M1-S1167169222
1582326825.183897: 5177-7f45455fe000: cdpl_worker.c:363: in cdpl_wk_setup(): info: we are on host ieng6-249.ucsd.edu
1582326825.183900: 5177-7f45455fe000: cdpl_worker.c:372: in cdpl_wk_daemonize(): debug: will *not* daemonize
1582326825.183907: 5177-7f45455fe000: cdpl_ipc.c:2593: in cdpl_ipc_connect(): info: connecting to 128.54.70.249:35766
1582326825.184321: 5177-7f45455fe000: cdpl_ipc.c:2659: in cdpl_ipc_connect(): info: connected as `128.54.70.249:55170'
1582326825.184368: 5177-7f45455fe000: cdpl_ipc.c:1763: in cdpl_ipc_host_accept(): debug: accepted host `128.54.70.249:35766'
1582326825.184385: 5177-7f45455fe000: cdpl_ipc.c:2436: in cdpl_ipc_start(): debug: starting IPC server 128.54.70.249:36117
1582326825.184832: 5177-7f45455fe000: cdpl_compat_worker.c:148: in cdplStartWorker(): info: SNPSLMD_LICENSE_FILE is 1705@acms-flexlm-lnx4.ucsd.edu,1705@acms-flexlm-lnx5.ucsd.edu,1705@acms-flexlm-lnx6.ucsd.edu
1582326825.185147: 5177-7f45455fe000: cdpl_compat_worker.c:597: in cdplWorkerLogInfo(): info: [Maximum lifespan of worker is set to 1200m]
1582326825.185299: 5177-7f45455fe000: cdpl_compat_worker.c:597: in cdplWorkerLogInfo(): info: [Peak virtual memory is set to 128GB]
1582326825.262997: 5177-7f4536d4b700: cdpl_worker.c:528: in cdpl_wk_listen(): debug: ready
1582326825.263020: 5177-7f4536d4b700: cdpl_worker.c:585: in cdpl_wk_listen(): debug: received ASSIGN message
1582326825.263108: 5177-7f45455fe000: cdpl_worker.c:1092: in cdpl_wk_wait_timeout(): info: starting task T10
1582326825.263155: 5177-7f45455fe000: cdpl_compat_worker.c:597: in cdplWorkerLogInfo(): info: [configOneCellAdaptive { BUFFD0 }]
1582326825.269839: 5177-7f453654a700: cdpl_worker.c:656: in cdpl_wk_heartbeat(): debug: starting heartbeat
1582326825.269861: 5177-7f453654a700: cdpl_worker.c:665: in cdpl_wk_heartbeat(): info: setting heartbeat period to 60 sec
1582326825.269899: 5177-7f453654a700: cdpl_worker.c:673: in cdpl_wk_heartbeat(): info: first heartbeat in 1 sec
1582326826.552009: 5177-7f45455fe000: cdpl_worker.c:1208: in cdpl_wk_finalize(): info: finishing task T10
1582326826.558704: 5177-7f4536d4b700: cdpl_worker.c:585: in cdpl_wk_listen(): debug: received ASSIGN message
1582326826.558738: 5177-7f45455fe000: cdpl_worker.c:1092: in cdpl_wk_wait_timeout(): info: starting task T18
1582326826.558760: 5177-7f45455fe000: cdpl_compat_worker.c:597: in cdplWorkerLogInfo(): info: [configOneCellAdaptive { BUFFD8 }]
1582326827.634757: 5177-7f45455fe000: cdpl_worker.c:1208: in cdpl_wk_finalize(): info: finishing task T18
1582326827.637821: 5177-7f4536d4b700: cdpl_worker.c:585: in cdpl_wk_listen(): debug: received ASSIGN message
1582326827.637854: 5177-7f45455fe000: cdpl_worker.c:1092: in cdpl_wk_wait_timeout(): info: starting task T29
1582326827.637876: 5177-7f45455fe000: cdpl_compat_worker.c:597: in cdplWorkerLogInfo(): info: [configOneCellAdaptive { INVD3 }]
1582326828.931807: 5177-7f45455fe000: cdpl_worker.c:1208: in cdpl_wk_finalize(): info: finishing task T29
1582326828.943572: 5177-7f4536d4b700: cdpl_worker.c:585: in cdpl_wk_listen(): debug: received ASSIGN message
1582326828.943594: 5177-7f45455fe000: cdpl_worker.c:1092: in cdpl_wk_wait_timeout(): info: starting task T46
1582326828.943607: 5177-7f45455fe000: cdpl_compat_worker.c:597: in cdplWorkerLogInfo(): info: [configOneCellAdaptive { NR2D2 }]
1582326831.396740: 5177-7f45455fe000: cdpl_worker.c:1208: in cdpl_wk_finalize(): info: finishing task T46
1582326831.399630: 5177-7f4536d4b700: cdpl_worker.c:585: in cdpl_wk_listen(): debug: received ASSIGN message
1582326831.399855: 5177-7f45455fe000: cdpl_worker.c:1092: in cdpl_wk_wait_timeout(): info: starting task T58
1582326831.399877: 5177-7f45455fe000: cdpl_compat_worker.c:597: in cdplWorkerLogInfo(): info: [configOneCellAdaptive { OR2XD1 }]
1582326834.080449: 5177-7f45455fe000: cdpl_worker.c:1208: in cdpl_wk_finalize(): info: finishing task T58
1582326858.785291: 5177-7f4536d4b700: cdpl_worker.c:616: in cdpl_wk_listen(): debug: received RELAY message
1582326859.035605: 5177-7f4536d4b700: cdpl_worker.c:616: in cdpl_wk_listen(): debug: received RELAY message
1582326860.210286: 5177-7f4536d4b700: cdpl_worker.c:585: in cdpl_wk_listen(): debug: received ASSIGN message
1582326860.210330: 5177-7f45455fe000: cdpl_worker.c:1092: in cdpl_wk_wait_timeout(): info: starting task T77
1582326861.541280: 5177-7f45455fe000: cdpl_compat_worker.c:597: in cdplWorkerLogInfo(): info: [runOneAcquisitionAdaptive DFCSNQD1 ncmpw__CP__hl__CP__lh__ACQ_1 job_78 ]
1582326870.728926: 5177-7f45455fe000: cdpl_worker.c:1208: in cdpl_wk_finalize(): info: finishing task T77
1582326870.752654: 5177-7f4536d4b700: cdpl_worker.c:585: in cdpl_wk_listen(): debug: received ASSIGN message
1582326870.752855: 5177-7f45455fe000: cdpl_worker.c:1092: in cdpl_wk_wait_timeout(): info: starting task T95
1582326870.752897: 5177-7f45455fe000: cdpl_compat_worker.c:597: in cdplWorkerLogInfo(): info: [runOneAcquisitionAdaptive DFCSNQD1 Cin__SDN__lh__ACQ_1 job_96 ]
1582326882.904759: 5177-7f45455fe000: cdpl_worker.c:1208: in cdpl_wk_finalize(): info: finishing task T95
1582326882.905400: 5177-7f4536d4b700: cdpl_worker.c:585: in cdpl_wk_listen(): debug: received ASSIGN message
1582326882.905419: 5177-7f45455fe000: cdpl_worker.c:1092: in cdpl_wk_wait_timeout(): info: starting task T109
1582326882.905433: 5177-7f45455fe000: cdpl_compat_worker.c:597: in cdplWorkerLogInfo(): info: [runOneAcquisitionAdaptive DFCSNQD2 cmpw__SDN__hl__SDN__lh__ACQ_1 job_110 ]
1582326889.321806: 5177-7f45455fe000: cdpl_worker.c:1208: in cdpl_wk_finalize(): info: finishing task T109
1582326889.331055: 5177-7f4536d4b700: cdpl_worker.c:585: in cdpl_wk_listen(): debug: received ASSIGN message
1582326889.333022: 5177-7f45455fe000: cdpl_worker.c:1092: in cdpl_wk_wait_timeout(): info: starting task T116
1582326889.333049: 5177-7f45455fe000: cdpl_compat_worker.c:597: in cdplWorkerLogInfo(): info: [runOneAcquisitionAdaptive DFCSNQD2 cmpw__CP__lh__CP__hl__ACQ_1 job_117 ]
1582326895.020911: 5177-7f45455fe000: cdpl_worker.c:1208: in cdpl_wk_finalize(): info: finishing task T116
1582326895.037631: 5177-7f4536d4b700: cdpl_worker.c:585: in cdpl_wk_listen(): debug: received ASSIGN message
1582326895.041124: 5177-7f45455fe000: cdpl_worker.c:1092: in cdpl_wk_wait_timeout(): info: starting task T119
1582326895.041161: 5177-7f45455fe000: cdpl_compat_worker.c:597: in cdplWorkerLogInfo(): info: [runOneAcquisitionAdaptive DFCSNQD2 recover__SDN__lh__CP__lh__ACQ_1 job_120 ]
1582326990.315408: 5177-7f45455fe000: cdpl_worker.c:1208: in cdpl_wk_finalize(): info: finishing task T119
1582326990.316117: 5177-7f4536d4b700: cdpl_worker.c:585: in cdpl_wk_listen(): debug: received ASSIGN message
1582326990.316142: 5177-7f45455fe000: cdpl_worker.c:1092: in cdpl_wk_wait_timeout(): info: starting task T168
1582326990.316157: 5177-7f45455fe000: cdpl_compat_worker.c:597: in cdplWorkerLogInfo(): info: [runOneAcquisitionAdaptive LHQD2 delay__E__lh__Q__lh__ACQ_1 job_169 ]
1582327027.050723: 5177-7f45455fe000: cdpl_worker.c:1208: in cdpl_wk_finalize(): info: finishing task T168
1582327027.051583: 5177-7f4536d4b700: cdpl_worker.c:585: in cdpl_wk_listen(): debug: received ASSIGN message
1582327027.051602: 5177-7f45455fe000: cdpl_worker.c:1092: in cdpl_wk_wait_timeout(): info: starting task T191
1582327027.051614: 5177-7f45455fe000: cdpl_compat_worker.c:597: in cdplWorkerLogInfo(): info: [runOneAcquisitionAdaptive AOI21D0 delay__A1__hl__ZN__lh__ACQ_1 job_192 ]
1582327040.303340: 5177-7f45455fe000: cdpl_worker.c:1208: in cdpl_wk_finalize(): info: finishing task T191
1582327040.306698: 5177-7f4536d4b700: cdpl_worker.c:585: in cdpl_wk_listen(): debug: received ASSIGN message
1582327040.306809: 5177-7f45455fe000: cdpl_worker.c:1092: in cdpl_wk_wait_timeout(): info: starting task T206
1582327040.306830: 5177-7f45455fe000: cdpl_compat_worker.c:597: in cdplWorkerLogInfo(): info: [runOneAcquisitionAdaptive AOI21D1 Cin__A2__lh__ACQ_1 job_207 ]
1582327046.463102: 5177-7f45455fe000: cdpl_worker.c:1208: in cdpl_wk_finalize(): info: finishing task T206
1582327046.473311: 5177-7f4536d4b700: cdpl_worker.c:585: in cdpl_wk_listen(): debug: received ASSIGN message
1582327046.476861: 5177-7f45455fe000: cdpl_worker.c:1092: in cdpl_wk_wait_timeout(): info: starting task T214
1582327046.476885: 5177-7f45455fe000: cdpl_compat_worker.c:597: in cdplWorkerLogInfo(): info: [runOneAcquisitionAdaptive AOI21D2 Cin__A1__lh__ACQ_1 job_215 ]
1582327051.387557: 5177-7f45455fe000: cdpl_worker.c:1208: in cdpl_wk_finalize(): info: finishing task T214
1582327051.396579: 5177-7f4536d4b700: cdpl_worker.c:585: in cdpl_wk_listen(): debug: received ASSIGN message
1582327051.404590: 5177-7f45455fe000: cdpl_worker.c:1092: in cdpl_wk_wait_timeout(): info: starting task T223
1582327051.404629: 5177-7f45455fe000: cdpl_compat_worker.c:597: in cdplWorkerLogInfo(): info: [runOneAcquisitionAdaptive AOI21D2 delay__A2__hl__ZN__lh__ACQ_1 job_224 ]
1582327072.478631: 5177-7f45455fe000: cdpl_worker.c:1208: in cdpl_wk_finalize(): info: finishing task T223
1582327072.479214: 5177-7f4536d4b700: cdpl_worker.c:585: in cdpl_wk_listen(): debug: received ASSIGN message
1582327072.479266: 5177-7f45455fe000: cdpl_worker.c:1092: in cdpl_wk_wait_timeout(): info: starting task T248
1582327072.479284: 5177-7f45455fe000: cdpl_compat_worker.c:597: in cdplWorkerLogInfo(): info: [runOneAcquisitionAdaptive MUX2D0 delay__I1__lh__Z__lh__ACQ_1 job_249 ]
1582327096.274466: 5177-7f45455fe000: cdpl_worker.c:1208: in cdpl_wk_finalize(): info: finishing task T248
1582327096.291097: 5177-7f4536d4b700: cdpl_worker.c:585: in cdpl_wk_listen(): debug: received ASSIGN message
1582327096.296098: 5177-7f45455fe000: cdpl_worker.c:1092: in cdpl_wk_wait_timeout(): info: starting task T275
1582327096.296125: 5177-7f45455fe000: cdpl_compat_worker.c:597: in cdplWorkerLogInfo(): info: [runOneAcquisitionAdaptive MUX2D2 delay__S__lh__Z__lh__ACQ_1 job_276 ]
1582327116.766819: 5177-7f45455fe000: cdpl_worker.c:1208: in cdpl_wk_finalize(): info: finishing task T275
1582327116.768377: 5177-7f4536d4b700: cdpl_worker.c:585: in cdpl_wk_listen(): debug: received ASSIGN message
1582327116.768400: 5177-7f45455fe000: cdpl_worker.c:1092: in cdpl_wk_wait_timeout(): info: starting task T307
1582327116.768415: 5177-7f45455fe000: cdpl_compat_worker.c:597: in cdplWorkerLogInfo(): info: [runOneAcquisitionAdaptive OAI21D0 Cin__B__lh__ACQ_1 job_308 ]
1582327122.324213: 5177-7f45455fe000: cdpl_worker.c:1208: in cdpl_wk_finalize(): info: finishing task T307
1582327122.324937: 5177-7f4536d4b700: cdpl_worker.c:585: in cdpl_wk_listen(): debug: received ASSIGN message
1582327122.324964: 5177-7f45455fe000: cdpl_worker.c:1092: in cdpl_wk_wait_timeout(): info: starting task T320
1582327122.324979: 5177-7f45455fe000: cdpl_compat_worker.c:597: in cdplWorkerLogInfo(): info: [runOneAcquisitionAdaptive OAI21D1 Cin__A1__lh__ACQ_1 job_321 ]
1582327128.322087: 5177-7f45455fe000: cdpl_worker.c:1208: in cdpl_wk_finalize(): info: finishing task T320
1582327128.333131: 5177-7f4536d4b700: cdpl_worker.c:585: in cdpl_wk_listen(): debug: received ASSIGN message
1582327128.333201: 5177-7f45455fe000: cdpl_worker.c:1092: in cdpl_wk_wait_timeout(): info: starting task T326
1582327128.333220: 5177-7f45455fe000: cdpl_compat_worker.c:597: in cdplWorkerLogInfo(): info: [runOneAcquisitionAdaptive OAI21D1 Cin__A2__lh__ACQ_1 job_327 ]
1582327132.893505: 5177-7f45455fe000: cdpl_worker.c:1208: in cdpl_wk_finalize(): info: finishing task T326
1582327132.894159: 5177-7f4536d4b700: cdpl_worker.c:585: in cdpl_wk_listen(): debug: received ASSIGN message
1582327132.894180: 5177-7f45455fe000: cdpl_worker.c:1092: in cdpl_wk_wait_timeout(): info: starting task T334
1582327132.894194: 5177-7f45455fe000: cdpl_compat_worker.c:597: in cdplWorkerLogInfo(): info: [runOneAcquisitionAdaptive OAI21D2 Cin__A1__lh__ACQ_1 job_335 ]
1582327137.722707: 5177-7f45455fe000: cdpl_worker.c:1208: in cdpl_wk_finalize(): info: finishing task T334
1582327137.749176: 5177-7f4536d4b700: cdpl_worker.c:585: in cdpl_wk_listen(): debug: received ASSIGN message
1582327137.760212: 5177-7f45455fe000: cdpl_worker.c:1092: in cdpl_wk_wait_timeout(): info: starting task T345
1582327137.760238: 5177-7f45455fe000: cdpl_compat_worker.c:597: in cdplWorkerLogInfo(): info: [runOneAcquisitionAdaptive OAI21D2 delay__B__lh__ZN__hl__ACQ_1 job_346 ]
1582327157.043769: 5177-7f45455fe000: cdpl_worker.c:1208: in cdpl_wk_finalize(): info: finishing task T345
1582327157.057364: 5177-7f4536d4b700: cdpl_worker.c:585: in cdpl_wk_listen(): debug: received ASSIGN message
1582327157.057387: 5177-7f45455fe000: cdpl_worker.c:1092: in cdpl_wk_wait_timeout(): info: starting task T385
1582327157.057402: 5177-7f45455fe000: cdpl_compat_worker.c:597: in cdplWorkerLogInfo(): info: [runOneAcquisitionAdaptive AN2D2 leakage_power__ACQ_1 job_386 ]
1582327160.985168: 5177-7f45455fe000: cdpl_worker.c:1208: in cdpl_wk_finalize(): info: finishing task T385
1582327160.985820: 5177-7f4536d4b700: cdpl_worker.c:585: in cdpl_wk_listen(): debug: received ASSIGN message
1582327160.985907: 5177-7f45455fe000: cdpl_worker.c:1092: in cdpl_wk_wait_timeout(): info: starting task T394
1582327160.985938: 5177-7f45455fe000: cdpl_compat_worker.c:597: in cdplWorkerLogInfo(): info: [runOneAcquisitionAdaptive AN2D4 delay__A1__hl__Z__hl__ACQ_1 job_395 ]
1582327183.202962: 5177-7f45455fe000: cdpl_worker.c:1208: in cdpl_wk_finalize(): info: finishing task T394
1582327183.205941: 5177-7f4536d4b700: cdpl_worker.c:585: in cdpl_wk_listen(): debug: received ASSIGN message
1582327183.206276: 5177-7f45455fe000: cdpl_worker.c:1092: in cdpl_wk_wait_timeout(): info: starting task T442
1582327183.206308: 5177-7f45455fe000: cdpl_compat_worker.c:597: in cdplWorkerLogInfo(): info: [runOneAcquisitionAdaptive ND2D2 Cin__A1__lh__ACQ_1 job_443 ]
1582327188.185333: 5177-7f45455fe000: cdpl_worker.c:1208: in cdpl_wk_finalize(): info: finishing task T442
1582327188.195130: 5177-7f4536d4b700: cdpl_worker.c:585: in cdpl_wk_listen(): debug: received ASSIGN message
1582327188.209328: 5177-7f45455fe000: cdpl_worker.c:1092: in cdpl_wk_wait_timeout(): info: starting task T457
1582327188.209383: 5177-7f45455fe000: cdpl_compat_worker.c:597: in cdplWorkerLogInfo(): info: [runOneAcquisitionAdaptive ND2D3 Cin__A2__lh__ACQ_1 job_458 ]
1582327193.767449: 5177-7f45455fe000: cdpl_worker.c:1208: in cdpl_wk_finalize(): info: finishing task T457
1582327193.768032: 5177-7f4536d4b700: cdpl_worker.c:585: in cdpl_wk_listen(): debug: received ASSIGN message
1582327193.768104: 5177-7f45455fe000: cdpl_worker.c:1092: in cdpl_wk_wait_timeout(): info: starting task T469
1582327193.768121: 5177-7f45455fe000: cdpl_compat_worker.c:597: in cdplWorkerLogInfo(): info: [runOneAcquisitionAdaptive ND2D4 delay__A2__lh__ZN__hl__ACQ_1 job_470 ]
1582327356.322132: 5177-7f45455fe000: cdpl_worker.c:1208: in cdpl_wk_finalize(): info: finishing task T469
1582327356.323996: 5177-7f4536d4b700: cdpl_worker.c:585: in cdpl_wk_listen(): debug: received ASSIGN message
1582327356.324728: 5177-7f45455fe000: cdpl_worker.c:1092: in cdpl_wk_wait_timeout(): info: starting task T500
1582327356.324751: 5177-7f45455fe000: cdpl_compat_worker.c:597: in cdplWorkerLogInfo(): info: [runOneAcquisitionAdaptive NR2D1 delay__A2__hl__ZN__lh__ACQ_1 job_501 ]
1582327368.863449: 5177-7f45455fe000: cdpl_worker.c:1208: in cdpl_wk_finalize(): info: finishing task T500
1582327368.871813: 5177-7f4536d4b700: cdpl_worker.c:585: in cdpl_wk_listen(): debug: received ASSIGN message
1582327368.871833: 5177-7f45455fe000: cdpl_worker.c:1092: in cdpl_wk_wait_timeout(): info: starting task T532
1582327368.871846: 5177-7f45455fe000: cdpl_compat_worker.c:597: in cdplWorkerLogInfo(): info: [runOneAcquisitionAdaptive NR2D8 Cin__A1__lh__ACQ_1 job_533 ]
1582327374.666979: 5177-7f45455fe000: cdpl_worker.c:1208: in cdpl_wk_finalize(): info: finishing task T532
1582327374.672211: 5177-7f4536d4b700: cdpl_worker.c:585: in cdpl_wk_listen(): debug: received ASSIGN message
1582327374.678236: 5177-7f45455fe000: cdpl_worker.c:1092: in cdpl_wk_wait_timeout(): info: starting task T547
1582327374.678256: 5177-7f45455fe000: cdpl_compat_worker.c:597: in cdplWorkerLogInfo(): info: [runOneAcquisitionAdaptive OR2D0 delay__A2__lh__Z__lh__ACQ_1 job_548 ]
1582327387.546957: 5177-7f45455fe000: cdpl_worker.c:1208: in cdpl_wk_finalize(): info: finishing task T547
1582327387.558431: 5177-7f4536d4b700: cdpl_worker.c:585: in cdpl_wk_listen(): debug: received ASSIGN message
1582327387.558461: 5177-7f45455fe000: cdpl_worker.c:1092: in cdpl_wk_wait_timeout(): info: starting task T581
1582327387.558480: 5177-7f45455fe000: cdpl_compat_worker.c:597: in cdplWorkerLogInfo(): info: [runOneAcquisitionAdaptive OR2XD1 Cin__A2__hl__ACQ_1 job_582 ]
1582327392.470546: 5177-7f45455fe000: cdpl_worker.c:1208: in cdpl_wk_finalize(): info: finishing task T581
1582327392.474767: 5177-7f4536d4b700: cdpl_worker.c:585: in cdpl_wk_listen(): debug: received ASSIGN message
1582327392.474838: 5177-7f45455fe000: cdpl_worker.c:1092: in cdpl_wk_wait_timeout(): info: starting task T592
1582327392.474860: 5177-7f45455fe000: cdpl_compat_worker.c:597: in cdplWorkerLogInfo(): info: [runOneAcquisitionAdaptive XNR2D0 delay__A2__hl__ZN__hl__ACQ_1 job_593 ]
1582327410.428643: 5177-7f45455fe000: cdpl_worker.c:1208: in cdpl_wk_finalize(): info: finishing task T592
1582327410.429342: 5177-7f4536d4b700: cdpl_worker.c:585: in cdpl_wk_listen(): debug: received ASSIGN message
1582327410.429363: 5177-7f45455fe000: cdpl_worker.c:1092: in cdpl_wk_wait_timeout(): info: starting task T623
1582327410.429385: 5177-7f45455fe000: cdpl_compat_worker.c:597: in cdplWorkerLogInfo(): info: [runOneAcquisitionAdaptive XNR2D4 leakage_power__ACQ_1 job_624 ]
1582327414.116372: 5177-7f45455fe000: cdpl_worker.c:1208: in cdpl_wk_finalize(): info: finishing task T623
1582327414.125289: 5177-7f4536d4b700: cdpl_worker.c:585: in cdpl_wk_listen(): debug: received ASSIGN message
1582327414.125317: 5177-7f45455fe000: cdpl_worker.c:1092: in cdpl_wk_wait_timeout(): info: starting task T633
1582327414.125336: 5177-7f45455fe000: cdpl_compat_worker.c:597: in cdplWorkerLogInfo(): info: [runOneAcquisitionAdaptive XOR2D0 leakage_power__ACQ_1 job_634 ]
1582327417.673217: 5177-7f45455fe000: cdpl_worker.c:1208: in cdpl_wk_finalize(): info: finishing task T633
1582327417.681424: 5177-7f4536d4b700: cdpl_worker.c:585: in cdpl_wk_listen(): debug: received ASSIGN message
1582327417.681456: 5177-7f45455fe000: cdpl_worker.c:1092: in cdpl_wk_wait_timeout(): info: starting task T638
1582327417.681477: 5177-7f45455fe000: cdpl_compat_worker.c:597: in cdplWorkerLogInfo(): info: [runOneAcquisitionAdaptive XOR2D0 delay__A1__hl__Z__lh__ACQ_1 job_639 ]
1582327433.333969: 5177-7f45455fe000: cdpl_worker.c:1208: in cdpl_wk_finalize(): info: finishing task T638
1582327433.340204: 5177-7f4536d4b700: cdpl_worker.c:585: in cdpl_wk_listen(): debug: received ASSIGN message
1582327433.358976: 5177-7f45455fe000: cdpl_worker.c:1092: in cdpl_wk_wait_timeout(): info: starting task T658
1582327433.359011: 5177-7f45455fe000: cdpl_compat_worker.c:597: in cdplWorkerLogInfo(): info: [runOneAcquisitionAdaptive XOR2D2 delay__A1__hl__Z__lh__ACQ_1 job_659 ]
1582327451.092475: 5177-7f45455fe000: cdpl_worker.c:1208: in cdpl_wk_finalize(): info: finishing task T658
1582327451.102254: 5177-7f4536d4b700: cdpl_worker.c:585: in cdpl_wk_listen(): debug: received ASSIGN message
1582327451.102273: 5177-7f45455fe000: cdpl_worker.c:1092: in cdpl_wk_wait_timeout(): info: starting task T706
1582327451.102286: 5177-7f45455fe000: cdpl_compat_worker.c:597: in cdplWorkerLogInfo(): info: [runOneAcquisitionAdaptive INVD12 leakage_power__ACQ_2 job_707 ]
1582327454.382507: 5177-7f45455fe000: cdpl_worker.c:1208: in cdpl_wk_finalize(): info: finishing task T706
1582327454.382824: 5177-7f4536d4b700: cdpl_worker.c:585: in cdpl_wk_listen(): debug: received ASSIGN message
1582327454.385045: 5177-7f45455fe000: cdpl_worker.c:1092: in cdpl_wk_wait_timeout(): info: starting task T717
1582327454.385067: 5177-7f45455fe000: cdpl_compat_worker.c:597: in cdplWorkerLogInfo(): info: [runOneAcquisitionAdaptive INVD20 leakage_power__ACQ_1 job_718 ]
1582327457.606856: 5177-7f45455fe000: cdpl_worker.c:1208: in cdpl_wk_finalize(): info: finishing task T717
1582327457.607198: 5177-7f4536d4b700: cdpl_worker.c:585: in cdpl_wk_listen(): debug: received ASSIGN message
1582327457.607215: 5177-7f45455fe000: cdpl_worker.c:1092: in cdpl_wk_wait_timeout(): info: starting task T724
1582327457.607228: 5177-7f45455fe000: cdpl_compat_worker.c:597: in cdplWorkerLogInfo(): info: [runOneAcquisitionAdaptive INVD24 delay__I__hl__ZN__lh__ACQ_1 job_725 ]
1582327473.590362: 5177-7f45455fe000: cdpl_worker.c:1208: in cdpl_wk_finalize(): info: finishing task T724
1582327492.666096: 5177-7f4536d4b700: cdpl_worker.c:616: in cdpl_wk_listen(): debug: received RELAY message
1582327495.785816: 5177-7f4536d4b700: cdpl_worker.c:585: in cdpl_wk_listen(): debug: received ASSIGN message
1582327495.785842: 5177-7f45455fe000: cdpl_worker.c:1092: in cdpl_wk_wait_timeout(): info: starting task T765
1582327496.359785: 5177-7f45455fe000: cdpl_compat_worker.c:597: in cdplWorkerLogInfo(): info: [modelOneCellAdaptive {ND2D2 }]
1582327508.647302: 5177-7f45455fe000: cdpl_worker.c:1208: in cdpl_wk_finalize(): info: finishing task T765
1582327508.658094: 5177-7f4536d4b700: cdpl_worker.c:585: in cdpl_wk_listen(): debug: received ASSIGN message
1582327508.658116: 5177-7f45455fe000: cdpl_worker.c:1092: in cdpl_wk_wait_timeout(): info: starting task T787
1582327508.658129: 5177-7f45455fe000: cdpl_compat_worker.c:597: in cdplWorkerLogInfo(): info: [modelOneCellAdaptive {BUFFD0 }]
1582327518.016964: 5177-7f45455fe000: cdpl_worker.c:1208: in cdpl_wk_finalize(): info: finishing task T787
1582327518.044310: 5177-7f4536d4b700: cdpl_worker.c:585: in cdpl_wk_listen(): debug: received ASSIGN message
1582327518.044372: 5177-7f45455fe000: cdpl_worker.c:1092: in cdpl_wk_wait_timeout(): info: starting task T802
1582327518.044389: 5177-7f45455fe000: cdpl_compat_worker.c:597: in cdplWorkerLogInfo(): info: [modelOneCellAdaptive {INVD24 }]
1582327523.784588: 5177-7f45455fe000: cdpl_worker.c:1208: in cdpl_wk_finalize(): info: finishing task T802
1582327528.778787: 5177-7f4536d4b700: cdpl_worker.c:616: in cdpl_wk_listen(): debug: received RELAY message
1582327528.803597: 5177-7f453754c700: cdpl_ipc.c:606: in _readv(): warning: read(): EOF
1582327528.803717: 5177-7f453754c700: cdpl_ipc.c:1462: in _epoll_recv(): debug: _readv(): Broken pipe
1582327528.803724: 5177-7f453754c700: cdpl_ipc.c:1683: in _epoll_main(): debug: _epoll_recv(): Broken pipe
1582327528.803733: 5177-7f453754c700: cdpl_ipc.c:1061: in _host_drop__UNSAFE(): debug: dropping host `128.54.70.249:35766'
1582327528.804701: 5177-7f4536d4b700: cdpl_worker.c:561: in cdpl_wk_listen(): debug: received DROP notification
1582327528.804713: 5177-7f4536d4b700: cdpl_worker.c:565: in cdpl_wk_listen(): debug: we were dropped by the server
1582327528.804718: 5177-7f4536d4b700: cdpl_worker.c:492: in _wk_kill(): debug: killing worker
1582327528.804722: 5177-7f4536d4b700: cdpl_ipc.c:2481: in cdpl_ipc_kill(): debug: stopping event server
1582327528.804753: 5177-7f4536d4b700: cdpl_worker.c:542: in cdpl_wk_listen(): debug: leaving now
1582327528.804794: 5177-7f45455fe000: cdpl_compat_worker.c:597: in cdplWorkerLogInfo(): info: [Worker shutdown. Code: 3]
1582327528.805163: 5177-7f453754c700: cdpl_ipc.c:1720: in _epoll_main(): debug: server going down...
1582327528.882085: 5177-7f45455fe000: cdpl_worker.c:856: in _wk_shutdown(): debug: waiting for heartbeat thread
1582327528.882108: 5177-7f453654a700: cdpl_worker.c:709: in cdpl_wk_heartbeat(): info: stopping heartbeat
1582327528.882288: 5177-7f45455fe000: cdpl_ipc.c:1781: in cdpl_ipc_host_release(): debug: releasing host `128.54.70.249:35766'
1582327528.882327: 5177-7f45455fe000: cdpl_ipc.c:2532: in cdpl_ipc_free(): debug: releasing IPC handle
1582327528.882335: 5177-7f45455fe000: cdpl_ipc.c:986: in _host_free__UNSAFE(): debug: freeing host `128.54.70.249:35766'
1582327528.882339: 5177-7f45455fe000: cdpl_ipc.c:1028: in _host_free__UNSAFE(): debug: [0 outq, 0 spR, 0 spW]
1582327528.882359: 5177-7f45455fe000: cdpl_ipc.c:2571: in cdpl_ipc_free(): debug: done
1582327528.882365: 5177-7f45455fe000: cdpl_worker.c:912: in cdpl_wk_free(): info: freed
1582327528.882369: 5177-7f45455fe000: cdpl_log.c:359: in cdpl_log_close(): debug: @@end_of_log@@
