1582326825.757153: 5199-7f369de6f000: cdpl_log.c:221: in cdpl_log_open(): debug: @@start_of_log@@
1582326825.757463: 5199-7f369de6f000: cdpl_log.c:729: in cdpl_log_dump_sysinfo(): info: time: 2020/02/21 15:13:45 PST -0800
1582326825.757534: 5199-7f369de6f000: cdpl_log.c:731: in cdpl_log_dump_sysinfo(): info: version: L_2016.03_SP2_PROD_CDPL 
1582326825.757554: 5199-7f369de6f000: cdpl_log.c:736: in cdpl_log_dump_sysinfo(): info: system: Linux 3.10.0-1062.9.1.el7.x86_64 #1 SMP Fri Dec 6 15:49:49 UTC 2019
1582326825.757564: 5199-7f369de6f000: cdpl_log.c:740: in cdpl_log_dump_sysinfo(): info: processor: x86_64 64-bits
1582326825.757573: 5199-7f369de6f000: cdpl_log.c:742: in cdpl_log_dump_sysinfo(): info: hostname: ieng6-249.ucsd.edu
1582326825.757583: 5199-7f369de6f000: cdpl_log.c:223: in cdpl_log_open(): debug: path: /home/linux/ieng6/ee260bwi20/haz023/lab5/run_siliconsmart/LIB_FF_1.1_-40_ALL/runtime/cdpl/worker.W9.ieng6-249.ucsd.edu.5199.log
1582326825.757592: 5199-7f369de6f000: cdpl_log.c:224: in cdpl_log_open(): debug: dir: /home/linux/ieng6/ee260bwi20/haz023/lab5/run_siliconsmart/LIB_FF_1.1_-40_ALL/runtime/cdpl
1582326825.757614: 5199-7f369de6f000: cdpl_worker.c:728: in cdpl_wk_new(): info: creating worker instance
1582326825.766031: 5199-7f369de6f000: cdpl_worker.c:925: in cdpl_wk_start(): debug: starting worker
1582326825.766068: 5199-7f369de6f000: cdpl_worker.c:276: in cdpl_wk_setup(): info: CDPL_SERVER is "128.54.70.249:35766"
1582326825.766116: 5199-7f369de6f000: cdpl_worker.c:299: in cdpl_wk_setup(): info: server 128.54.70.249, port 35766
1582326825.766130: 5199-7f369de6f000: cdpl_worker.c:319: in cdpl_wk_setup(): info: CDPL_ID is "9:1:1:1:1167169222"
1582326825.766173: 5199-7f369de6f000: cdpl_worker.c:361: in cdpl_wk_setup(): info: we are W9-B1-J1-M1-S1167169222
1582326825.766187: 5199-7f369de6f000: cdpl_worker.c:363: in cdpl_wk_setup(): info: we are on host ieng6-249.ucsd.edu
1582326825.766196: 5199-7f369de6f000: cdpl_worker.c:372: in cdpl_wk_daemonize(): debug: will *not* daemonize
1582326825.766212: 5199-7f369de6f000: cdpl_ipc.c:2593: in cdpl_ipc_connect(): info: connecting to 128.54.70.249:35766
1582326825.766421: 5199-7f369de6f000: cdpl_ipc.c:2659: in cdpl_ipc_connect(): info: connected as `128.54.70.249:55178'
1582326825.766481: 5199-7f369de6f000: cdpl_ipc.c:1763: in cdpl_ipc_host_accept(): debug: accepted host `128.54.70.249:35766'
1582326825.766516: 5199-7f369de6f000: cdpl_ipc.c:2436: in cdpl_ipc_start(): debug: starting IPC server 128.54.70.249:46408
1582326825.767107: 5199-7f369de6f000: cdpl_compat_worker.c:148: in cdplStartWorker(): info: SNPSLMD_LICENSE_FILE is 1705@acms-flexlm-lnx4.ucsd.edu,1705@acms-flexlm-lnx5.ucsd.edu,1705@acms-flexlm-lnx6.ucsd.edu
1582326825.767422: 5199-7f369de6f000: cdpl_compat_worker.c:597: in cdplWorkerLogInfo(): info: [Maximum lifespan of worker is set to 1200m]
1582326825.767717: 5199-7f369de6f000: cdpl_compat_worker.c:597: in cdplWorkerLogInfo(): info: [Peak virtual memory is set to 128GB]
1582326825.831579: 5199-7f368f5bc700: cdpl_worker.c:528: in cdpl_wk_listen(): debug: ready
1582326825.848901: 5199-7f368f5bc700: cdpl_worker.c:585: in cdpl_wk_listen(): debug: received ASSIGN message
1582326825.848928: 5199-7f369de6f000: cdpl_worker.c:1092: in cdpl_wk_wait_timeout(): info: starting task T16
1582326825.848959: 5199-7f369de6f000: cdpl_compat_worker.c:597: in cdplWorkerLogInfo(): info: [configOneCellAdaptive { BUFFD4 }]
1582326825.849098: 5199-7f368edbb700: cdpl_worker.c:656: in cdpl_wk_heartbeat(): debug: starting heartbeat
1582326825.849116: 5199-7f368edbb700: cdpl_worker.c:665: in cdpl_wk_heartbeat(): info: setting heartbeat period to 60 sec
1582326825.849148: 5199-7f368edbb700: cdpl_worker.c:673: in cdpl_wk_heartbeat(): info: first heartbeat in 1 sec
1582326827.088851: 5199-7f369de6f000: cdpl_worker.c:1208: in cdpl_wk_finalize(): info: finishing task T16
1582326827.099455: 5199-7f368f5bc700: cdpl_worker.c:585: in cdpl_wk_listen(): debug: received ASSIGN message
1582326827.122403: 5199-7f369de6f000: cdpl_worker.c:1092: in cdpl_wk_wait_timeout(): info: starting task T25
1582326827.122436: 5199-7f369de6f000: cdpl_compat_worker.c:597: in cdplWorkerLogInfo(): info: [configOneCellAdaptive { INVD16 }]
1582326828.312126: 5199-7f369de6f000: cdpl_worker.c:1208: in cdpl_wk_finalize(): info: finishing task T25
1582326828.320135: 5199-7f368f5bc700: cdpl_worker.c:585: in cdpl_wk_listen(): debug: received ASSIGN message
1582326828.320270: 5199-7f369de6f000: cdpl_worker.c:1092: in cdpl_wk_wait_timeout(): info: starting task T35
1582326828.320288: 5199-7f369de6f000: cdpl_compat_worker.c:597: in cdplWorkerLogInfo(): info: [configOneCellAdaptive { MUX2D1 }]
1582326833.883804: 5199-7f369de6f000: cdpl_worker.c:1208: in cdpl_wk_finalize(): info: finishing task T35
1582326858.784989: 5199-7f368f5bc700: cdpl_worker.c:616: in cdpl_wk_listen(): debug: received RELAY message
1582326859.035695: 5199-7f368f5bc700: cdpl_worker.c:616: in cdpl_wk_listen(): debug: received RELAY message
1582326859.764403: 5199-7f368f5bc700: cdpl_worker.c:585: in cdpl_wk_listen(): debug: received ASSIGN message
1582326859.764516: 5199-7f369de6f000: cdpl_worker.c:1092: in cdpl_wk_wait_timeout(): info: starting task T73
1582326860.640552: 5199-7f369de6f000: cdpl_compat_worker.c:597: in cdplWorkerLogInfo(): info: [runOneAcquisitionAdaptive DFCSNQD1 energy__D__hl__ACQ_1 job_74 ]
1582326872.441774: 5199-7f369de6f000: cdpl_worker.c:1208: in cdpl_wk_finalize(): info: finishing task T73
1582326872.448932: 5199-7f368f5bc700: cdpl_worker.c:585: in cdpl_wk_listen(): debug: received ASSIGN message
1582326872.451477: 5199-7f369de6f000: cdpl_worker.c:1092: in cdpl_wk_wait_timeout(): info: starting task T98
1582326872.451513: 5199-7f369de6f000: cdpl_compat_worker.c:597: in cdplWorkerLogInfo(): info: [runOneAcquisitionAdaptive DFCSNQD1 delay__CP__lh__Q__lh__ACQ_1 job_99 ]
1582326928.939176: 5199-7f369de6f000: cdpl_worker.c:1208: in cdpl_wk_finalize(): info: finishing task T98
1582326928.940134: 5199-7f368f5bc700: cdpl_worker.c:585: in cdpl_wk_listen(): debug: received ASSIGN message
1582326928.945452: 5199-7f369de6f000: cdpl_worker.c:1092: in cdpl_wk_wait_timeout(): info: starting task T130
1582326928.945487: 5199-7f369de6f000: cdpl_compat_worker.c:597: in cdplWorkerLogInfo(): info: [runOneAcquisitionAdaptive DFCSNQD2 energy__CDN__lh__Q__lh__ACQ_1 job_131 ]
1582326968.288182: 5199-7f369de6f000: cdpl_worker.c:1208: in cdpl_wk_finalize(): info: finishing task T130
1582326968.288842: 5199-7f368f5bc700: cdpl_worker.c:585: in cdpl_wk_listen(): debug: received ASSIGN message
1582326968.288867: 5199-7f369de6f000: cdpl_worker.c:1092: in cdpl_wk_wait_timeout(): info: starting task T157
1582326968.288882: 5199-7f369de6f000: cdpl_compat_worker.c:597: in cdplWorkerLogInfo(): info: [runOneAcquisitionAdaptive DFCSNQD4 combined_setup_hold__D__lh__CP__lh__ACQ_1 job_158 ]
1582327356.110446: 5199-7f369de6f000: cdpl_worker.c:1208: in cdpl_wk_finalize(): info: finishing task T157
1582327356.111104: 5199-7f368f5bc700: cdpl_worker.c:585: in cdpl_wk_listen(): debug: received ASSIGN message
1582327356.111121: 5199-7f369de6f000: cdpl_worker.c:1092: in cdpl_wk_wait_timeout(): info: starting task T497
1582327356.111133: 5199-7f369de6f000: cdpl_compat_worker.c:597: in cdplWorkerLogInfo(): info: [runOneAcquisitionAdaptive NR2D1 Cin__A2__lh__ACQ_1 job_498 ]
1582327360.964653: 5199-7f369de6f000: cdpl_worker.c:1208: in cdpl_wk_finalize(): info: finishing task T497
1582327360.966095: 5199-7f368f5bc700: cdpl_worker.c:585: in cdpl_wk_listen(): debug: received ASSIGN message
1582327360.974720: 5199-7f369de6f000: cdpl_worker.c:1092: in cdpl_wk_wait_timeout(): info: starting task T510
1582327360.974741: 5199-7f369de6f000: cdpl_compat_worker.c:597: in cdplWorkerLogInfo(): info: [runOneAcquisitionAdaptive NR2D2 delay__A2__hl__ZN__lh__ACQ_1 job_511 ]
1582327376.211268: 5199-7f369de6f000: cdpl_worker.c:1208: in cdpl_wk_finalize(): info: finishing task T510
1582327376.212062: 5199-7f368f5bc700: cdpl_worker.c:585: in cdpl_wk_listen(): debug: received ASSIGN message
1582327376.212082: 5199-7f369de6f000: cdpl_worker.c:1092: in cdpl_wk_wait_timeout(): info: starting task T549
1582327376.212095: 5199-7f369de6f000: cdpl_compat_worker.c:597: in cdplWorkerLogInfo(): info: [runOneAcquisitionAdaptive OR2D0 Cin__A2__lh__ACQ_1 job_550 ]
1582327379.893723: 5199-7f369de6f000: cdpl_worker.c:1208: in cdpl_wk_finalize(): info: finishing task T549
1582327379.894006: 5199-7f368f5bc700: cdpl_worker.c:585: in cdpl_wk_listen(): debug: received ASSIGN message
1582327379.894023: 5199-7f369de6f000: cdpl_worker.c:1092: in cdpl_wk_wait_timeout(): info: starting task T558
1582327379.894035: 5199-7f369de6f000: cdpl_compat_worker.c:597: in cdplWorkerLogInfo(): info: [runOneAcquisitionAdaptive OR2D1 delay__A2__hl__Z__hl__ACQ_1 job_559 ]
1582327393.784684: 5199-7f369de6f000: cdpl_worker.c:1208: in cdpl_wk_finalize(): info: finishing task T558
1582327393.796190: 5199-7f368f5bc700: cdpl_worker.c:585: in cdpl_wk_listen(): debug: received ASSIGN message
1582327393.796254: 5199-7f369de6f000: cdpl_worker.c:1092: in cdpl_wk_wait_timeout(): info: starting task T596
1582327393.796273: 5199-7f369de6f000: cdpl_compat_worker.c:597: in cdplWorkerLogInfo(): info: [runOneAcquisitionAdaptive XNR2D0 delay__A1__hl__ZN__lh__ACQ_1 job_597 ]
1582327411.196768: 5199-7f369de6f000: cdpl_worker.c:1208: in cdpl_wk_finalize(): info: finishing task T596
1582327411.205463: 5199-7f368f5bc700: cdpl_worker.c:585: in cdpl_wk_listen(): debug: received ASSIGN message
1582327411.205488: 5199-7f369de6f000: cdpl_worker.c:1092: in cdpl_wk_wait_timeout(): info: starting task T624
1582327411.205502: 5199-7f369de6f000: cdpl_compat_worker.c:597: in cdplWorkerLogInfo(): info: [runOneAcquisitionAdaptive XNR2D4 leakage_power__ACQ_2 job_625 ]
1582327414.442107: 5199-7f369de6f000: cdpl_worker.c:1208: in cdpl_wk_finalize(): info: finishing task T624
1582327414.442429: 5199-7f368f5bc700: cdpl_worker.c:585: in cdpl_wk_listen(): debug: received ASSIGN message
1582327414.442505: 5199-7f369de6f000: cdpl_worker.c:1092: in cdpl_wk_wait_timeout(): info: starting task T634
1582327414.442522: 5199-7f369de6f000: cdpl_compat_worker.c:597: in cdplWorkerLogInfo(): info: [runOneAcquisitionAdaptive XOR2D0 leakage_power__ACQ_2 job_635 ]
1582327417.869870: 5199-7f369de6f000: cdpl_worker.c:1208: in cdpl_wk_finalize(): info: finishing task T634
1582327417.877279: 5199-7f368f5bc700: cdpl_worker.c:585: in cdpl_wk_listen(): debug: received ASSIGN message
1582327417.881079: 5199-7f369de6f000: cdpl_worker.c:1092: in cdpl_wk_wait_timeout(): info: starting task T639
1582327417.881105: 5199-7f369de6f000: cdpl_compat_worker.c:597: in cdplWorkerLogInfo(): info: [runOneAcquisitionAdaptive XOR2D0 delay__A2__lh__Z__hl__ACQ_1 job_640 ]
1582327433.481329: 5199-7f369de6f000: cdpl_worker.c:1208: in cdpl_wk_finalize(): info: finishing task T639
1582327433.481931: 5199-7f368f5bc700: cdpl_worker.c:585: in cdpl_wk_listen(): debug: received ASSIGN message
1582327433.481961: 5199-7f369de6f000: cdpl_worker.c:1092: in cdpl_wk_wait_timeout(): info: starting task T659
1582327433.481974: 5199-7f369de6f000: cdpl_compat_worker.c:597: in cdplWorkerLogInfo(): info: [runOneAcquisitionAdaptive XOR2D2 delay__A2__lh__Z__hl__ACQ_1 job_660 ]
1582327452.568153: 5199-7f369de6f000: cdpl_worker.c:1208: in cdpl_wk_finalize(): info: finishing task T659
1582327452.575332: 5199-7f368f5bc700: cdpl_worker.c:585: in cdpl_wk_listen(): debug: received ASSIGN message
1582327452.582978: 5199-7f369de6f000: cdpl_worker.c:1092: in cdpl_wk_wait_timeout(): info: starting task T711
1582327452.583002: 5199-7f369de6f000: cdpl_compat_worker.c:597: in cdplWorkerLogInfo(): info: [runOneAcquisitionAdaptive INVD16 delay__I__lh__ZN__hl__ACQ_1 job_712 ]
1582327470.919327: 5199-7f369de6f000: cdpl_worker.c:1208: in cdpl_wk_finalize(): info: finishing task T711
1582327492.666733: 5199-7f368f5bc700: cdpl_worker.c:616: in cdpl_wk_listen(): debug: received RELAY message
1582327494.705972: 5199-7f368f5bc700: cdpl_worker.c:585: in cdpl_wk_listen(): debug: received ASSIGN message
1582327494.706092: 5199-7f369de6f000: cdpl_worker.c:1092: in cdpl_wk_wait_timeout(): info: starting task T756
1582327495.116723: 5199-7f369de6f000: cdpl_compat_worker.c:597: in cdplWorkerLogInfo(): info: [modelOneCellAdaptive {OAI21D4 }]
1582327507.979421: 5199-7f369de6f000: cdpl_worker.c:1208: in cdpl_wk_finalize(): info: finishing task T756
1582327507.997666: 5199-7f368f5bc700: cdpl_worker.c:585: in cdpl_wk_listen(): debug: received ASSIGN message
1582327507.997703: 5199-7f369de6f000: cdpl_worker.c:1092: in cdpl_wk_wait_timeout(): info: starting task T784
1582327507.997728: 5199-7f369de6f000: cdpl_compat_worker.c:597: in cdplWorkerLogInfo(): info: [modelOneCellAdaptive {XOR2D0 }]
1582327519.765388: 5199-7f369de6f000: cdpl_worker.c:1208: in cdpl_wk_finalize(): info: finishing task T784
1582327528.779650: 5199-7f368f5bc700: cdpl_worker.c:616: in cdpl_wk_listen(): debug: received RELAY message
1582327528.802697: 5199-7f368fdbd700: cdpl_ipc.c:606: in _readv(): warning: read(): EOF
1582327528.802726: 5199-7f368fdbd700: cdpl_ipc.c:1462: in _epoll_recv(): debug: _readv(): Broken pipe
1582327528.802732: 5199-7f368fdbd700: cdpl_ipc.c:1683: in _epoll_main(): debug: _epoll_recv(): Broken pipe
1582327528.802741: 5199-7f368fdbd700: cdpl_ipc.c:1061: in _host_drop__UNSAFE(): debug: dropping host `128.54.70.249:35766'
1582327528.803900: 5199-7f368f5bc700: cdpl_worker.c:561: in cdpl_wk_listen(): debug: received DROP notification
1582327528.803909: 5199-7f368f5bc700: cdpl_worker.c:565: in cdpl_wk_listen(): debug: we were dropped by the server
1582327528.803913: 5199-7f368f5bc700: cdpl_worker.c:492: in _wk_kill(): debug: killing worker
1582327528.803917: 5199-7f368f5bc700: cdpl_ipc.c:2481: in cdpl_ipc_kill(): debug: stopping event server
1582327528.803934: 5199-7f368f5bc700: cdpl_worker.c:542: in cdpl_wk_listen(): debug: leaving now
1582327528.804069: 5199-7f369de6f000: cdpl_compat_worker.c:597: in cdplWorkerLogInfo(): info: [Worker shutdown. Code: 3]
1582327528.805052: 5199-7f368fdbd700: cdpl_ipc.c:1720: in _epoll_main(): debug: server going down...
1582327528.849096: 5199-7f369de6f000: cdpl_worker.c:856: in _wk_shutdown(): debug: waiting for heartbeat thread
1582327528.849117: 5199-7f368edbb700: cdpl_worker.c:709: in cdpl_wk_heartbeat(): info: stopping heartbeat
1582327528.849181: 5199-7f369de6f000: cdpl_ipc.c:1781: in cdpl_ipc_host_release(): debug: releasing host `128.54.70.249:35766'
1582327528.849203: 5199-7f369de6f000: cdpl_ipc.c:2532: in cdpl_ipc_free(): debug: releasing IPC handle
1582327528.849208: 5199-7f369de6f000: cdpl_ipc.c:986: in _host_free__UNSAFE(): debug: freeing host `128.54.70.249:35766'
1582327528.849212: 5199-7f369de6f000: cdpl_ipc.c:1028: in _host_free__UNSAFE(): debug: [0 outq, 0 spR, 0 spW]
1582327528.849228: 5199-7f369de6f000: cdpl_ipc.c:2571: in cdpl_ipc_free(): debug: done
1582327528.849234: 5199-7f369de6f000: cdpl_worker.c:912: in cdpl_wk_free(): info: freed
1582327528.849237: 5199-7f369de6f000: cdpl_log.c:359: in cdpl_log_close(): debug: @@end_of_log@@
