1582326826.642403: 5349-7f39db4a3000: cdpl_log.c:221: in cdpl_log_open(): debug: @@start_of_log@@
1582326826.642460: 5349-7f39db4a3000: cdpl_log.c:729: in cdpl_log_dump_sysinfo(): info: time: 2020/02/21 15:13:46 PST -0800
1582326826.642468: 5349-7f39db4a3000: cdpl_log.c:731: in cdpl_log_dump_sysinfo(): info: version: L_2016.03_SP2_PROD_CDPL 
1582326826.642472: 5349-7f39db4a3000: cdpl_log.c:736: in cdpl_log_dump_sysinfo(): info: system: Linux 3.10.0-1062.9.1.el7.x86_64 #1 SMP Fri Dec 6 15:49:49 UTC 2019
1582326826.642477: 5349-7f39db4a3000: cdpl_log.c:740: in cdpl_log_dump_sysinfo(): info: processor: x86_64 64-bits
1582326826.642481: 5349-7f39db4a3000: cdpl_log.c:742: in cdpl_log_dump_sysinfo(): info: hostname: ieng6-249.ucsd.edu
1582326826.642486: 5349-7f39db4a3000: cdpl_log.c:223: in cdpl_log_open(): debug: path: /home/linux/ieng6/ee260bwi20/haz023/lab5/run_siliconsmart/LIB_FF_1.1_-40_ALL/runtime/cdpl/worker.W15.ieng6-249.ucsd.edu.5349.log
1582326826.642491: 5349-7f39db4a3000: cdpl_log.c:224: in cdpl_log_open(): debug: dir: /home/linux/ieng6/ee260bwi20/haz023/lab5/run_siliconsmart/LIB_FF_1.1_-40_ALL/runtime/cdpl
1582326826.642501: 5349-7f39db4a3000: cdpl_worker.c:728: in cdpl_wk_new(): info: creating worker instance
1582326826.651542: 5349-7f39db4a3000: cdpl_worker.c:925: in cdpl_wk_start(): debug: starting worker
1582326826.651565: 5349-7f39db4a3000: cdpl_worker.c:276: in cdpl_wk_setup(): info: CDPL_SERVER is "128.54.70.249:35766"
1582326826.651573: 5349-7f39db4a3000: cdpl_worker.c:299: in cdpl_wk_setup(): info: server 128.54.70.249, port 35766
1582326826.651578: 5349-7f39db4a3000: cdpl_worker.c:319: in cdpl_wk_setup(): info: CDPL_ID is "15:1:1:1:1167169222"
1582326826.651598: 5349-7f39db4a3000: cdpl_worker.c:361: in cdpl_wk_setup(): info: we are W15-B1-J1-M1-S1167169222
1582326826.651604: 5349-7f39db4a3000: cdpl_worker.c:363: in cdpl_wk_setup(): info: we are on host ieng6-249.ucsd.edu
1582326826.651608: 5349-7f39db4a3000: cdpl_worker.c:372: in cdpl_wk_daemonize(): debug: will *not* daemonize
1582326826.651616: 5349-7f39db4a3000: cdpl_ipc.c:2593: in cdpl_ipc_connect(): info: connecting to 128.54.70.249:35766
1582326826.666719: 5349-7f39db4a3000: cdpl_ipc.c:2659: in cdpl_ipc_connect(): info: connected as `128.54.70.249:55180'
1582326826.666771: 5349-7f39db4a3000: cdpl_ipc.c:1763: in cdpl_ipc_host_accept(): debug: accepted host `128.54.70.249:35766'
1582326826.666789: 5349-7f39db4a3000: cdpl_ipc.c:2436: in cdpl_ipc_start(): debug: starting IPC server 128.54.70.249:43048
1582326826.667160: 5349-7f39db4a3000: cdpl_compat_worker.c:148: in cdplStartWorker(): info: SNPSLMD_LICENSE_FILE is 1705@acms-flexlm-lnx4.ucsd.edu,1705@acms-flexlm-lnx5.ucsd.edu,1705@acms-flexlm-lnx6.ucsd.edu
1582326826.667352: 5349-7f39db4a3000: cdpl_compat_worker.c:597: in cdplWorkerLogInfo(): info: [Maximum lifespan of worker is set to 1200m]
1582326826.667535: 5349-7f39db4a3000: cdpl_compat_worker.c:597: in cdplWorkerLogInfo(): info: [Peak virtual memory is set to 128GB]
1582326826.705271: 5349-7f39ccbf0700: cdpl_worker.c:528: in cdpl_wk_listen(): debug: ready
1582326826.705342: 5349-7f39cc3ef700: cdpl_worker.c:656: in cdpl_wk_heartbeat(): debug: starting heartbeat
1582326826.705356: 5349-7f39cc3ef700: cdpl_worker.c:665: in cdpl_wk_heartbeat(): info: setting heartbeat period to 60 sec
1582326826.705375: 5349-7f39cc3ef700: cdpl_worker.c:673: in cdpl_wk_heartbeat(): info: first heartbeat in 1 sec
1582326826.716200: 5349-7f39ccbf0700: cdpl_worker.c:585: in cdpl_wk_listen(): debug: received ASSIGN message
1582326826.725307: 5349-7f39db4a3000: cdpl_worker.c:1092: in cdpl_wk_wait_timeout(): info: starting task T20
1582326826.725363: 5349-7f39db4a3000: cdpl_compat_worker.c:597: in cdplWorkerLogInfo(): info: [configOneCellAdaptive { DFCSNQD2 }]
1582326834.534524: 5349-7f39db4a3000: cdpl_worker.c:1208: in cdpl_wk_finalize(): info: finishing task T20
1582326858.785881: 5349-7f39ccbf0700: cdpl_worker.c:616: in cdpl_wk_listen(): debug: received RELAY message
1582326859.036108: 5349-7f39ccbf0700: cdpl_worker.c:616: in cdpl_wk_listen(): debug: received RELAY message
1582326861.378387: 5349-7f39ccbf0700: cdpl_worker.c:585: in cdpl_wk_listen(): debug: received ASSIGN message
1582326861.378690: 5349-7f39db4a3000: cdpl_worker.c:1092: in cdpl_wk_wait_timeout(): info: starting task T88
1582326863.142408: 5349-7f39db4a3000: cdpl_compat_worker.c:597: in cdplWorkerLogInfo(): info: [runOneAcquisitionAdaptive DFCSNQD1 leakage_power__ACQ_10 job_89 ]
1582326874.150728: 5349-7f39db4a3000: cdpl_worker.c:1208: in cdpl_wk_finalize(): info: finishing task T88
1582326874.156019: 5349-7f39ccbf0700: cdpl_worker.c:585: in cdpl_wk_listen(): debug: received ASSIGN message
1582326874.156059: 5349-7f39db4a3000: cdpl_worker.c:1092: in cdpl_wk_wait_timeout(): info: starting task T101
1582326874.156092: 5349-7f39db4a3000: cdpl_compat_worker.c:597: in cdplWorkerLogInfo(): info: [runOneAcquisitionAdaptive DFCSNQD2 energy__CP__hl__ACQ_1 job_102 ]
1582326884.523604: 5349-7f39db4a3000: cdpl_worker.c:1208: in cdpl_wk_finalize(): info: finishing task T101
1582326884.524302: 5349-7f39ccbf0700: cdpl_worker.c:585: in cdpl_wk_listen(): debug: received ASSIGN message
1582326884.524325: 5349-7f39db4a3000: cdpl_worker.c:1092: in cdpl_wk_wait_timeout(): info: starting task T112
1582326884.524340: 5349-7f39db4a3000: cdpl_compat_worker.c:597: in cdplWorkerLogInfo(): info: [runOneAcquisitionAdaptive DFCSNQD2 asynch_recover__CDN__lh__SDN__lh__ACQ_1 job_113 ]
1582326961.855541: 5349-7f39db4a3000: cdpl_worker.c:1208: in cdpl_wk_finalize(): info: finishing task T112
1582326961.866368: 5349-7f39ccbf0700: cdpl_worker.c:585: in cdpl_wk_listen(): debug: received ASSIGN message
1582326961.866400: 5349-7f39db4a3000: cdpl_worker.c:1092: in cdpl_wk_wait_timeout(): info: starting task T153
1582326961.866420: 5349-7f39db4a3000: cdpl_compat_worker.c:597: in cdplWorkerLogInfo(): info: [runOneAcquisitionAdaptive DFCSNQD4 recover__SDN__lh__CP__lh__ACQ_1 job_154 ]
1582327062.952555: 5349-7f39db4a3000: cdpl_worker.c:1208: in cdpl_wk_finalize(): info: finishing task T153
1582327062.953276: 5349-7f39ccbf0700: cdpl_worker.c:585: in cdpl_wk_listen(): debug: received ASSIGN message
1582327062.953306: 5349-7f39db4a3000: cdpl_worker.c:1092: in cdpl_wk_wait_timeout(): info: starting task T239
1582327062.953323: 5349-7f39db4a3000: cdpl_compat_worker.c:597: in cdplWorkerLogInfo(): info: [runOneAcquisitionAdaptive AOI21D4 delay__B__lh__ZN__hl__ACQ_1 job_240 ]
1582327094.627067: 5349-7f39db4a3000: cdpl_worker.c:1208: in cdpl_wk_finalize(): info: finishing task T239
1582327094.628752: 5349-7f39ccbf0700: cdpl_worker.c:585: in cdpl_wk_listen(): debug: received ASSIGN message
1582327094.628778: 5349-7f39db4a3000: cdpl_worker.c:1092: in cdpl_wk_wait_timeout(): info: starting task T271
1582327094.628793: 5349-7f39db4a3000: cdpl_compat_worker.c:597: in cdplWorkerLogInfo(): info: [runOneAcquisitionAdaptive MUX2D1 Cin__I0__lh__ACQ_1 job_272 ]
1582327100.229197: 5349-7f39db4a3000: cdpl_worker.c:1208: in cdpl_wk_finalize(): info: finishing task T271
1582327100.229822: 5349-7f39ccbf0700: cdpl_worker.c:585: in cdpl_wk_listen(): debug: received ASSIGN message
1582327100.229844: 5349-7f39db4a3000: cdpl_worker.c:1092: in cdpl_wk_wait_timeout(): info: starting task T281
1582327100.229859: 5349-7f39db4a3000: cdpl_compat_worker.c:597: in cdplWorkerLogInfo(): info: [runOneAcquisitionAdaptive MUX2D2 delay__I1__hl__Z__hl__ACQ_1 job_282 ]
1582327119.135742: 5349-7f39db4a3000: cdpl_worker.c:1208: in cdpl_wk_finalize(): info: finishing task T281
1582327119.136344: 5349-7f39ccbf0700: cdpl_worker.c:585: in cdpl_wk_listen(): debug: received ASSIGN message
1582327119.136426: 5349-7f39db4a3000: cdpl_worker.c:1092: in cdpl_wk_wait_timeout(): info: starting task T312
1582327119.136446: 5349-7f39db4a3000: cdpl_compat_worker.c:597: in cdplWorkerLogInfo(): info: [runOneAcquisitionAdaptive OAI21D0 Cin__A2__lh__ACQ_1 job_313 ]
1582327124.465946: 5349-7f39db4a3000: cdpl_worker.c:1208: in cdpl_wk_finalize(): info: finishing task T312
1582327124.478735: 5349-7f39ccbf0700: cdpl_worker.c:585: in cdpl_wk_listen(): debug: received ASSIGN message
1582327124.484905: 5349-7f39db4a3000: cdpl_worker.c:1092: in cdpl_wk_wait_timeout(): info: starting task T322
1582327124.484945: 5349-7f39db4a3000: cdpl_compat_worker.c:597: in cdplWorkerLogInfo(): info: [runOneAcquisitionAdaptive OAI21D1 leakage_power__ACQ_1 job_323 ]
1582327129.083647: 5349-7f39db4a3000: cdpl_worker.c:1208: in cdpl_wk_finalize(): info: finishing task T322
1582327129.085611: 5349-7f39ccbf0700: cdpl_worker.c:585: in cdpl_wk_listen(): debug: received ASSIGN message
1582327129.085678: 5349-7f39db4a3000: cdpl_worker.c:1092: in cdpl_wk_wait_timeout(): info: starting task T328
1582327129.085710: 5349-7f39db4a3000: cdpl_compat_worker.c:597: in cdplWorkerLogInfo(): info: [runOneAcquisitionAdaptive OAI21D1 delay__A2__lh__ZN__hl__ACQ_1 job_329 ]
1582327144.172477: 5349-7f39db4a3000: cdpl_worker.c:1208: in cdpl_wk_finalize(): info: finishing task T328
1582327144.183392: 5349-7f39ccbf0700: cdpl_worker.c:585: in cdpl_wk_listen(): debug: received ASSIGN message
1582327144.183416: 5349-7f39db4a3000: cdpl_worker.c:1092: in cdpl_wk_wait_timeout(): info: starting task T358
1582327144.183433: 5349-7f39db4a3000: cdpl_compat_worker.c:597: in cdplWorkerLogInfo(): info: [runOneAcquisitionAdaptive OAI21D4 Cin__B__hl__ACQ_1 job_359 ]
1582327151.178858: 5349-7f39db4a3000: cdpl_worker.c:1208: in cdpl_wk_finalize(): info: finishing task T358
1582327151.190317: 5349-7f39ccbf0700: cdpl_worker.c:585: in cdpl_wk_listen(): debug: received ASSIGN message
1582327151.190398: 5349-7f39db4a3000: cdpl_worker.c:1092: in cdpl_wk_wait_timeout(): info: starting task T371
1582327151.190422: 5349-7f39db4a3000: cdpl_compat_worker.c:597: in cdplWorkerLogInfo(): info: [runOneAcquisitionAdaptive AN2D1 Cin__A2__hl__ACQ_1 job_372 ]
1582327155.281207: 5349-7f39db4a3000: cdpl_worker.c:1208: in cdpl_wk_finalize(): info: finishing task T371
1582327155.285673: 5349-7f39ccbf0700: cdpl_worker.c:585: in cdpl_wk_listen(): debug: received ASSIGN message
1582327155.285716: 5349-7f39db4a3000: cdpl_worker.c:1092: in cdpl_wk_wait_timeout(): info: starting task T378
1582327155.285744: 5349-7f39db4a3000: cdpl_compat_worker.c:597: in cdplWorkerLogInfo(): info: [runOneAcquisitionAdaptive AN2D1 delay__A2__hl__Z__hl__ACQ_1 job_379 ]
1582327169.674166: 5349-7f39db4a3000: cdpl_worker.c:1208: in cdpl_wk_finalize(): info: finishing task T378
1582327169.678260: 5349-7f39ccbf0700: cdpl_worker.c:585: in cdpl_wk_listen(): debug: received ASSIGN message
1582327169.683362: 5349-7f39db4a3000: cdpl_worker.c:1092: in cdpl_wk_wait_timeout(): info: starting task T413
1582327169.683401: 5349-7f39db4a3000: cdpl_compat_worker.c:597: in cdplWorkerLogInfo(): info: [runOneAcquisitionAdaptive AN2XD1 delay__A1__lh__Z__lh__ACQ_1 job_414 ]
1582327184.202178: 5349-7f39db4a3000: cdpl_worker.c:1208: in cdpl_wk_finalize(): info: finishing task T413
1582327184.206441: 5349-7f39ccbf0700: cdpl_worker.c:585: in cdpl_wk_listen(): debug: received ASSIGN message
1582327184.206476: 5349-7f39db4a3000: cdpl_worker.c:1092: in cdpl_wk_wait_timeout(): info: starting task T446
1582327184.206493: 5349-7f39db4a3000: cdpl_compat_worker.c:597: in cdplWorkerLogInfo(): info: [runOneAcquisitionAdaptive ND2D2 leakage_power__ACQ_4 job_447 ]
1582327188.541583: 5349-7f39db4a3000: cdpl_worker.c:1208: in cdpl_wk_finalize(): info: finishing task T446
1582327188.542530: 5349-7f39ccbf0700: cdpl_worker.c:585: in cdpl_wk_listen(): debug: received ASSIGN message
1582327188.542832: 5349-7f39db4a3000: cdpl_worker.c:1092: in cdpl_wk_wait_timeout(): info: starting task T460
1582327188.542872: 5349-7f39db4a3000: cdpl_compat_worker.c:597: in cdplWorkerLogInfo(): info: [runOneAcquisitionAdaptive ND2D3 delay__A2__hl__ZN__lh__ACQ_1 job_461 ]
1582327355.170572: 5349-7f39db4a3000: cdpl_worker.c:1208: in cdpl_wk_finalize(): info: finishing task T460
1582327355.173288: 5349-7f39ccbf0700: cdpl_worker.c:585: in cdpl_wk_listen(): debug: received ASSIGN message
1582327355.173321: 5349-7f39db4a3000: cdpl_worker.c:1092: in cdpl_wk_wait_timeout(): info: starting task T493
1582327355.173339: 5349-7f39db4a3000: cdpl_compat_worker.c:597: in cdplWorkerLogInfo(): info: [runOneAcquisitionAdaptive NR2D1 leakage_power__ACQ_1 job_494 ]
1582327359.926484: 5349-7f39db4a3000: cdpl_worker.c:1208: in cdpl_wk_finalize(): info: finishing task T493
1582327359.927519: 5349-7f39ccbf0700: cdpl_worker.c:585: in cdpl_wk_listen(): debug: received ASSIGN message
1582327359.927547: 5349-7f39db4a3000: cdpl_worker.c:1092: in cdpl_wk_wait_timeout(): info: starting task T506
1582327359.927566: 5349-7f39db4a3000: cdpl_compat_worker.c:597: in cdplWorkerLogInfo(): info: [runOneAcquisitionAdaptive NR2D2 delay__A1__hl__ZN__lh__ACQ_1 job_507 ]
1582327374.050196: 5349-7f39db4a3000: cdpl_worker.c:1208: in cdpl_wk_finalize(): info: finishing task T506
1582327374.062512: 5349-7f39ccbf0700: cdpl_worker.c:585: in cdpl_wk_listen(): debug: received ASSIGN message
1582327374.062539: 5349-7f39db4a3000: cdpl_worker.c:1092: in cdpl_wk_wait_timeout(): info: starting task T543
1582327374.062557: 5349-7f39db4a3000: cdpl_compat_worker.c:597: in cdplWorkerLogInfo(): info: [runOneAcquisitionAdaptive OR2D0 delay__A1__lh__Z__lh__ACQ_1 job_544 ]
1582327386.148042: 5349-7f39db4a3000: cdpl_worker.c:1208: in cdpl_wk_finalize(): info: finishing task T543
1582327386.160575: 5349-7f39ccbf0700: cdpl_worker.c:585: in cdpl_wk_listen(): debug: received ASSIGN message
1582327386.166002: 5349-7f39db4a3000: cdpl_worker.c:1092: in cdpl_wk_wait_timeout(): info: starting task T577
1582327386.166035: 5349-7f39db4a3000: cdpl_compat_worker.c:597: in cdplWorkerLogInfo(): info: [runOneAcquisitionAdaptive OR2D4 delay__A2__lh__Z__lh__ACQ_1 job_578 ]
1582327408.526365: 5349-7f39db4a3000: cdpl_worker.c:1208: in cdpl_wk_finalize(): info: finishing task T577
1582327408.550232: 5349-7f39ccbf0700: cdpl_worker.c:585: in cdpl_wk_listen(): debug: received ASSIGN message
1582327408.561974: 5349-7f39db4a3000: cdpl_worker.c:1092: in cdpl_wk_wait_timeout(): info: starting task T621
1582327408.562002: 5349-7f39db4a3000: cdpl_compat_worker.c:597: in cdplWorkerLogInfo(): info: [runOneAcquisitionAdaptive XNR2D4 delay__A2__lh__ZN__lh__ACQ_1 job_622 ]
1582327433.966917: 5349-7f39db4a3000: cdpl_worker.c:1208: in cdpl_wk_finalize(): info: finishing task T621
1582327433.969567: 5349-7f39ccbf0700: cdpl_worker.c:585: in cdpl_wk_listen(): debug: received ASSIGN message
1582327433.969586: 5349-7f39db4a3000: cdpl_worker.c:1092: in cdpl_wk_wait_timeout(): info: starting task T661
1582327433.969599: 5349-7f39db4a3000: cdpl_compat_worker.c:597: in cdplWorkerLogInfo(): info: [runOneAcquisitionAdaptive BUFFD0 leakage_power__ACQ_1 job_662 ]
1582327436.812418: 5349-7f39db4a3000: cdpl_worker.c:1208: in cdpl_wk_finalize(): info: finishing task T661
1582327436.812723: 5349-7f39ccbf0700: cdpl_worker.c:585: in cdpl_wk_listen(): debug: received ASSIGN message
1582327436.812741: 5349-7f39db4a3000: cdpl_worker.c:1092: in cdpl_wk_wait_timeout(): info: starting task T671
1582327436.812753: 5349-7f39db4a3000: cdpl_compat_worker.c:597: in cdplWorkerLogInfo(): info: [runOneAcquisitionAdaptive BUFFD12 delay__I__lh__Z__lh__ACQ_1 job_672 ]
1582327465.643816: 5349-7f39db4a3000: cdpl_worker.c:1208: in cdpl_wk_finalize(): info: finishing task T671
1582327492.666831: 5349-7f39ccbf0700: cdpl_worker.c:616: in cdpl_wk_listen(): debug: received RELAY message
1582327492.881996: 5349-7f39ccbf0700: cdpl_worker.c:585: in cdpl_wk_listen(): debug: received ASSIGN message
1582327492.883978: 5349-7f39db4a3000: cdpl_worker.c:1092: in cdpl_wk_wait_timeout(): info: starting task T743
1582327492.966098: 5349-7f39db4a3000: cdpl_compat_worker.c:597: in cdplWorkerLogInfo(): info: [modelOneCellAdaptive {DFCSNQD4 }]
1582327505.176574: 5349-7f39db4a3000: cdpl_worker.c:1208: in cdpl_wk_finalize(): info: finishing task T743
1582327505.204199: 5349-7f39ccbf0700: cdpl_worker.c:585: in cdpl_wk_listen(): debug: received ASSIGN message
1582327505.204223: 5349-7f39db4a3000: cdpl_worker.c:1092: in cdpl_wk_wait_timeout(): info: starting task T772
1582327505.204240: 5349-7f39db4a3000: cdpl_compat_worker.c:597: in cdplWorkerLogInfo(): info: [modelOneCellAdaptive {NR2D3 }]
1582327517.103614: 5349-7f39db4a3000: cdpl_worker.c:1208: in cdpl_wk_finalize(): info: finishing task T772
1582327517.138254: 5349-7f39ccbf0700: cdpl_worker.c:585: in cdpl_wk_listen(): debug: received ASSIGN message
1582327517.138284: 5349-7f39db4a3000: cdpl_worker.c:1092: in cdpl_wk_wait_timeout(): info: starting task T799
1582327517.138302: 5349-7f39db4a3000: cdpl_compat_worker.c:597: in cdplWorkerLogInfo(): info: [modelOneCellAdaptive {INVD16 }]
1582327523.718017: 5349-7f39db4a3000: cdpl_worker.c:1208: in cdpl_wk_finalize(): info: finishing task T799
1582327528.779214: 5349-7f39ccbf0700: cdpl_worker.c:616: in cdpl_wk_listen(): debug: received RELAY message
1582327528.803380: 5349-7f39cd3f1700: cdpl_ipc.c:606: in _readv(): warning: read(): EOF
1582327528.803409: 5349-7f39cd3f1700: cdpl_ipc.c:1462: in _epoll_recv(): debug: _readv(): Broken pipe
1582327528.803414: 5349-7f39cd3f1700: cdpl_ipc.c:1683: in _epoll_main(): debug: _epoll_recv(): Broken pipe
1582327528.803423: 5349-7f39cd3f1700: cdpl_ipc.c:1061: in _host_drop__UNSAFE(): debug: dropping host `128.54.70.249:35766'
1582327528.804511: 5349-7f39ccbf0700: cdpl_worker.c:561: in cdpl_wk_listen(): debug: received DROP notification
1582327528.804519: 5349-7f39ccbf0700: cdpl_worker.c:565: in cdpl_wk_listen(): debug: we were dropped by the server
1582327528.804524: 5349-7f39ccbf0700: cdpl_worker.c:492: in _wk_kill(): debug: killing worker
1582327528.804528: 5349-7f39ccbf0700: cdpl_ipc.c:2481: in cdpl_ipc_kill(): debug: stopping event server
1582327528.804554: 5349-7f39ccbf0700: cdpl_worker.c:542: in cdpl_wk_listen(): debug: leaving now
1582327528.805066: 5349-7f39db4a3000: cdpl_compat_worker.c:597: in cdplWorkerLogInfo(): info: [Worker shutdown. Code: 3]
1582327528.805108: 5349-7f39cd3f1700: cdpl_ipc.c:1720: in _epoll_main(): debug: server going down...
1582327528.878483: 5349-7f39db4a3000: cdpl_worker.c:856: in _wk_shutdown(): debug: waiting for heartbeat thread
1582327528.878504: 5349-7f39cc3ef700: cdpl_worker.c:709: in cdpl_wk_heartbeat(): info: stopping heartbeat
1582327528.878557: 5349-7f39db4a3000: cdpl_ipc.c:1781: in cdpl_ipc_host_release(): debug: releasing host `128.54.70.249:35766'
1582327528.878578: 5349-7f39db4a3000: cdpl_ipc.c:2532: in cdpl_ipc_free(): debug: releasing IPC handle
1582327528.878583: 5349-7f39db4a3000: cdpl_ipc.c:986: in _host_free__UNSAFE(): debug: freeing host `128.54.70.249:35766'
1582327528.878587: 5349-7f39db4a3000: cdpl_ipc.c:1028: in _host_free__UNSAFE(): debug: [0 outq, 0 spR, 0 spW]
1582327528.878605: 5349-7f39db4a3000: cdpl_ipc.c:2571: in cdpl_ipc_free(): debug: done
1582327528.878610: 5349-7f39db4a3000: cdpl_worker.c:912: in cdpl_wk_free(): info: freed
1582327528.878616: 5349-7f39db4a3000: cdpl_log.c:359: in cdpl_log_close(): debug: @@end_of_log@@
