1582326828.553319: 5443-7fdb9453c000: cdpl_log.c:221: in cdpl_log_open(): debug: @@start_of_log@@
1582326828.553405: 5443-7fdb9453c000: cdpl_log.c:729: in cdpl_log_dump_sysinfo(): info: time: 2020/02/21 15:13:48 PST -0800
1582326828.553414: 5443-7fdb9453c000: cdpl_log.c:731: in cdpl_log_dump_sysinfo(): info: version: L_2016.03_SP2_PROD_CDPL 
1582326828.553418: 5443-7fdb9453c000: cdpl_log.c:736: in cdpl_log_dump_sysinfo(): info: system: Linux 3.10.0-1062.9.1.el7.x86_64 #1 SMP Fri Dec 6 15:49:49 UTC 2019
1582326828.553422: 5443-7fdb9453c000: cdpl_log.c:740: in cdpl_log_dump_sysinfo(): info: processor: x86_64 64-bits
1582326828.553426: 5443-7fdb9453c000: cdpl_log.c:742: in cdpl_log_dump_sysinfo(): info: hostname: ieng6-249.ucsd.edu
1582326828.553430: 5443-7fdb9453c000: cdpl_log.c:223: in cdpl_log_open(): debug: path: /home/linux/ieng6/ee260bwi20/haz023/lab5/run_siliconsmart/LIB_FF_1.1_-40_ALL/runtime/cdpl/worker.W17.ieng6-249.ucsd.edu.5443.log
1582326828.553435: 5443-7fdb9453c000: cdpl_log.c:224: in cdpl_log_open(): debug: dir: /home/linux/ieng6/ee260bwi20/haz023/lab5/run_siliconsmart/LIB_FF_1.1_-40_ALL/runtime/cdpl
1582326828.553449: 5443-7fdb9453c000: cdpl_worker.c:728: in cdpl_wk_new(): info: creating worker instance
1582326828.560743: 5443-7fdb9453c000: cdpl_worker.c:925: in cdpl_wk_start(): debug: starting worker
1582326828.560761: 5443-7fdb9453c000: cdpl_worker.c:276: in cdpl_wk_setup(): info: CDPL_SERVER is "128.54.70.249:35766"
1582326828.560767: 5443-7fdb9453c000: cdpl_worker.c:299: in cdpl_wk_setup(): info: server 128.54.70.249, port 35766
1582326828.560772: 5443-7fdb9453c000: cdpl_worker.c:319: in cdpl_wk_setup(): info: CDPL_ID is "17:1:1:1:1167169222"
1582326828.560793: 5443-7fdb9453c000: cdpl_worker.c:361: in cdpl_wk_setup(): info: we are W17-B1-J1-M1-S1167169222
1582326828.560798: 5443-7fdb9453c000: cdpl_worker.c:363: in cdpl_wk_setup(): info: we are on host ieng6-249.ucsd.edu
1582326828.560801: 5443-7fdb9453c000: cdpl_worker.c:372: in cdpl_wk_daemonize(): debug: will *not* daemonize
1582326828.560808: 5443-7fdb9453c000: cdpl_ipc.c:2593: in cdpl_ipc_connect(): info: connecting to 128.54.70.249:35766
1582326828.561382: 5443-7fdb9453c000: cdpl_ipc.c:2659: in cdpl_ipc_connect(): info: connected as `128.54.70.249:55194'
1582326828.561411: 5443-7fdb9453c000: cdpl_ipc.c:1763: in cdpl_ipc_host_accept(): debug: accepted host `128.54.70.249:35766'
1582326828.561424: 5443-7fdb9453c000: cdpl_ipc.c:2436: in cdpl_ipc_start(): debug: starting IPC server 128.54.70.249:35693
1582326828.561589: 5443-7fdb9453c000: cdpl_compat_worker.c:148: in cdplStartWorker(): info: SNPSLMD_LICENSE_FILE is 1705@acms-flexlm-lnx4.ucsd.edu,1705@acms-flexlm-lnx5.ucsd.edu,1705@acms-flexlm-lnx6.ucsd.edu
1582326828.561686: 5443-7fdb9453c000: cdpl_compat_worker.c:597: in cdplWorkerLogInfo(): info: [Maximum lifespan of worker is set to 1200m]
1582326828.561763: 5443-7fdb9453c000: cdpl_compat_worker.c:597: in cdplWorkerLogInfo(): info: [Peak virtual memory is set to 128GB]
1582326828.619681: 5443-7fdb85488700: cdpl_worker.c:656: in cdpl_wk_heartbeat(): debug: starting heartbeat
1582326828.619726: 5443-7fdb85488700: cdpl_worker.c:665: in cdpl_wk_heartbeat(): info: setting heartbeat period to 60 sec
1582326828.619747: 5443-7fdb85488700: cdpl_worker.c:673: in cdpl_wk_heartbeat(): info: first heartbeat in 1 sec
1582326828.630508: 5443-7fdb85c89700: cdpl_worker.c:528: in cdpl_wk_listen(): debug: ready
1582326828.630526: 5443-7fdb85c89700: cdpl_worker.c:585: in cdpl_wk_listen(): debug: received ASSIGN message
1582326828.630567: 5443-7fdb9453c000: cdpl_worker.c:1092: in cdpl_wk_wait_timeout(): info: starting task T42
1582326828.630599: 5443-7fdb9453c000: cdpl_compat_worker.c:597: in cdplWorkerLogInfo(): info: [configOneCellAdaptive { ND2D4 }]
1582326831.560754: 5443-7fdb9453c000: cdpl_worker.c:1208: in cdpl_wk_finalize(): info: finishing task T42
1582326831.571573: 5443-7fdb85c89700: cdpl_worker.c:585: in cdpl_wk_listen(): debug: received ASSIGN message
1582326831.571594: 5443-7fdb9453c000: cdpl_worker.c:1092: in cdpl_wk_wait_timeout(): info: starting task T61
1582326831.571615: 5443-7fdb9453c000: cdpl_compat_worker.c:597: in cdplWorkerLogInfo(): info: [configOneCellAdaptive { XNR2D2 }]
1582326834.405310: 5443-7fdb9453c000: cdpl_worker.c:1208: in cdpl_wk_finalize(): info: finishing task T61
1582326858.786198: 5443-7fdb85c89700: cdpl_worker.c:616: in cdpl_wk_listen(): debug: received RELAY message
1582326859.036289: 5443-7fdb85c89700: cdpl_worker.c:616: in cdpl_wk_listen(): debug: received RELAY message
1582326860.739391: 5443-7fdb85c89700: cdpl_worker.c:585: in cdpl_wk_listen(): debug: received ASSIGN message
1582326860.749122: 5443-7fdb9453c000: cdpl_worker.c:1092: in cdpl_wk_wait_timeout(): info: starting task T82
1582326862.561776: 5443-7fdb9453c000: cdpl_compat_worker.c:597: in cdplWorkerLogInfo(): info: [runOneAcquisitionAdaptive DFCSNQD1 cmpw__CP__lh__CP__hl__ACQ_1 job_83 ]
1582326872.321726: 5443-7fdb9453c000: cdpl_worker.c:1208: in cdpl_wk_finalize(): info: finishing task T82
1582326872.341720: 5443-7fdb85c89700: cdpl_worker.c:585: in cdpl_wk_listen(): debug: received ASSIGN message
1582326872.352276: 5443-7fdb9453c000: cdpl_worker.c:1092: in cdpl_wk_wait_timeout(): info: starting task T97
1582326872.352309: 5443-7fdb9453c000: cdpl_compat_worker.c:597: in cdplWorkerLogInfo(): info: [runOneAcquisitionAdaptive DFCSNQD1 Cin__CDN__lh_2__ACQ_1 job_98 ]
1582326882.745507: 5443-7fdb9453c000: cdpl_worker.c:1208: in cdpl_wk_finalize(): info: finishing task T97
1582326882.749330: 5443-7fdb85c89700: cdpl_worker.c:585: in cdpl_wk_listen(): debug: received ASSIGN message
1582326882.749396: 5443-7fdb9453c000: cdpl_worker.c:1092: in cdpl_wk_wait_timeout(): info: starting task T108
1582326882.749416: 5443-7fdb9453c000: cdpl_compat_worker.c:597: in cdplWorkerLogInfo(): info: [runOneAcquisitionAdaptive DFCSNQD2 Cin__CP__hl__ACQ_2 job_109 ]
1582326897.107876: 5443-7fdb9453c000: cdpl_worker.c:1208: in cdpl_wk_finalize(): info: finishing task T108
1582326897.108612: 5443-7fdb85c89700: cdpl_worker.c:585: in cdpl_wk_listen(): debug: received ASSIGN message
1582326897.108644: 5443-7fdb9453c000: cdpl_worker.c:1092: in cdpl_wk_wait_timeout(): info: starting task T121
1582326897.108666: 5443-7fdb9453c000: cdpl_compat_worker.c:597: in cdplWorkerLogInfo(): info: [runOneAcquisitionAdaptive DFCSNQD2 leakage_power__ACQ_9 job_122 ]
1582326903.721564: 5443-7fdb9453c000: cdpl_worker.c:1208: in cdpl_wk_finalize(): info: finishing task T121
1582326903.722984: 5443-7fdb85c89700: cdpl_worker.c:585: in cdpl_wk_listen(): debug: received ASSIGN message
1582326903.723007: 5443-7fdb9453c000: cdpl_worker.c:1092: in cdpl_wk_wait_timeout(): info: starting task T122
1582326903.723020: 5443-7fdb9453c000: cdpl_compat_worker.c:597: in cdplWorkerLogInfo(): info: [runOneAcquisitionAdaptive DFCSNQD2 leakage_power__ACQ_10 job_123 ]
1582326909.858157: 5443-7fdb9453c000: cdpl_worker.c:1208: in cdpl_wk_finalize(): info: finishing task T122
1582326909.870564: 5443-7fdb85c89700: cdpl_worker.c:585: in cdpl_wk_listen(): debug: received ASSIGN message
1582326909.870618: 5443-7fdb9453c000: cdpl_worker.c:1092: in cdpl_wk_wait_timeout(): info: starting task T124
1582326909.870650: 5443-7fdb9453c000: cdpl_compat_worker.c:597: in cdplWorkerLogInfo(): info: [runOneAcquisitionAdaptive DFCSNQD2 combined_setup_hold__D__hl__CP__lh__ACQ_1 job_125 ]
1582327102.327432: 5443-7fdb9453c000: cdpl_worker.c:1208: in cdpl_wk_finalize(): info: finishing task T124
1582327102.330488: 5443-7fdb85c89700: cdpl_worker.c:585: in cdpl_wk_listen(): debug: received ASSIGN message
1582327102.330521: 5443-7fdb9453c000: cdpl_worker.c:1092: in cdpl_wk_wait_timeout(): info: starting task T286
1582327102.330545: 5443-7fdb9453c000: cdpl_compat_worker.c:597: in cdplWorkerLogInfo(): info: [runOneAcquisitionAdaptive MUX2D2 Cin__I1__hl__ACQ_1 job_287 ]
1582327108.006793: 5443-7fdb9453c000: cdpl_worker.c:1208: in cdpl_wk_finalize(): info: finishing task T286
1582327108.010659: 5443-7fdb85c89700: cdpl_worker.c:585: in cdpl_wk_listen(): debug: received ASSIGN message
1582327108.018287: 5443-7fdb9453c000: cdpl_worker.c:1092: in cdpl_wk_wait_timeout(): info: starting task T296
1582327108.018318: 5443-7fdb9453c000: cdpl_compat_worker.c:597: in cdplWorkerLogInfo(): info: [runOneAcquisitionAdaptive MUX2D4 delay__I1__lh__Z__lh__ACQ_1 job_297 ]
1582327134.194653: 5443-7fdb9453c000: cdpl_worker.c:1208: in cdpl_wk_finalize(): info: finishing task T296
1582327134.208319: 5443-7fdb85c89700: cdpl_worker.c:585: in cdpl_wk_listen(): debug: received ASSIGN message
1582327134.209684: 5443-7fdb9453c000: cdpl_worker.c:1092: in cdpl_wk_wait_timeout(): info: starting task T337
1582327134.209708: 5443-7fdb9453c000: cdpl_compat_worker.c:597: in cdplWorkerLogInfo(): info: [runOneAcquisitionAdaptive OAI21D2 delay__A1__lh__ZN__hl__ACQ_1 job_338 ]
1582327151.825152: 5443-7fdb9453c000: cdpl_worker.c:1208: in cdpl_wk_finalize(): info: finishing task T337
1582327151.843031: 5443-7fdb85c89700: cdpl_worker.c:585: in cdpl_wk_listen(): debug: received ASSIGN message
1582327151.843195: 5443-7fdb9453c000: cdpl_worker.c:1092: in cdpl_wk_wait_timeout(): info: starting task T374
1582327151.843213: 5443-7fdb9453c000: cdpl_compat_worker.c:597: in cdplWorkerLogInfo(): info: [runOneAcquisitionAdaptive AN2D1 delay__A1__hl__Z__hl__ACQ_1 job_375 ]
1582327163.673878: 5443-7fdb9453c000: cdpl_worker.c:1208: in cdpl_wk_finalize(): info: finishing task T374
1582327163.686296: 5443-7fdb85c89700: cdpl_worker.c:585: in cdpl_wk_listen(): debug: received ASSIGN message
1582327163.686328: 5443-7fdb9453c000: cdpl_worker.c:1092: in cdpl_wk_wait_timeout(): info: starting task T400
1582327163.686347: 5443-7fdb9453c000: cdpl_compat_worker.c:597: in cdplWorkerLogInfo(): info: [runOneAcquisitionAdaptive AN2D4 Cin__A1__hl__ACQ_1 job_401 ]
1582327169.718852: 5443-7fdb9453c000: cdpl_worker.c:1208: in cdpl_wk_finalize(): info: finishing task T400
1582327169.719470: 5443-7fdb85c89700: cdpl_worker.c:585: in cdpl_wk_listen(): debug: received ASSIGN message
1582327169.719489: 5443-7fdb9453c000: cdpl_worker.c:1092: in cdpl_wk_wait_timeout(): info: starting task T414
1582327169.719501: 5443-7fdb9453c000: cdpl_compat_worker.c:597: in cdplWorkerLogInfo(): info: [runOneAcquisitionAdaptive AN2XD1 delay__A1__hl__Z__hl__ACQ_1 job_415 ]
1582327184.205150: 5443-7fdb9453c000: cdpl_worker.c:1208: in cdpl_wk_finalize(): info: finishing task T414
1582327184.219348: 5443-7fdb85c89700: cdpl_worker.c:585: in cdpl_wk_listen(): debug: received ASSIGN message
1582327184.219376: 5443-7fdb9453c000: cdpl_worker.c:1092: in cdpl_wk_wait_timeout(): info: starting task T447
1582327184.219390: 5443-7fdb9453c000: cdpl_compat_worker.c:597: in cdplWorkerLogInfo(): info: [runOneAcquisitionAdaptive ND2D2 Cin__A2__lh__ACQ_1 job_448 ]
1582327189.357885: 5443-7fdb9453c000: cdpl_worker.c:1208: in cdpl_wk_finalize(): info: finishing task T447
1582327189.363537: 5443-7fdb85c89700: cdpl_worker.c:585: in cdpl_wk_listen(): debug: received ASSIGN message
1582327189.373114: 5443-7fdb9453c000: cdpl_worker.c:1092: in cdpl_wk_wait_timeout(): info: starting task T461
1582327189.373142: 5443-7fdb9453c000: cdpl_compat_worker.c:597: in cdplWorkerLogInfo(): info: [runOneAcquisitionAdaptive ND2D4 Cin__A2__hl__ACQ_1 job_462 ]
1582327195.325712: 5443-7fdb9453c000: cdpl_worker.c:1208: in cdpl_wk_finalize(): info: finishing task T461
1582327195.334409: 5443-7fdb85c89700: cdpl_worker.c:585: in cdpl_wk_listen(): debug: received ASSIGN message
1582327195.334438: 5443-7fdb9453c000: cdpl_worker.c:1092: in cdpl_wk_wait_timeout(): info: starting task T471
1582327195.334460: 5443-7fdb9453c000: cdpl_compat_worker.c:597: in cdplWorkerLogInfo(): info: [runOneAcquisitionAdaptive ND2D8 Cin__A2__hl__ACQ_1 job_472 ]
1582327355.204155: 5443-7fdb9453c000: cdpl_worker.c:1208: in cdpl_wk_finalize(): info: finishing task T471
1582327355.214342: 5443-7fdb85c89700: cdpl_worker.c:585: in cdpl_wk_listen(): debug: received ASSIGN message
1582327355.214379: 5443-7fdb9453c000: cdpl_worker.c:1092: in cdpl_wk_wait_timeout(): info: starting task T494
1582327355.214434: 5443-7fdb9453c000: cdpl_compat_worker.c:597: in cdplWorkerLogInfo(): info: [runOneAcquisitionAdaptive NR2D1 leakage_power__ACQ_2 job_495 ]
1582327359.972531: 5443-7fdb9453c000: cdpl_worker.c:1208: in cdpl_wk_finalize(): info: finishing task T494
1582327359.974027: 5443-7fdb85c89700: cdpl_worker.c:585: in cdpl_wk_listen(): debug: received ASSIGN message
1582327359.974101: 5443-7fdb9453c000: cdpl_worker.c:1092: in cdpl_wk_wait_timeout(): info: starting task T507
1582327359.974135: 5443-7fdb9453c000: cdpl_compat_worker.c:597: in cdplWorkerLogInfo(): info: [runOneAcquisitionAdaptive NR2D2 Cin__A2__lh__ACQ_1 job_508 ]
1582327364.573992: 5443-7fdb9453c000: cdpl_worker.c:1208: in cdpl_wk_finalize(): info: finishing task T507
1582327364.593285: 5443-7fdb85c89700: cdpl_worker.c:585: in cdpl_wk_listen(): debug: received ASSIGN message
1582327364.593402: 5443-7fdb9453c000: cdpl_worker.c:1092: in cdpl_wk_wait_timeout(): info: starting task T518
1582327364.593422: 5443-7fdb9453c000: cdpl_compat_worker.c:597: in cdplWorkerLogInfo(): info: [runOneAcquisitionAdaptive NR2D3 Cin__A1__hl__ACQ_1 job_519 ]
1582327368.994560: 5443-7fdb9453c000: cdpl_worker.c:1208: in cdpl_wk_finalize(): info: finishing task T518
1582327368.999210: 5443-7fdb85c89700: cdpl_worker.c:585: in cdpl_wk_listen(): debug: received ASSIGN message
1582327368.999689: 5443-7fdb9453c000: cdpl_worker.c:1092: in cdpl_wk_wait_timeout(): info: starting task T533
1582327368.999708: 5443-7fdb9453c000: cdpl_compat_worker.c:597: in cdplWorkerLogInfo(): info: [runOneAcquisitionAdaptive NR2D8 leakage_power__ACQ_1 job_534 ]
1582327372.271861: 5443-7fdb9453c000: cdpl_worker.c:1208: in cdpl_wk_finalize(): info: finishing task T533
1582327372.281239: 5443-7fdb85c89700: cdpl_worker.c:585: in cdpl_wk_listen(): debug: received ASSIGN message
1582327372.281260: 5443-7fdb9453c000: cdpl_worker.c:1092: in cdpl_wk_wait_timeout(): info: starting task T540
1582327372.281273: 5443-7fdb9453c000: cdpl_compat_worker.c:597: in cdplWorkerLogInfo(): info: [runOneAcquisitionAdaptive NR2D8 delay__A2__hl__ZN__lh__ACQ_1 job_541 ]
1582327403.926795: 5443-7fdb9453c000: cdpl_worker.c:1208: in cdpl_wk_finalize(): info: finishing task T540
1582327403.938106: 5443-7fdb85c89700: cdpl_worker.c:585: in cdpl_wk_listen(): debug: received ASSIGN message
1582327403.938128: 5443-7fdb9453c000: cdpl_worker.c:1092: in cdpl_wk_wait_timeout(): info: starting task T612
1582327403.938141: 5443-7fdb9453c000: cdpl_compat_worker.c:597: in cdplWorkerLogInfo(): info: [runOneAcquisitionAdaptive XNR2D2 delay__A2__hl__ZN__hl__ACQ_1 job_613 ]
1582327421.928586: 5443-7fdb9453c000: cdpl_worker.c:1208: in cdpl_wk_finalize(): info: finishing task T612
1582327421.929356: 5443-7fdb85c89700: cdpl_worker.c:585: in cdpl_wk_listen(): debug: received ASSIGN message
1582327421.929374: 5443-7fdb9453c000: cdpl_worker.c:1092: in cdpl_wk_wait_timeout(): info: starting task T644
1582327421.929384: 5443-7fdb9453c000: cdpl_compat_worker.c:597: in cdplWorkerLogInfo(): info: [runOneAcquisitionAdaptive XOR2D1 leakage_power__ACQ_2 job_645 ]
1582327425.337043: 5443-7fdb9453c000: cdpl_worker.c:1208: in cdpl_wk_finalize(): info: finishing task T644
1582327425.355904: 5443-7fdb85c89700: cdpl_worker.c:585: in cdpl_wk_listen(): debug: received ASSIGN message
1582327425.355961: 5443-7fdb9453c000: cdpl_worker.c:1092: in cdpl_wk_wait_timeout(): info: starting task T650
1582327425.355982: 5443-7fdb9453c000: cdpl_compat_worker.c:597: in cdplWorkerLogInfo(): info: [runOneAcquisitionAdaptive XOR2D1 delay__A2__hl__Z__lh__ACQ_1 job_651 ]
1582327441.703221: 5443-7fdb9453c000: cdpl_worker.c:1208: in cdpl_wk_finalize(): info: finishing task T650
1582327441.723874: 5443-7fdb85c89700: cdpl_worker.c:585: in cdpl_wk_listen(): debug: received ASSIGN message
1582327441.723901: 5443-7fdb9453c000: cdpl_worker.c:1092: in cdpl_wk_wait_timeout(): info: starting task T683
1582327441.723915: 5443-7fdb9453c000: cdpl_compat_worker.c:597: in cdplWorkerLogInfo(): info: [runOneAcquisitionAdaptive BUFFD3 delay__I__lh__Z__lh__ACQ_1 job_684 ]
1582327454.203648: 5443-7fdb9453c000: cdpl_worker.c:1208: in cdpl_wk_finalize(): info: finishing task T683
1582327454.233011: 5443-7fdb85c89700: cdpl_worker.c:585: in cdpl_wk_listen(): debug: received ASSIGN message
1582327454.233039: 5443-7fdb9453c000: cdpl_worker.c:1092: in cdpl_wk_wait_timeout(): info: starting task T715
1582327454.233058: 5443-7fdb9453c000: cdpl_compat_worker.c:597: in cdplWorkerLogInfo(): info: [runOneAcquisitionAdaptive INVD2 delay__I__lh__ZN__hl__ACQ_1 job_716 ]
1582327463.421500: 5443-7fdb9453c000: cdpl_worker.c:1208: in cdpl_wk_finalize(): info: finishing task T715
1582327463.431997: 5443-7fdb85c89700: cdpl_worker.c:585: in cdpl_wk_listen(): debug: received ASSIGN message
1582327463.433975: 5443-7fdb9453c000: cdpl_worker.c:1092: in cdpl_wk_wait_timeout(): info: starting task T738
1582327463.433995: 5443-7fdb9453c000: cdpl_compat_worker.c:597: in cdplWorkerLogInfo(): info: [runOneAcquisitionAdaptive INVD8 leakage_power__ACQ_2 job_739 ]
1582327466.589288: 5443-7fdb9453c000: cdpl_worker.c:1208: in cdpl_wk_finalize(): info: finishing task T738
1582327492.667307: 5443-7fdb85c89700: cdpl_worker.c:616: in cdpl_wk_listen(): debug: received RELAY message
1582327493.171054: 5443-7fdb85c89700: cdpl_worker.c:585: in cdpl_wk_listen(): debug: received ASSIGN message
1582327493.178029: 5443-7fdb9453c000: cdpl_worker.c:1092: in cdpl_wk_wait_timeout(): info: starting task T745
1582327493.404502: 5443-7fdb9453c000: cdpl_compat_worker.c:597: in cdplWorkerLogInfo(): info: [modelOneCellAdaptive {AOI21D0 }]
1582327503.351742: 5443-7fdb9453c000: cdpl_worker.c:1208: in cdpl_wk_finalize(): info: finishing task T745
1582327503.352424: 5443-7fdb85c89700: cdpl_worker.c:585: in cdpl_wk_listen(): debug: received ASSIGN message
1582327503.352444: 5443-7fdb9453c000: cdpl_worker.c:1092: in cdpl_wk_wait_timeout(): info: starting task T766
1582327503.352456: 5443-7fdb9453c000: cdpl_compat_worker.c:597: in cdplWorkerLogInfo(): info: [modelOneCellAdaptive {ND2D3 }]
1582327514.684091: 5443-7fdb9453c000: cdpl_worker.c:1208: in cdpl_wk_finalize(): info: finishing task T766
1582327514.700319: 5443-7fdb85c89700: cdpl_worker.c:585: in cdpl_wk_listen(): debug: received ASSIGN message
1582327514.700340: 5443-7fdb9453c000: cdpl_worker.c:1092: in cdpl_wk_wait_timeout(): info: starting task T791
1582327514.700354: 5443-7fdb9453c000: cdpl_compat_worker.c:597: in cdplWorkerLogInfo(): info: [modelOneCellAdaptive {BUFFD2 }]
1582327521.759150: 5443-7fdb9453c000: cdpl_worker.c:1208: in cdpl_wk_finalize(): info: finishing task T791
1582327528.780070: 5443-7fdb85c89700: cdpl_worker.c:616: in cdpl_wk_listen(): debug: received RELAY message
1582327528.802991: 5443-7fdb8648a700: cdpl_ipc.c:606: in _readv(): warning: read(): EOF
1582327528.803023: 5443-7fdb8648a700: cdpl_ipc.c:1462: in _epoll_recv(): debug: _readv(): Broken pipe
1582327528.803029: 5443-7fdb8648a700: cdpl_ipc.c:1683: in _epoll_main(): debug: _epoll_recv(): Broken pipe
1582327528.803041: 5443-7fdb8648a700: cdpl_ipc.c:1061: in _host_drop__UNSAFE(): debug: dropping host `128.54.70.249:35766'
1582327528.803166: 5443-7fdb85c89700: cdpl_worker.c:561: in cdpl_wk_listen(): debug: received DROP notification
1582327528.803174: 5443-7fdb85c89700: cdpl_worker.c:565: in cdpl_wk_listen(): debug: we were dropped by the server
1582327528.803178: 5443-7fdb85c89700: cdpl_worker.c:492: in _wk_kill(): debug: killing worker
1582327528.803182: 5443-7fdb85c89700: cdpl_ipc.c:2481: in cdpl_ipc_kill(): debug: stopping event server
1582327528.803198: 5443-7fdb85c89700: cdpl_worker.c:542: in cdpl_wk_listen(): debug: leaving now
1582327528.803342: 5443-7fdb9453c000: cdpl_compat_worker.c:597: in cdplWorkerLogInfo(): info: [Worker shutdown. Code: 3]
1582327528.803364: 5443-7fdb8648a700: cdpl_ipc.c:1720: in _epoll_main(): debug: server going down...
1582327528.832877: 5443-7fdb9453c000: cdpl_worker.c:856: in _wk_shutdown(): debug: waiting for heartbeat thread
1582327528.838796: 5443-7fdb85488700: cdpl_worker.c:709: in cdpl_wk_heartbeat(): info: stopping heartbeat
1582327528.839360: 5443-7fdb9453c000: cdpl_ipc.c:1781: in cdpl_ipc_host_release(): debug: releasing host `128.54.70.249:35766'
1582327528.839405: 5443-7fdb9453c000: cdpl_ipc.c:2532: in cdpl_ipc_free(): debug: releasing IPC handle
1582327528.839413: 5443-7fdb9453c000: cdpl_ipc.c:986: in _host_free__UNSAFE(): debug: freeing host `128.54.70.249:35766'
1582327528.839428: 5443-7fdb9453c000: cdpl_ipc.c:1028: in _host_free__UNSAFE(): debug: [0 outq, 0 spR, 0 spW]
1582327528.839455: 5443-7fdb9453c000: cdpl_ipc.c:2571: in cdpl_ipc_free(): debug: done
1582327528.839464: 5443-7fdb9453c000: cdpl_worker.c:912: in cdpl_wk_free(): info: freed
1582327528.839471: 5443-7fdb9453c000: cdpl_log.c:359: in cdpl_log_close(): debug: @@end_of_log@@
