1582326824.003473: 5093-7f58140b9000: cdpl_log.c:221: in cdpl_log_open(): debug: @@start_of_log@@
1582326824.003574: 5093-7f58140b9000: cdpl_log.c:729: in cdpl_log_dump_sysinfo(): info: time: 2020/02/21 15:13:44 PST -0800
1582326824.003627: 5093-7f58140b9000: cdpl_log.c:731: in cdpl_log_dump_sysinfo(): info: version: L_2016.03_SP2_PROD_CDPL 
1582326824.003634: 5093-7f58140b9000: cdpl_log.c:736: in cdpl_log_dump_sysinfo(): info: system: Linux 3.10.0-1062.9.1.el7.x86_64 #1 SMP Fri Dec 6 15:49:49 UTC 2019
1582326824.003640: 5093-7f58140b9000: cdpl_log.c:740: in cdpl_log_dump_sysinfo(): info: processor: x86_64 64-bits
1582326824.003645: 5093-7f58140b9000: cdpl_log.c:742: in cdpl_log_dump_sysinfo(): info: hostname: ieng6-249.ucsd.edu
1582326824.003650: 5093-7f58140b9000: cdpl_log.c:223: in cdpl_log_open(): debug: path: /home/linux/ieng6/ee260bwi20/haz023/lab5/run_siliconsmart/LIB_FF_1.1_-40_ALL/runtime/cdpl/worker.W5.ieng6-249.ucsd.edu.5093.log
1582326824.003656: 5093-7f58140b9000: cdpl_log.c:224: in cdpl_log_open(): debug: dir: /home/linux/ieng6/ee260bwi20/haz023/lab5/run_siliconsmart/LIB_FF_1.1_-40_ALL/runtime/cdpl
1582326824.003668: 5093-7f58140b9000: cdpl_worker.c:728: in cdpl_wk_new(): info: creating worker instance
1582326824.006465: 5093-7f58140b9000: cdpl_worker.c:925: in cdpl_wk_start(): debug: starting worker
1582326824.006482: 5093-7f58140b9000: cdpl_worker.c:276: in cdpl_wk_setup(): info: CDPL_SERVER is "128.54.70.249:35766"
1582326824.006489: 5093-7f58140b9000: cdpl_worker.c:299: in cdpl_wk_setup(): info: server 128.54.70.249, port 35766
1582326824.006494: 5093-7f58140b9000: cdpl_worker.c:319: in cdpl_wk_setup(): info: CDPL_ID is "5:1:1:1:1167169222"
1582326824.006517: 5093-7f58140b9000: cdpl_worker.c:361: in cdpl_wk_setup(): info: we are W5-B1-J1-M1-S1167169222
1582326824.006523: 5093-7f58140b9000: cdpl_worker.c:363: in cdpl_wk_setup(): info: we are on host ieng6-249.ucsd.edu
1582326824.006528: 5093-7f58140b9000: cdpl_worker.c:372: in cdpl_wk_daemonize(): debug: will *not* daemonize
1582326824.006536: 5093-7f58140b9000: cdpl_ipc.c:2593: in cdpl_ipc_connect(): info: connecting to 128.54.70.249:35766
1582326824.006925: 5093-7f58140b9000: cdpl_ipc.c:2659: in cdpl_ipc_connect(): info: connected as `128.54.70.249:55168'
1582326824.006969: 5093-7f58140b9000: cdpl_ipc.c:1763: in cdpl_ipc_host_accept(): debug: accepted host `128.54.70.249:35766'
1582326824.006985: 5093-7f58140b9000: cdpl_ipc.c:2436: in cdpl_ipc_start(): debug: starting IPC server 128.54.70.249:39843
1582326824.007324: 5093-7f58140b9000: cdpl_compat_worker.c:148: in cdplStartWorker(): info: SNPSLMD_LICENSE_FILE is 1705@acms-flexlm-lnx4.ucsd.edu,1705@acms-flexlm-lnx5.ucsd.edu,1705@acms-flexlm-lnx6.ucsd.edu
1582326824.007509: 5093-7f58140b9000: cdpl_compat_worker.c:597: in cdplWorkerLogInfo(): info: [Maximum lifespan of worker is set to 1200m]
1582326824.007675: 5093-7f58140b9000: cdpl_compat_worker.c:597: in cdplWorkerLogInfo(): info: [Peak virtual memory is set to 128GB]
1582326824.086837: 5093-7f5805005700: cdpl_worker.c:656: in cdpl_wk_heartbeat(): debug: starting heartbeat
1582326824.086858: 5093-7f5805005700: cdpl_worker.c:665: in cdpl_wk_heartbeat(): info: setting heartbeat period to 60 sec
1582326824.086895: 5093-7f5805005700: cdpl_worker.c:673: in cdpl_wk_heartbeat(): info: first heartbeat in 1 sec
1582326824.129265: 5093-7f5805806700: cdpl_worker.c:528: in cdpl_wk_listen(): debug: ready
1582326824.129343: 5093-7f5805806700: cdpl_worker.c:585: in cdpl_wk_listen(): debug: received ASSIGN message
1582326824.132889: 5093-7f58140b9000: cdpl_worker.c:1092: in cdpl_wk_wait_timeout(): info: starting task T7
1582326824.132948: 5093-7f58140b9000: cdpl_compat_worker.c:597: in cdplWorkerLogInfo(): info: [configOneCellAdaptive { AOI21D1 }]
1582326828.576344: 5093-7f58140b9000: cdpl_worker.c:1208: in cdpl_wk_finalize(): info: finishing task T7
1582326828.598538: 5093-7f5805806700: cdpl_worker.c:585: in cdpl_wk_listen(): debug: received ASSIGN message
1582326828.598567: 5093-7f58140b9000: cdpl_worker.c:1092: in cdpl_wk_wait_timeout(): info: starting task T41
1582326828.598583: 5093-7f58140b9000: cdpl_compat_worker.c:597: in cdplWorkerLogInfo(): info: [configOneCellAdaptive { ND2D3 }]
1582326831.881962: 5093-7f58140b9000: cdpl_worker.c:1208: in cdpl_wk_finalize(): info: finishing task T41
1582326831.892460: 5093-7f5805806700: cdpl_worker.c:585: in cdpl_wk_listen(): debug: received ASSIGN message
1582326831.892489: 5093-7f58140b9000: cdpl_worker.c:1092: in cdpl_wk_wait_timeout(): info: starting task T64
1582326831.892505: 5093-7f58140b9000: cdpl_compat_worker.c:597: in cdplWorkerLogInfo(): info: [configOneCellAdaptive { XOR2D1 }]
1582326834.425983: 5093-7f58140b9000: cdpl_worker.c:1208: in cdpl_wk_finalize(): info: finishing task T64
1582326858.784736: 5093-7f5805806700: cdpl_worker.c:616: in cdpl_wk_listen(): debug: received RELAY message
1582326859.035433: 5093-7f5805806700: cdpl_worker.c:616: in cdpl_wk_listen(): debug: received RELAY message
1582326860.955947: 5093-7f5805806700: cdpl_worker.c:585: in cdpl_wk_listen(): debug: received ASSIGN message
1582326860.955986: 5093-7f58140b9000: cdpl_worker.c:1092: in cdpl_wk_wait_timeout(): info: starting task T84
1582326862.593666: 5093-7f58140b9000: cdpl_compat_worker.c:597: in cdplWorkerLogInfo(): info: [runOneAcquisitionAdaptive DFCSNQD1 removal__CDN__lh__CP__lh__ACQ_1 job_85 ]
1582326969.498610: 5093-7f58140b9000: cdpl_worker.c:1208: in cdpl_wk_finalize(): info: finishing task T84
1582326969.508378: 5093-7f5805806700: cdpl_worker.c:585: in cdpl_wk_listen(): debug: received ASSIGN message
1582326969.508408: 5093-7f58140b9000: cdpl_worker.c:1092: in cdpl_wk_wait_timeout(): info: starting task T159
1582326969.508432: 5093-7f58140b9000: cdpl_compat_worker.c:597: in cdplWorkerLogInfo(): info: [runOneAcquisitionAdaptive DFCSNQD4 energy__SDN__lh__ACQ_1 job_160 ]
1582326980.414120: 5093-7f58140b9000: cdpl_worker.c:1208: in cdpl_wk_finalize(): info: finishing task T159
1582326980.414854: 5093-7f5805806700: cdpl_worker.c:585: in cdpl_wk_listen(): debug: received ASSIGN message
1582326980.414883: 5093-7f58140b9000: cdpl_worker.c:1092: in cdpl_wk_wait_timeout(): info: starting task T164
1582326980.414904: 5093-7f58140b9000: cdpl_compat_worker.c:597: in cdplWorkerLogInfo(): info: [runOneAcquisitionAdaptive DFCSNQD4 energy__CDN__lh__Q__lh__ACQ_1 job_165 ]
1582327020.507552: 5093-7f58140b9000: cdpl_worker.c:1208: in cdpl_wk_finalize(): info: finishing task T164
1582327020.510345: 5093-7f5805806700: cdpl_worker.c:585: in cdpl_wk_listen(): debug: received ASSIGN message
1582327020.520224: 5093-7f58140b9000: cdpl_worker.c:1092: in cdpl_wk_wait_timeout(): info: starting task T185
1582327020.520247: 5093-7f58140b9000: cdpl_compat_worker.c:597: in cdplWorkerLogInfo(): info: [runOneAcquisitionAdaptive AOI21D0 Cin__A2__hl__ACQ_1 job_186 ]
1582327025.472601: 5093-7f58140b9000: cdpl_worker.c:1208: in cdpl_wk_finalize(): info: finishing task T185
1582327025.474108: 5093-7f5805806700: cdpl_worker.c:585: in cdpl_wk_listen(): debug: received ASSIGN message
1582327025.479980: 5093-7f58140b9000: cdpl_worker.c:1092: in cdpl_wk_wait_timeout(): info: starting task T187
1582327025.480004: 5093-7f58140b9000: cdpl_compat_worker.c:597: in cdplWorkerLogInfo(): info: [runOneAcquisitionAdaptive AOI21D0 Cin__B__lh__ACQ_1 job_188 ]
1582327030.598441: 5093-7f58140b9000: cdpl_worker.c:1208: in cdpl_wk_finalize(): info: finishing task T187
1582327030.610721: 5093-7f5805806700: cdpl_worker.c:585: in cdpl_wk_listen(): debug: received ASSIGN message
1582327030.610778: 5093-7f58140b9000: cdpl_worker.c:1092: in cdpl_wk_wait_timeout(): info: starting task T193
1582327030.610798: 5093-7f58140b9000: cdpl_compat_worker.c:597: in cdplWorkerLogInfo(): info: [runOneAcquisitionAdaptive AOI21D0 Cin__A1__hl__ACQ_1 job_194 ]
1582327034.691294: 5093-7f58140b9000: cdpl_worker.c:1208: in cdpl_wk_finalize(): info: finishing task T193
1582327034.698935: 5093-7f5805806700: cdpl_worker.c:585: in cdpl_wk_listen(): debug: received ASSIGN message
1582327034.702149: 5093-7f58140b9000: cdpl_worker.c:1092: in cdpl_wk_wait_timeout(): info: starting task T200
1582327034.702204: 5093-7f58140b9000: cdpl_compat_worker.c:597: in cdplWorkerLogInfo(): info: [runOneAcquisitionAdaptive AOI21D1 Cin__A1__lh__ACQ_1 job_201 ]
1582327039.496963: 5093-7f58140b9000: cdpl_worker.c:1208: in cdpl_wk_finalize(): info: finishing task T200
1582327039.505155: 5093-7f5805806700: cdpl_worker.c:585: in cdpl_wk_listen(): debug: received ASSIGN message
1582327039.512113: 5093-7f58140b9000: cdpl_worker.c:1092: in cdpl_wk_wait_timeout(): info: starting task T205
1582327039.512144: 5093-7f58140b9000: cdpl_compat_worker.c:597: in cdplWorkerLogInfo(): info: [runOneAcquisitionAdaptive AOI21D1 delay__A1__hl__ZN__lh__ACQ_1 job_206 ]
1582327052.426524: 5093-7f58140b9000: cdpl_worker.c:1208: in cdpl_wk_finalize(): info: finishing task T205
1582327052.427404: 5093-7f5805806700: cdpl_worker.c:585: in cdpl_wk_listen(): debug: received ASSIGN message
1582327052.427425: 5093-7f58140b9000: cdpl_worker.c:1092: in cdpl_wk_wait_timeout(): info: starting task T225
1582327052.427439: 5093-7f58140b9000: cdpl_compat_worker.c:597: in cdplWorkerLogInfo(): info: [runOneAcquisitionAdaptive AOI21D2 delay__B__lh__ZN__hl__ACQ_1 job_226 ]
1582327073.720787: 5093-7f58140b9000: cdpl_worker.c:1208: in cdpl_wk_finalize(): info: finishing task T225
1582327073.731014: 5093-7f5805806700: cdpl_worker.c:585: in cdpl_wk_listen(): debug: received ASSIGN message
1582327073.731100: 5093-7f58140b9000: cdpl_worker.c:1092: in cdpl_wk_wait_timeout(): info: starting task T252
1582327073.731121: 5093-7f58140b9000: cdpl_compat_worker.c:597: in cdplWorkerLogInfo(): info: [runOneAcquisitionAdaptive MUX2D0 delay__S__lh__Z__hl__ACQ_1 job_253 ]
1582327100.608532: 5093-7f58140b9000: cdpl_worker.c:1208: in cdpl_wk_finalize(): info: finishing task T252
1582327100.617038: 5093-7f5805806700: cdpl_worker.c:585: in cdpl_wk_listen(): debug: received ASSIGN message
1582327100.617067: 5093-7f58140b9000: cdpl_worker.c:1092: in cdpl_wk_wait_timeout(): info: starting task T282
1582327100.617117: 5093-7f58140b9000: cdpl_compat_worker.c:597: in cdplWorkerLogInfo(): info: [runOneAcquisitionAdaptive MUX2D2 Cin__I0__hl__ACQ_1 job_283 ]
1582327105.693975: 5093-7f58140b9000: cdpl_worker.c:1208: in cdpl_wk_finalize(): info: finishing task T282
1582327105.708351: 5093-7f5805806700: cdpl_worker.c:585: in cdpl_wk_listen(): debug: received ASSIGN message
1582327105.708374: 5093-7f58140b9000: cdpl_worker.c:1092: in cdpl_wk_wait_timeout(): info: starting task T291
1582327105.708393: 5093-7f58140b9000: cdpl_compat_worker.c:597: in cdplWorkerLogInfo(): info: [runOneAcquisitionAdaptive MUX2D4 delay__S__lh__Z__lh__ACQ_1 job_292 ]
1582327133.443617: 5093-7f58140b9000: cdpl_worker.c:1208: in cdpl_wk_finalize(): info: finishing task T291
1582327133.447978: 5093-7f5805806700: cdpl_worker.c:585: in cdpl_wk_listen(): debug: received ASSIGN message
1582327133.448556: 5093-7f58140b9000: cdpl_worker.c:1092: in cdpl_wk_wait_timeout(): info: starting task T335
1582327133.448584: 5093-7f58140b9000: cdpl_compat_worker.c:597: in cdplWorkerLogInfo(): info: [runOneAcquisitionAdaptive OAI21D2 Cin__B__lh__ACQ_1 job_336 ]
1582327138.122627: 5093-7f58140b9000: cdpl_worker.c:1208: in cdpl_wk_finalize(): info: finishing task T335
1582327138.132409: 5093-7f5805806700: cdpl_worker.c:585: in cdpl_wk_listen(): debug: received ASSIGN message
1582327138.132437: 5093-7f58140b9000: cdpl_worker.c:1092: in cdpl_wk_wait_timeout(): info: starting task T347
1582327138.132454: 5093-7f58140b9000: cdpl_compat_worker.c:597: in cdplWorkerLogInfo(): info: [runOneAcquisitionAdaptive OAI21D4 Cin__A2__hl__ACQ_1 job_348 ]
1582327144.929537: 5093-7f58140b9000: cdpl_worker.c:1208: in cdpl_wk_finalize(): info: finishing task T347
1582327144.941455: 5093-7f5805806700: cdpl_worker.c:585: in cdpl_wk_listen(): debug: received ASSIGN message
1582327144.941578: 5093-7f58140b9000: cdpl_worker.c:1092: in cdpl_wk_wait_timeout(): info: starting task T362
1582327144.941609: 5093-7f58140b9000: cdpl_compat_worker.c:597: in cdplWorkerLogInfo(): info: [runOneAcquisitionAdaptive AN2D0 Cin__A1__lh__ACQ_1 job_363 ]
1582327150.098116: 5093-7f58140b9000: cdpl_worker.c:1208: in cdpl_wk_finalize(): info: finishing task T362
1582327150.106477: 5093-7f5805806700: cdpl_worker.c:585: in cdpl_wk_listen(): debug: received ASSIGN message
1582327150.106501: 5093-7f58140b9000: cdpl_worker.c:1092: in cdpl_wk_wait_timeout(): info: starting task T370
1582327150.106518: 5093-7f58140b9000: cdpl_compat_worker.c:597: in cdplWorkerLogInfo(): info: [runOneAcquisitionAdaptive AN2D0 Cin__A1__hl__ACQ_1 job_371 ]
1582327154.045982: 5093-7f58140b9000: cdpl_worker.c:1208: in cdpl_wk_finalize(): info: finishing task T370
1582327154.051383: 5093-7f5805806700: cdpl_worker.c:585: in cdpl_wk_listen(): debug: received ASSIGN message
1582327154.051406: 5093-7f58140b9000: cdpl_worker.c:1092: in cdpl_wk_wait_timeout(): info: starting task T377
1582327154.051422: 5093-7f58140b9000: cdpl_compat_worker.c:597: in cdplWorkerLogInfo(): info: [runOneAcquisitionAdaptive AN2D1 delay__A2__lh__Z__lh__ACQ_1 job_378 ]
1582327168.472402: 5093-7f58140b9000: cdpl_worker.c:1208: in cdpl_wk_finalize(): info: finishing task T377
1582327168.473155: 5093-7f5805806700: cdpl_worker.c:585: in cdpl_wk_listen(): debug: received ASSIGN message
1582327168.473175: 5093-7f58140b9000: cdpl_worker.c:1092: in cdpl_wk_wait_timeout(): info: starting task T410
1582327168.473189: 5093-7f58140b9000: cdpl_compat_worker.c:597: in cdplWorkerLogInfo(): info: [runOneAcquisitionAdaptive AN2D8 Cin__A1__hl__ACQ_1 job_411 ]
1582327175.344413: 5093-7f58140b9000: cdpl_worker.c:1208: in cdpl_wk_finalize(): info: finishing task T410
1582327175.346007: 5093-7f5805806700: cdpl_worker.c:585: in cdpl_wk_listen(): debug: received ASSIGN message
1582327175.346039: 5093-7f58140b9000: cdpl_worker.c:1092: in cdpl_wk_wait_timeout(): info: starting task T428
1582327175.346055: 5093-7f58140b9000: cdpl_compat_worker.c:597: in cdplWorkerLogInfo(): info: [runOneAcquisitionAdaptive ND2D0 Cin__A1__hl__ACQ_1 job_429 ]
1582327180.022180: 5093-7f58140b9000: cdpl_worker.c:1208: in cdpl_wk_finalize(): info: finishing task T428
1582327180.022993: 5093-7f5805806700: cdpl_worker.c:585: in cdpl_wk_listen(): debug: received ASSIGN message
1582327180.023108: 5093-7f58140b9000: cdpl_worker.c:1092: in cdpl_wk_wait_timeout(): info: starting task T438
1582327180.023145: 5093-7f58140b9000: cdpl_compat_worker.c:597: in cdplWorkerLogInfo(): info: [runOneAcquisitionAdaptive ND2D1 Cin__A1__hl__ACQ_1 job_439 ]
1582327184.904354: 5093-7f58140b9000: cdpl_worker.c:1208: in cdpl_wk_finalize(): info: finishing task T438
1582327184.907792: 5093-7f5805806700: cdpl_worker.c:585: in cdpl_wk_listen(): debug: received ASSIGN message
1582327184.907826: 5093-7f58140b9000: cdpl_worker.c:1092: in cdpl_wk_wait_timeout(): info: starting task T448
1582327184.907855: 5093-7f58140b9000: cdpl_compat_worker.c:597: in cdplWorkerLogInfo(): info: [runOneAcquisitionAdaptive ND2D2 Cin__A1__hl__ACQ_1 job_449 ]
1582327189.709774: 5093-7f58140b9000: cdpl_worker.c:1208: in cdpl_wk_finalize(): info: finishing task T448
1582327189.716603: 5093-7f5805806700: cdpl_worker.c:585: in cdpl_wk_listen(): debug: received ASSIGN message
1582327189.725115: 5093-7f58140b9000: cdpl_worker.c:1092: in cdpl_wk_wait_timeout(): info: starting task T462
1582327189.725164: 5093-7f58140b9000: cdpl_compat_worker.c:597: in cdplWorkerLogInfo(): info: [runOneAcquisitionAdaptive ND2D4 Cin__A1__lh__ACQ_1 job_463 ]
1582327195.920494: 5093-7f58140b9000: cdpl_worker.c:1208: in cdpl_wk_finalize(): info: finishing task T462
1582327195.931455: 5093-7f5805806700: cdpl_worker.c:585: in cdpl_wk_listen(): debug: received ASSIGN message
1582327195.931480: 5093-7f58140b9000: cdpl_worker.c:1092: in cdpl_wk_wait_timeout(): info: starting task T476
1582327195.931496: 5093-7f58140b9000: cdpl_compat_worker.c:597: in cdplWorkerLogInfo(): info: [runOneAcquisitionAdaptive ND2D8 leakage_power__ACQ_4 job_477 ]
1582327354.672742: 5093-7f58140b9000: cdpl_worker.c:1208: in cdpl_wk_finalize(): info: finishing task T476
1582327354.678402: 5093-7f5805806700: cdpl_worker.c:585: in cdpl_wk_listen(): debug: received ASSIGN message
1582327354.678432: 5093-7f58140b9000: cdpl_worker.c:1092: in cdpl_wk_wait_timeout(): info: starting task T487
1582327354.678457: 5093-7f58140b9000: cdpl_compat_worker.c:597: in cdplWorkerLogInfo(): info: [runOneAcquisitionAdaptive NR2D0 Cin__A2__lh__ACQ_1 job_488 ]
1582327359.292398: 5093-7f58140b9000: cdpl_worker.c:1208: in cdpl_wk_finalize(): info: finishing task T487
1582327359.303262: 5093-7f5805806700: cdpl_worker.c:585: in cdpl_wk_listen(): debug: received ASSIGN message
1582327359.303287: 5093-7f58140b9000: cdpl_worker.c:1092: in cdpl_wk_wait_timeout(): info: starting task T505
1582327359.303308: 5093-7f58140b9000: cdpl_compat_worker.c:597: in cdplWorkerLogInfo(): info: [runOneAcquisitionAdaptive NR2D2 delay__A1__lh__ZN__hl__ACQ_1 job_506 ]
1582327372.173756: 5093-7f58140b9000: cdpl_worker.c:1208: in cdpl_wk_finalize(): info: finishing task T505
1582327372.183768: 5093-7f5805806700: cdpl_worker.c:585: in cdpl_wk_listen(): debug: received ASSIGN message
1582327372.184253: 5093-7f58140b9000: cdpl_worker.c:1092: in cdpl_wk_wait_timeout(): info: starting task T539
1582327372.184277: 5093-7f58140b9000: cdpl_compat_worker.c:597: in cdplWorkerLogInfo(): info: [runOneAcquisitionAdaptive NR2D8 delay__A2__lh__ZN__hl__ACQ_1 job_540 ]
1582327403.994419: 5093-7f58140b9000: cdpl_worker.c:1208: in cdpl_wk_finalize(): info: finishing task T539
1582327404.000502: 5093-7f5805806700: cdpl_worker.c:585: in cdpl_wk_listen(): debug: received ASSIGN message
1582327404.000526: 5093-7f58140b9000: cdpl_worker.c:1092: in cdpl_wk_wait_timeout(): info: starting task T613
1582327404.000540: 5093-7f58140b9000: cdpl_compat_worker.c:597: in cdplWorkerLogInfo(): info: [runOneAcquisitionAdaptive XNR2D2 leakage_power__ACQ_1 job_614 ]
1582327407.277114: 5093-7f58140b9000: cdpl_worker.c:1208: in cdpl_wk_finalize(): info: finishing task T613
1582327407.296193: 5093-7f5805806700: cdpl_worker.c:585: in cdpl_wk_listen(): debug: received ASSIGN message
1582327407.296216: 5093-7f58140b9000: cdpl_worker.c:1092: in cdpl_wk_wait_timeout(): info: starting task T618
1582327407.296231: 5093-7f58140b9000: cdpl_compat_worker.c:597: in cdplWorkerLogInfo(): info: [runOneAcquisitionAdaptive XNR2D2 delay__A2__hl__ZN__lh__ACQ_1 job_619 ]
1582327425.289813: 5093-7f58140b9000: cdpl_worker.c:1208: in cdpl_wk_finalize(): info: finishing task T618
1582327425.294780: 5093-7f5805806700: cdpl_worker.c:585: in cdpl_wk_listen(): debug: received ASSIGN message
1582327425.294806: 5093-7f58140b9000: cdpl_worker.c:1092: in cdpl_wk_wait_timeout(): info: starting task T648
1582327425.294825: 5093-7f58140b9000: cdpl_compat_worker.c:597: in cdplWorkerLogInfo(): info: [runOneAcquisitionAdaptive XOR2D1 delay__A1__hl__Z__lh__ACQ_1 job_649 ]
1582327441.182806: 5093-7f58140b9000: cdpl_worker.c:1208: in cdpl_wk_finalize(): info: finishing task T648
1582327441.194543: 5093-7f5805806700: cdpl_worker.c:585: in cdpl_wk_listen(): debug: received ASSIGN message
1582327441.194579: 5093-7f58140b9000: cdpl_worker.c:1092: in cdpl_wk_wait_timeout(): info: starting task T682
1582327441.194598: 5093-7f58140b9000: cdpl_compat_worker.c:597: in cdplWorkerLogInfo(): info: [runOneAcquisitionAdaptive BUFFD3 leakage_power__ACQ_2 job_683 ]
1582327444.144739: 5093-7f58140b9000: cdpl_worker.c:1208: in cdpl_wk_finalize(): info: finishing task T682
1582327444.145022: 5093-7f5805806700: cdpl_worker.c:585: in cdpl_wk_listen(): debug: received ASSIGN message
1582327444.145045: 5093-7f58140b9000: cdpl_worker.c:1092: in cdpl_wk_wait_timeout(): info: starting task T691
1582327444.145064: 5093-7f58140b9000: cdpl_compat_worker.c:597: in cdplWorkerLogInfo(): info: [runOneAcquisitionAdaptive BUFFD6 delay__I__lh__Z__lh__ACQ_1 job_692 ]
1582327461.500614: 5093-7f58140b9000: cdpl_worker.c:1208: in cdpl_wk_finalize(): info: finishing task T691
1582327461.501276: 5093-7f5805806700: cdpl_worker.c:585: in cdpl_wk_listen(): debug: received ASSIGN message
1582327461.501296: 5093-7f58140b9000: cdpl_worker.c:1092: in cdpl_wk_wait_timeout(): info: starting task T735
1582327461.501307: 5093-7f58140b9000: cdpl_compat_worker.c:597: in cdplWorkerLogInfo(): info: [runOneAcquisitionAdaptive INVD6 delay__I__lh__ZN__hl__ACQ_1 job_736 ]
1582327470.556106: 5093-7f58140b9000: cdpl_worker.c:1208: in cdpl_wk_finalize(): info: finishing task T735
1582327492.667238: 5093-7f5805806700: cdpl_worker.c:616: in cdpl_wk_listen(): debug: received RELAY message
1582327494.557149: 5093-7f5805806700: cdpl_worker.c:585: in cdpl_wk_listen(): debug: received ASSIGN message
1582327494.557171: 5093-7f58140b9000: cdpl_worker.c:1092: in cdpl_wk_wait_timeout(): info: starting task T755
1582327494.965553: 5093-7f58140b9000: cdpl_compat_worker.c:597: in cdplWorkerLogInfo(): info: [modelOneCellAdaptive {OAI21D2 }]
1582327508.501893: 5093-7f58140b9000: cdpl_worker.c:1208: in cdpl_wk_finalize(): info: finishing task T755
1582327508.502781: 5093-7f5805806700: cdpl_worker.c:585: in cdpl_wk_listen(): debug: received ASSIGN message
1582327508.502804: 5093-7f58140b9000: cdpl_worker.c:1092: in cdpl_wk_wait_timeout(): info: starting task T786
1582327508.502822: 5093-7f58140b9000: cdpl_compat_worker.c:597: in cdplWorkerLogInfo(): info: [modelOneCellAdaptive {XOR2D2 }]
1582327519.925867: 5093-7f58140b9000: cdpl_worker.c:1208: in cdpl_wk_finalize(): info: finishing task T786
1582327528.780076: 5093-7f5805806700: cdpl_worker.c:616: in cdpl_wk_listen(): debug: received RELAY message
1582327528.802809: 5093-7f5806007700: cdpl_ipc.c:606: in _readv(): warning: read(): EOF
1582327528.802835: 5093-7f5806007700: cdpl_ipc.c:1462: in _epoll_recv(): debug: _readv(): Broken pipe
1582327528.802841: 5093-7f5806007700: cdpl_ipc.c:1683: in _epoll_main(): debug: _epoll_recv(): Broken pipe
1582327528.802874: 5093-7f5806007700: cdpl_ipc.c:1061: in _host_drop__UNSAFE(): debug: dropping host `128.54.70.249:35766'
1582327528.804007: 5093-7f5805806700: cdpl_worker.c:561: in cdpl_wk_listen(): debug: received DROP notification
1582327528.804016: 5093-7f5805806700: cdpl_worker.c:565: in cdpl_wk_listen(): debug: we were dropped by the server
1582327528.804020: 5093-7f5805806700: cdpl_worker.c:492: in _wk_kill(): debug: killing worker
1582327528.804024: 5093-7f5805806700: cdpl_ipc.c:2481: in cdpl_ipc_kill(): debug: stopping event server
1582327528.804057: 5093-7f5805806700: cdpl_worker.c:542: in cdpl_wk_listen(): debug: leaving now
1582327528.804099: 5093-7f58140b9000: cdpl_compat_worker.c:597: in cdplWorkerLogInfo(): info: [Worker shutdown. Code: 3]
1582327528.805067: 5093-7f5806007700: cdpl_ipc.c:1720: in _epoll_main(): debug: server going down...
1582327528.858331: 5093-7f58140b9000: cdpl_worker.c:856: in _wk_shutdown(): debug: waiting for heartbeat thread
1582327528.858357: 5093-7f5805005700: cdpl_worker.c:709: in cdpl_wk_heartbeat(): info: stopping heartbeat
1582327528.858405: 5093-7f58140b9000: cdpl_ipc.c:1781: in cdpl_ipc_host_release(): debug: releasing host `128.54.70.249:35766'
1582327528.858432: 5093-7f58140b9000: cdpl_ipc.c:2532: in cdpl_ipc_free(): debug: releasing IPC handle
1582327528.858437: 5093-7f58140b9000: cdpl_ipc.c:986: in _host_free__UNSAFE(): debug: freeing host `128.54.70.249:35766'
1582327528.858441: 5093-7f58140b9000: cdpl_ipc.c:1028: in _host_free__UNSAFE(): debug: [0 outq, 0 spR, 0 spW]
1582327528.858464: 5093-7f58140b9000: cdpl_ipc.c:2571: in cdpl_ipc_free(): debug: done
1582327528.858469: 5093-7f58140b9000: cdpl_worker.c:912: in cdpl_wk_free(): info: freed
1582327528.858473: 5093-7f58140b9000: cdpl_log.c:359: in cdpl_log_close(): debug: @@end_of_log@@
