1582326825.620645: 5205-7f8b298a4000: cdpl_log.c:221: in cdpl_log_open(): debug: @@start_of_log@@
1582326825.620753: 5205-7f8b298a4000: cdpl_log.c:729: in cdpl_log_dump_sysinfo(): info: time: 2020/02/21 15:13:45 PST -0800
1582326825.620799: 5205-7f8b298a4000: cdpl_log.c:731: in cdpl_log_dump_sysinfo(): info: version: L_2016.03_SP2_PROD_CDPL 
1582326825.620805: 5205-7f8b298a4000: cdpl_log.c:736: in cdpl_log_dump_sysinfo(): info: system: Linux 3.10.0-1062.9.1.el7.x86_64 #1 SMP Fri Dec 6 15:49:49 UTC 2019
1582326825.620810: 5205-7f8b298a4000: cdpl_log.c:740: in cdpl_log_dump_sysinfo(): info: processor: x86_64 64-bits
1582326825.620814: 5205-7f8b298a4000: cdpl_log.c:742: in cdpl_log_dump_sysinfo(): info: hostname: ieng6-249.ucsd.edu
1582326825.620819: 5205-7f8b298a4000: cdpl_log.c:223: in cdpl_log_open(): debug: path: /home/linux/ieng6/ee260bwi20/haz023/lab5/run_siliconsmart/LIB_FF_1.1_-40_ALL/runtime/cdpl/worker.W10.ieng6-249.ucsd.edu.5205.log
1582326825.620823: 5205-7f8b298a4000: cdpl_log.c:224: in cdpl_log_open(): debug: dir: /home/linux/ieng6/ee260bwi20/haz023/lab5/run_siliconsmart/LIB_FF_1.1_-40_ALL/runtime/cdpl
1582326825.620838: 5205-7f8b298a4000: cdpl_worker.c:728: in cdpl_wk_new(): info: creating worker instance
1582326825.626182: 5205-7f8b298a4000: cdpl_worker.c:925: in cdpl_wk_start(): debug: starting worker
1582326825.626203: 5205-7f8b298a4000: cdpl_worker.c:276: in cdpl_wk_setup(): info: CDPL_SERVER is "128.54.70.249:35766"
1582326825.626216: 5205-7f8b298a4000: cdpl_worker.c:299: in cdpl_wk_setup(): info: server 128.54.70.249, port 35766
1582326825.626225: 5205-7f8b298a4000: cdpl_worker.c:319: in cdpl_wk_setup(): info: CDPL_ID is "10:1:1:1:1167169222"
1582326825.626257: 5205-7f8b298a4000: cdpl_worker.c:361: in cdpl_wk_setup(): info: we are W10-B1-J1-M1-S1167169222
1582326825.626271: 5205-7f8b298a4000: cdpl_worker.c:363: in cdpl_wk_setup(): info: we are on host ieng6-249.ucsd.edu
1582326825.626280: 5205-7f8b298a4000: cdpl_worker.c:372: in cdpl_wk_daemonize(): debug: will *not* daemonize
1582326825.626293: 5205-7f8b298a4000: cdpl_ipc.c:2593: in cdpl_ipc_connect(): info: connecting to 128.54.70.249:35766
1582326825.627001: 5205-7f8b298a4000: cdpl_ipc.c:2659: in cdpl_ipc_connect(): info: connected as `128.54.70.249:55174'
1582326825.627057: 5205-7f8b298a4000: cdpl_ipc.c:1763: in cdpl_ipc_host_accept(): debug: accepted host `128.54.70.249:35766'
1582326825.627126: 5205-7f8b298a4000: cdpl_ipc.c:2436: in cdpl_ipc_start(): debug: starting IPC server 128.54.70.249:44171
1582326825.627687: 5205-7f8b298a4000: cdpl_compat_worker.c:148: in cdplStartWorker(): info: SNPSLMD_LICENSE_FILE is 1705@acms-flexlm-lnx4.ucsd.edu,1705@acms-flexlm-lnx5.ucsd.edu,1705@acms-flexlm-lnx6.ucsd.edu
1582326825.628035: 5205-7f8b298a4000: cdpl_compat_worker.c:597: in cdplWorkerLogInfo(): info: [Maximum lifespan of worker is set to 1200m]
1582326825.628308: 5205-7f8b298a4000: cdpl_compat_worker.c:597: in cdplWorkerLogInfo(): info: [Peak virtual memory is set to 128GB]
1582326825.654784: 5205-7f8b1a7f0700: cdpl_worker.c:656: in cdpl_wk_heartbeat(): debug: starting heartbeat
1582326825.654811: 5205-7f8b1a7f0700: cdpl_worker.c:665: in cdpl_wk_heartbeat(): info: setting heartbeat period to 60 sec
1582326825.654838: 5205-7f8b1a7f0700: cdpl_worker.c:673: in cdpl_wk_heartbeat(): info: first heartbeat in 1 sec
1582326825.658487: 5205-7f8b1aff1700: cdpl_worker.c:528: in cdpl_wk_listen(): debug: ready
1582326825.690304: 5205-7f8b1aff1700: cdpl_worker.c:585: in cdpl_wk_listen(): debug: received ASSIGN message
1582326825.690359: 5205-7f8b298a4000: cdpl_worker.c:1092: in cdpl_wk_wait_timeout(): info: starting task T14
1582326825.690416: 5205-7f8b298a4000: cdpl_compat_worker.c:597: in cdplWorkerLogInfo(): info: [configOneCellAdaptive { BUFFD2 }]
1582326827.081211: 5205-7f8b298a4000: cdpl_worker.c:1208: in cdpl_wk_finalize(): info: finishing task T14
1582326827.100309: 5205-7f8b1aff1700: cdpl_worker.c:585: in cdpl_wk_listen(): debug: received ASSIGN message
1582326827.100347: 5205-7f8b298a4000: cdpl_worker.c:1092: in cdpl_wk_wait_timeout(): info: starting task T24
1582326827.100398: 5205-7f8b298a4000: cdpl_compat_worker.c:597: in cdplWorkerLogInfo(): info: [configOneCellAdaptive { INVD12 }]
1582326828.182306: 5205-7f8b298a4000: cdpl_worker.c:1208: in cdpl_wk_finalize(): info: finishing task T24
1582326828.194066: 5205-7f8b1aff1700: cdpl_worker.c:585: in cdpl_wk_listen(): debug: received ASSIGN message
1582326828.194124: 5205-7f8b298a4000: cdpl_worker.c:1092: in cdpl_wk_wait_timeout(): info: starting task T32
1582326828.194141: 5205-7f8b298a4000: cdpl_compat_worker.c:597: in cdplWorkerLogInfo(): info: [configOneCellAdaptive { INVD8 }]
1582326829.427332: 5205-7f8b298a4000: cdpl_worker.c:1208: in cdpl_wk_finalize(): info: finishing task T32
1582326829.454143: 5205-7f8b1aff1700: cdpl_worker.c:585: in cdpl_wk_listen(): debug: received ASSIGN message
1582326829.454193: 5205-7f8b298a4000: cdpl_worker.c:1092: in cdpl_wk_wait_timeout(): info: starting task T51
1582326829.454227: 5205-7f8b298a4000: cdpl_compat_worker.c:597: in cdplWorkerLogInfo(): info: [configOneCellAdaptive { OAI21D1 }]
1582326833.913568: 5205-7f8b298a4000: cdpl_worker.c:1208: in cdpl_wk_finalize(): info: finishing task T51
1582326858.785199: 5205-7f8b1aff1700: cdpl_worker.c:616: in cdpl_wk_listen(): debug: received RELAY message
1582326859.035725: 5205-7f8b1aff1700: cdpl_worker.c:616: in cdpl_wk_listen(): debug: received RELAY message
1582326859.874119: 5205-7f8b1aff1700: cdpl_worker.c:585: in cdpl_wk_listen(): debug: received ASSIGN message
1582326859.874167: 5205-7f8b298a4000: cdpl_worker.c:1092: in cdpl_wk_wait_timeout(): info: starting task T74
1582326860.790686: 5205-7f8b298a4000: cdpl_compat_worker.c:597: in cdplWorkerLogInfo(): info: [runOneAcquisitionAdaptive DFCSNQD1 Cin__CP__hl__ACQ_2 job_75 ]
1582326878.484678: 5205-7f8b298a4000: cdpl_worker.c:1208: in cdpl_wk_finalize(): info: finishing task T74
1582326878.487685: 5205-7f8b1aff1700: cdpl_worker.c:585: in cdpl_wk_listen(): debug: received ASSIGN message
1582326878.487725: 5205-7f8b298a4000: cdpl_worker.c:1092: in cdpl_wk_wait_timeout(): info: starting task T107
1582326878.487749: 5205-7f8b298a4000: cdpl_compat_worker.c:597: in cdplWorkerLogInfo(): info: [runOneAcquisitionAdaptive DFCSNQD2 energy__D__hl__ACQ_1 job_108 ]
1582326887.371123: 5205-7f8b298a4000: cdpl_worker.c:1208: in cdpl_wk_finalize(): info: finishing task T107
1582326887.371696: 5205-7f8b1aff1700: cdpl_worker.c:585: in cdpl_wk_listen(): debug: received ASSIGN message
1582326887.371781: 5205-7f8b298a4000: cdpl_worker.c:1092: in cdpl_wk_wait_timeout(): info: starting task T114
1582326887.371797: 5205-7f8b298a4000: cdpl_compat_worker.c:597: in cdplWorkerLogInfo(): info: [runOneAcquisitionAdaptive DFCSNQD2 asynch_removal__CDN__lh__SDN__lh__ACQ_1 job_115 ]
1582326961.950040: 5205-7f8b298a4000: cdpl_worker.c:1208: in cdpl_wk_finalize(): info: finishing task T114
1582326961.964852: 5205-7f8b1aff1700: cdpl_worker.c:585: in cdpl_wk_listen(): debug: received ASSIGN message
1582326961.964916: 5205-7f8b298a4000: cdpl_worker.c:1092: in cdpl_wk_wait_timeout(): info: starting task T154
1582326961.964947: 5205-7f8b298a4000: cdpl_compat_worker.c:597: in cdplWorkerLogInfo(): info: [runOneAcquisitionAdaptive DFCSNQD4 recover__CDN__lh__CP__lh__ACQ_1 job_155 ]
1582327078.799264: 5205-7f8b298a4000: cdpl_worker.c:1208: in cdpl_wk_finalize(): info: finishing task T154
1582327078.799851: 5205-7f8b1aff1700: cdpl_worker.c:585: in cdpl_wk_listen(): debug: received ASSIGN message
1582327078.799942: 5205-7f8b298a4000: cdpl_worker.c:1092: in cdpl_wk_wait_timeout(): info: starting task T256
1582327078.799961: 5205-7f8b298a4000: cdpl_compat_worker.c:597: in cdplWorkerLogInfo(): info: [runOneAcquisitionAdaptive MUX2D0 Cin__S__lh__ACQ_1 job_257 ]
1582327085.351766: 5205-7f8b298a4000: cdpl_worker.c:1208: in cdpl_wk_finalize(): info: finishing task T256
1582327085.362409: 5205-7f8b1aff1700: cdpl_worker.c:585: in cdpl_wk_listen(): debug: received ASSIGN message
1582327085.362454: 5205-7f8b298a4000: cdpl_worker.c:1092: in cdpl_wk_wait_timeout(): info: starting task T261
1582327085.362482: 5205-7f8b298a4000: cdpl_compat_worker.c:597: in cdplWorkerLogInfo(): info: [runOneAcquisitionAdaptive MUX2D1 Cin__I1__lh__ACQ_1 job_262 ]
1582327093.285251: 5205-7f8b298a4000: cdpl_worker.c:1208: in cdpl_wk_finalize(): info: finishing task T261
1582327093.302540: 5205-7f8b1aff1700: cdpl_worker.c:585: in cdpl_wk_listen(): debug: received ASSIGN message
1582327093.303027: 5205-7f8b298a4000: cdpl_worker.c:1092: in cdpl_wk_wait_timeout(): info: starting task T270
1582327093.303062: 5205-7f8b298a4000: cdpl_compat_worker.c:597: in cdplWorkerLogInfo(): info: [runOneAcquisitionAdaptive MUX2D1 Cin__I1__hl__ACQ_1 job_271 ]
1582327099.206693: 5205-7f8b298a4000: cdpl_worker.c:1208: in cdpl_wk_finalize(): info: finishing task T270
1582327099.217348: 5205-7f8b1aff1700: cdpl_worker.c:585: in cdpl_wk_listen(): debug: received ASSIGN message
1582327099.217383: 5205-7f8b298a4000: cdpl_worker.c:1092: in cdpl_wk_wait_timeout(): info: starting task T279
1582327099.217406: 5205-7f8b298a4000: cdpl_compat_worker.c:597: in cdplWorkerLogInfo(): info: [runOneAcquisitionAdaptive MUX2D2 leakage_power__ACQ_4 job_280 ]
1582327103.119845: 5205-7f8b298a4000: cdpl_worker.c:1208: in cdpl_wk_finalize(): info: finishing task T279
1582327103.138127: 5205-7f8b1aff1700: cdpl_worker.c:585: in cdpl_wk_listen(): debug: received ASSIGN message
1582327103.138177: 5205-7f8b298a4000: cdpl_worker.c:1092: in cdpl_wk_wait_timeout(): info: starting task T289
1582327103.138203: 5205-7f8b298a4000: cdpl_compat_worker.c:597: in cdplWorkerLogInfo(): info: [runOneAcquisitionAdaptive MUX2D4 delay__I0__lh__Z__lh__ACQ_1 job_290 ]
1582327129.754788: 5205-7f8b298a4000: cdpl_worker.c:1208: in cdpl_wk_finalize(): info: finishing task T289
1582327129.770901: 5205-7f8b1aff1700: cdpl_worker.c:585: in cdpl_wk_listen(): debug: received ASSIGN message
1582327129.770954: 5205-7f8b298a4000: cdpl_worker.c:1092: in cdpl_wk_wait_timeout(): info: starting task T329
1582327129.770978: 5205-7f8b298a4000: cdpl_compat_worker.c:597: in cdplWorkerLogInfo(): info: [runOneAcquisitionAdaptive OAI21D1 delay__A2__hl__ZN__lh__ACQ_1 job_330 ]
1582327146.039782: 5205-7f8b298a4000: cdpl_worker.c:1208: in cdpl_wk_finalize(): info: finishing task T329
1582327146.040933: 5205-7f8b1aff1700: cdpl_worker.c:585: in cdpl_wk_listen(): debug: received ASSIGN message
1582327146.041008: 5205-7f8b298a4000: cdpl_worker.c:1092: in cdpl_wk_wait_timeout(): info: starting task T364
1582327146.041029: 5205-7f8b298a4000: cdpl_compat_worker.c:597: in cdplWorkerLogInfo(): info: [runOneAcquisitionAdaptive AN2D0 delay__A1__hl__Z__hl__ACQ_1 job_365 ]
1582327158.332195: 5205-7f8b298a4000: cdpl_worker.c:1208: in cdpl_wk_finalize(): info: finishing task T364
1582327158.348475: 5205-7f8b1aff1700: cdpl_worker.c:585: in cdpl_wk_listen(): debug: received ASSIGN message
1582327158.348503: 5205-7f8b298a4000: cdpl_worker.c:1092: in cdpl_wk_wait_timeout(): info: starting task T388
1582327158.348522: 5205-7f8b298a4000: cdpl_compat_worker.c:597: in cdplWorkerLogInfo(): info: [runOneAcquisitionAdaptive AN2D2 delay__A2__hl__Z__hl__ACQ_1 job_389 ]
1582327175.628454: 5205-7f8b298a4000: cdpl_worker.c:1208: in cdpl_wk_finalize(): info: finishing task T388
1582327175.638555: 5205-7f8b1aff1700: cdpl_worker.c:585: in cdpl_wk_listen(): debug: received ASSIGN message
1582327175.644137: 5205-7f8b298a4000: cdpl_worker.c:1092: in cdpl_wk_wait_timeout(): info: starting task T430
1582327175.644160: 5205-7f8b298a4000: cdpl_compat_worker.c:597: in cdplWorkerLogInfo(): info: [runOneAcquisitionAdaptive ND2D0 delay__A2__hl__ZN__lh__ACQ_1 job_431 ]
1582327188.515132: 5205-7f8b298a4000: cdpl_worker.c:1208: in cdpl_wk_finalize(): info: finishing task T430
1582327188.515706: 5205-7f8b1aff1700: cdpl_worker.c:585: in cdpl_wk_listen(): debug: received ASSIGN message
1582327188.515761: 5205-7f8b298a4000: cdpl_worker.c:1092: in cdpl_wk_wait_timeout(): info: starting task T458
1582327188.515777: 5205-7f8b298a4000: cdpl_compat_worker.c:597: in cdplWorkerLogInfo(): info: [runOneAcquisitionAdaptive ND2D3 Cin__A1__hl__ACQ_1 job_459 ]
1582327194.939591: 5205-7f8b298a4000: cdpl_worker.c:1208: in cdpl_wk_finalize(): info: finishing task T458
1582327194.950274: 5205-7f8b1aff1700: cdpl_worker.c:585: in cdpl_wk_listen(): debug: received ASSIGN message
1582327194.955293: 5205-7f8b298a4000: cdpl_worker.c:1092: in cdpl_wk_wait_timeout(): info: starting task T470
1582327194.955329: 5205-7f8b298a4000: cdpl_compat_worker.c:597: in cdplWorkerLogInfo(): info: [runOneAcquisitionAdaptive ND2D4 delay__A2__hl__ZN__lh__ACQ_1 job_471 ]
1582327356.219164: 5205-7f8b298a4000: cdpl_worker.c:1208: in cdpl_wk_finalize(): info: finishing task T470
1582327356.223425: 5205-7f8b1aff1700: cdpl_worker.c:585: in cdpl_wk_listen(): debug: received ASSIGN message
1582327356.223447: 5205-7f8b298a4000: cdpl_worker.c:1092: in cdpl_wk_wait_timeout(): info: starting task T499
1582327356.223458: 5205-7f8b298a4000: cdpl_compat_worker.c:597: in cdplWorkerLogInfo(): info: [runOneAcquisitionAdaptive NR2D1 delay__A2__lh__ZN__hl__ACQ_1 job_500 ]
1582327368.691934: 5205-7f8b298a4000: cdpl_worker.c:1208: in cdpl_wk_finalize(): info: finishing task T499
1582327368.703615: 5205-7f8b1aff1700: cdpl_worker.c:585: in cdpl_wk_listen(): debug: received ASSIGN message
1582327368.703638: 5205-7f8b298a4000: cdpl_worker.c:1092: in cdpl_wk_wait_timeout(): info: starting task T531
1582327368.703650: 5205-7f8b298a4000: cdpl_compat_worker.c:597: in cdplWorkerLogInfo(): info: [runOneAcquisitionAdaptive NR2D8 Cin__A2__hl__ACQ_1 job_532 ]
1582327374.577080: 5205-7f8b298a4000: cdpl_worker.c:1208: in cdpl_wk_finalize(): info: finishing task T531
1582327374.588092: 5205-7f8b1aff1700: cdpl_worker.c:585: in cdpl_wk_listen(): debug: received ASSIGN message
1582327374.589385: 5205-7f8b298a4000: cdpl_worker.c:1092: in cdpl_wk_wait_timeout(): info: starting task T546
1582327374.589405: 5205-7f8b298a4000: cdpl_compat_worker.c:597: in cdplWorkerLogInfo(): info: [runOneAcquisitionAdaptive OR2D0 leakage_power__ACQ_2 job_547 ]
1582327378.148859: 5205-7f8b298a4000: cdpl_worker.c:1208: in cdpl_wk_finalize(): info: finishing task T546
1582327378.149238: 5205-7f8b1aff1700: cdpl_worker.c:585: in cdpl_wk_listen(): debug: received ASSIGN message
1582327378.149255: 5205-7f8b298a4000: cdpl_worker.c:1092: in cdpl_wk_wait_timeout(): info: starting task T554
1582327378.149266: 5205-7f8b298a4000: cdpl_compat_worker.c:597: in cdplWorkerLogInfo(): info: [runOneAcquisitionAdaptive OR2D1 delay__A1__hl__Z__hl__ACQ_1 job_555 ]
1582327391.359696: 5205-7f8b298a4000: cdpl_worker.c:1208: in cdpl_wk_finalize(): info: finishing task T554
1582327391.374993: 5205-7f8b1aff1700: cdpl_worker.c:585: in cdpl_wk_listen(): debug: received ASSIGN message
1582327391.375019: 5205-7f8b298a4000: cdpl_worker.c:1092: in cdpl_wk_wait_timeout(): info: starting task T589
1582327391.375032: 5205-7f8b298a4000: cdpl_compat_worker.c:597: in cdplWorkerLogInfo(): info: [runOneAcquisitionAdaptive OR2XD1 Cin__A2__lh__ACQ_1 job_590 ]
1582327395.335665: 5205-7f8b298a4000: cdpl_worker.c:1208: in cdpl_wk_finalize(): info: finishing task T589
1582327395.336037: 5205-7f8b1aff1700: cdpl_worker.c:585: in cdpl_wk_listen(): debug: received ASSIGN message
1582327395.336054: 5205-7f8b298a4000: cdpl_worker.c:1092: in cdpl_wk_wait_timeout(): info: starting task T598
1582327395.336065: 5205-7f8b298a4000: cdpl_compat_worker.c:597: in cdplWorkerLogInfo(): info: [runOneAcquisitionAdaptive XNR2D0 delay__A2__hl__ZN__lh__ACQ_1 job_599 ]
1582327412.190678: 5205-7f8b298a4000: cdpl_worker.c:1208: in cdpl_wk_finalize(): info: finishing task T598
1582327412.198389: 5205-7f8b1aff1700: cdpl_worker.c:585: in cdpl_wk_listen(): debug: received ASSIGN message
1582327412.198425: 5205-7f8b298a4000: cdpl_worker.c:1092: in cdpl_wk_wait_timeout(): info: starting task T628
1582327412.198450: 5205-7f8b298a4000: cdpl_compat_worker.c:597: in cdplWorkerLogInfo(): info: [runOneAcquisitionAdaptive XNR2D4 delay__A2__hl__ZN__lh__ACQ_1 job_629 ]
1582327440.437519: 5205-7f8b298a4000: cdpl_worker.c:1208: in cdpl_wk_finalize(): info: finishing task T628
1582327440.438175: 5205-7f8b1aff1700: cdpl_worker.c:585: in cdpl_wk_listen(): debug: received ASSIGN message
1582327440.438191: 5205-7f8b298a4000: cdpl_worker.c:1092: in cdpl_wk_wait_timeout(): info: starting task T680
1582327440.438206: 5205-7f8b298a4000: cdpl_compat_worker.c:597: in cdplWorkerLogInfo(): info: [runOneAcquisitionAdaptive BUFFD2 delay__I__hl__Z__hl__ACQ_1 job_681 ]
1582327452.284018: 5205-7f8b298a4000: cdpl_worker.c:1208: in cdpl_wk_finalize(): info: finishing task T680
1582327452.294085: 5205-7f8b1aff1700: cdpl_worker.c:585: in cdpl_wk_listen(): debug: received ASSIGN message
1582327452.294104: 5205-7f8b298a4000: cdpl_worker.c:1092: in cdpl_wk_wait_timeout(): info: starting task T709
1582327452.294115: 5205-7f8b298a4000: cdpl_compat_worker.c:597: in cdplWorkerLogInfo(): info: [runOneAcquisitionAdaptive INVD16 leakage_power__ACQ_1 job_710 ]
1582327455.729443: 5205-7f8b298a4000: cdpl_worker.c:1208: in cdpl_wk_finalize(): info: finishing task T709
1582327455.738488: 5205-7f8b1aff1700: cdpl_worker.c:585: in cdpl_wk_listen(): debug: received ASSIGN message
1582327455.742987: 5205-7f8b298a4000: cdpl_worker.c:1092: in cdpl_wk_wait_timeout(): info: starting task T719
1582327455.743016: 5205-7f8b298a4000: cdpl_compat_worker.c:597: in cdplWorkerLogInfo(): info: [runOneAcquisitionAdaptive INVD20 delay__I__lh__ZN__hl__ACQ_1 job_720 ]
1582327473.441366: 5205-7f8b298a4000: cdpl_worker.c:1208: in cdpl_wk_finalize(): info: finishing task T719
1582327492.666744: 5205-7f8b1aff1700: cdpl_worker.c:616: in cdpl_wk_listen(): debug: received RELAY message
1582327495.550817: 5205-7f8b1aff1700: cdpl_worker.c:585: in cdpl_wk_listen(): debug: received ASSIGN message
1582327495.550848: 5205-7f8b298a4000: cdpl_worker.c:1092: in cdpl_wk_wait_timeout(): info: starting task T763
1582327496.479358: 5205-7f8b298a4000: cdpl_compat_worker.c:597: in cdplWorkerLogInfo(): info: [modelOneCellAdaptive {ND2D0 }]
1582327508.797479: 5205-7f8b298a4000: cdpl_worker.c:1208: in cdpl_wk_finalize(): info: finishing task T763
1582327508.821354: 5205-7f8b1aff1700: cdpl_worker.c:585: in cdpl_wk_listen(): debug: received ASSIGN message
1582327508.827988: 5205-7f8b298a4000: cdpl_worker.c:1092: in cdpl_wk_wait_timeout(): info: starting task T789
1582327508.828031: 5205-7f8b298a4000: cdpl_compat_worker.c:597: in cdplWorkerLogInfo(): info: [modelOneCellAdaptive {BUFFD12 }]
1582327518.307571: 5205-7f8b298a4000: cdpl_worker.c:1208: in cdpl_wk_finalize(): info: finishing task T789
1582327518.321534: 5205-7f8b1aff1700: cdpl_worker.c:585: in cdpl_wk_listen(): debug: received ASSIGN message
1582327518.321567: 5205-7f8b298a4000: cdpl_worker.c:1092: in cdpl_wk_wait_timeout(): info: starting task T806
1582327518.321593: 5205-7f8b298a4000: cdpl_compat_worker.c:597: in cdplWorkerLogInfo(): info: [modelOneCellAdaptive {INVD8 }]
1582327523.725306: 5205-7f8b298a4000: cdpl_worker.c:1208: in cdpl_wk_finalize(): info: finishing task T806
1582327528.780174: 5205-7f8b1aff1700: cdpl_worker.c:616: in cdpl_wk_listen(): debug: received RELAY message
1582327528.802886: 5205-7f8b1b7f2700: cdpl_ipc.c:606: in _readv(): warning: read(): EOF
1582327528.802915: 5205-7f8b1b7f2700: cdpl_ipc.c:1462: in _epoll_recv(): debug: _readv(): Broken pipe
1582327528.802920: 5205-7f8b1b7f2700: cdpl_ipc.c:1683: in _epoll_main(): debug: _epoll_recv(): Broken pipe
1582327528.802930: 5205-7f8b1b7f2700: cdpl_ipc.c:1061: in _host_drop__UNSAFE(): debug: dropping host `128.54.70.249:35766'
1582327528.803539: 5205-7f8b1aff1700: cdpl_worker.c:561: in cdpl_wk_listen(): debug: received DROP notification
1582327528.803549: 5205-7f8b1aff1700: cdpl_worker.c:565: in cdpl_wk_listen(): debug: we were dropped by the server
1582327528.803553: 5205-7f8b1aff1700: cdpl_worker.c:492: in _wk_kill(): debug: killing worker
1582327528.803557: 5205-7f8b1aff1700: cdpl_ipc.c:2481: in cdpl_ipc_kill(): debug: stopping event server
1582327528.803580: 5205-7f8b1aff1700: cdpl_worker.c:542: in cdpl_wk_listen(): debug: leaving now
1582327528.803588: 5205-7f8b1b7f2700: cdpl_ipc.c:1720: in _epoll_main(): debug: server going down...
1582327528.803820: 5205-7f8b298a4000: cdpl_compat_worker.c:597: in cdplWorkerLogInfo(): info: [Worker shutdown. Code: 3]
1582327528.848673: 5205-7f8b298a4000: cdpl_worker.c:856: in _wk_shutdown(): debug: waiting for heartbeat thread
1582327528.848743: 5205-7f8b1a7f0700: cdpl_worker.c:709: in cdpl_wk_heartbeat(): info: stopping heartbeat
1582327528.848872: 5205-7f8b298a4000: cdpl_ipc.c:1781: in cdpl_ipc_host_release(): debug: releasing host `128.54.70.249:35766'
1582327528.848912: 5205-7f8b298a4000: cdpl_ipc.c:2532: in cdpl_ipc_free(): debug: releasing IPC handle
1582327528.848918: 5205-7f8b298a4000: cdpl_ipc.c:986: in _host_free__UNSAFE(): debug: freeing host `128.54.70.249:35766'
1582327528.848923: 5205-7f8b298a4000: cdpl_ipc.c:1028: in _host_free__UNSAFE(): debug: [0 outq, 0 spR, 0 spW]
1582327528.849021: 5205-7f8b298a4000: cdpl_ipc.c:2571: in cdpl_ipc_free(): debug: done
1582327528.849029: 5205-7f8b298a4000: cdpl_worker.c:912: in cdpl_wk_free(): info: freed
1582327528.849033: 5205-7f8b298a4000: cdpl_log.c:359: in cdpl_log_close(): debug: @@end_of_log@@
