1582326828.860554: 5660-7fd1bbbb3000: cdpl_log.c:221: in cdpl_log_open(): debug: @@start_of_log@@
1582326828.860606: 5660-7fd1bbbb3000: cdpl_log.c:729: in cdpl_log_dump_sysinfo(): info: time: 2020/02/21 15:13:48 PST -0800
1582326828.860614: 5660-7fd1bbbb3000: cdpl_log.c:731: in cdpl_log_dump_sysinfo(): info: version: L_2016.03_SP2_PROD_CDPL 
1582326828.860619: 5660-7fd1bbbb3000: cdpl_log.c:736: in cdpl_log_dump_sysinfo(): info: system: Linux 3.10.0-1062.9.1.el7.x86_64 #1 SMP Fri Dec 6 15:49:49 UTC 2019
1582326828.860623: 5660-7fd1bbbb3000: cdpl_log.c:740: in cdpl_log_dump_sysinfo(): info: processor: x86_64 64-bits
1582326828.860627: 5660-7fd1bbbb3000: cdpl_log.c:742: in cdpl_log_dump_sysinfo(): info: hostname: ieng6-249.ucsd.edu
1582326828.860632: 5660-7fd1bbbb3000: cdpl_log.c:223: in cdpl_log_open(): debug: path: /home/linux/ieng6/ee260bwi20/haz023/lab5/run_siliconsmart/LIB_FF_1.1_-40_ALL/runtime/cdpl/worker.W24.ieng6-249.ucsd.edu.5660.log
1582326828.860636: 5660-7fd1bbbb3000: cdpl_log.c:224: in cdpl_log_open(): debug: dir: /home/linux/ieng6/ee260bwi20/haz023/lab5/run_siliconsmart/LIB_FF_1.1_-40_ALL/runtime/cdpl
1582326828.860646: 5660-7fd1bbbb3000: cdpl_worker.c:728: in cdpl_wk_new(): info: creating worker instance
1582326828.862816: 5660-7fd1bbbb3000: cdpl_worker.c:925: in cdpl_wk_start(): debug: starting worker
1582326828.862830: 5660-7fd1bbbb3000: cdpl_worker.c:276: in cdpl_wk_setup(): info: CDPL_SERVER is "128.54.70.249:35766"
1582326828.862837: 5660-7fd1bbbb3000: cdpl_worker.c:299: in cdpl_wk_setup(): info: server 128.54.70.249, port 35766
1582326828.862841: 5660-7fd1bbbb3000: cdpl_worker.c:319: in cdpl_wk_setup(): info: CDPL_ID is "24:1:1:1:1167169222"
1582326828.862860: 5660-7fd1bbbb3000: cdpl_worker.c:361: in cdpl_wk_setup(): info: we are W24-B1-J1-M1-S1167169222
1582326828.862866: 5660-7fd1bbbb3000: cdpl_worker.c:363: in cdpl_wk_setup(): info: we are on host ieng6-249.ucsd.edu
1582326828.862870: 5660-7fd1bbbb3000: cdpl_worker.c:372: in cdpl_wk_daemonize(): debug: will *not* daemonize
1582326828.862876: 5660-7fd1bbbb3000: cdpl_ipc.c:2593: in cdpl_ipc_connect(): info: connecting to 128.54.70.249:35766
1582326828.863158: 5660-7fd1bbbb3000: cdpl_ipc.c:2659: in cdpl_ipc_connect(): info: connected as `128.54.70.249:55198'
1582326828.863188: 5660-7fd1bbbb3000: cdpl_ipc.c:1763: in cdpl_ipc_host_accept(): debug: accepted host `128.54.70.249:35766'
1582326828.863202: 5660-7fd1bbbb3000: cdpl_ipc.c:2436: in cdpl_ipc_start(): debug: starting IPC server 128.54.70.249:38358
1582326828.863345: 5660-7fd1bbbb3000: cdpl_compat_worker.c:148: in cdplStartWorker(): info: SNPSLMD_LICENSE_FILE is 1705@acms-flexlm-lnx4.ucsd.edu,1705@acms-flexlm-lnx5.ucsd.edu,1705@acms-flexlm-lnx6.ucsd.edu
1582326828.863436: 5660-7fd1bbbb3000: cdpl_compat_worker.c:597: in cdplWorkerLogInfo(): info: [Maximum lifespan of worker is set to 1200m]
1582326828.863495: 5660-7fd1bbbb3000: cdpl_compat_worker.c:597: in cdplWorkerLogInfo(): info: [Peak virtual memory is set to 128GB]
1582326828.912545: 5660-7fd1ad300700: cdpl_worker.c:528: in cdpl_wk_listen(): debug: ready
1582326828.913428: 5660-7fd1acaff700: cdpl_worker.c:656: in cdpl_wk_heartbeat(): debug: starting heartbeat
1582326828.913447: 5660-7fd1acaff700: cdpl_worker.c:665: in cdpl_wk_heartbeat(): info: setting heartbeat period to 60 sec
1582326828.913479: 5660-7fd1acaff700: cdpl_worker.c:673: in cdpl_wk_heartbeat(): info: first heartbeat in 1 sec
1582326828.951925: 5660-7fd1ad300700: cdpl_worker.c:585: in cdpl_wk_listen(): debug: received ASSIGN message
1582326828.951959: 5660-7fd1bbbb3000: cdpl_worker.c:1092: in cdpl_wk_wait_timeout(): info: starting task T48
1582326828.951996: 5660-7fd1bbbb3000: cdpl_compat_worker.c:597: in cdplWorkerLogInfo(): info: [configOneCellAdaptive { NR2D4 }]
1582326831.621482: 5660-7fd1bbbb3000: cdpl_worker.c:1208: in cdpl_wk_finalize(): info: finishing task T48
1582326831.628981: 5660-7fd1ad300700: cdpl_worker.c:585: in cdpl_wk_listen(): debug: received ASSIGN message
1582326831.629020: 5660-7fd1bbbb3000: cdpl_worker.c:1092: in cdpl_wk_wait_timeout(): info: starting task T63
1582326831.629055: 5660-7fd1bbbb3000: cdpl_compat_worker.c:597: in cdplWorkerLogInfo(): info: [configOneCellAdaptive { XOR2D0 }]
1582326834.429938: 5660-7fd1bbbb3000: cdpl_worker.c:1208: in cdpl_wk_finalize(): info: finishing task T63
1582326858.787528: 5660-7fd1ad300700: cdpl_worker.c:616: in cdpl_wk_listen(): debug: received RELAY message
1582326859.036666: 5660-7fd1ad300700: cdpl_worker.c:616: in cdpl_wk_listen(): debug: received RELAY message
1582326861.067769: 5660-7fd1ad300700: cdpl_worker.c:585: in cdpl_wk_listen(): debug: received ASSIGN message
1582326861.067816: 5660-7fd1bbbb3000: cdpl_worker.c:1092: in cdpl_wk_wait_timeout(): info: starting task T85
1582326862.524752: 5660-7fd1bbbb3000: cdpl_compat_worker.c:597: in cdplWorkerLogInfo(): info: [runOneAcquisitionAdaptive DFCSNQD1 recover__SDN__lh__CP__lh__ACQ_1 job_86 ]
1582326953.522325: 5660-7fd1bbbb3000: cdpl_worker.c:1208: in cdpl_wk_finalize(): info: finishing task T85
1582326953.542099: 5660-7fd1ad300700: cdpl_worker.c:585: in cdpl_wk_listen(): debug: received ASSIGN message
1582326953.542148: 5660-7fd1bbbb3000: cdpl_worker.c:1092: in cdpl_wk_wait_timeout(): info: starting task T144
1582326953.542169: 5660-7fd1bbbb3000: cdpl_compat_worker.c:597: in cdplWorkerLogInfo(): info: [runOneAcquisitionAdaptive DFCSNQD4 cmpw__CDN__hl__CDN__lh__ACQ_1 job_145 ]
1582326959.513524: 5660-7fd1bbbb3000: cdpl_worker.c:1208: in cdpl_wk_finalize(): info: finishing task T144
1582326959.524254: 5660-7fd1ad300700: cdpl_worker.c:585: in cdpl_wk_listen(): debug: received ASSIGN message
1582326959.524278: 5660-7fd1bbbb3000: cdpl_worker.c:1092: in cdpl_wk_wait_timeout(): info: starting task T150
1582326959.524292: 5660-7fd1bbbb3000: cdpl_compat_worker.c:597: in cdplWorkerLogInfo(): info: [runOneAcquisitionAdaptive DFCSNQD4 cmpw__CP__lh__CP__hl__ACQ_1 job_151 ]
1582326965.293892: 5660-7fd1bbbb3000: cdpl_worker.c:1208: in cdpl_wk_finalize(): info: finishing task T150
1582326965.294649: 5660-7fd1ad300700: cdpl_worker.c:585: in cdpl_wk_listen(): debug: received ASSIGN message
1582326965.294671: 5660-7fd1bbbb3000: cdpl_worker.c:1092: in cdpl_wk_wait_timeout(): info: starting task T156
1582326965.294683: 5660-7fd1bbbb3000: cdpl_compat_worker.c:597: in cdplWorkerLogInfo(): info: [runOneAcquisitionAdaptive DFCSNQD4 leakage_power__ACQ_10 job_157 ]
1582326972.507210: 5660-7fd1bbbb3000: cdpl_worker.c:1208: in cdpl_wk_finalize(): info: finishing task T156
1582326972.526119: 5660-7fd1ad300700: cdpl_worker.c:585: in cdpl_wk_listen(): debug: received ASSIGN message
1582326972.527409: 5660-7fd1bbbb3000: cdpl_worker.c:1092: in cdpl_wk_wait_timeout(): info: starting task T160
1582326972.527448: 5660-7fd1bbbb3000: cdpl_compat_worker.c:597: in cdplWorkerLogInfo(): info: [runOneAcquisitionAdaptive DFCSNQD4 energy__SDN__hl__ACQ_1 job_161 ]
1582326982.091373: 5660-7fd1bbbb3000: cdpl_worker.c:1208: in cdpl_wk_finalize(): info: finishing task T160
1582326982.099623: 5660-7fd1ad300700: cdpl_worker.c:585: in cdpl_wk_listen(): debug: received ASSIGN message
1582326982.099657: 5660-7fd1bbbb3000: cdpl_worker.c:1092: in cdpl_wk_wait_timeout(): info: starting task T165
1582326982.099678: 5660-7fd1bbbb3000: cdpl_compat_worker.c:597: in cdplWorkerLogInfo(): info: [runOneAcquisitionAdaptive DFCSNQD4 Cin__CDN__lh_2__ACQ_1 job_166 ]
1582326993.686560: 5660-7fd1bbbb3000: cdpl_worker.c:1208: in cdpl_wk_finalize(): info: finishing task T165
1582326993.687765: 5660-7fd1ad300700: cdpl_worker.c:585: in cdpl_wk_listen(): debug: received ASSIGN message
1582326993.687807: 5660-7fd1bbbb3000: cdpl_worker.c:1092: in cdpl_wk_wait_timeout(): info: starting task T172
1582326993.687823: 5660-7fd1bbbb3000: cdpl_compat_worker.c:597: in cdplWorkerLogInfo(): info: [runOneAcquisitionAdaptive LHQD2 leakage_power__ACQ_1 job_173 ]
1582326998.003550: 5660-7fd1bbbb3000: cdpl_worker.c:1208: in cdpl_wk_finalize(): info: finishing task T172
1582326998.008209: 5660-7fd1ad300700: cdpl_worker.c:585: in cdpl_wk_listen(): debug: received ASSIGN message
1582326998.013559: 5660-7fd1bbbb3000: cdpl_worker.c:1092: in cdpl_wk_wait_timeout(): info: starting task T175
1582326998.013593: 5660-7fd1bbbb3000: cdpl_compat_worker.c:597: in cdplWorkerLogInfo(): info: [runOneAcquisitionAdaptive LHQD2 leakage_power__ACQ_4 job_176 ]
1582327001.738816: 5660-7fd1bbbb3000: cdpl_worker.c:1208: in cdpl_wk_finalize(): info: finishing task T175
1582327001.739152: 5660-7fd1ad300700: cdpl_worker.c:585: in cdpl_wk_listen(): debug: received ASSIGN message
1582327001.739174: 5660-7fd1bbbb3000: cdpl_worker.c:1092: in cdpl_wk_wait_timeout(): info: starting task T179
1582327001.739187: 5660-7fd1bbbb3000: cdpl_compat_worker.c:597: in cdplWorkerLogInfo(): info: [runOneAcquisitionAdaptive LHQD2 combined_setup_hold__D__lh__E__hl__ACQ_1 job_180 ]
1582327164.723914: 5660-7fd1bbbb3000: cdpl_worker.c:1208: in cdpl_wk_finalize(): info: finishing task T179
1582327164.738335: 5660-7fd1ad300700: cdpl_worker.c:585: in cdpl_wk_listen(): debug: received ASSIGN message
1582327164.738363: 5660-7fd1bbbb3000: cdpl_worker.c:1092: in cdpl_wk_wait_timeout(): info: starting task T403
1582327164.738385: 5660-7fd1bbbb3000: cdpl_compat_worker.c:597: in cdplWorkerLogInfo(): info: [runOneAcquisitionAdaptive AN2D8 delay__A1__lh__Z__lh__ACQ_1 job_404 ]
1582327195.920166: 5660-7fd1bbbb3000: cdpl_worker.c:1208: in cdpl_wk_finalize(): info: finishing task T403
1582327195.925038: 5660-7fd1ad300700: cdpl_worker.c:585: in cdpl_wk_listen(): debug: received ASSIGN message
1582327195.925110: 5660-7fd1bbbb3000: cdpl_worker.c:1092: in cdpl_wk_wait_timeout(): info: starting task T475
1582327195.925135: 5660-7fd1bbbb3000: cdpl_compat_worker.c:597: in cdplWorkerLogInfo(): info: [runOneAcquisitionAdaptive ND2D8 delay__A1__hl__ZN__lh__ACQ_1 job_476 ]
1582327373.120108: 5660-7fd1bbbb3000: cdpl_worker.c:1208: in cdpl_wk_finalize(): info: finishing task T475
1582327373.133010: 5660-7fd1ad300700: cdpl_worker.c:585: in cdpl_wk_listen(): debug: received ASSIGN message
1582327373.133195: 5660-7fd1bbbb3000: cdpl_worker.c:1092: in cdpl_wk_wait_timeout(): info: starting task T542
1582327373.133214: 5660-7fd1bbbb3000: cdpl_compat_worker.c:597: in cdplWorkerLogInfo(): info: [runOneAcquisitionAdaptive OR2D0 Cin__A1__lh__ACQ_1 job_543 ]
1582327377.403782: 5660-7fd1bbbb3000: cdpl_worker.c:1208: in cdpl_wk_finalize(): info: finishing task T542
1582327377.406158: 5660-7fd1ad300700: cdpl_worker.c:585: in cdpl_wk_listen(): debug: received ASSIGN message
1582327377.406176: 5660-7fd1bbbb3000: cdpl_worker.c:1092: in cdpl_wk_wait_timeout(): info: starting task T552
1582327377.406188: 5660-7fd1bbbb3000: cdpl_compat_worker.c:597: in cdplWorkerLogInfo(): info: [runOneAcquisitionAdaptive OR2D1 Cin__A1__lh__ACQ_1 job_553 ]
1582327381.252728: 5660-7fd1bbbb3000: cdpl_worker.c:1208: in cdpl_wk_finalize(): info: finishing task T552
1582327381.253051: 5660-7fd1ad300700: cdpl_worker.c:585: in cdpl_wk_listen(): debug: received ASSIGN message
1582327381.253189: 5660-7fd1bbbb3000: cdpl_worker.c:1092: in cdpl_wk_wait_timeout(): info: starting task T561
1582327381.253206: 5660-7fd1bbbb3000: cdpl_compat_worker.c:597: in cdplWorkerLogInfo(): info: [runOneAcquisitionAdaptive OR2D2 Cin__A2__hl__ACQ_1 job_562 ]
1582327385.346801: 5660-7fd1bbbb3000: cdpl_worker.c:1208: in cdpl_wk_finalize(): info: finishing task T561
1582327385.347148: 5660-7fd1ad300700: cdpl_worker.c:585: in cdpl_wk_listen(): debug: received ASSIGN message
1582327385.347165: 5660-7fd1bbbb3000: cdpl_worker.c:1092: in cdpl_wk_wait_timeout(): info: starting task T572
1582327385.347177: 5660-7fd1bbbb3000: cdpl_compat_worker.c:597: in cdplWorkerLogInfo(): info: [runOneAcquisitionAdaptive OR2D4 Cin__A1__lh__ACQ_1 job_573 ]
1582327390.298687: 5660-7fd1bbbb3000: cdpl_worker.c:1208: in cdpl_wk_finalize(): info: finishing task T572
1582327390.299329: 5660-7fd1ad300700: cdpl_worker.c:585: in cdpl_wk_listen(): debug: received ASSIGN message
1582327390.299349: 5660-7fd1bbbb3000: cdpl_worker.c:1092: in cdpl_wk_wait_timeout(): info: starting task T587
1582327390.299362: 5660-7fd1bbbb3000: cdpl_compat_worker.c:597: in cdplWorkerLogInfo(): info: [runOneAcquisitionAdaptive OR2XD1 delay__A2__lh__Z__lh__ACQ_1 job_588 ]
1582327404.550267: 5660-7fd1bbbb3000: cdpl_worker.c:1208: in cdpl_wk_finalize(): info: finishing task T587
1582327404.561231: 5660-7fd1ad300700: cdpl_worker.c:585: in cdpl_wk_listen(): debug: received ASSIGN message
1582327404.561254: 5660-7fd1bbbb3000: cdpl_worker.c:1092: in cdpl_wk_wait_timeout(): info: starting task T615
1582327404.561267: 5660-7fd1bbbb3000: cdpl_compat_worker.c:597: in cdplWorkerLogInfo(): info: [runOneAcquisitionAdaptive XNR2D2 delay__A1__lh__ZN__hl__ACQ_1 job_616 ]
1582327421.866005: 5660-7fd1bbbb3000: cdpl_worker.c:1208: in cdpl_wk_finalize(): info: finishing task T615
1582327421.874208: 5660-7fd1ad300700: cdpl_worker.c:585: in cdpl_wk_listen(): debug: received ASSIGN message
1582327421.874234: 5660-7fd1bbbb3000: cdpl_worker.c:1092: in cdpl_wk_wait_timeout(): info: starting task T643
1582327421.874262: 5660-7fd1bbbb3000: cdpl_compat_worker.c:597: in cdplWorkerLogInfo(): info: [runOneAcquisitionAdaptive XOR2D1 leakage_power__ACQ_1 job_644 ]
1582327425.304546: 5660-7fd1bbbb3000: cdpl_worker.c:1208: in cdpl_wk_finalize(): info: finishing task T643
1582327425.312302: 5660-7fd1ad300700: cdpl_worker.c:585: in cdpl_wk_listen(): debug: received ASSIGN message
1582327425.320041: 5660-7fd1bbbb3000: cdpl_worker.c:1092: in cdpl_wk_wait_timeout(): info: starting task T649
1582327425.320061: 5660-7fd1bbbb3000: cdpl_compat_worker.c:597: in cdplWorkerLogInfo(): info: [runOneAcquisitionAdaptive XOR2D1 delay__A2__lh__Z__hl__ACQ_1 job_650 ]
1582327440.166606: 5660-7fd1bbbb3000: cdpl_worker.c:1208: in cdpl_wk_finalize(): info: finishing task T649
1582327440.178334: 5660-7fd1ad300700: cdpl_worker.c:585: in cdpl_wk_listen(): debug: received ASSIGN message
1582327440.178360: 5660-7fd1bbbb3000: cdpl_worker.c:1092: in cdpl_wk_wait_timeout(): info: starting task T677
1582327440.178377: 5660-7fd1bbbb3000: cdpl_compat_worker.c:597: in cdplWorkerLogInfo(): info: [runOneAcquisitionAdaptive BUFFD2 leakage_power__ACQ_1 job_678 ]
1582327443.464695: 5660-7fd1bbbb3000: cdpl_worker.c:1208: in cdpl_wk_finalize(): info: finishing task T677
1582327443.487980: 5660-7fd1ad300700: cdpl_worker.c:585: in cdpl_wk_listen(): debug: received ASSIGN message
1582327443.488195: 5660-7fd1bbbb3000: cdpl_worker.c:1092: in cdpl_wk_wait_timeout(): info: starting task T688
1582327443.488221: 5660-7fd1bbbb3000: cdpl_compat_worker.c:597: in cdplWorkerLogInfo(): info: [runOneAcquisitionAdaptive BUFFD4 delay__I__hl__Z__hl__ACQ_1 job_689 ]
1582327458.504737: 5660-7fd1bbbb3000: cdpl_worker.c:1208: in cdpl_wk_finalize(): info: finishing task T688
1582327458.505394: 5660-7fd1ad300700: cdpl_worker.c:585: in cdpl_wk_listen(): debug: received ASSIGN message
1582327458.505432: 5660-7fd1bbbb3000: cdpl_worker.c:1092: in cdpl_wk_wait_timeout(): info: starting task T729
1582327458.505444: 5660-7fd1bbbb3000: cdpl_compat_worker.c:597: in cdplWorkerLogInfo(): info: [runOneAcquisitionAdaptive INVD4 leakage_power__ACQ_1 job_730 ]
1582327461.496563: 5660-7fd1bbbb3000: cdpl_worker.c:1208: in cdpl_wk_finalize(): info: finishing task T729
1582327461.497156: 5660-7fd1ad300700: cdpl_worker.c:585: in cdpl_wk_listen(): debug: received ASSIGN message
1582327461.497181: 5660-7fd1bbbb3000: cdpl_worker.c:1092: in cdpl_wk_wait_timeout(): info: starting task T734
1582327461.497198: 5660-7fd1bbbb3000: cdpl_compat_worker.c:597: in cdplWorkerLogInfo(): info: [runOneAcquisitionAdaptive INVD6 leakage_power__ACQ_2 job_735 ]
1582327464.389417: 5660-7fd1bbbb3000: cdpl_worker.c:1208: in cdpl_wk_finalize(): info: finishing task T734
1582327492.667266: 5660-7fd1ad300700: cdpl_worker.c:616: in cdpl_wk_listen(): debug: received RELAY message
1582327492.672443: 5660-7fd1ad300700: cdpl_worker.c:585: in cdpl_wk_listen(): debug: received ASSIGN message
1582327492.672479: 5660-7fd1bbbb3000: cdpl_worker.c:1092: in cdpl_wk_wait_timeout(): info: starting task T741
1582327492.764428: 5660-7fd1bbbb3000: cdpl_compat_worker.c:597: in cdplWorkerLogInfo(): info: [modelOneCellAdaptive {DFCSNQD1 }]
1582327504.300176: 5660-7fd1bbbb3000: cdpl_worker.c:1208: in cdpl_wk_finalize(): info: finishing task T741
1582327504.329026: 5660-7fd1ad300700: cdpl_worker.c:585: in cdpl_wk_listen(): debug: received ASSIGN message
1582327504.329142: 5660-7fd1bbbb3000: cdpl_worker.c:1092: in cdpl_wk_wait_timeout(): info: starting task T768
1582327504.329162: 5660-7fd1bbbb3000: cdpl_compat_worker.c:597: in cdplWorkerLogInfo(): info: [modelOneCellAdaptive {ND2D8 }]
1582327516.248394: 5660-7fd1bbbb3000: cdpl_worker.c:1208: in cdpl_wk_finalize(): info: finishing task T768
1582327516.249054: 5660-7fd1ad300700: cdpl_worker.c:585: in cdpl_wk_listen(): debug: received ASSIGN message
1582327516.249075: 5660-7fd1bbbb3000: cdpl_worker.c:1092: in cdpl_wk_wait_timeout(): info: starting task T794
1582327516.249089: 5660-7fd1bbbb3000: cdpl_compat_worker.c:597: in cdplWorkerLogInfo(): info: [modelOneCellAdaptive {BUFFD6 }]
1582327523.430277: 5660-7fd1bbbb3000: cdpl_worker.c:1208: in cdpl_wk_finalize(): info: finishing task T794
1582327528.779639: 5660-7fd1ad300700: cdpl_worker.c:616: in cdpl_wk_listen(): debug: received RELAY message
1582327528.803278: 5660-7fd1adb01700: cdpl_ipc.c:606: in _readv(): warning: read(): EOF
1582327528.803306: 5660-7fd1adb01700: cdpl_ipc.c:1462: in _epoll_recv(): debug: _readv(): Broken pipe
1582327528.803312: 5660-7fd1adb01700: cdpl_ipc.c:1683: in _epoll_main(): debug: _epoll_recv(): Broken pipe
1582327528.803321: 5660-7fd1adb01700: cdpl_ipc.c:1061: in _host_drop__UNSAFE(): debug: dropping host `128.54.70.249:35766'
1582327528.804419: 5660-7fd1ad300700: cdpl_worker.c:561: in cdpl_wk_listen(): debug: received DROP notification
1582327528.804428: 5660-7fd1ad300700: cdpl_worker.c:565: in cdpl_wk_listen(): debug: we were dropped by the server
1582327528.804432: 5660-7fd1ad300700: cdpl_worker.c:492: in _wk_kill(): debug: killing worker
1582327528.804436: 5660-7fd1ad300700: cdpl_ipc.c:2481: in cdpl_ipc_kill(): debug: stopping event server
1582327528.804451: 5660-7fd1ad300700: cdpl_worker.c:542: in cdpl_wk_listen(): debug: leaving now
1582327528.804991: 5660-7fd1bbbb3000: cdpl_compat_worker.c:597: in cdplWorkerLogInfo(): info: [Worker shutdown. Code: 3]
1582327528.805091: 5660-7fd1adb01700: cdpl_ipc.c:1720: in _epoll_main(): debug: server going down...
1582327528.877312: 5660-7fd1bbbb3000: cdpl_worker.c:856: in _wk_shutdown(): debug: waiting for heartbeat thread
1582327528.877337: 5660-7fd1acaff700: cdpl_worker.c:709: in cdpl_wk_heartbeat(): info: stopping heartbeat
1582327528.877384: 5660-7fd1bbbb3000: cdpl_ipc.c:1781: in cdpl_ipc_host_release(): debug: releasing host `128.54.70.249:35766'
1582327528.877409: 5660-7fd1bbbb3000: cdpl_ipc.c:2532: in cdpl_ipc_free(): debug: releasing IPC handle
1582327528.877414: 5660-7fd1bbbb3000: cdpl_ipc.c:986: in _host_free__UNSAFE(): debug: freeing host `128.54.70.249:35766'
1582327528.877418: 5660-7fd1bbbb3000: cdpl_ipc.c:1028: in _host_free__UNSAFE(): debug: [0 outq, 0 spR, 0 spW]
1582327528.877440: 5660-7fd1bbbb3000: cdpl_ipc.c:2571: in cdpl_ipc_free(): debug: done
1582327528.877445: 5660-7fd1bbbb3000: cdpl_worker.c:912: in cdpl_wk_free(): info: freed
1582327528.877449: 5660-7fd1bbbb3000: cdpl_log.c:359: in cdpl_log_close(): debug: @@end_of_log@@
