1582326823.936602: 5132-7f1546f5d000: cdpl_log.c:221: in cdpl_log_open(): debug: @@start_of_log@@
1582326823.936695: 5132-7f1546f5d000: cdpl_log.c:729: in cdpl_log_dump_sysinfo(): info: time: 2020/02/21 15:13:43 PST -0800
1582326823.936705: 5132-7f1546f5d000: cdpl_log.c:731: in cdpl_log_dump_sysinfo(): info: version: L_2016.03_SP2_PROD_CDPL 
1582326823.936709: 5132-7f1546f5d000: cdpl_log.c:736: in cdpl_log_dump_sysinfo(): info: system: Linux 3.10.0-1062.9.1.el7.x86_64 #1 SMP Fri Dec 6 15:49:49 UTC 2019
1582326823.936713: 5132-7f1546f5d000: cdpl_log.c:740: in cdpl_log_dump_sysinfo(): info: processor: x86_64 64-bits
1582326823.936718: 5132-7f1546f5d000: cdpl_log.c:742: in cdpl_log_dump_sysinfo(): info: hostname: ieng6-249.ucsd.edu
1582326823.936722: 5132-7f1546f5d000: cdpl_log.c:223: in cdpl_log_open(): debug: path: /home/linux/ieng6/ee260bwi20/haz023/lab5/run_siliconsmart/LIB_FF_1.1_-40_ALL/runtime/cdpl/worker.W6.ieng6-249.ucsd.edu.5132.log
1582326823.936726: 5132-7f1546f5d000: cdpl_log.c:224: in cdpl_log_open(): debug: dir: /home/linux/ieng6/ee260bwi20/haz023/lab5/run_siliconsmart/LIB_FF_1.1_-40_ALL/runtime/cdpl
1582326823.936738: 5132-7f1546f5d000: cdpl_worker.c:728: in cdpl_wk_new(): info: creating worker instance
1582326823.940103: 5132-7f1546f5d000: cdpl_worker.c:925: in cdpl_wk_start(): debug: starting worker
1582326823.940121: 5132-7f1546f5d000: cdpl_worker.c:276: in cdpl_wk_setup(): info: CDPL_SERVER is "128.54.70.249:35766"
1582326823.940128: 5132-7f1546f5d000: cdpl_worker.c:299: in cdpl_wk_setup(): info: server 128.54.70.249, port 35766
1582326823.940133: 5132-7f1546f5d000: cdpl_worker.c:319: in cdpl_wk_setup(): info: CDPL_ID is "6:1:1:1:1167169222"
1582326823.940153: 5132-7f1546f5d000: cdpl_worker.c:361: in cdpl_wk_setup(): info: we are W6-B1-J1-M1-S1167169222
1582326823.940158: 5132-7f1546f5d000: cdpl_worker.c:363: in cdpl_wk_setup(): info: we are on host ieng6-249.ucsd.edu
1582326823.940162: 5132-7f1546f5d000: cdpl_worker.c:372: in cdpl_wk_daemonize(): debug: will *not* daemonize
1582326823.940168: 5132-7f1546f5d000: cdpl_ipc.c:2593: in cdpl_ipc_connect(): info: connecting to 128.54.70.249:35766
1582326823.941137: 5132-7f1546f5d000: cdpl_ipc.c:2659: in cdpl_ipc_connect(): info: connected as `128.54.70.249:55166'
1582326823.941170: 5132-7f1546f5d000: cdpl_ipc.c:1763: in cdpl_ipc_host_accept(): debug: accepted host `128.54.70.249:35766'
1582326823.941185: 5132-7f1546f5d000: cdpl_ipc.c:2436: in cdpl_ipc_start(): debug: starting IPC server 128.54.70.249:38894
1582326823.941480: 5132-7f1546f5d000: cdpl_compat_worker.c:148: in cdplStartWorker(): info: SNPSLMD_LICENSE_FILE is 1705@acms-flexlm-lnx4.ucsd.edu,1705@acms-flexlm-lnx5.ucsd.edu,1705@acms-flexlm-lnx6.ucsd.edu
1582326823.941647: 5132-7f1546f5d000: cdpl_compat_worker.c:597: in cdplWorkerLogInfo(): info: [Maximum lifespan of worker is set to 1200m]
1582326823.941792: 5132-7f1546f5d000: cdpl_compat_worker.c:597: in cdplWorkerLogInfo(): info: [Peak virtual memory is set to 128GB]
1582326823.984463: 5132-7f1537ea9700: cdpl_worker.c:656: in cdpl_wk_heartbeat(): debug: starting heartbeat
1582326823.984498: 5132-7f1537ea9700: cdpl_worker.c:665: in cdpl_wk_heartbeat(): info: setting heartbeat period to 60 sec
1582326823.984541: 5132-7f1537ea9700: cdpl_worker.c:673: in cdpl_wk_heartbeat(): info: first heartbeat in 1 sec
1582326824.045245: 5132-7f15386aa700: cdpl_worker.c:528: in cdpl_wk_listen(): debug: ready
1582326824.045307: 5132-7f15386aa700: cdpl_worker.c:585: in cdpl_wk_listen(): debug: received ASSIGN message
1582326824.045374: 5132-7f1546f5d000: cdpl_worker.c:1092: in cdpl_wk_wait_timeout(): info: starting task T6
1582326824.045421: 5132-7f1546f5d000: cdpl_compat_worker.c:597: in cdplWorkerLogInfo(): info: [configOneCellAdaptive { AOI21D0 }]
1582326828.172164: 5132-7f1546f5d000: cdpl_worker.c:1208: in cdpl_wk_finalize(): info: finishing task T6
1582326828.182163: 5132-7f15386aa700: cdpl_worker.c:585: in cdpl_wk_listen(): debug: received ASSIGN message
1582326828.182617: 5132-7f1546f5d000: cdpl_worker.c:1092: in cdpl_wk_wait_timeout(): info: starting task T31
1582326828.182637: 5132-7f1546f5d000: cdpl_compat_worker.c:597: in cdplWorkerLogInfo(): info: [configOneCellAdaptive { INVD6 }]
1582326829.304308: 5132-7f1546f5d000: cdpl_worker.c:1208: in cdpl_wk_finalize(): info: finishing task T31
1582326829.304707: 5132-7f15386aa700: cdpl_worker.c:585: in cdpl_wk_listen(): debug: received ASSIGN message
1582326829.304760: 5132-7f1546f5d000: cdpl_worker.c:1092: in cdpl_wk_wait_timeout(): info: starting task T50
1582326829.304784: 5132-7f1546f5d000: cdpl_compat_worker.c:597: in cdplWorkerLogInfo(): info: [configOneCellAdaptive { OAI21D0 }]
1582326833.792319: 5132-7f1546f5d000: cdpl_worker.c:1208: in cdpl_wk_finalize(): info: finishing task T50
1582326858.786436: 5132-7f15386aa700: cdpl_worker.c:616: in cdpl_wk_listen(): debug: received RELAY message
1582326859.035492: 5132-7f15386aa700: cdpl_worker.c:616: in cdpl_wk_listen(): debug: received RELAY message
1582326859.558141: 5132-7f15386aa700: cdpl_worker.c:585: in cdpl_wk_listen(): debug: received ASSIGN message
1582326859.558177: 5132-7f1546f5d000: cdpl_worker.c:1092: in cdpl_wk_wait_timeout(): info: starting task T71
1582326859.891603: 5132-7f1546f5d000: cdpl_compat_worker.c:597: in cdplWorkerLogInfo(): info: [runOneAcquisitionAdaptive DFCSNQD1 leakage_power__ACQ_1 job_72 ]
1582326865.281870: 5132-7f1546f5d000: cdpl_worker.c:1208: in cdpl_wk_finalize(): info: finishing task T71
1582326865.288333: 5132-7f15386aa700: cdpl_worker.c:585: in cdpl_wk_listen(): debug: received ASSIGN message
1582326865.299127: 5132-7f1546f5d000: cdpl_worker.c:1092: in cdpl_wk_wait_timeout(): info: starting task T91
1582326865.299179: 5132-7f1546f5d000: cdpl_compat_worker.c:597: in cdplWorkerLogInfo(): info: [runOneAcquisitionAdaptive DFCSNQD1 energy__SDN__lh__ACQ_1 job_92 ]
1582326877.326622: 5132-7f1546f5d000: cdpl_worker.c:1208: in cdpl_wk_finalize(): info: finishing task T91
1582326877.333797: 5132-7f15386aa700: cdpl_worker.c:585: in cdpl_wk_listen(): debug: received ASSIGN message
1582326877.333816: 5132-7f1546f5d000: cdpl_worker.c:1092: in cdpl_wk_wait_timeout(): info: starting task T104
1582326877.333828: 5132-7f1546f5d000: cdpl_compat_worker.c:597: in cdplWorkerLogInfo(): info: [runOneAcquisitionAdaptive DFCSNQD2 Cin__CP__hl__ACQ_1 job_105 ]
1582326891.680656: 5132-7f1546f5d000: cdpl_worker.c:1208: in cdpl_wk_finalize(): info: finishing task T104
1582326891.682170: 5132-7f15386aa700: cdpl_worker.c:585: in cdpl_wk_listen(): debug: received ASSIGN message
1582326891.682262: 5132-7f1546f5d000: cdpl_worker.c:1092: in cdpl_wk_wait_timeout(): info: starting task T118
1582326891.682280: 5132-7f1546f5d000: cdpl_compat_worker.c:597: in cdplWorkerLogInfo(): info: [runOneAcquisitionAdaptive DFCSNQD2 removal__CDN__lh__CP__lh__ACQ_1 job_119 ]
1582327006.786187: 5132-7f1546f5d000: cdpl_worker.c:1208: in cdpl_wk_finalize(): info: finishing task T118
1582327006.787609: 5132-7f15386aa700: cdpl_worker.c:585: in cdpl_wk_listen(): debug: received ASSIGN message
1582327006.787644: 5132-7f1546f5d000: cdpl_worker.c:1092: in cdpl_wk_wait_timeout(): info: starting task T180
1582327006.787668: 5132-7f1546f5d000: cdpl_compat_worker.c:597: in cdplWorkerLogInfo(): info: [runOneAcquisitionAdaptive LHQD2 delay__D__hl__Q__hl__ACQ_1 job_181 ]
1582327034.443707: 5132-7f1546f5d000: cdpl_worker.c:1208: in cdpl_wk_finalize(): info: finishing task T180
1582327034.448831: 5132-7f15386aa700: cdpl_worker.c:585: in cdpl_wk_listen(): debug: received ASSIGN message
1582327034.464942: 5132-7f1546f5d000: cdpl_worker.c:1092: in cdpl_wk_wait_timeout(): info: starting task T199
1582327034.464974: 5132-7f1546f5d000: cdpl_compat_worker.c:597: in cdplWorkerLogInfo(): info: [runOneAcquisitionAdaptive AOI21D1 Cin__A2__hl__ACQ_1 job_200 ]
1582327039.186251: 5132-7f1546f5d000: cdpl_worker.c:1208: in cdpl_wk_finalize(): info: finishing task T199
1582327039.197525: 5132-7f15386aa700: cdpl_worker.c:585: in cdpl_wk_listen(): debug: received ASSIGN message
1582327039.197564: 5132-7f1546f5d000: cdpl_worker.c:1092: in cdpl_wk_wait_timeout(): info: starting task T204
1582327039.197585: 5132-7f1546f5d000: cdpl_compat_worker.c:597: in cdplWorkerLogInfo(): info: [runOneAcquisitionAdaptive AOI21D1 delay__A1__lh__ZN__hl__ACQ_1 job_205 ]
1582327053.288387: 5132-7f1546f5d000: cdpl_worker.c:1208: in cdpl_wk_finalize(): info: finishing task T204
1582327053.291160: 5132-7f15386aa700: cdpl_worker.c:585: in cdpl_wk_listen(): debug: received ASSIGN message
1582327053.291187: 5132-7f1546f5d000: cdpl_worker.c:1092: in cdpl_wk_wait_timeout(): info: starting task T227
1582327053.291201: 5132-7f1546f5d000: cdpl_compat_worker.c:597: in cdplWorkerLogInfo(): info: [runOneAcquisitionAdaptive AOI21D4 Cin__A2__hl__ACQ_1 job_228 ]
1582327061.592544: 5132-7f1546f5d000: cdpl_worker.c:1208: in cdpl_wk_finalize(): info: finishing task T227
1582327061.598668: 5132-7f15386aa700: cdpl_worker.c:585: in cdpl_wk_listen(): debug: received ASSIGN message
1582327061.598700: 5132-7f1546f5d000: cdpl_worker.c:1092: in cdpl_wk_wait_timeout(): info: starting task T235
1582327061.598718: 5132-7f1546f5d000: cdpl_compat_worker.c:597: in cdplWorkerLogInfo(): info: [runOneAcquisitionAdaptive AOI21D4 Cin__A1__hl__ACQ_1 job_236 ]
1582327068.214972: 5132-7f1546f5d000: cdpl_worker.c:1208: in cdpl_wk_finalize(): info: finishing task T235
1582327068.215670: 5132-7f15386aa700: cdpl_worker.c:585: in cdpl_wk_listen(): debug: received ASSIGN message
1582327068.215695: 5132-7f1546f5d000: cdpl_worker.c:1092: in cdpl_wk_wait_timeout(): info: starting task T243
1582327068.215706: 5132-7f1546f5d000: cdpl_compat_worker.c:597: in cdplWorkerLogInfo(): info: [runOneAcquisitionAdaptive MUX2D0 delay__S__lh__Z__lh__ACQ_1 job_244 ]
1582327091.885745: 5132-7f1546f5d000: cdpl_worker.c:1208: in cdpl_wk_finalize(): info: finishing task T243
1582327091.895323: 5132-7f15386aa700: cdpl_worker.c:585: in cdpl_wk_listen(): debug: received ASSIGN message
1582327091.897182: 5132-7f1546f5d000: cdpl_worker.c:1092: in cdpl_wk_wait_timeout(): info: starting task T267
1582327091.897206: 5132-7f1546f5d000: cdpl_compat_worker.c:597: in cdplWorkerLogInfo(): info: [runOneAcquisitionAdaptive MUX2D1 Cin__S__hl__ACQ_1 job_268 ]
1582327098.436216: 5132-7f1546f5d000: cdpl_worker.c:1208: in cdpl_wk_finalize(): info: finishing task T267
1582327098.438635: 5132-7f15386aa700: cdpl_worker.c:585: in cdpl_wk_listen(): debug: received ASSIGN message
1582327098.449531: 5132-7f1546f5d000: cdpl_worker.c:1092: in cdpl_wk_wait_timeout(): info: starting task T278
1582327098.449558: 5132-7f1546f5d000: cdpl_compat_worker.c:597: in cdplWorkerLogInfo(): info: [runOneAcquisitionAdaptive MUX2D2 leakage_power__ACQ_1 job_279 ]
1582327102.802141: 5132-7f1546f5d000: cdpl_worker.c:1208: in cdpl_wk_finalize(): info: finishing task T278
1582327102.802441: 5132-7f15386aa700: cdpl_worker.c:585: in cdpl_wk_listen(): debug: received ASSIGN message
1582327102.811101: 5132-7f1546f5d000: cdpl_worker.c:1092: in cdpl_wk_wait_timeout(): info: starting task T287
1582327102.811124: 5132-7f1546f5d000: cdpl_compat_worker.c:597: in cdplWorkerLogInfo(): info: [runOneAcquisitionAdaptive MUX2D2 Cin__I0__lh__ACQ_1 job_288 ]
1582327107.563345: 5132-7f1546f5d000: cdpl_worker.c:1208: in cdpl_wk_finalize(): info: finishing task T287
1582327107.572501: 5132-7f15386aa700: cdpl_worker.c:585: in cdpl_wk_listen(): debug: received ASSIGN message
1582327107.572521: 5132-7f1546f5d000: cdpl_worker.c:1092: in cdpl_wk_wait_timeout(): info: starting task T295
1582327107.572533: 5132-7f1546f5d000: cdpl_compat_worker.c:597: in cdplWorkerLogInfo(): info: [runOneAcquisitionAdaptive MUX2D4 leakage_power__ACQ_4 job_296 ]
1582327111.635257: 5132-7f1546f5d000: cdpl_worker.c:1208: in cdpl_wk_finalize(): info: finishing task T295
1582327111.651134: 5132-7f15386aa700: cdpl_worker.c:585: in cdpl_wk_listen(): debug: received ASSIGN message
1582327111.651160: 5132-7f1546f5d000: cdpl_worker.c:1092: in cdpl_wk_wait_timeout(): info: starting task T300
1582327111.651174: 5132-7f1546f5d000: cdpl_compat_worker.c:597: in cdplWorkerLogInfo(): info: [runOneAcquisitionAdaptive MUX2D4 delay__S__lh__Z__hl__ACQ_1 job_301 ]
1582327140.346065: 5132-7f1546f5d000: cdpl_worker.c:1208: in cdpl_wk_finalize(): info: finishing task T300
1582327140.365229: 5132-7f15386aa700: cdpl_worker.c:585: in cdpl_wk_listen(): debug: received ASSIGN message
1582327140.365253: 5132-7f1546f5d000: cdpl_worker.c:1092: in cdpl_wk_wait_timeout(): info: starting task T352
1582327140.365266: 5132-7f1546f5d000: cdpl_compat_worker.c:597: in cdplWorkerLogInfo(): info: [runOneAcquisitionAdaptive OAI21D4 delay__A1__hl__ZN__lh__ACQ_1 job_353 ]
1582327163.384746: 5132-7f1546f5d000: cdpl_worker.c:1208: in cdpl_wk_finalize(): info: finishing task T352
1582327163.386939: 5132-7f15386aa700: cdpl_worker.c:585: in cdpl_wk_listen(): debug: received ASSIGN message
1582327163.392765: 5132-7f1546f5d000: cdpl_worker.c:1092: in cdpl_wk_wait_timeout(): info: starting task T398
1582327163.392791: 5132-7f1546f5d000: cdpl_compat_worker.c:597: in cdplWorkerLogInfo(): info: [runOneAcquisitionAdaptive AN2D4 delay__A2__hl__Z__hl__ACQ_1 job_399 ]
1582327187.567213: 5132-7f1546f5d000: cdpl_worker.c:1208: in cdpl_wk_finalize(): info: finishing task T398
1582327187.570993: 5132-7f15386aa700: cdpl_worker.c:585: in cdpl_wk_listen(): debug: received ASSIGN message
1582327187.571017: 5132-7f1546f5d000: cdpl_worker.c:1092: in cdpl_wk_wait_timeout(): info: starting task T455
1582327187.571029: 5132-7f1546f5d000: cdpl_compat_worker.c:597: in cdplWorkerLogInfo(): info: [runOneAcquisitionAdaptive ND2D3 delay__A1__hl__ZN__lh__ACQ_1 job_456 ]
1582327356.167148: 5132-7f1546f5d000: cdpl_worker.c:1208: in cdpl_wk_finalize(): info: finishing task T455
1582327356.174770: 5132-7f15386aa700: cdpl_worker.c:585: in cdpl_wk_listen(): debug: received ASSIGN message
1582327356.174796: 5132-7f1546f5d000: cdpl_worker.c:1092: in cdpl_wk_wait_timeout(): info: starting task T498
1582327356.174808: 5132-7f1546f5d000: cdpl_compat_worker.c:597: in cdplWorkerLogInfo(): info: [runOneAcquisitionAdaptive NR2D1 Cin__A1__hl__ACQ_1 job_499 ]
1582327361.145670: 5132-7f1546f5d000: cdpl_worker.c:1208: in cdpl_wk_finalize(): info: finishing task T498
1582327361.157059: 5132-7f15386aa700: cdpl_worker.c:585: in cdpl_wk_listen(): debug: received ASSIGN message
1582327361.157080: 5132-7f1546f5d000: cdpl_worker.c:1092: in cdpl_wk_wait_timeout(): info: starting task T512
1582327361.157091: 5132-7f1546f5d000: cdpl_compat_worker.c:597: in cdplWorkerLogInfo(): info: [runOneAcquisitionAdaptive NR2D3 Cin__A1__lh__ACQ_1 job_513 ]
1582327366.406283: 5132-7f1546f5d000: cdpl_worker.c:1208: in cdpl_wk_finalize(): info: finishing task T512
1582327366.417106: 5132-7f15386aa700: cdpl_worker.c:585: in cdpl_wk_listen(): debug: received ASSIGN message
1582327366.417126: 5132-7f1546f5d000: cdpl_worker.c:1092: in cdpl_wk_wait_timeout(): info: starting task T523
1582327366.417138: 5132-7f1546f5d000: cdpl_compat_worker.c:597: in cdplWorkerLogInfo(): info: [runOneAcquisitionAdaptive NR2D4 leakage_power__ACQ_1 job_524 ]
1582327369.998229: 5132-7f1546f5d000: cdpl_worker.c:1208: in cdpl_wk_finalize(): info: finishing task T523
1582327369.998555: 5132-7f15386aa700: cdpl_worker.c:585: in cdpl_wk_listen(): debug: received ASSIGN message
1582327369.998572: 5132-7f1546f5d000: cdpl_worker.c:1092: in cdpl_wk_wait_timeout(): info: starting task T534
1582327369.998582: 5132-7f1546f5d000: cdpl_compat_worker.c:597: in cdplWorkerLogInfo(): info: [runOneAcquisitionAdaptive NR2D8 leakage_power__ACQ_2 job_535 ]
1582327374.239443: 5132-7f1546f5d000: cdpl_worker.c:1208: in cdpl_wk_finalize(): info: finishing task T534
1582327374.242450: 5132-7f15386aa700: cdpl_worker.c:585: in cdpl_wk_listen(): debug: received ASSIGN message
1582327374.248978: 5132-7f1546f5d000: cdpl_worker.c:1092: in cdpl_wk_wait_timeout(): info: starting task T545
1582327374.248997: 5132-7f1546f5d000: cdpl_compat_worker.c:597: in cdplWorkerLogInfo(): info: [runOneAcquisitionAdaptive OR2D0 leakage_power__ACQ_1 job_546 ]
1582327377.932371: 5132-7f1546f5d000: cdpl_worker.c:1208: in cdpl_wk_finalize(): info: finishing task T545
1582327377.932985: 5132-7f15386aa700: cdpl_worker.c:585: in cdpl_wk_listen(): debug: received ASSIGN message
1582327377.933010: 5132-7f1546f5d000: cdpl_worker.c:1092: in cdpl_wk_wait_timeout(): info: starting task T553
1582327377.933033: 5132-7f1546f5d000: cdpl_compat_worker.c:597: in cdplWorkerLogInfo(): info: [runOneAcquisitionAdaptive OR2D1 delay__A1__lh__Z__lh__ACQ_1 job_554 ]
1582327389.896418: 5132-7f1546f5d000: cdpl_worker.c:1208: in cdpl_wk_finalize(): info: finishing task T553
1582327389.907241: 5132-7f15386aa700: cdpl_worker.c:585: in cdpl_wk_listen(): debug: received ASSIGN message
1582327389.907280: 5132-7f1546f5d000: cdpl_worker.c:1092: in cdpl_wk_wait_timeout(): info: starting task T585
1582327389.907303: 5132-7f1546f5d000: cdpl_compat_worker.c:597: in cdplWorkerLogInfo(): info: [runOneAcquisitionAdaptive OR2XD1 leakage_power__ACQ_1 job_586 ]
1582327393.256127: 5132-7f1546f5d000: cdpl_worker.c:1208: in cdpl_wk_finalize(): info: finishing task T585
1582327393.256588: 5132-7f15386aa700: cdpl_worker.c:585: in cdpl_wk_listen(): debug: received ASSIGN message
1582327393.257980: 5132-7f1546f5d000: cdpl_worker.c:1092: in cdpl_wk_wait_timeout(): info: starting task T594
1582327393.257997: 5132-7f1546f5d000: cdpl_compat_worker.c:597: in cdplWorkerLogInfo(): info: [runOneAcquisitionAdaptive XNR2D0 leakage_power__ACQ_2 job_595 ]
1582327396.600474: 5132-7f1546f5d000: cdpl_worker.c:1208: in cdpl_wk_finalize(): info: finishing task T594
1582327396.600835: 5132-7f15386aa700: cdpl_worker.c:585: in cdpl_wk_listen(): debug: received ASSIGN message
1582327396.600996: 5132-7f1546f5d000: cdpl_worker.c:1092: in cdpl_wk_wait_timeout(): info: starting task T603
1582327396.601012: 5132-7f1546f5d000: cdpl_compat_worker.c:597: in cdplWorkerLogInfo(): info: [runOneAcquisitionAdaptive XNR2D1 leakage_power__ACQ_1 job_604 ]
1582327400.569488: 5132-7f1546f5d000: cdpl_worker.c:1208: in cdpl_wk_finalize(): info: finishing task T603
1582327400.569760: 5132-7f15386aa700: cdpl_worker.c:585: in cdpl_wk_listen(): debug: received ASSIGN message
1582327400.569781: 5132-7f1546f5d000: cdpl_worker.c:1092: in cdpl_wk_wait_timeout(): info: starting task T608
1582327400.569797: 5132-7f1546f5d000: cdpl_compat_worker.c:597: in cdplWorkerLogInfo(): info: [runOneAcquisitionAdaptive XNR2D1 delay__A2__hl__ZN__lh__ACQ_1 job_609 ]
1582327418.332750: 5132-7f1546f5d000: cdpl_worker.c:1208: in cdpl_wk_finalize(): info: finishing task T608
1582327418.333401: 5132-7f15386aa700: cdpl_worker.c:585: in cdpl_wk_listen(): debug: received ASSIGN message
1582327418.333419: 5132-7f1546f5d000: cdpl_worker.c:1092: in cdpl_wk_wait_timeout(): info: starting task T640
1582327418.333429: 5132-7f1546f5d000: cdpl_compat_worker.c:597: in cdplWorkerLogInfo(): info: [runOneAcquisitionAdaptive XOR2D0 delay__A2__hl__Z__lh__ACQ_1 job_641 ]
1582327434.106583: 5132-7f1546f5d000: cdpl_worker.c:1208: in cdpl_wk_finalize(): info: finishing task T640
1582327434.113928: 5132-7f15386aa700: cdpl_worker.c:585: in cdpl_wk_listen(): debug: received ASSIGN message
1582327434.122010: 5132-7f1546f5d000: cdpl_worker.c:1092: in cdpl_wk_wait_timeout(): info: starting task T662
1582327434.122030: 5132-7f1546f5d000: cdpl_compat_worker.c:597: in cdplWorkerLogInfo(): info: [runOneAcquisitionAdaptive BUFFD0 leakage_power__ACQ_2 job_663 ]
1582327436.781682: 5132-7f1546f5d000: cdpl_worker.c:1208: in cdpl_wk_finalize(): info: finishing task T662
1582327436.782136: 5132-7f15386aa700: cdpl_worker.c:585: in cdpl_wk_listen(): debug: received ASSIGN message
1582327436.790894: 5132-7f1546f5d000: cdpl_worker.c:1092: in cdpl_wk_wait_timeout(): info: starting task T670
1582327436.790913: 5132-7f1546f5d000: cdpl_compat_worker.c:597: in cdplWorkerLogInfo(): info: [runOneAcquisitionAdaptive BUFFD12 leakage_power__ACQ_2 job_671 ]
1582327440.283973: 5132-7f1546f5d000: cdpl_worker.c:1208: in cdpl_wk_finalize(): info: finishing task T670
1582327440.285290: 5132-7f15386aa700: cdpl_worker.c:585: in cdpl_wk_listen(): debug: received ASSIGN message
1582327440.296415: 5132-7f1546f5d000: cdpl_worker.c:1092: in cdpl_wk_wait_timeout(): info: starting task T679
1582327440.296441: 5132-7f1546f5d000: cdpl_compat_worker.c:597: in cdplWorkerLogInfo(): info: [runOneAcquisitionAdaptive BUFFD2 delay__I__lh__Z__lh__ACQ_1 job_680 ]
1582327452.288430: 5132-7f1546f5d000: cdpl_worker.c:1208: in cdpl_wk_finalize(): info: finishing task T679
1582327452.289057: 5132-7f15386aa700: cdpl_worker.c:585: in cdpl_wk_listen(): debug: received ASSIGN message
1582327452.289074: 5132-7f1546f5d000: cdpl_worker.c:1092: in cdpl_wk_wait_timeout(): info: starting task T710
1582327452.289083: 5132-7f1546f5d000: cdpl_compat_worker.c:597: in cdplWorkerLogInfo(): info: [runOneAcquisitionAdaptive INVD16 leakage_power__ACQ_2 job_711 ]
1582327456.081183: 5132-7f1546f5d000: cdpl_worker.c:1208: in cdpl_wk_finalize(): info: finishing task T710
1582327456.081811: 5132-7f15386aa700: cdpl_worker.c:585: in cdpl_wk_listen(): debug: received ASSIGN message
1582327456.082985: 5132-7f1546f5d000: cdpl_worker.c:1092: in cdpl_wk_wait_timeout(): info: starting task T720
1582327456.083012: 5132-7f1546f5d000: cdpl_compat_worker.c:597: in cdplWorkerLogInfo(): info: [runOneAcquisitionAdaptive INVD20 delay__I__hl__ZN__lh__ACQ_1 job_721 ]
1582327473.444859: 5132-7f1546f5d000: cdpl_worker.c:1208: in cdpl_wk_finalize(): info: finishing task T720
1582327492.667335: 5132-7f15386aa700: cdpl_worker.c:616: in cdpl_wk_listen(): debug: received RELAY message
1582327495.671392: 5132-7f15386aa700: cdpl_worker.c:585: in cdpl_wk_listen(): debug: received ASSIGN message
1582327495.678328: 5132-7f1546f5d000: cdpl_worker.c:1092: in cdpl_wk_wait_timeout(): info: starting task T764
1582327496.142062: 5132-7f1546f5d000: cdpl_compat_worker.c:597: in cdplWorkerLogInfo(): info: [modelOneCellAdaptive {ND2D1 }]
1582327507.831402: 5132-7f1546f5d000: cdpl_worker.c:1208: in cdpl_wk_finalize(): info: finishing task T764
1582327507.832554: 5132-7f15386aa700: cdpl_worker.c:585: in cdpl_wk_listen(): debug: received ASSIGN message
1582327507.832576: 5132-7f1546f5d000: cdpl_worker.c:1092: in cdpl_wk_wait_timeout(): info: starting task T782
1582327507.832594: 5132-7f1546f5d000: cdpl_compat_worker.c:597: in cdplWorkerLogInfo(): info: [modelOneCellAdaptive {XNR2D2 }]
1582327520.032721: 5132-7f1546f5d000: cdpl_worker.c:1208: in cdpl_wk_finalize(): info: finishing task T782
1582327528.779583: 5132-7f15386aa700: cdpl_worker.c:616: in cdpl_wk_listen(): debug: received RELAY message
1582327528.802073: 5132-7f1538eab700: cdpl_ipc.c:606: in _readv(): warning: read(): EOF
1582327528.802101: 5132-7f1538eab700: cdpl_ipc.c:1462: in _epoll_recv(): debug: _readv(): Broken pipe
1582327528.802107: 5132-7f1538eab700: cdpl_ipc.c:1683: in _epoll_main(): debug: _epoll_recv(): Broken pipe
1582327528.802116: 5132-7f1538eab700: cdpl_ipc.c:1061: in _host_drop__UNSAFE(): debug: dropping host `128.54.70.249:35766'
1582327528.802344: 5132-7f15386aa700: cdpl_worker.c:561: in cdpl_wk_listen(): debug: received DROP notification
1582327528.802352: 5132-7f15386aa700: cdpl_worker.c:565: in cdpl_wk_listen(): debug: we were dropped by the server
1582327528.802356: 5132-7f15386aa700: cdpl_worker.c:492: in _wk_kill(): debug: killing worker
1582327528.802360: 5132-7f15386aa700: cdpl_ipc.c:2481: in cdpl_ipc_kill(): debug: stopping event server
1582327528.802388: 5132-7f15386aa700: cdpl_worker.c:542: in cdpl_wk_listen(): debug: leaving now
1582327528.802747: 5132-7f1546f5d000: cdpl_compat_worker.c:597: in cdplWorkerLogInfo(): info: [Worker shutdown. Code: 3]
1582327528.803059: 5132-7f1538eab700: cdpl_ipc.c:1720: in _epoll_main(): debug: server going down...
1582327528.811551: 5132-7f1546f5d000: cdpl_worker.c:856: in _wk_shutdown(): debug: waiting for heartbeat thread
1582327528.811573: 5132-7f1537ea9700: cdpl_worker.c:709: in cdpl_wk_heartbeat(): info: stopping heartbeat
1582327528.811620: 5132-7f1546f5d000: cdpl_ipc.c:1781: in cdpl_ipc_host_release(): debug: releasing host `128.54.70.249:35766'
1582327528.811641: 5132-7f1546f5d000: cdpl_ipc.c:2532: in cdpl_ipc_free(): debug: releasing IPC handle
1582327528.811646: 5132-7f1546f5d000: cdpl_ipc.c:986: in _host_free__UNSAFE(): debug: freeing host `128.54.70.249:35766'
1582327528.811650: 5132-7f1546f5d000: cdpl_ipc.c:1028: in _host_free__UNSAFE(): debug: [0 outq, 0 spR, 0 spW]
1582327528.811669: 5132-7f1546f5d000: cdpl_ipc.c:2571: in cdpl_ipc_free(): debug: done
1582327528.811678: 5132-7f1546f5d000: cdpl_worker.c:912: in cdpl_wk_free(): info: freed
1582327528.811683: 5132-7f1546f5d000: cdpl_log.c:359: in cdpl_log_close(): debug: @@end_of_log@@
