1582326825.724664: 5262-7fef1b417000: cdpl_log.c:221: in cdpl_log_open(): debug: @@start_of_log@@
1582326825.724773: 5262-7fef1b417000: cdpl_log.c:729: in cdpl_log_dump_sysinfo(): info: time: 2020/02/21 15:13:45 PST -0800
1582326825.724792: 5262-7fef1b417000: cdpl_log.c:731: in cdpl_log_dump_sysinfo(): info: version: L_2016.03_SP2_PROD_CDPL 
1582326825.724803: 5262-7fef1b417000: cdpl_log.c:736: in cdpl_log_dump_sysinfo(): info: system: Linux 3.10.0-1062.9.1.el7.x86_64 #1 SMP Fri Dec 6 15:49:49 UTC 2019
1582326825.724814: 5262-7fef1b417000: cdpl_log.c:740: in cdpl_log_dump_sysinfo(): info: processor: x86_64 64-bits
1582326825.724824: 5262-7fef1b417000: cdpl_log.c:742: in cdpl_log_dump_sysinfo(): info: hostname: ieng6-249.ucsd.edu
1582326825.724833: 5262-7fef1b417000: cdpl_log.c:223: in cdpl_log_open(): debug: path: /home/linux/ieng6/ee260bwi20/haz023/lab5/run_siliconsmart/LIB_FF_1.1_-40_ALL/runtime/cdpl/worker.W12.ieng6-249.ucsd.edu.5262.log
1582326825.724841: 5262-7fef1b417000: cdpl_log.c:224: in cdpl_log_open(): debug: dir: /home/linux/ieng6/ee260bwi20/haz023/lab5/run_siliconsmart/LIB_FF_1.1_-40_ALL/runtime/cdpl
1582326825.724866: 5262-7fef1b417000: cdpl_worker.c:728: in cdpl_wk_new(): info: creating worker instance
1582326825.728152: 5262-7fef1b417000: cdpl_worker.c:925: in cdpl_wk_start(): debug: starting worker
1582326825.728172: 5262-7fef1b417000: cdpl_worker.c:276: in cdpl_wk_setup(): info: CDPL_SERVER is "128.54.70.249:35766"
1582326825.728183: 5262-7fef1b417000: cdpl_worker.c:299: in cdpl_wk_setup(): info: server 128.54.70.249, port 35766
1582326825.728193: 5262-7fef1b417000: cdpl_worker.c:319: in cdpl_wk_setup(): info: CDPL_ID is "12:1:1:1:1167169222"
1582326825.728225: 5262-7fef1b417000: cdpl_worker.c:361: in cdpl_wk_setup(): info: we are W12-B1-J1-M1-S1167169222
1582326825.728245: 5262-7fef1b417000: cdpl_worker.c:363: in cdpl_wk_setup(): info: we are on host ieng6-249.ucsd.edu
1582326825.728254: 5262-7fef1b417000: cdpl_worker.c:372: in cdpl_wk_daemonize(): debug: will *not* daemonize
1582326825.728267: 5262-7fef1b417000: cdpl_ipc.c:2593: in cdpl_ipc_connect(): info: connecting to 128.54.70.249:35766
1582326825.728454: 5262-7fef1b417000: cdpl_ipc.c:2659: in cdpl_ipc_connect(): info: connected as `128.54.70.249:55176'
1582326825.728498: 5262-7fef1b417000: cdpl_ipc.c:1763: in cdpl_ipc_host_accept(): debug: accepted host `128.54.70.249:35766'
1582326825.728522: 5262-7fef1b417000: cdpl_ipc.c:2436: in cdpl_ipc_start(): debug: starting IPC server 128.54.70.249:32855
1582326825.728757: 5262-7fef1b417000: cdpl_compat_worker.c:148: in cdplStartWorker(): info: SNPSLMD_LICENSE_FILE is 1705@acms-flexlm-lnx4.ucsd.edu,1705@acms-flexlm-lnx5.ucsd.edu,1705@acms-flexlm-lnx6.ucsd.edu
1582326825.728913: 5262-7fef1b417000: cdpl_compat_worker.c:597: in cdplWorkerLogInfo(): info: [Maximum lifespan of worker is set to 1200m]
1582326825.729066: 5262-7fef1b417000: cdpl_compat_worker.c:597: in cdplWorkerLogInfo(): info: [Peak virtual memory is set to 128GB]
1582326825.767889: 5262-7fef0cb64700: cdpl_worker.c:528: in cdpl_wk_listen(): debug: ready
1582326825.767983: 5262-7fef0c363700: cdpl_worker.c:656: in cdpl_wk_heartbeat(): debug: starting heartbeat
1582326825.768007: 5262-7fef0c363700: cdpl_worker.c:665: in cdpl_wk_heartbeat(): info: setting heartbeat period to 60 sec
1582326825.768104: 5262-7fef0c363700: cdpl_worker.c:673: in cdpl_wk_heartbeat(): info: first heartbeat in 1 sec
1582326825.784678: 5262-7fef0cb64700: cdpl_worker.c:585: in cdpl_wk_listen(): debug: received ASSIGN message
1582326825.784731: 5262-7fef1b417000: cdpl_worker.c:1092: in cdpl_wk_wait_timeout(): info: starting task T15
1582326825.784785: 5262-7fef1b417000: cdpl_compat_worker.c:597: in cdplWorkerLogInfo(): info: [configOneCellAdaptive { BUFFD3 }]
1582326827.114283: 5262-7fef1b417000: cdpl_worker.c:1208: in cdpl_wk_finalize(): info: finishing task T15
1582326827.122529: 5262-7fef0cb64700: cdpl_worker.c:585: in cdpl_wk_listen(): debug: received ASSIGN message
1582326827.133325: 5262-7fef1b417000: cdpl_worker.c:1092: in cdpl_wk_wait_timeout(): info: starting task T26
1582326827.133381: 5262-7fef1b417000: cdpl_compat_worker.c:597: in cdplWorkerLogInfo(): info: [configOneCellAdaptive { INVD2 }]
1582326828.201750: 5262-7fef1b417000: cdpl_worker.c:1208: in cdpl_wk_finalize(): info: finishing task T26
1582326828.216764: 5262-7fef0cb64700: cdpl_worker.c:585: in cdpl_wk_listen(): debug: received ASSIGN message
1582326828.216826: 5262-7fef1b417000: cdpl_worker.c:1092: in cdpl_wk_wait_timeout(): info: starting task T33
1582326828.216852: 5262-7fef1b417000: cdpl_compat_worker.c:597: in cdplWorkerLogInfo(): info: [configOneCellAdaptive { LHQD2 }]
1582326832.159032: 5262-7fef1b417000: cdpl_worker.c:1208: in cdpl_wk_finalize(): info: finishing task T33
1582326858.786469: 5262-7fef0cb64700: cdpl_worker.c:616: in cdpl_wk_listen(): debug: received RELAY message
1582326859.036563: 5262-7fef0cb64700: cdpl_worker.c:616: in cdpl_wk_listen(): debug: received RELAY message
1582326859.039331: 5262-7fef0cb64700: cdpl_worker.c:585: in cdpl_wk_listen(): debug: received ASSIGN message
1582326859.039370: 5262-7fef1b417000: cdpl_worker.c:1092: in cdpl_wk_wait_timeout(): info: starting task T66
1582326859.230213: 5262-7fef1b417000: cdpl_compat_worker.c:597: in cdplWorkerLogInfo(): info: [runOneAcquisitionAdaptive DFCSNQD1 energy__CP__lh__ACQ_1 job_67 ]
1582326867.419670: 5262-7fef1b417000: cdpl_worker.c:1208: in cdpl_wk_finalize(): info: finishing task T66
1582326867.430464: 5262-7fef0cb64700: cdpl_worker.c:585: in cdpl_wk_listen(): debug: received ASSIGN message
1582326867.432041: 5262-7fef1b417000: cdpl_worker.c:1092: in cdpl_wk_wait_timeout(): info: starting task T93
1582326867.432090: 5262-7fef1b417000: cdpl_compat_worker.c:597: in cdplWorkerLogInfo(): info: [runOneAcquisitionAdaptive DFCSNQD1 Cin__CDN__hl__ACQ_1 job_94 ]
1582326875.539740: 5262-7fef1b417000: cdpl_worker.c:1208: in cdpl_wk_finalize(): info: finishing task T93
1582326875.547799: 5262-7fef0cb64700: cdpl_worker.c:585: in cdpl_wk_listen(): debug: received ASSIGN message
1582326875.559132: 5262-7fef1b417000: cdpl_worker.c:1092: in cdpl_wk_wait_timeout(): info: starting task T103
1582326875.559186: 5262-7fef1b417000: cdpl_compat_worker.c:597: in cdplWorkerLogInfo(): info: [runOneAcquisitionAdaptive DFCSNQD2 delay__CDN__hl__Q__hl__ACQ_1 job_104 ]
1582326919.022763: 5262-7fef1b417000: cdpl_worker.c:1208: in cdpl_wk_finalize(): info: finishing task T103
1582326919.028931: 5262-7fef0cb64700: cdpl_worker.c:585: in cdpl_wk_listen(): debug: received ASSIGN message
1582326919.035168: 5262-7fef1b417000: cdpl_worker.c:1092: in cdpl_wk_wait_timeout(): info: starting task T126
1582326919.035203: 5262-7fef1b417000: cdpl_compat_worker.c:597: in cdplWorkerLogInfo(): info: [runOneAcquisitionAdaptive DFCSNQD2 energy__SDN__hl__ACQ_1 job_127 ]
1582326927.931120: 5262-7fef1b417000: cdpl_worker.c:1208: in cdpl_wk_finalize(): info: finishing task T126
1582326927.932403: 5262-7fef0cb64700: cdpl_worker.c:585: in cdpl_wk_listen(): debug: received ASSIGN message
1582326927.932424: 5262-7fef1b417000: cdpl_worker.c:1092: in cdpl_wk_wait_timeout(): info: starting task T129
1582326927.932440: 5262-7fef1b417000: cdpl_compat_worker.c:597: in cdplWorkerLogInfo(): info: [runOneAcquisitionAdaptive DFCSNQD2 Cin__SDN__lh__ACQ_1 job_130 ]
1582326942.071320: 5262-7fef1b417000: cdpl_worker.c:1208: in cdpl_wk_finalize(): info: finishing task T129
1582326942.082246: 5262-7fef0cb64700: cdpl_worker.c:585: in cdpl_wk_listen(): debug: received ASSIGN message
1582326942.082303: 5262-7fef1b417000: cdpl_worker.c:1092: in cdpl_wk_wait_timeout(): info: starting task T138
1582326942.082326: 5262-7fef1b417000: cdpl_compat_worker.c:597: in cdplWorkerLogInfo(): info: [runOneAcquisitionAdaptive DFCSNQD4 Cin__CP__hl__ACQ_1 job_139 ]
1582326956.537962: 5262-7fef1b417000: cdpl_worker.c:1208: in cdpl_wk_finalize(): info: finishing task T138
1582326956.544124: 5262-7fef0cb64700: cdpl_worker.c:585: in cdpl_wk_listen(): debug: received ASSIGN message
1582326956.544166: 5262-7fef1b417000: cdpl_worker.c:1092: in cdpl_wk_wait_timeout(): info: starting task T148
1582326956.544189: 5262-7fef1b417000: cdpl_compat_worker.c:597: in cdplWorkerLogInfo(): info: [runOneAcquisitionAdaptive DFCSNQD4 asynch_removal__CDN__lh__SDN__lh__ACQ_1 job_149 ]
1582327029.083342: 5262-7fef1b417000: cdpl_worker.c:1208: in cdpl_wk_finalize(): info: finishing task T148
1582327029.090465: 5262-7fef0cb64700: cdpl_worker.c:585: in cdpl_wk_listen(): debug: received ASSIGN message
1582327029.090511: 5262-7fef1b417000: cdpl_worker.c:1092: in cdpl_wk_wait_timeout(): info: starting task T192
1582327029.090547: 5262-7fef1b417000: cdpl_compat_worker.c:597: in cdplWorkerLogInfo(): info: [runOneAcquisitionAdaptive AOI21D0 Cin__A2__lh__ACQ_1 job_193 ]
1582327034.097029: 5262-7fef1b417000: cdpl_worker.c:1208: in cdpl_wk_finalize(): info: finishing task T192
1582327034.097829: 5262-7fef0cb64700: cdpl_worker.c:585: in cdpl_wk_listen(): debug: received ASSIGN message
1582327034.108128: 5262-7fef1b417000: cdpl_worker.c:1092: in cdpl_wk_wait_timeout(): info: starting task T198
1582327034.108174: 5262-7fef1b417000: cdpl_compat_worker.c:597: in cdplWorkerLogInfo(): info: [runOneAcquisitionAdaptive AOI21D0 delay__B__hl__ZN__lh__ACQ_1 job_199 ]
1582327048.356480: 5262-7fef1b417000: cdpl_worker.c:1208: in cdpl_wk_finalize(): info: finishing task T198
1582327048.357134: 5262-7fef0cb64700: cdpl_worker.c:585: in cdpl_wk_listen(): debug: received ASSIGN message
1582327048.357153: 5262-7fef1b417000: cdpl_worker.c:1092: in cdpl_wk_wait_timeout(): info: starting task T220
1582327048.357168: 5262-7fef1b417000: cdpl_compat_worker.c:597: in cdplWorkerLogInfo(): info: [runOneAcquisitionAdaptive AOI21D2 Cin__A2__lh__ACQ_1 job_221 ]
1582327053.338988: 5262-7fef1b417000: cdpl_worker.c:1208: in cdpl_wk_finalize(): info: finishing task T220
1582327053.360023: 5262-7fef0cb64700: cdpl_worker.c:585: in cdpl_wk_listen(): debug: received ASSIGN message
1582327053.361038: 5262-7fef1b417000: cdpl_worker.c:1092: in cdpl_wk_wait_timeout(): info: starting task T228
1582327053.361102: 5262-7fef1b417000: cdpl_compat_worker.c:597: in cdplWorkerLogInfo(): info: [runOneAcquisitionAdaptive AOI21D4 Cin__A1__lh__ACQ_1 job_229 ]
1582327061.196707: 5262-7fef1b417000: cdpl_worker.c:1208: in cdpl_wk_finalize(): info: finishing task T228
1582327061.201886: 5262-7fef0cb64700: cdpl_worker.c:585: in cdpl_wk_listen(): debug: received ASSIGN message
1582327061.202152: 5262-7fef1b417000: cdpl_worker.c:1092: in cdpl_wk_wait_timeout(): info: starting task T234
1582327061.202175: 5262-7fef1b417000: cdpl_compat_worker.c:597: in cdplWorkerLogInfo(): info: [runOneAcquisitionAdaptive AOI21D4 Cin__A2__lh__ACQ_1 job_235 ]
1582327068.215817: 5262-7fef1b417000: cdpl_worker.c:1208: in cdpl_wk_finalize(): info: finishing task T234
1582327068.220190: 5262-7fef0cb64700: cdpl_worker.c:585: in cdpl_wk_listen(): debug: received ASSIGN message
1582327068.220322: 5262-7fef1b417000: cdpl_worker.c:1092: in cdpl_wk_wait_timeout(): info: starting task T244
1582327068.220342: 5262-7fef1b417000: cdpl_compat_worker.c:597: in cdplWorkerLogInfo(): info: [runOneAcquisitionAdaptive MUX2D0 delay__S__hl__Z__hl__ACQ_1 job_245 ]
1582327090.683988: 5262-7fef1b417000: cdpl_worker.c:1208: in cdpl_wk_finalize(): info: finishing task T244
1582327090.687250: 5262-7fef0cb64700: cdpl_worker.c:585: in cdpl_wk_listen(): debug: received ASSIGN message
1582327090.687277: 5262-7fef1b417000: cdpl_worker.c:1092: in cdpl_wk_wait_timeout(): info: starting task T265
1582327090.687296: 5262-7fef1b417000: cdpl_compat_worker.c:597: in cdplWorkerLogInfo(): info: [runOneAcquisitionAdaptive MUX2D1 delay__I1__hl__Z__hl__ACQ_1 job_266 ]
1582327108.983861: 5262-7fef1b417000: cdpl_worker.c:1208: in cdpl_wk_finalize(): info: finishing task T265
1582327108.994301: 5262-7fef0cb64700: cdpl_worker.c:585: in cdpl_wk_listen(): debug: received ASSIGN message
1582327108.994327: 5262-7fef1b417000: cdpl_worker.c:1092: in cdpl_wk_wait_timeout(): info: starting task T298
1582327108.994348: 5262-7fef1b417000: cdpl_compat_worker.c:597: in cdplWorkerLogInfo(): info: [runOneAcquisitionAdaptive MUX2D4 Cin__I0__hl__ACQ_1 job_299 ]
1582327114.847567: 5262-7fef1b417000: cdpl_worker.c:1208: in cdpl_wk_finalize(): info: finishing task T298
1582327114.863030: 5262-7fef0cb64700: cdpl_worker.c:585: in cdpl_wk_listen(): debug: received ASSIGN message
1582327114.863052: 5262-7fef1b417000: cdpl_worker.c:1092: in cdpl_wk_wait_timeout(): info: starting task T305
1582327114.863086: 5262-7fef1b417000: cdpl_compat_worker.c:597: in cdplWorkerLogInfo(): info: [runOneAcquisitionAdaptive OAI21D0 Cin__A2__hl__ACQ_1 job_306 ]
1582327120.375186: 5262-7fef1b417000: cdpl_worker.c:1208: in cdpl_wk_finalize(): info: finishing task T305
1582327120.393145: 5262-7fef0cb64700: cdpl_worker.c:585: in cdpl_wk_listen(): debug: received ASSIGN message
1582327120.393205: 5262-7fef1b417000: cdpl_worker.c:1092: in cdpl_wk_wait_timeout(): info: starting task T315
1582327120.393241: 5262-7fef1b417000: cdpl_compat_worker.c:597: in cdplWorkerLogInfo(): info: [runOneAcquisitionAdaptive OAI21D0 delay__A2__hl__ZN__lh__ACQ_1 job_316 ]
1582327135.776998: 5262-7fef1b417000: cdpl_worker.c:1208: in cdpl_wk_finalize(): info: finishing task T315
1582327135.781700: 5262-7fef0cb64700: cdpl_worker.c:585: in cdpl_wk_listen(): debug: received ASSIGN message
1582327135.781726: 5262-7fef1b417000: cdpl_worker.c:1092: in cdpl_wk_wait_timeout(): info: starting task T341
1582327135.781744: 5262-7fef1b417000: cdpl_compat_worker.c:597: in cdplWorkerLogInfo(): info: [runOneAcquisitionAdaptive OAI21D2 Cin__A1__hl__ACQ_1 job_342 ]
1582327141.238971: 5262-7fef1b417000: cdpl_worker.c:1208: in cdpl_wk_finalize(): info: finishing task T341
1582327141.277364: 5262-7fef0cb64700: cdpl_worker.c:585: in cdpl_wk_listen(): debug: received ASSIGN message
1582327141.277455: 5262-7fef1b417000: cdpl_worker.c:1092: in cdpl_wk_wait_timeout(): info: starting task T356
1582327141.277477: 5262-7fef1b417000: cdpl_compat_worker.c:597: in cdplWorkerLogInfo(): info: [runOneAcquisitionAdaptive OAI21D4 delay__A2__lh__ZN__hl__ACQ_1 job_357 ]
1582327168.068687: 5262-7fef1b417000: cdpl_worker.c:1208: in cdpl_wk_finalize(): info: finishing task T356
1582327168.069394: 5262-7fef0cb64700: cdpl_worker.c:585: in cdpl_wk_listen(): debug: received ASSIGN message
1582327168.069414: 5262-7fef1b417000: cdpl_worker.c:1092: in cdpl_wk_wait_timeout(): info: starting task T409
1582327168.069429: 5262-7fef1b417000: cdpl_compat_worker.c:597: in cdplWorkerLogInfo(): info: [runOneAcquisitionAdaptive AN2D8 Cin__A2__lh__ACQ_1 job_410 ]
1582327175.066777: 5262-7fef1b417000: cdpl_worker.c:1208: in cdpl_wk_finalize(): info: finishing task T409
1582327175.071400: 5262-7fef0cb64700: cdpl_worker.c:585: in cdpl_wk_listen(): debug: received ASSIGN message
1582327175.071421: 5262-7fef1b417000: cdpl_worker.c:1092: in cdpl_wk_wait_timeout(): info: starting task T427
1582327175.071436: 5262-7fef1b417000: cdpl_compat_worker.c:597: in cdplWorkerLogInfo(): info: [runOneAcquisitionAdaptive ND2D0 Cin__A2__lh__ACQ_1 job_428 ]
1582327179.608067: 5262-7fef1b417000: cdpl_worker.c:1208: in cdpl_wk_finalize(): info: finishing task T427
1582327179.608866: 5262-7fef0cb64700: cdpl_worker.c:585: in cdpl_wk_listen(): debug: received ASSIGN message
1582327179.608946: 5262-7fef1b417000: cdpl_worker.c:1092: in cdpl_wk_wait_timeout(): info: starting task T437
1582327179.608982: 5262-7fef1b417000: cdpl_compat_worker.c:597: in cdplWorkerLogInfo(): info: [runOneAcquisitionAdaptive ND2D1 Cin__A2__lh__ACQ_1 job_438 ]
1582327184.185302: 5262-7fef1b417000: cdpl_worker.c:1208: in cdpl_wk_finalize(): info: finishing task T437
1582327184.185749: 5262-7fef0cb64700: cdpl_worker.c:585: in cdpl_wk_listen(): debug: received ASSIGN message
1582327184.185777: 5262-7fef1b417000: cdpl_worker.c:1092: in cdpl_wk_wait_timeout(): info: starting task T445
1582327184.185800: 5262-7fef1b417000: cdpl_compat_worker.c:597: in cdplWorkerLogInfo(): info: [runOneAcquisitionAdaptive ND2D2 delay__A1__hl__ZN__lh__ACQ_1 job_446 ]
1582327351.784219: 5262-7fef1b417000: cdpl_worker.c:1208: in cdpl_wk_finalize(): info: finishing task T445
1582327351.788158: 5262-7fef0cb64700: cdpl_worker.c:585: in cdpl_wk_listen(): debug: received ASSIGN message
1582327351.788261: 5262-7fef1b417000: cdpl_worker.c:1092: in cdpl_wk_wait_timeout(): info: starting task T483
1582327351.788283: 5262-7fef1b417000: cdpl_compat_worker.c:597: in cdplWorkerLogInfo(): info: [runOneAcquisitionAdaptive NR2D0 leakage_power__ACQ_1 job_484 ]
1582327357.600110: 5262-7fef1b417000: cdpl_worker.c:1208: in cdpl_wk_finalize(): info: finishing task T483
1582327357.600806: 5262-7fef0cb64700: cdpl_worker.c:585: in cdpl_wk_listen(): debug: received ASSIGN message
1582327357.601372: 5262-7fef1b417000: cdpl_worker.c:1092: in cdpl_wk_wait_timeout(): info: starting task T501
1582327357.603528: 5262-7fef1b417000: cdpl_compat_worker.c:597: in cdplWorkerLogInfo(): info: [runOneAcquisitionAdaptive NR2D2 Cin__A2__hl__ACQ_1 job_502 ]
1582327362.970425: 5262-7fef1b417000: cdpl_worker.c:1208: in cdpl_wk_finalize(): info: finishing task T501
1582327362.977604: 5262-7fef0cb64700: cdpl_worker.c:585: in cdpl_wk_listen(): debug: received ASSIGN message
1582327362.977682: 5262-7fef1b417000: cdpl_worker.c:1092: in cdpl_wk_wait_timeout(): info: starting task T516
1582327362.977701: 5262-7fef1b417000: cdpl_compat_worker.c:597: in cdplWorkerLogInfo(): info: [runOneAcquisitionAdaptive NR2D3 delay__A1__hl__ZN__lh__ACQ_1 job_517 ]
1582327378.209191: 5262-7fef1b417000: cdpl_worker.c:1208: in cdpl_wk_finalize(): info: finishing task T516
1582327378.224975: 5262-7fef0cb64700: cdpl_worker.c:585: in cdpl_wk_listen(): debug: received ASSIGN message
1582327378.225025: 5262-7fef1b417000: cdpl_worker.c:1092: in cdpl_wk_wait_timeout(): info: starting task T556
1582327378.225053: 5262-7fef1b417000: cdpl_compat_worker.c:597: in cdplWorkerLogInfo(): info: [runOneAcquisitionAdaptive OR2D1 leakage_power__ACQ_2 job_557 ]
1582327381.822573: 5262-7fef1b417000: cdpl_worker.c:1208: in cdpl_wk_finalize(): info: finishing task T556
1582327381.822912: 5262-7fef0cb64700: cdpl_worker.c:585: in cdpl_wk_listen(): debug: received ASSIGN message
1582327381.822958: 5262-7fef1b417000: cdpl_worker.c:1092: in cdpl_wk_wait_timeout(): info: starting task T564
1582327381.822975: 5262-7fef1b417000: cdpl_compat_worker.c:597: in cdplWorkerLogInfo(): info: [runOneAcquisitionAdaptive OR2D2 delay__A1__hl__Z__hl__ACQ_1 job_565 ]
1582327395.633494: 5262-7fef1b417000: cdpl_worker.c:1208: in cdpl_wk_finalize(): info: finishing task T564
1582327395.647130: 5262-7fef0cb64700: cdpl_worker.c:585: in cdpl_wk_listen(): debug: received ASSIGN message
1582327395.647160: 5262-7fef1b417000: cdpl_worker.c:1092: in cdpl_wk_wait_timeout(): info: starting task T600
1582327395.647181: 5262-7fef1b417000: cdpl_compat_worker.c:597: in cdplWorkerLogInfo(): info: [runOneAcquisitionAdaptive XNR2D0 delay__A1__hl__ZN__hl__ACQ_1 job_601 ]
1582327412.744475: 5262-7fef1b417000: cdpl_worker.c:1208: in cdpl_wk_finalize(): info: finishing task T600
1582327412.745332: 5262-7fef0cb64700: cdpl_worker.c:585: in cdpl_wk_listen(): debug: received ASSIGN message
1582327412.745361: 5262-7fef1b417000: cdpl_worker.c:1092: in cdpl_wk_wait_timeout(): info: starting task T630
1582327412.745386: 5262-7fef1b417000: cdpl_compat_worker.c:597: in cdplWorkerLogInfo(): info: [runOneAcquisitionAdaptive XNR2D4 delay__A1__hl__ZN__hl__ACQ_1 job_631 ]
1582327436.729997: 5262-7fef1b417000: cdpl_worker.c:1208: in cdpl_wk_finalize(): info: finishing task T630
1582327436.741074: 5262-7fef0cb64700: cdpl_worker.c:585: in cdpl_wk_listen(): debug: received ASSIGN message
1582327436.741124: 5262-7fef1b417000: cdpl_worker.c:1092: in cdpl_wk_wait_timeout(): info: starting task T669
1582327436.741140: 5262-7fef1b417000: cdpl_compat_worker.c:597: in cdplWorkerLogInfo(): info: [runOneAcquisitionAdaptive BUFFD12 leakage_power__ACQ_1 job_670 ]
1582327440.543610: 5262-7fef1b417000: cdpl_worker.c:1208: in cdpl_wk_finalize(): info: finishing task T669
1582327440.544549: 5262-7fef0cb64700: cdpl_worker.c:585: in cdpl_wk_listen(): debug: received ASSIGN message
1582327440.544662: 5262-7fef1b417000: cdpl_worker.c:1092: in cdpl_wk_wait_timeout(): info: starting task T681
1582327440.544679: 5262-7fef1b417000: cdpl_compat_worker.c:597: in cdplWorkerLogInfo(): info: [runOneAcquisitionAdaptive BUFFD3 leakage_power__ACQ_1 job_682 ]
1582327443.569682: 5262-7fef1b417000: cdpl_worker.c:1208: in cdpl_wk_finalize(): info: finishing task T681
1582327443.588293: 5262-7fef0cb64700: cdpl_worker.c:585: in cdpl_wk_listen(): debug: received ASSIGN message
1582327443.588324: 5262-7fef1b417000: cdpl_worker.c:1092: in cdpl_wk_wait_timeout(): info: starting task T689
1582327443.588349: 5262-7fef1b417000: cdpl_compat_worker.c:597: in cdplWorkerLogInfo(): info: [runOneAcquisitionAdaptive BUFFD6 leakage_power__ACQ_1 job_690 ]
1582327446.802264: 5262-7fef1b417000: cdpl_worker.c:1208: in cdpl_wk_finalize(): info: finishing task T689
1582327446.805450: 5262-7fef0cb64700: cdpl_worker.c:585: in cdpl_wk_listen(): debug: received ASSIGN message
1582327446.805475: 5262-7fef1b417000: cdpl_worker.c:1092: in cdpl_wk_wait_timeout(): info: starting task T697
1582327446.805495: 5262-7fef1b417000: cdpl_compat_worker.c:597: in cdplWorkerLogInfo(): info: [runOneAcquisitionAdaptive INVD0 leakage_power__ACQ_1 job_698 ]
1582327449.751809: 5262-7fef1b417000: cdpl_worker.c:1208: in cdpl_wk_finalize(): info: finishing task T697
1582327449.762256: 5262-7fef0cb64700: cdpl_worker.c:585: in cdpl_wk_listen(): debug: received ASSIGN message
1582327449.763111: 5262-7fef1b417000: cdpl_worker.c:1092: in cdpl_wk_wait_timeout(): info: starting task T702
1582327449.763133: 5262-7fef1b417000: cdpl_compat_worker.c:597: in cdplWorkerLogInfo(): info: [runOneAcquisitionAdaptive INVD1 leakage_power__ACQ_2 job_703 ]
1582327453.347157: 5262-7fef1b417000: cdpl_worker.c:1208: in cdpl_wk_finalize(): info: finishing task T702
1582327453.347472: 5262-7fef0cb64700: cdpl_worker.c:585: in cdpl_wk_listen(): debug: received ASSIGN message
1582327453.358196: 5262-7fef1b417000: cdpl_worker.c:1092: in cdpl_wk_wait_timeout(): info: starting task T713
1582327453.358217: 5262-7fef1b417000: cdpl_compat_worker.c:597: in cdplWorkerLogInfo(): info: [runOneAcquisitionAdaptive INVD2 leakage_power__ACQ_1 job_714 ]
1582327456.631806: 5262-7fef1b417000: cdpl_worker.c:1208: in cdpl_wk_finalize(): info: finishing task T713
1582327456.632144: 5262-7fef0cb64700: cdpl_worker.c:585: in cdpl_wk_listen(): debug: received ASSIGN message
1582327456.634548: 5262-7fef1b417000: cdpl_worker.c:1092: in cdpl_wk_wait_timeout(): info: starting task T721
1582327456.634567: 5262-7fef1b417000: cdpl_compat_worker.c:597: in cdplWorkerLogInfo(): info: [runOneAcquisitionAdaptive INVD24 leakage_power__ACQ_1 job_722 ]
1582327459.904768: 5262-7fef1b417000: cdpl_worker.c:1208: in cdpl_wk_finalize(): info: finishing task T721
1582327459.905207: 5262-7fef0cb64700: cdpl_worker.c:585: in cdpl_wk_listen(): debug: received ASSIGN message
1582327459.905233: 5262-7fef1b417000: cdpl_worker.c:1092: in cdpl_wk_wait_timeout(): info: starting task T730
1582327459.905252: 5262-7fef1b417000: cdpl_compat_worker.c:597: in cdplWorkerLogInfo(): info: [runOneAcquisitionAdaptive INVD4 leakage_power__ACQ_2 job_731 ]
1582327462.720317: 5262-7fef1b417000: cdpl_worker.c:1208: in cdpl_wk_finalize(): info: finishing task T730
1582327462.741117: 5262-7fef0cb64700: cdpl_worker.c:585: in cdpl_wk_listen(): debug: received ASSIGN message
1582327462.751364: 5262-7fef1b417000: cdpl_worker.c:1092: in cdpl_wk_wait_timeout(): info: starting task T737
1582327462.751395: 5262-7fef1b417000: cdpl_compat_worker.c:597: in cdplWorkerLogInfo(): info: [runOneAcquisitionAdaptive INVD8 leakage_power__ACQ_1 job_738 ]
1582327466.139350: 5262-7fef1b417000: cdpl_worker.c:1208: in cdpl_wk_finalize(): info: finishing task T737
1582327492.667353: 5262-7fef0cb64700: cdpl_worker.c:616: in cdpl_wk_listen(): debug: received RELAY message
1582327493.010897: 5262-7fef0cb64700: cdpl_worker.c:585: in cdpl_wk_listen(): debug: received ASSIGN message
1582327493.016030: 5262-7fef1b417000: cdpl_worker.c:1092: in cdpl_wk_wait_timeout(): info: starting task T744
1582327493.244515: 5262-7fef1b417000: cdpl_compat_worker.c:597: in cdplWorkerLogInfo(): info: [modelOneCellAdaptive {LHQD2 }]
1582327504.492108: 5262-7fef1b417000: cdpl_worker.c:1208: in cdpl_wk_finalize(): info: finishing task T744
1582327504.521091: 5262-7fef0cb64700: cdpl_worker.c:585: in cdpl_wk_listen(): debug: received ASSIGN message
1582327504.529097: 5262-7fef1b417000: cdpl_worker.c:1092: in cdpl_wk_wait_timeout(): info: starting task T769
1582327504.529130: 5262-7fef1b417000: cdpl_compat_worker.c:597: in cdplWorkerLogInfo(): info: [modelOneCellAdaptive {NR2D0 }]
1582327515.933000: 5262-7fef1b417000: cdpl_worker.c:1208: in cdpl_wk_finalize(): info: finishing task T769
1582327515.972289: 5262-7fef0cb64700: cdpl_worker.c:585: in cdpl_wk_listen(): debug: received ASSIGN message
1582327515.972342: 5262-7fef1b417000: cdpl_worker.c:1092: in cdpl_wk_wait_timeout(): info: starting task T793
1582327515.972369: 5262-7fef1b417000: cdpl_compat_worker.c:597: in cdplWorkerLogInfo(): info: [modelOneCellAdaptive {BUFFD4 }]
1582327523.310642: 5262-7fef1b417000: cdpl_worker.c:1208: in cdpl_wk_finalize(): info: finishing task T793
1582327528.780221: 5262-7fef0cb64700: cdpl_worker.c:616: in cdpl_wk_listen(): debug: received RELAY message
1582327528.802554: 5262-7fef0d365700: cdpl_ipc.c:606: in _readv(): warning: read(): EOF
1582327528.802582: 5262-7fef0d365700: cdpl_ipc.c:1462: in _epoll_recv(): debug: _readv(): Broken pipe
1582327528.802588: 5262-7fef0d365700: cdpl_ipc.c:1683: in _epoll_main(): debug: _epoll_recv(): Broken pipe
1582327528.802598: 5262-7fef0d365700: cdpl_ipc.c:1061: in _host_drop__UNSAFE(): debug: dropping host `128.54.70.249:35766'
1582327528.803337: 5262-7fef0cb64700: cdpl_worker.c:561: in cdpl_wk_listen(): debug: received DROP notification
1582327528.803346: 5262-7fef0cb64700: cdpl_worker.c:565: in cdpl_wk_listen(): debug: we were dropped by the server
1582327528.803351: 5262-7fef0cb64700: cdpl_worker.c:492: in _wk_kill(): debug: killing worker
1582327528.803355: 5262-7fef0cb64700: cdpl_ipc.c:2481: in cdpl_ipc_kill(): debug: stopping event server
1582327528.803378: 5262-7fef0cb64700: cdpl_worker.c:542: in cdpl_wk_listen(): debug: leaving now
1582327528.803470: 5262-7fef1b417000: cdpl_compat_worker.c:597: in cdplWorkerLogInfo(): info: [Worker shutdown. Code: 3]
1582327528.803870: 5262-7fef0d365700: cdpl_ipc.c:1720: in _epoll_main(): debug: server going down...
1582327528.836504: 5262-7fef1b417000: cdpl_worker.c:856: in _wk_shutdown(): debug: waiting for heartbeat thread
1582327528.836529: 5262-7fef0c363700: cdpl_worker.c:709: in cdpl_wk_heartbeat(): info: stopping heartbeat
1582327528.836591: 5262-7fef1b417000: cdpl_ipc.c:1781: in cdpl_ipc_host_release(): debug: releasing host `128.54.70.249:35766'
1582327528.836620: 5262-7fef1b417000: cdpl_ipc.c:2532: in cdpl_ipc_free(): debug: releasing IPC handle
1582327528.836625: 5262-7fef1b417000: cdpl_ipc.c:986: in _host_free__UNSAFE(): debug: freeing host `128.54.70.249:35766'
1582327528.836629: 5262-7fef1b417000: cdpl_ipc.c:1028: in _host_free__UNSAFE(): debug: [0 outq, 0 spR, 0 spW]
1582327528.836652: 5262-7fef1b417000: cdpl_ipc.c:2571: in cdpl_ipc_free(): debug: done
1582327528.836658: 5262-7fef1b417000: cdpl_worker.c:912: in cdpl_wk_free(): info: freed
1582327528.836662: 5262-7fef1b417000: cdpl_log.c:359: in cdpl_log_close(): debug: @@end_of_log@@
