1582326827.184268: 5387-7f980e418000: cdpl_log.c:221: in cdpl_log_open(): debug: @@start_of_log@@
1582326827.184398: 5387-7f980e418000: cdpl_log.c:729: in cdpl_log_dump_sysinfo(): info: time: 2020/02/21 15:13:47 PST -0800
1582326827.184412: 5387-7f980e418000: cdpl_log.c:731: in cdpl_log_dump_sysinfo(): info: version: L_2016.03_SP2_PROD_CDPL 
1582326827.184420: 5387-7f980e418000: cdpl_log.c:736: in cdpl_log_dump_sysinfo(): info: system: Linux 3.10.0-1062.9.1.el7.x86_64 #1 SMP Fri Dec 6 15:49:49 UTC 2019
1582326827.184427: 5387-7f980e418000: cdpl_log.c:740: in cdpl_log_dump_sysinfo(): info: processor: x86_64 64-bits
1582326827.184435: 5387-7f980e418000: cdpl_log.c:742: in cdpl_log_dump_sysinfo(): info: hostname: ieng6-249.ucsd.edu
1582326827.184442: 5387-7f980e418000: cdpl_log.c:223: in cdpl_log_open(): debug: path: /home/linux/ieng6/ee260bwi20/haz023/lab5/run_siliconsmart/LIB_FF_1.1_-40_ALL/runtime/cdpl/worker.W16.ieng6-249.ucsd.edu.5387.log
1582326827.184449: 5387-7f980e418000: cdpl_log.c:224: in cdpl_log_open(): debug: dir: /home/linux/ieng6/ee260bwi20/haz023/lab5/run_siliconsmart/LIB_FF_1.1_-40_ALL/runtime/cdpl
1582326827.184469: 5387-7f980e418000: cdpl_worker.c:728: in cdpl_wk_new(): info: creating worker instance
1582326827.197266: 5387-7f980e418000: cdpl_worker.c:925: in cdpl_wk_start(): debug: starting worker
1582326827.197292: 5387-7f980e418000: cdpl_worker.c:276: in cdpl_wk_setup(): info: CDPL_SERVER is "128.54.70.249:35766"
1582326827.197304: 5387-7f980e418000: cdpl_worker.c:299: in cdpl_wk_setup(): info: server 128.54.70.249, port 35766
1582326827.197316: 5387-7f980e418000: cdpl_worker.c:319: in cdpl_wk_setup(): info: CDPL_ID is "16:1:1:1:1167169222"
1582326827.197346: 5387-7f980e418000: cdpl_worker.c:361: in cdpl_wk_setup(): info: we are W16-B1-J1-M1-S1167169222
1582326827.197356: 5387-7f980e418000: cdpl_worker.c:363: in cdpl_wk_setup(): info: we are on host ieng6-249.ucsd.edu
1582326827.197363: 5387-7f980e418000: cdpl_worker.c:372: in cdpl_wk_daemonize(): debug: will *not* daemonize
1582326827.197373: 5387-7f980e418000: cdpl_ipc.c:2593: in cdpl_ipc_connect(): info: connecting to 128.54.70.249:35766
1582326827.197701: 5387-7f980e418000: cdpl_ipc.c:2659: in cdpl_ipc_connect(): info: connected as `128.54.70.249:55186'
1582326827.197742: 5387-7f980e418000: cdpl_ipc.c:1763: in cdpl_ipc_host_accept(): debug: accepted host `128.54.70.249:35766'
1582326827.197764: 5387-7f980e418000: cdpl_ipc.c:2436: in cdpl_ipc_start(): debug: starting IPC server 128.54.70.249:39118
1582326827.198213: 5387-7f980e418000: cdpl_compat_worker.c:148: in cdplStartWorker(): info: SNPSLMD_LICENSE_FILE is 1705@acms-flexlm-lnx4.ucsd.edu,1705@acms-flexlm-lnx5.ucsd.edu,1705@acms-flexlm-lnx6.ucsd.edu
1582326827.198450: 5387-7f980e418000: cdpl_compat_worker.c:597: in cdplWorkerLogInfo(): info: [Maximum lifespan of worker is set to 1200m]
1582326827.198655: 5387-7f980e418000: cdpl_compat_worker.c:597: in cdplWorkerLogInfo(): info: [Peak virtual memory is set to 128GB]
1582326827.263008: 5387-7f97ffb65700: cdpl_worker.c:528: in cdpl_wk_listen(): debug: ready
1582326827.293266: 5387-7f97ff364700: cdpl_worker.c:656: in cdpl_wk_heartbeat(): debug: starting heartbeat
1582326827.293301: 5387-7f97ff364700: cdpl_worker.c:665: in cdpl_wk_heartbeat(): info: setting heartbeat period to 60 sec
1582326827.293364: 5387-7f97ff364700: cdpl_worker.c:673: in cdpl_wk_heartbeat(): info: first heartbeat in 1 sec
1582326827.305226: 5387-7f97ffb65700: cdpl_worker.c:585: in cdpl_wk_listen(): debug: received ASSIGN message
1582326827.309117: 5387-7f980e418000: cdpl_worker.c:1092: in cdpl_wk_wait_timeout(): info: starting task T27
1582326827.309169: 5387-7f980e418000: cdpl_compat_worker.c:597: in cdplWorkerLogInfo(): info: [configOneCellAdaptive { INVD20 }]
1582326828.334017: 5387-7f980e418000: cdpl_worker.c:1208: in cdpl_wk_finalize(): info: finishing task T27
1582326828.334407: 5387-7f97ffb65700: cdpl_worker.c:585: in cdpl_wk_listen(): debug: received ASSIGN message
1582326828.334426: 5387-7f980e418000: cdpl_worker.c:1092: in cdpl_wk_wait_timeout(): info: starting task T36
1582326828.334446: 5387-7f980e418000: cdpl_compat_worker.c:597: in cdplWorkerLogInfo(): info: [configOneCellAdaptive { MUX2D2 }]
1582326833.371280: 5387-7f980e418000: cdpl_worker.c:1208: in cdpl_wk_finalize(): info: finishing task T36
1582326858.786957: 5387-7f97ffb65700: cdpl_worker.c:616: in cdpl_wk_listen(): debug: received RELAY message
1582326859.036184: 5387-7f97ffb65700: cdpl_worker.c:616: in cdpl_wk_listen(): debug: received RELAY message
1582326859.453099: 5387-7f97ffb65700: cdpl_worker.c:585: in cdpl_wk_listen(): debug: received ASSIGN message
1582326859.453144: 5387-7f980e418000: cdpl_worker.c:1092: in cdpl_wk_wait_timeout(): info: starting task T70
1582326859.875359: 5387-7f980e418000: cdpl_compat_worker.c:597: in cdplWorkerLogInfo(): info: [runOneAcquisitionAdaptive DFCSNQD1 Cin__CP__hl__ACQ_1 job_71 ]
1582326875.349337: 5387-7f980e418000: cdpl_worker.c:1208: in cdpl_wk_finalize(): info: finishing task T70
1582326875.355712: 5387-7f97ffb65700: cdpl_worker.c:585: in cdpl_wk_listen(): debug: received ASSIGN message
1582326875.355751: 5387-7f980e418000: cdpl_worker.c:1092: in cdpl_wk_wait_timeout(): info: starting task T102
1582326875.355777: 5387-7f980e418000: cdpl_compat_worker.c:597: in cdplWorkerLogInfo(): info: [runOneAcquisitionAdaptive DFCSNQD2 delay__SDN__hl__Q__lh__ACQ_1 job_103 ]
1582326931.195849: 5387-7f980e418000: cdpl_worker.c:1208: in cdpl_wk_finalize(): info: finishing task T102
1582326931.205679: 5387-7f97ffb65700: cdpl_worker.c:585: in cdpl_wk_listen(): debug: received ASSIGN message
1582326931.205728: 5387-7f980e418000: cdpl_worker.c:1092: in cdpl_wk_wait_timeout(): info: starting task T132
1582326931.205753: 5387-7f980e418000: cdpl_compat_worker.c:597: in cdplWorkerLogInfo(): info: [runOneAcquisitionAdaptive DFCSNQD2 delay__CP__lh__Q__lh__ACQ_1 job_133 ]
1582326992.209845: 5387-7f980e418000: cdpl_worker.c:1208: in cdpl_wk_finalize(): info: finishing task T132
1582326992.218686: 5387-7f97ffb65700: cdpl_worker.c:585: in cdpl_wk_listen(): debug: received ASSIGN message
1582326992.227171: 5387-7f980e418000: cdpl_worker.c:1092: in cdpl_wk_wait_timeout(): info: starting task T171
1582326992.227209: 5387-7f980e418000: cdpl_compat_worker.c:597: in cdplWorkerLogInfo(): info: [runOneAcquisitionAdaptive LHQD2 combined_setup_hold__D__hl__E__hl__ACQ_1 job_172 ]
1582327156.346154: 5387-7f980e418000: cdpl_worker.c:1208: in cdpl_wk_finalize(): info: finishing task T171
1582327156.355754: 5387-7f97ffb65700: cdpl_worker.c:585: in cdpl_wk_listen(): debug: received ASSIGN message
1582327156.355837: 5387-7f980e418000: cdpl_worker.c:1092: in cdpl_wk_wait_timeout(): info: starting task T383
1582327156.355858: 5387-7f980e418000: cdpl_compat_worker.c:597: in cdplWorkerLogInfo(): info: [runOneAcquisitionAdaptive AN2D2 delay__A1__lh__Z__lh__ACQ_1 job_384 ]
1582327171.761009: 5387-7f980e418000: cdpl_worker.c:1208: in cdpl_wk_finalize(): info: finishing task T383
1582327171.761752: 5387-7f97ffb65700: cdpl_worker.c:585: in cdpl_wk_listen(): debug: received ASSIGN message
1582327171.761787: 5387-7f980e418000: cdpl_worker.c:1092: in cdpl_wk_wait_timeout(): info: starting task T419
1582327171.761812: 5387-7f980e418000: cdpl_compat_worker.c:597: in cdplWorkerLogInfo(): info: [runOneAcquisitionAdaptive AN2XD1 Cin__A2__lh__ACQ_1 job_420 ]
1582327176.822393: 5387-7f980e418000: cdpl_worker.c:1208: in cdpl_wk_finalize(): info: finishing task T419
1582327176.830578: 5387-7f97ffb65700: cdpl_worker.c:585: in cdpl_wk_listen(): debug: received ASSIGN message
1582327176.842113: 5387-7f980e418000: cdpl_worker.c:1092: in cdpl_wk_wait_timeout(): info: starting task T431
1582327176.842155: 5387-7f980e418000: cdpl_compat_worker.c:597: in cdplWorkerLogInfo(): info: [runOneAcquisitionAdaptive ND2D1 Cin__A2__hl__ACQ_1 job_432 ]
1582327182.236473: 5387-7f980e418000: cdpl_worker.c:1208: in cdpl_wk_finalize(): info: finishing task T431
1582327182.238362: 5387-7f97ffb65700: cdpl_worker.c:585: in cdpl_wk_listen(): debug: received ASSIGN message
1582327182.238384: 5387-7f980e418000: cdpl_worker.c:1092: in cdpl_wk_wait_timeout(): info: starting task T440
1582327182.238405: 5387-7f980e418000: cdpl_compat_worker.c:597: in cdplWorkerLogInfo(): info: [runOneAcquisitionAdaptive ND2D1 delay__A2__hl__ZN__lh__ACQ_1 job_441 ]
1582327195.508930: 5387-7f980e418000: cdpl_worker.c:1208: in cdpl_wk_finalize(): info: finishing task T440
1582327195.524141: 5387-7f97ffb65700: cdpl_worker.c:585: in cdpl_wk_listen(): debug: received ASSIGN message
1582327195.524200: 5387-7f980e418000: cdpl_worker.c:1092: in cdpl_wk_wait_timeout(): info: starting task T472
1582327195.524243: 5387-7f980e418000: cdpl_compat_worker.c:597: in cdplWorkerLogInfo(): info: [runOneAcquisitionAdaptive ND2D8 Cin__A1__lh__ACQ_1 job_473 ]
1582327354.619293: 5387-7f980e418000: cdpl_worker.c:1208: in cdpl_wk_finalize(): info: finishing task T472
1582327354.622776: 5387-7f97ffb65700: cdpl_worker.c:585: in cdpl_wk_listen(): debug: received ASSIGN message
1582327354.622815: 5387-7f980e418000: cdpl_worker.c:1092: in cdpl_wk_wait_timeout(): info: starting task T485
1582327354.622838: 5387-7f980e418000: cdpl_compat_worker.c:597: in cdplWorkerLogInfo(): info: [runOneAcquisitionAdaptive NR2D0 delay__A1__lh__ZN__hl__ACQ_1 job_486 ]
1582327366.314681: 5387-7f980e418000: cdpl_worker.c:1208: in cdpl_wk_finalize(): info: finishing task T485
1582327366.329141: 5387-7f97ffb65700: cdpl_worker.c:585: in cdpl_wk_listen(): debug: received ASSIGN message
1582327366.329163: 5387-7f980e418000: cdpl_worker.c:1092: in cdpl_wk_wait_timeout(): info: starting task T522
1582327366.329179: 5387-7f980e418000: cdpl_compat_worker.c:597: in cdplWorkerLogInfo(): info: [runOneAcquisitionAdaptive NR2D4 Cin__A1__lh__ACQ_1 job_523 ]
1582327371.331694: 5387-7f980e418000: cdpl_worker.c:1208: in cdpl_wk_finalize(): info: finishing task T522
1582327371.332867: 5387-7f97ffb65700: cdpl_worker.c:585: in cdpl_wk_listen(): debug: received ASSIGN message
1582327371.332884: 5387-7f980e418000: cdpl_worker.c:1092: in cdpl_wk_wait_timeout(): info: starting task T537
1582327371.332897: 5387-7f980e418000: cdpl_compat_worker.c:597: in cdplWorkerLogInfo(): info: [runOneAcquisitionAdaptive NR2D8 Cin__A2__lh__ACQ_1 job_538 ]
1582327377.066133: 5387-7f980e418000: cdpl_worker.c:1208: in cdpl_wk_finalize(): info: finishing task T537
1582327377.067415: 5387-7f97ffb65700: cdpl_worker.c:585: in cdpl_wk_listen(): debug: received ASSIGN message
1582327377.067519: 5387-7f980e418000: cdpl_worker.c:1092: in cdpl_wk_wait_timeout(): info: starting task T550
1582327377.067538: 5387-7f980e418000: cdpl_compat_worker.c:597: in cdplWorkerLogInfo(): info: [runOneAcquisitionAdaptive OR2D0 Cin__A1__hl__ACQ_1 job_551 ]
1582327380.681777: 5387-7f980e418000: cdpl_worker.c:1208: in cdpl_wk_finalize(): info: finishing task T550
1582327380.682387: 5387-7f97ffb65700: cdpl_worker.c:585: in cdpl_wk_listen(): debug: received ASSIGN message
1582327380.682673: 5387-7f980e418000: cdpl_worker.c:1092: in cdpl_wk_wait_timeout(): info: starting task T559
1582327380.682693: 5387-7f980e418000: cdpl_compat_worker.c:597: in cdplWorkerLogInfo(): info: [runOneAcquisitionAdaptive OR2D1 Cin__A2__lh__ACQ_1 job_560 ]
1582327384.717571: 5387-7f980e418000: cdpl_worker.c:1208: in cdpl_wk_finalize(): info: finishing task T559
1582327384.720428: 5387-7f97ffb65700: cdpl_worker.c:585: in cdpl_wk_listen(): debug: received ASSIGN message
1582327384.720449: 5387-7f980e418000: cdpl_worker.c:1092: in cdpl_wk_wait_timeout(): info: starting task T568
1582327384.720463: 5387-7f980e418000: cdpl_compat_worker.c:597: in cdplWorkerLogInfo(): info: [runOneAcquisitionAdaptive OR2D2 delay__A2__hl__Z__hl__ACQ_1 job_569 ]
1582327399.625093: 5387-7f980e418000: cdpl_worker.c:1208: in cdpl_wk_finalize(): info: finishing task T568
1582327399.630005: 5387-7f97ffb65700: cdpl_worker.c:585: in cdpl_wk_listen(): debug: received ASSIGN message
1582327399.630035: 5387-7f980e418000: cdpl_worker.c:1092: in cdpl_wk_wait_timeout(): info: starting task T607
1582327399.630056: 5387-7f980e418000: cdpl_compat_worker.c:597: in cdplWorkerLogInfo(): info: [runOneAcquisitionAdaptive XNR2D1 delay__A2__lh__ZN__hl__ACQ_1 job_608 ]
1582327416.983886: 5387-7f980e418000: cdpl_worker.c:1208: in cdpl_wk_finalize(): info: finishing task T607
1582327416.984430: 5387-7f97ffb65700: cdpl_worker.c:585: in cdpl_wk_listen(): debug: received ASSIGN message
1582327416.984476: 5387-7f980e418000: cdpl_worker.c:1092: in cdpl_wk_wait_timeout(): info: starting task T637
1582327416.984491: 5387-7f980e418000: cdpl_compat_worker.c:597: in cdplWorkerLogInfo(): info: [runOneAcquisitionAdaptive XOR2D0 delay__A1__lh__Z__hl__ACQ_1 job_638 ]
1582327432.432102: 5387-7f980e418000: cdpl_worker.c:1208: in cdpl_wk_finalize(): info: finishing task T637
1582327432.432667: 5387-7f97ffb65700: cdpl_worker.c:585: in cdpl_wk_listen(): debug: received ASSIGN message
1582327432.432713: 5387-7f980e418000: cdpl_worker.c:1092: in cdpl_wk_wait_timeout(): info: starting task T656
1582327432.432727: 5387-7f980e418000: cdpl_compat_worker.c:597: in cdplWorkerLogInfo(): info: [runOneAcquisitionAdaptive XOR2D2 delay__A2__hl__Z__hl__ACQ_1 job_657 ]
1582327449.979956: 5387-7f980e418000: cdpl_worker.c:1208: in cdpl_wk_finalize(): info: finishing task T656
1582327449.980575: 5387-7f97ffb65700: cdpl_worker.c:585: in cdpl_wk_listen(): debug: received ASSIGN message
1582327449.980593: 5387-7f980e418000: cdpl_worker.c:1092: in cdpl_wk_wait_timeout(): info: starting task T704
1582327449.980606: 5387-7f980e418000: cdpl_compat_worker.c:597: in cdplWorkerLogInfo(): info: [runOneAcquisitionAdaptive INVD1 delay__I__hl__ZN__lh__ACQ_1 job_705 ]
1582327457.903815: 5387-7f980e418000: cdpl_worker.c:1208: in cdpl_wk_finalize(): info: finishing task T704
1582327457.916300: 5387-7f97ffb65700: cdpl_worker.c:585: in cdpl_wk_listen(): debug: received ASSIGN message
1582327457.916321: 5387-7f980e418000: cdpl_worker.c:1092: in cdpl_wk_wait_timeout(): info: starting task T727
1582327457.916335: 5387-7f980e418000: cdpl_compat_worker.c:597: in cdplWorkerLogInfo(): info: [runOneAcquisitionAdaptive INVD3 delay__I__lh__ZN__hl__ACQ_1 job_728 ]
1582327467.844711: 5387-7f980e418000: cdpl_worker.c:1208: in cdpl_wk_finalize(): info: finishing task T727
1582327492.666368: 5387-7f97ffb65700: cdpl_worker.c:616: in cdpl_wk_listen(): debug: received RELAY message
1582327493.550818: 5387-7f97ffb65700: cdpl_worker.c:585: in cdpl_wk_listen(): debug: received ASSIGN message
1582327493.550976: 5387-7f980e418000: cdpl_worker.c:1092: in cdpl_wk_wait_timeout(): info: starting task T748
1582327493.908684: 5387-7f980e418000: cdpl_compat_worker.c:597: in cdplWorkerLogInfo(): info: [modelOneCellAdaptive {AOI21D4 }]
1582327504.739170: 5387-7f980e418000: cdpl_worker.c:1208: in cdpl_wk_finalize(): info: finishing task T748
1582327504.739882: 5387-7f97ffb65700: cdpl_worker.c:585: in cdpl_wk_listen(): debug: received ASSIGN message
1582327504.739900: 5387-7f980e418000: cdpl_worker.c:1092: in cdpl_wk_wait_timeout(): info: starting task T771
1582327504.739914: 5387-7f980e418000: cdpl_compat_worker.c:597: in cdplWorkerLogInfo(): info: [modelOneCellAdaptive {NR2D2 }]
1582327516.257428: 5387-7f980e418000: cdpl_worker.c:1208: in cdpl_wk_finalize(): info: finishing task T771
1582327516.260268: 5387-7f97ffb65700: cdpl_worker.c:585: in cdpl_wk_listen(): debug: received ASSIGN message
1582327516.260286: 5387-7f980e418000: cdpl_worker.c:1092: in cdpl_wk_wait_timeout(): info: starting task T795
1582327516.260300: 5387-7f980e418000: cdpl_compat_worker.c:597: in cdplWorkerLogInfo(): info: [modelOneCellAdaptive {BUFFD8 }]
1582327523.000375: 5387-7f980e418000: cdpl_worker.c:1208: in cdpl_wk_finalize(): info: finishing task T795
1582327528.779979: 5387-7f97ffb65700: cdpl_worker.c:616: in cdpl_wk_listen(): debug: received RELAY message
1582327528.803070: 5387-7f9800366700: cdpl_ipc.c:606: in _readv(): warning: read(): EOF
1582327528.803097: 5387-7f9800366700: cdpl_ipc.c:1462: in _epoll_recv(): debug: _readv(): Broken pipe
1582327528.803102: 5387-7f9800366700: cdpl_ipc.c:1683: in _epoll_main(): debug: _epoll_recv(): Broken pipe
1582327528.803111: 5387-7f9800366700: cdpl_ipc.c:1061: in _host_drop__UNSAFE(): debug: dropping host `128.54.70.249:35766'
1582327528.804219: 5387-7f97ffb65700: cdpl_worker.c:561: in cdpl_wk_listen(): debug: received DROP notification
1582327528.804232: 5387-7f97ffb65700: cdpl_worker.c:565: in cdpl_wk_listen(): debug: we were dropped by the server
1582327528.804236: 5387-7f97ffb65700: cdpl_worker.c:492: in _wk_kill(): debug: killing worker
1582327528.804240: 5387-7f97ffb65700: cdpl_ipc.c:2481: in cdpl_ipc_kill(): debug: stopping event server
1582327528.804260: 5387-7f97ffb65700: cdpl_worker.c:542: in cdpl_wk_listen(): debug: leaving now
1582327528.804302: 5387-7f980e418000: cdpl_compat_worker.c:597: in cdplWorkerLogInfo(): info: [Worker shutdown. Code: 3]
1582327528.805018: 5387-7f9800366700: cdpl_ipc.c:1720: in _epoll_main(): debug: server going down...
1582327528.878472: 5387-7f980e418000: cdpl_worker.c:856: in _wk_shutdown(): debug: waiting for heartbeat thread
1582327528.878520: 5387-7f97ff364700: cdpl_worker.c:709: in cdpl_wk_heartbeat(): info: stopping heartbeat
1582327528.878835: 5387-7f980e418000: cdpl_ipc.c:1781: in cdpl_ipc_host_release(): debug: releasing host `128.54.70.249:35766'
1582327528.878863: 5387-7f980e418000: cdpl_ipc.c:2532: in cdpl_ipc_free(): debug: releasing IPC handle
1582327528.878867: 5387-7f980e418000: cdpl_ipc.c:986: in _host_free__UNSAFE(): debug: freeing host `128.54.70.249:35766'
1582327528.878872: 5387-7f980e418000: cdpl_ipc.c:1028: in _host_free__UNSAFE(): debug: [0 outq, 0 spR, 0 spW]
1582327528.878889: 5387-7f980e418000: cdpl_ipc.c:2571: in cdpl_ipc_free(): debug: done
1582327528.878894: 5387-7f980e418000: cdpl_worker.c:912: in cdpl_wk_free(): info: freed
1582327528.878898: 5387-7f980e418000: cdpl_log.c:359: in cdpl_log_close(): debug: @@end_of_log@@
