1582326828.507200: 5536-7f71cb81e000: cdpl_log.c:221: in cdpl_log_open(): debug: @@start_of_log@@
1582326828.507292: 5536-7f71cb81e000: cdpl_log.c:729: in cdpl_log_dump_sysinfo(): info: time: 2020/02/21 15:13:48 PST -0800
1582326828.507300: 5536-7f71cb81e000: cdpl_log.c:731: in cdpl_log_dump_sysinfo(): info: version: L_2016.03_SP2_PROD_CDPL 
1582326828.507305: 5536-7f71cb81e000: cdpl_log.c:736: in cdpl_log_dump_sysinfo(): info: system: Linux 3.10.0-1062.9.1.el7.x86_64 #1 SMP Fri Dec 6 15:49:49 UTC 2019
1582326828.507309: 5536-7f71cb81e000: cdpl_log.c:740: in cdpl_log_dump_sysinfo(): info: processor: x86_64 64-bits
1582326828.507314: 5536-7f71cb81e000: cdpl_log.c:742: in cdpl_log_dump_sysinfo(): info: hostname: ieng6-249.ucsd.edu
1582326828.507322: 5536-7f71cb81e000: cdpl_log.c:223: in cdpl_log_open(): debug: path: /home/linux/ieng6/ee260bwi20/haz023/lab5/run_siliconsmart/LIB_FF_1.1_-40_ALL/runtime/cdpl/worker.W20.ieng6-249.ucsd.edu.5536.log
1582326828.507330: 5536-7f71cb81e000: cdpl_log.c:224: in cdpl_log_open(): debug: dir: /home/linux/ieng6/ee260bwi20/haz023/lab5/run_siliconsmart/LIB_FF_1.1_-40_ALL/runtime/cdpl
1582326828.507350: 5536-7f71cb81e000: cdpl_worker.c:728: in cdpl_wk_new(): info: creating worker instance
1582326828.520460: 5536-7f71cb81e000: cdpl_worker.c:925: in cdpl_wk_start(): debug: starting worker
1582326828.520478: 5536-7f71cb81e000: cdpl_worker.c:276: in cdpl_wk_setup(): info: CDPL_SERVER is "128.54.70.249:35766"
1582326828.520485: 5536-7f71cb81e000: cdpl_worker.c:299: in cdpl_wk_setup(): info: server 128.54.70.249, port 35766
1582326828.520494: 5536-7f71cb81e000: cdpl_worker.c:319: in cdpl_wk_setup(): info: CDPL_ID is "20:1:1:1:1167169222"
1582326828.520526: 5536-7f71cb81e000: cdpl_worker.c:361: in cdpl_wk_setup(): info: we are W20-B1-J1-M1-S1167169222
1582326828.520536: 5536-7f71cb81e000: cdpl_worker.c:363: in cdpl_wk_setup(): info: we are on host ieng6-249.ucsd.edu
1582326828.520544: 5536-7f71cb81e000: cdpl_worker.c:372: in cdpl_wk_daemonize(): debug: will *not* daemonize
1582326828.520555: 5536-7f71cb81e000: cdpl_ipc.c:2593: in cdpl_ipc_connect(): info: connecting to 128.54.70.249:35766
1582326828.531651: 5536-7f71cb81e000: cdpl_ipc.c:2659: in cdpl_ipc_connect(): info: connected as `128.54.70.249:55192'
1582326828.531702: 5536-7f71cb81e000: cdpl_ipc.c:1763: in cdpl_ipc_host_accept(): debug: accepted host `128.54.70.249:35766'
1582326828.531718: 5536-7f71cb81e000: cdpl_ipc.c:2436: in cdpl_ipc_start(): debug: starting IPC server 128.54.70.249:37199
1582326828.532067: 5536-7f71cb81e000: cdpl_compat_worker.c:148: in cdplStartWorker(): info: SNPSLMD_LICENSE_FILE is 1705@acms-flexlm-lnx4.ucsd.edu,1705@acms-flexlm-lnx5.ucsd.edu,1705@acms-flexlm-lnx6.ucsd.edu
1582326828.532295: 5536-7f71cb81e000: cdpl_compat_worker.c:597: in cdplWorkerLogInfo(): info: [Maximum lifespan of worker is set to 1200m]
1582326828.555232: 5536-7f71cb81e000: cdpl_compat_worker.c:597: in cdplWorkerLogInfo(): info: [Peak virtual memory is set to 128GB]
1582326828.555782: 5536-7f71bcf6b700: cdpl_worker.c:528: in cdpl_wk_listen(): debug: ready
1582326828.555848: 5536-7f71bcf6b700: cdpl_worker.c:585: in cdpl_wk_listen(): debug: received ASSIGN message
1582326828.555868: 5536-7f71cb81e000: cdpl_worker.c:1092: in cdpl_wk_wait_timeout(): info: starting task T39
1582326828.555897: 5536-7f71cb81e000: cdpl_compat_worker.c:597: in cdplWorkerLogInfo(): info: [configOneCellAdaptive { ND2D1 }]
1582326828.579997: 5536-7f71bc76a700: cdpl_worker.c:656: in cdpl_wk_heartbeat(): debug: starting heartbeat
1582326828.580021: 5536-7f71bc76a700: cdpl_worker.c:665: in cdpl_wk_heartbeat(): info: setting heartbeat period to 60 sec
1582326828.580050: 5536-7f71bc76a700: cdpl_worker.c:673: in cdpl_wk_heartbeat(): info: first heartbeat in 1 sec
1582326831.556412: 5536-7f71cb81e000: cdpl_worker.c:1208: in cdpl_wk_finalize(): info: finishing task T39
1582326831.559361: 5536-7f71bcf6b700: cdpl_worker.c:585: in cdpl_wk_listen(): debug: received ASSIGN message
1582326831.559391: 5536-7f71cb81e000: cdpl_worker.c:1092: in cdpl_wk_wait_timeout(): info: starting task T60
1582326831.559420: 5536-7f71cb81e000: cdpl_compat_worker.c:597: in cdplWorkerLogInfo(): info: [configOneCellAdaptive { XNR2D1 }]
1582326834.394379: 5536-7f71cb81e000: cdpl_worker.c:1208: in cdpl_wk_finalize(): info: finishing task T60
1582326858.786142: 5536-7f71bcf6b700: cdpl_worker.c:616: in cdpl_wk_listen(): debug: received RELAY message
1582326859.036664: 5536-7f71bcf6b700: cdpl_worker.c:616: in cdpl_wk_listen(): debug: received RELAY message
1582326860.634392: 5536-7f71bcf6b700: cdpl_worker.c:585: in cdpl_wk_listen(): debug: received ASSIGN message
1582326860.638113: 5536-7f71cb81e000: cdpl_worker.c:1092: in cdpl_wk_wait_timeout(): info: starting task T81
1582326862.539415: 5536-7f71cb81e000: cdpl_compat_worker.c:597: in cdplWorkerLogInfo(): info: [runOneAcquisitionAdaptive DFCSNQD1 asynch_removal__SDN__lh__CDN__lh__ACQ_1 job_82 ]
1582326937.336407: 5536-7f71cb81e000: cdpl_worker.c:1208: in cdpl_wk_finalize(): info: finishing task T81
1582326937.337059: 5536-7f71bcf6b700: cdpl_worker.c:585: in cdpl_wk_listen(): debug: received ASSIGN message
1582326937.337092: 5536-7f71cb81e000: cdpl_worker.c:1092: in cdpl_wk_wait_timeout(): info: starting task T137
1582326937.337105: 5536-7f71cb81e000: cdpl_compat_worker.c:597: in cdplWorkerLogInfo(): info: [runOneAcquisitionAdaptive DFCSNQD4 delay__CDN__hl__Q__hl__ACQ_1 job_138 ]
1582326979.172756: 5536-7f71cb81e000: cdpl_worker.c:1208: in cdpl_wk_finalize(): info: finishing task T137
1582326979.179189: 5536-7f71bcf6b700: cdpl_worker.c:585: in cdpl_wk_listen(): debug: received ASSIGN message
1582326979.179248: 5536-7f71cb81e000: cdpl_worker.c:1092: in cdpl_wk_wait_timeout(): info: starting task T162
1582326979.179265: 5536-7f71cb81e000: cdpl_compat_worker.c:597: in cdplWorkerLogInfo(): info: [runOneAcquisitionAdaptive DFCSNQD4 Cin__CDN__lh__ACQ_1 job_163 ]
1582326986.460386: 5536-7f71cb81e000: cdpl_worker.c:1208: in cdpl_wk_finalize(): info: finishing task T162
1582326986.467831: 5536-7f71bcf6b700: cdpl_worker.c:585: in cdpl_wk_listen(): debug: received ASSIGN message
1582326986.467867: 5536-7f71cb81e000: cdpl_worker.c:1092: in cdpl_wk_wait_timeout(): info: starting task T167
1582326986.467889: 5536-7f71cb81e000: cdpl_compat_worker.c:597: in cdplWorkerLogInfo(): info: [runOneAcquisitionAdaptive DFCSNQD4 delay__CP__lh__Q__hl__ACQ_1 job_168 ]
1582327048.291934: 5536-7f71cb81e000: cdpl_worker.c:1208: in cdpl_wk_finalize(): info: finishing task T167
1582327048.292637: 5536-7f71bcf6b700: cdpl_worker.c:585: in cdpl_wk_listen(): debug: received ASSIGN message
1582327048.292656: 5536-7f71cb81e000: cdpl_worker.c:1092: in cdpl_wk_wait_timeout(): info: starting task T219
1582327048.292668: 5536-7f71cb81e000: cdpl_compat_worker.c:597: in cdplWorkerLogInfo(): info: [runOneAcquisitionAdaptive AOI21D2 delay__A1__hl__ZN__lh__ACQ_1 job_220 ]
1582327068.185522: 5536-7f71cb81e000: cdpl_worker.c:1208: in cdpl_wk_finalize(): info: finishing task T219
1582327068.188294: 5536-7f71bcf6b700: cdpl_worker.c:585: in cdpl_wk_listen(): debug: received ASSIGN message
1582327068.188753: 5536-7f71cb81e000: cdpl_worker.c:1092: in cdpl_wk_wait_timeout(): info: starting task T242
1582327068.188770: 5536-7f71cb81e000: cdpl_compat_worker.c:597: in cdplWorkerLogInfo(): info: [runOneAcquisitionAdaptive MUX2D0 delay__I0__hl__Z__hl__ACQ_1 job_243 ]
1582327091.636773: 5536-7f71cb81e000: cdpl_worker.c:1208: in cdpl_wk_finalize(): info: finishing task T242
1582327091.637731: 5536-7f71bcf6b700: cdpl_worker.c:585: in cdpl_wk_listen(): debug: received ASSIGN message
1582327091.637784: 5536-7f71cb81e000: cdpl_worker.c:1092: in cdpl_wk_wait_timeout(): info: starting task T266
1582327091.637802: 5536-7f71cb81e000: cdpl_compat_worker.c:597: in cdplWorkerLogInfo(): info: [runOneAcquisitionAdaptive MUX2D1 Cin__I0__hl__ACQ_1 job_267 ]
1582327097.009155: 5536-7f71cb81e000: cdpl_worker.c:1208: in cdpl_wk_finalize(): info: finishing task T266
1582327097.010761: 5536-7f71bcf6b700: cdpl_worker.c:585: in cdpl_wk_listen(): debug: received ASSIGN message
1582327097.010789: 5536-7f71cb81e000: cdpl_worker.c:1092: in cdpl_wk_wait_timeout(): info: starting task T277
1582327097.010813: 5536-7f71cb81e000: cdpl_compat_worker.c:597: in cdplWorkerLogInfo(): info: [runOneAcquisitionAdaptive MUX2D2 Cin__I1__lh__ACQ_1 job_278 ]
1582327102.973784: 5536-7f71cb81e000: cdpl_worker.c:1208: in cdpl_wk_finalize(): info: finishing task T277
1582327102.977144: 5536-7f71bcf6b700: cdpl_worker.c:585: in cdpl_wk_listen(): debug: received ASSIGN message
1582327102.977165: 5536-7f71cb81e000: cdpl_worker.c:1092: in cdpl_wk_wait_timeout(): info: starting task T288
1582327102.977178: 5536-7f71cb81e000: cdpl_compat_worker.c:597: in cdplWorkerLogInfo(): info: [runOneAcquisitionAdaptive MUX2D2 Cin__S__lh__ACQ_1 job_289 ]
1582327107.424748: 5536-7f71cb81e000: cdpl_worker.c:1208: in cdpl_wk_finalize(): info: finishing task T288
1582327107.438454: 5536-7f71bcf6b700: cdpl_worker.c:585: in cdpl_wk_listen(): debug: received ASSIGN message
1582327107.438479: 5536-7f71cb81e000: cdpl_worker.c:1092: in cdpl_wk_wait_timeout(): info: starting task T293
1582327107.438492: 5536-7f71cb81e000: cdpl_compat_worker.c:597: in cdplWorkerLogInfo(): info: [runOneAcquisitionAdaptive MUX2D4 Cin__I1__lh__ACQ_1 job_294 ]
1582327113.192593: 5536-7f71cb81e000: cdpl_worker.c:1208: in cdpl_wk_finalize(): info: finishing task T293
1582327113.194865: 5536-7f71bcf6b700: cdpl_worker.c:585: in cdpl_wk_listen(): debug: received ASSIGN message
1582327113.206415: 5536-7f71cb81e000: cdpl_worker.c:1092: in cdpl_wk_wait_timeout(): info: starting task T303
1582327113.206445: 5536-7f71cb81e000: cdpl_compat_worker.c:597: in cdplWorkerLogInfo(): info: [runOneAcquisitionAdaptive MUX2D4 Cin__I0__lh__ACQ_1 job_304 ]
1582327119.350676: 5536-7f71cb81e000: cdpl_worker.c:1208: in cdpl_wk_finalize(): info: finishing task T303
1582327119.366651: 5536-7f71bcf6b700: cdpl_worker.c:585: in cdpl_wk_listen(): debug: received ASSIGN message
1582327119.376950: 5536-7f71cb81e000: cdpl_worker.c:1092: in cdpl_wk_wait_timeout(): info: starting task T313
1582327119.376991: 5536-7f71cb81e000: cdpl_compat_worker.c:597: in cdplWorkerLogInfo(): info: [runOneAcquisitionAdaptive OAI21D0 Cin__A1__hl__ACQ_1 job_314 ]
1582327124.954111: 5536-7f71cb81e000: cdpl_worker.c:1208: in cdpl_wk_finalize(): info: finishing task T313
1582327124.962687: 5536-7f71bcf6b700: cdpl_worker.c:585: in cdpl_wk_listen(): debug: received ASSIGN message
1582327124.962728: 5536-7f71cb81e000: cdpl_worker.c:1092: in cdpl_wk_wait_timeout(): info: starting task T323
1582327124.962748: 5536-7f71cb81e000: cdpl_compat_worker.c:597: in cdplWorkerLogInfo(): info: [runOneAcquisitionAdaptive OAI21D1 delay__A1__lh__ZN__hl__ACQ_1 job_324 ]
1582327138.729192: 5536-7f71cb81e000: cdpl_worker.c:1208: in cdpl_wk_finalize(): info: finishing task T323
1582327138.731832: 5536-7f71bcf6b700: cdpl_worker.c:585: in cdpl_wk_listen(): debug: received ASSIGN message
1582327138.731852: 5536-7f71cb81e000: cdpl_worker.c:1092: in cdpl_wk_wait_timeout(): info: starting task T349
1582327138.731863: 5536-7f71cb81e000: cdpl_compat_worker.c:597: in cdplWorkerLogInfo(): info: [runOneAcquisitionAdaptive OAI21D4 Cin__B__lh__ACQ_1 job_350 ]
1582327144.686784: 5536-7f71cb81e000: cdpl_worker.c:1208: in cdpl_wk_finalize(): info: finishing task T349
1582327144.696209: 5536-7f71bcf6b700: cdpl_worker.c:585: in cdpl_wk_listen(): debug: received ASSIGN message
1582327144.697194: 5536-7f71cb81e000: cdpl_worker.c:1092: in cdpl_wk_wait_timeout(): info: starting task T360
1582327144.697215: 5536-7f71cb81e000: cdpl_compat_worker.c:597: in cdplWorkerLogInfo(): info: [runOneAcquisitionAdaptive OAI21D4 delay__B__hl__ZN__lh__ACQ_1 job_361 ]
1582327174.513803: 5536-7f71cb81e000: cdpl_worker.c:1208: in cdpl_wk_finalize(): info: finishing task T360
1582327174.514516: 5536-7f71bcf6b700: cdpl_worker.c:585: in cdpl_wk_listen(): debug: received ASSIGN message
1582327174.514582: 5536-7f71cb81e000: cdpl_worker.c:1092: in cdpl_wk_wait_timeout(): info: starting task T425
1582327174.514614: 5536-7f71cb81e000: cdpl_compat_worker.c:597: in cdplWorkerLogInfo(): info: [runOneAcquisitionAdaptive ND2D0 delay__A1__hl__ZN__lh__ACQ_1 job_426 ]
1582327186.707702: 5536-7f71cb81e000: cdpl_worker.c:1208: in cdpl_wk_finalize(): info: finishing task T425
1582327186.724850: 5536-7f71bcf6b700: cdpl_worker.c:585: in cdpl_wk_listen(): debug: received ASSIGN message
1582327186.724964: 5536-7f71cb81e000: cdpl_worker.c:1092: in cdpl_wk_wait_timeout(): info: starting task T451
1582327186.724985: 5536-7f71cb81e000: cdpl_compat_worker.c:597: in cdplWorkerLogInfo(): info: [runOneAcquisitionAdaptive ND2D3 Cin__A2__hl__ACQ_1 job_452 ]
1582327192.604819: 5536-7f71cb81e000: cdpl_worker.c:1208: in cdpl_wk_finalize(): info: finishing task T451
1582327192.613549: 5536-7f71bcf6b700: cdpl_worker.c:585: in cdpl_wk_listen(): debug: received ASSIGN message
1582327192.621971: 5536-7f71cb81e000: cdpl_worker.c:1092: in cdpl_wk_wait_timeout(): info: starting task T468
1582327192.622007: 5536-7f71cb81e000: cdpl_compat_worker.c:597: in cdplWorkerLogInfo(): info: [runOneAcquisitionAdaptive ND2D4 Cin__A1__hl__ACQ_1 job_469 ]
1582327198.991995: 5536-7f71cb81e000: cdpl_worker.c:1208: in cdpl_wk_finalize(): info: finishing task T468
1582327199.007801: 5536-7f71bcf6b700: cdpl_worker.c:585: in cdpl_wk_listen(): debug: received ASSIGN message
1582327199.009248: 5536-7f71cb81e000: cdpl_worker.c:1092: in cdpl_wk_wait_timeout(): info: starting task T481
1582327199.009282: 5536-7f71cb81e000: cdpl_compat_worker.c:597: in cdplWorkerLogInfo(): info: [runOneAcquisitionAdaptive NR2D0 Cin__A2__hl__ACQ_1 job_482 ]
1582327358.114809: 5536-7f71cb81e000: cdpl_worker.c:1208: in cdpl_wk_finalize(): info: finishing task T481
1582327358.115933: 5536-7f71bcf6b700: cdpl_worker.c:585: in cdpl_wk_listen(): debug: received ASSIGN message
1582327358.115970: 5536-7f71cb81e000: cdpl_worker.c:1092: in cdpl_wk_wait_timeout(): info: starting task T502
1582327358.115981: 5536-7f71cb81e000: cdpl_compat_worker.c:597: in cdplWorkerLogInfo(): info: [runOneAcquisitionAdaptive NR2D2 Cin__A1__lh__ACQ_1 job_503 ]
1582327362.972692: 5536-7f71cb81e000: cdpl_worker.c:1208: in cdpl_wk_finalize(): info: finishing task T502
1582327362.977653: 5536-7f71bcf6b700: cdpl_worker.c:585: in cdpl_wk_listen(): debug: received ASSIGN message
1582327362.977680: 5536-7f71cb81e000: cdpl_worker.c:1092: in cdpl_wk_wait_timeout(): info: starting task T517
1582327362.977700: 5536-7f71cb81e000: cdpl_compat_worker.c:597: in cdplWorkerLogInfo(): info: [runOneAcquisitionAdaptive NR2D3 Cin__A2__lh__ACQ_1 job_518 ]
1582327367.852357: 5536-7f71cb81e000: cdpl_worker.c:1208: in cdpl_wk_finalize(): info: finishing task T517
1582327367.853553: 5536-7f71bcf6b700: cdpl_worker.c:585: in cdpl_wk_listen(): debug: received ASSIGN message
1582327367.853576: 5536-7f71cb81e000: cdpl_worker.c:1092: in cdpl_wk_wait_timeout(): info: starting task T530
1582327367.853587: 5536-7f71cb81e000: cdpl_compat_worker.c:597: in cdplWorkerLogInfo(): info: [runOneAcquisitionAdaptive NR2D4 delay__A2__hl__ZN__lh__ACQ_1 job_531 ]
1582327386.146105: 5536-7f71cb81e000: cdpl_worker.c:1208: in cdpl_wk_finalize(): info: finishing task T530
1582327386.160388: 5536-7f71bcf6b700: cdpl_worker.c:585: in cdpl_wk_listen(): debug: received ASSIGN message
1582327386.160524: 5536-7f71cb81e000: cdpl_worker.c:1092: in cdpl_wk_wait_timeout(): info: starting task T576
1582327386.160549: 5536-7f71cb81e000: cdpl_compat_worker.c:597: in cdplWorkerLogInfo(): info: [runOneAcquisitionAdaptive OR2D4 leakage_power__ACQ_2 job_577 ]
1582327390.525771: 5536-7f71cb81e000: cdpl_worker.c:1208: in cdpl_wk_finalize(): info: finishing task T576
1582327390.527126: 5536-7f71bcf6b700: cdpl_worker.c:585: in cdpl_wk_listen(): debug: received ASSIGN message
1582327390.527153: 5536-7f71cb81e000: cdpl_worker.c:1092: in cdpl_wk_wait_timeout(): info: starting task T588
1582327390.527169: 5536-7f71cb81e000: cdpl_compat_worker.c:597: in cdplWorkerLogInfo(): info: [runOneAcquisitionAdaptive OR2XD1 delay__A2__hl__Z__hl__ACQ_1 job_589 ]
1582327404.448668: 5536-7f71cb81e000: cdpl_worker.c:1208: in cdpl_wk_finalize(): info: finishing task T588
1582327404.449317: 5536-7f71bcf6b700: cdpl_worker.c:585: in cdpl_wk_listen(): debug: received ASSIGN message
1582327404.449337: 5536-7f71cb81e000: cdpl_worker.c:1092: in cdpl_wk_wait_timeout(): info: starting task T614
1582327404.449362: 5536-7f71cb81e000: cdpl_compat_worker.c:597: in cdplWorkerLogInfo(): info: [runOneAcquisitionAdaptive XNR2D2 leakage_power__ACQ_2 job_615 ]
1582327407.534033: 5536-7f71cb81e000: cdpl_worker.c:1208: in cdpl_wk_finalize(): info: finishing task T614
1582327407.552066: 5536-7f71bcf6b700: cdpl_worker.c:585: in cdpl_wk_listen(): debug: received ASSIGN message
1582327407.563325: 5536-7f71cb81e000: cdpl_worker.c:1092: in cdpl_wk_wait_timeout(): info: starting task T619
1582327407.563359: 5536-7f71cb81e000: cdpl_compat_worker.c:597: in cdplWorkerLogInfo(): info: [runOneAcquisitionAdaptive XNR2D2 delay__A1__lh__ZN__lh__ACQ_1 job_620 ]
1582327424.655777: 5536-7f71cb81e000: cdpl_worker.c:1208: in cdpl_wk_finalize(): info: finishing task T619
1582327424.661248: 5536-7f71bcf6b700: cdpl_worker.c:585: in cdpl_wk_listen(): debug: received ASSIGN message
1582327424.661275: 5536-7f71cb81e000: cdpl_worker.c:1092: in cdpl_wk_wait_timeout(): info: starting task T646
1582327424.661291: 5536-7f71cb81e000: cdpl_compat_worker.c:597: in cdplWorkerLogInfo(): info: [runOneAcquisitionAdaptive XOR2D1 delay__A2__hl__Z__hl__ACQ_1 job_647 ]
1582327440.196134: 5536-7f71cb81e000: cdpl_worker.c:1208: in cdpl_wk_finalize(): info: finishing task T646
1582327440.197231: 5536-7f71bcf6b700: cdpl_worker.c:585: in cdpl_wk_listen(): debug: received ASSIGN message
1582327440.197303: 5536-7f71cb81e000: cdpl_worker.c:1092: in cdpl_wk_wait_timeout(): info: starting task T678
1582327440.197320: 5536-7f71cb81e000: cdpl_compat_worker.c:597: in cdplWorkerLogInfo(): info: [runOneAcquisitionAdaptive BUFFD2 leakage_power__ACQ_2 job_679 ]
1582327443.178607: 5536-7f71cb81e000: cdpl_worker.c:1208: in cdpl_wk_finalize(): info: finishing task T678
1582327443.180660: 5536-7f71bcf6b700: cdpl_worker.c:585: in cdpl_wk_listen(): debug: received ASSIGN message
1582327443.180687: 5536-7f71cb81e000: cdpl_worker.c:1092: in cdpl_wk_wait_timeout(): info: starting task T687
1582327443.180700: 5536-7f71cb81e000: cdpl_compat_worker.c:597: in cdplWorkerLogInfo(): info: [runOneAcquisitionAdaptive BUFFD4 delay__I__lh__Z__lh__ACQ_1 job_688 ]
1582327457.688847: 5536-7f71cb81e000: cdpl_worker.c:1208: in cdpl_wk_finalize(): info: finishing task T687
1582327457.697814: 5536-7f71bcf6b700: cdpl_worker.c:585: in cdpl_wk_listen(): debug: received ASSIGN message
1582327457.697965: 5536-7f71cb81e000: cdpl_worker.c:1092: in cdpl_wk_wait_timeout(): info: starting task T725
1582327457.697983: 5536-7f71cb81e000: cdpl_compat_worker.c:597: in cdplWorkerLogInfo(): info: [runOneAcquisitionAdaptive INVD3 leakage_power__ACQ_1 job_726 ]
1582327460.901028: 5536-7f71cb81e000: cdpl_worker.c:1208: in cdpl_wk_finalize(): info: finishing task T725
1582327460.901530: 5536-7f71bcf6b700: cdpl_worker.c:585: in cdpl_wk_listen(): debug: received ASSIGN message
1582327460.901560: 5536-7f71cb81e000: cdpl_worker.c:1092: in cdpl_wk_wait_timeout(): info: starting task T732
1582327460.901579: 5536-7f71cb81e000: cdpl_compat_worker.c:597: in cdplWorkerLogInfo(): info: [runOneAcquisitionAdaptive INVD4 delay__I__hl__ZN__lh__ACQ_1 job_733 ]
1582327470.435002: 5536-7f71cb81e000: cdpl_worker.c:1208: in cdpl_wk_finalize(): info: finishing task T732
1582327492.667259: 5536-7f71bcf6b700: cdpl_worker.c:616: in cdpl_wk_listen(): debug: received RELAY message
1582327494.249636: 5536-7f71bcf6b700: cdpl_worker.c:585: in cdpl_wk_listen(): debug: received ASSIGN message
1582327494.249756: 5536-7f71cb81e000: cdpl_worker.c:1092: in cdpl_wk_wait_timeout(): info: starting task T753
1582327494.614452: 5536-7f71cb81e000: cdpl_compat_worker.c:597: in cdplWorkerLogInfo(): info: [modelOneCellAdaptive {OAI21D0 }]
1582327506.450847: 5536-7f71cb81e000: cdpl_worker.c:1208: in cdpl_wk_finalize(): info: finishing task T753
1582327506.451582: 5536-7f71bcf6b700: cdpl_worker.c:585: in cdpl_wk_listen(): debug: received ASSIGN message
1582327506.451642: 5536-7f71cb81e000: cdpl_worker.c:1092: in cdpl_wk_wait_timeout(): info: starting task T775
1582327506.451663: 5536-7f71cb81e000: cdpl_compat_worker.c:597: in cdplWorkerLogInfo(): info: [modelOneCellAdaptive {OR2D0 }]
1582327518.135540: 5536-7f71cb81e000: cdpl_worker.c:1208: in cdpl_wk_finalize(): info: finishing task T775
1582327518.158766: 5536-7f71bcf6b700: cdpl_worker.c:585: in cdpl_wk_listen(): debug: received ASSIGN message
1582327518.158785: 5536-7f71cb81e000: cdpl_worker.c:1092: in cdpl_wk_wait_timeout(): info: starting task T804
1582327518.158802: 5536-7f71cb81e000: cdpl_compat_worker.c:597: in cdplWorkerLogInfo(): info: [modelOneCellAdaptive {INVD4 }]
1582327523.794248: 5536-7f71cb81e000: cdpl_worker.c:1208: in cdpl_wk_finalize(): info: finishing task T804
1582327528.779453: 5536-7f71bcf6b700: cdpl_worker.c:616: in cdpl_wk_listen(): debug: received RELAY message
1582327528.803798: 5536-7f71bd76c700: cdpl_ipc.c:606: in _readv(): warning: read(): EOF
1582327528.803824: 5536-7f71bd76c700: cdpl_ipc.c:1462: in _epoll_recv(): debug: _readv(): Broken pipe
1582327528.803829: 5536-7f71bd76c700: cdpl_ipc.c:1683: in _epoll_main(): debug: _epoll_recv(): Broken pipe
1582327528.803839: 5536-7f71bd76c700: cdpl_ipc.c:1061: in _host_drop__UNSAFE(): debug: dropping host `128.54.70.249:35766'
1582327528.804809: 5536-7f71bcf6b700: cdpl_worker.c:561: in cdpl_wk_listen(): debug: received DROP notification
1582327528.804818: 5536-7f71bcf6b700: cdpl_worker.c:565: in cdpl_wk_listen(): debug: we were dropped by the server
1582327528.804822: 5536-7f71bcf6b700: cdpl_worker.c:492: in _wk_kill(): debug: killing worker
1582327528.804826: 5536-7f71bcf6b700: cdpl_ipc.c:2481: in cdpl_ipc_kill(): debug: stopping event server
1582327528.804852: 5536-7f71bcf6b700: cdpl_worker.c:542: in cdpl_wk_listen(): debug: leaving now
1582327528.804892: 5536-7f71cb81e000: cdpl_compat_worker.c:597: in cdplWorkerLogInfo(): info: [Worker shutdown. Code: 3]
1582327528.805129: 5536-7f71bd76c700: cdpl_ipc.c:1720: in _epoll_main(): debug: server going down...
1582327528.885415: 5536-7f71cb81e000: cdpl_worker.c:856: in _wk_shutdown(): debug: waiting for heartbeat thread
1582327528.891813: 5536-7f71bc76a700: cdpl_worker.c:709: in cdpl_wk_heartbeat(): info: stopping heartbeat
1582327528.896258: 5536-7f71cb81e000: cdpl_ipc.c:1781: in cdpl_ipc_host_release(): debug: releasing host `128.54.70.249:35766'
1582327528.896309: 5536-7f71cb81e000: cdpl_ipc.c:2532: in cdpl_ipc_free(): debug: releasing IPC handle
1582327528.896317: 5536-7f71cb81e000: cdpl_ipc.c:986: in _host_free__UNSAFE(): debug: freeing host `128.54.70.249:35766'
1582327528.896322: 5536-7f71cb81e000: cdpl_ipc.c:1028: in _host_free__UNSAFE(): debug: [0 outq, 0 spR, 0 spW]
1582327528.896351: 5536-7f71cb81e000: cdpl_ipc.c:2571: in cdpl_ipc_free(): debug: done
1582327528.896359: 5536-7f71cb81e000: cdpl_worker.c:912: in cdpl_wk_free(): info: freed
1582327528.896364: 5536-7f71cb81e000: cdpl_log.c:359: in cdpl_log_close(): debug: @@end_of_log@@
