****************************************
Report : timing
	-path_type end
	-delay_type max
	-slack_lesser_than 1.000000
	-max_paths 684
	-sort_by slack
Design : aes_cipher_top
Version: K-2015.06-SP3-1
Date   : Mon Feb 24 11:55:28 2020
****************************************

Warning: There are 24 invalid end points for constrained paths. (UITE-416)
Endpoint                        Path Delay     Path Required    CRP     Slack
------------------------------------------------------------------------------
sa02_reg_6_/D (DFCSNQD1)        1.668817 f     1.590564     0.000000 -0.078252
sa12_reg_7_/D (DFCSNQD1)        1.669131 f     1.593197     0.000000 -0.075934
u0/w_reg_2__3_/D (DFCSNQD1)     1.467056 f     1.395372     0.000000 -0.071683
u0/w_reg_1__2_/D (DFCSNQD1)     1.606971 f     1.543582     0.000000 -0.063389
sa02_reg_7_/D (DFCSNQD1)        1.628317 f     1.566970     0.000000 -0.061348
sa00_reg_7_/D (DFCSNQD1)        1.615345 f     1.557952     0.000000 -0.057393
u0/w_reg_3__2_/D (DFCSNQD2)     1.579887 f     1.522845     0.000000 -0.057042
u0/w_reg_2__28_/D (DFCSNQD1)    1.504152 f     1.447223     0.000000 -0.056929
sa10_reg_4_/D (DFCSNQD4)        1.603931 f     1.547475     0.000000 -0.056456
sa12_reg_0_/D (DFCSNQD4)        1.608600 f     1.552839     0.000000 -0.055760
u0/w_reg_2__30_/D (DFCSNQD1)    1.467640 f     1.413891     0.000000 -0.053749
u0/w_reg_3__31_/D (DFCSNQD1)    1.506206 f     1.454516     0.000000 -0.051690
sa00_reg_1_/D (DFCSNQD4)        1.517270 r     1.466407     0.000000 -0.050864
sa20_reg_0_/D (DFCSNQD4)        1.610451 f     1.559602     0.000000 -0.050850
sa01_reg_3_/D (DFCSNQD4)        1.594727 f     1.544549     0.000000 -0.050179
sa13_reg_4_/D (DFCSNQD4)        1.524481 f     1.474332     0.000000 -0.050149
sa32_reg_1_/D (DFCSNQD4)        1.604931 r     1.554793     0.000000 -0.050138
u0/w_reg_3__28_/D (DFCSNQD2)    1.614307 f     1.564291     0.000000 -0.050016
sa02_reg_3_/D (DFCSNQD4)        1.599796 f     1.551755     0.000000 -0.048041
sa10_reg_2_/D (DFCSNQD4)        1.605072 f     1.558572     0.000000 -0.046500
u0/w_reg_3__23_/D (DFCSNQD1)    1.505779 f     1.460066     0.000000 -0.045713
sa20_reg_2_/D (DFCSNQD4)        1.638209 f     1.592681     0.000000 -0.045529
sa13_reg_1_/D (DFCSNQD4)        1.581906 f     1.536398     0.000000 -0.045509
sa33_reg_5_/D (DFCSNQD4)        1.603048 f     1.559034     0.000000 -0.044014
sa32_reg_6_/D (DFCSNQD1)        1.600845 f     1.557044     0.000000 -0.043801
sa30_reg_6_/D (DFCSNQD1)        1.612334 f     1.568625     0.000000 -0.043709
sa22_reg_6_/D (DFCSNQD1)        1.616194 f     1.572804     0.000000 -0.043391
sa03_reg_4_/D (DFCSNQD4)        1.610420 f     1.567138     0.000000 -0.043282
sa12_reg_4_/D (DFCSNQD4)        1.604737 f     1.561580     0.000000 -0.043156
sa00_reg_4_/D (DFCSNQD4)        1.603066 f     1.560589     0.000000 -0.042477
sa13_reg_0_/D (DFCSNQD4)        1.596307 f     1.554389     0.000000 -0.041918
sa00_reg_2_/D (DFCSNQD4)        1.601340 f     1.559489     0.000000 -0.041851
sa23_reg_0_/D (DFCSNQD4)        1.626610 f     1.585660     0.000000 -0.040950
sa30_reg_2_/D (DFCSNQD4)        1.581455 f     1.540742     0.000000 -0.040714
sa00_reg_0_/D (DFCSNQD4)        1.588677 f     1.548021     0.000000 -0.040656
sa12_reg_6_/D (DFCSNQD1)        1.603761 f     1.563161     0.000000 -0.040600
sa20_reg_6_/D (DFCSNQD1)        1.602378 f     1.563190     0.000000 -0.039188
sa10_reg_5_/D (DFCSNQD4)        1.580081 f     1.541608     0.000000 -0.038474
sa31_reg_6_/D (DFCSNQD1)        1.611165 f     1.573132     0.000000 -0.038033
sa10_reg_6_/D (DFCSNQD1)        1.593514 f     1.555607     0.000000 -0.037907
sa12_reg_2_/D (DFCSNQD4)        1.624428 f     1.586860     0.000000 -0.037568
sa33_reg_6_/D (DFCSNQD1)        1.622170 f     1.585540     0.000000 -0.036630
sa02_reg_4_/D (DFCSNQD4)        1.606151 f     1.569535     0.000000 -0.036616
sa13_reg_6_/D (DFCSNQD1)        1.592850 f     1.556251     0.000000 -0.036599
u0/w_reg_3__15_/D (DFCSNQD1)    1.503067 f     1.466554     0.000000 -0.036512
sa33_reg_0_/D (DFCSNQD4)        1.587216 f     1.550863     0.000000 -0.036353
sa02_reg_5_/D (DFCSNQD4)        1.603975 f     1.567856     0.000000 -0.036119
sa03_reg_2_/D (DFCSNQD4)        1.611088 f     1.575224     0.000000 -0.035864
sa02_reg_0_/D (DFCSNQD4)        1.592100 f     1.557774     0.000000 -0.034325
u0/w_reg_3__11_/D (DFCSNQD4)    1.569704 f     1.535534     0.000000 -0.034169
sa33_reg_1_/D (DFCSNQD4)        1.576156 f     1.542031     0.000000 -0.034125
sa03_reg_6_/D (DFCSNQD1)        1.574616 f     1.540577     0.000000 -0.034039
sa32_reg_4_/D (DFCSNQD4)        1.540690 f     1.506676     0.000000 -0.034014
u0/w_reg_3__20_/D (DFCSNQD4)    1.488657 f     1.455403     0.000000 -0.033253
u0/w_reg_2__5_/D (DFCSNQD1)     1.456506 r     1.423325     0.000000 -0.033181
sa03_reg_1_/D (DFCSNQD4)        1.524254 f     1.491440     0.000000 -0.032814
sa33_reg_2_/D (DFCSNQD4)        1.589137 f     1.556397     0.000000 -0.032740
sa21_reg_3_/D (DFCSNQD4)        1.598099 f     1.565371     0.000000 -0.032728
sa12_reg_5_/D (DFCSNQD4)        1.585051 f     1.552451     0.000000 -0.032600
sa01_reg_1_/D (DFCSNQD4)        1.526090 f     1.494045     0.000000 -0.032044
sa32_reg_5_/D (DFCSNQD4)        1.569538 f     1.537931     0.000000 -0.031606
u0/w_reg_0__6_/D (DFCSNQD1)     1.459941 f     1.428616     0.000000 -0.031325
sa11_reg_6_/D (DFCSNQD1)        1.600329 f     1.569006     0.000000 -0.031323
sa03_reg_5_/D (DFCSNQD4)        1.593682 f     1.562671     0.000000 -0.031011
sa30_reg_4_/D (DFCSNQD4)        1.574809 f     1.543957     0.000000 -0.030852
u0/w_reg_1__27_/D (DFCSNQD1)    1.590743 f     1.560454     0.000000 -0.030289
sa32_reg_0_/D (DFCSNQD4)        1.582766 f     1.552514     0.000000 -0.030252
sa22_reg_3_/D (DFCSNQD4)        1.577603 f     1.547369     0.000000 -0.030234
sa20_reg_4_/D (DFCSNQD4)        1.591233 f     1.561347     0.000000 -0.029886
sa30_reg_5_/D (DFCSNQD4)        1.592808 f     1.563048     0.000000 -0.029760
sa10_reg_3_/D (DFCSNQD4)        1.583434 f     1.554408     0.000000 -0.029026
sa33_reg_7_/D (DFCSNQD1)        1.579813 f     1.551226     0.000000 -0.028587
sa00_reg_5_/D (DFCSNQD4)        1.583754 f     1.555179     0.000000 -0.028575
sa13_reg_7_/D (DFCSNQD1)        1.627281 f     1.598769     0.000000 -0.028512
sa03_reg_3_/D (DFCSNQD4)        1.579700 f     1.551212     0.000000 -0.028488
u0/w_reg_0__0_/D (DFCSNQD1)     1.462127 r     1.433955     0.000000 -0.028171
u0/w_reg_1__17_/D (DFCSNQD1)    1.579698 f     1.552058     0.000000 -0.027639
sa11_reg_1_/D (DFCSNQD4)        1.590336 f     1.562934     0.000000 -0.027402
sa12_reg_1_/D (DFCSNQD4)        1.574324 f     1.547242     0.000000 -0.027082
sa31_reg_3_/D (DFCSNQD4)        1.541668 f     1.514681     0.000000 -0.026987
u0/w_reg_3__3_/D (DFCSNQD4)     1.577833 f     1.550968     0.000000 -0.026865
sa02_reg_1_/D (DFCSNQD4)        1.575561 f     1.549138     0.000000 -0.026423
sa01_reg_4_/D (DFCSNQD4)        1.537617 r     1.511579     0.000000 -0.026038
u0/w_reg_3__27_/D (DFCSNQD4)    1.576548 f     1.550635     0.000000 -0.025912
sa23_reg_5_/D (DFCSNQD4)        1.582688 f     1.556843     0.000000 -0.025846
sa33_reg_3_/D (DFCSNQD4)        1.615463 r     1.589804     0.000000 -0.025659
sa32_reg_7_/D (DFCSNQD1)        1.583748 f     1.558475     0.000000 -0.025273
sa33_reg_4_/D (DFCSNQD4)        1.584971 f     1.559817     0.000000 -0.025154
sa20_reg_1_/D (DFCSNQD4)        1.550135 r     1.525020     0.000000 -0.025115
u0/w_reg_2__31_/D (DFCSNQD1)    1.446544 f     1.421532     0.000000 -0.025012
sa21_reg_7_/D (DFCSNQD1)        1.595959 f     1.570955     0.000000 -0.025004
sa23_reg_7_/D (DFCSNQD1)        1.617239 f     1.592726     0.000000 -0.024513
u0/w_reg_1__26_/D (DFCSNQD1)    1.588427 f     1.563952     0.000000 -0.024475
sa21_reg_2_/D (DFCSNQD4)        1.571760 f     1.547910     0.000000 -0.023850
sa23_reg_2_/D (DFCSNQD4)        1.611453 f     1.587882     0.000000 -0.023572
sa10_reg_0_/D (DFCSNQD4)        1.600908 r     1.577368     0.000000 -0.023539
sa01_reg_5_/D (DFCSNQD4)        1.577190 f     1.553794     0.000000 -0.023396
sa23_reg_1_/D (DFCSNQD4)        1.605222 f     1.582031     0.000000 -0.023191
sa20_reg_3_/D (DFCSNQD4)        1.587164 r     1.564351     0.000000 -0.022813
sa30_reg_7_/D (DFCSNQD1)        1.586030 f     1.563381     0.000000 -0.022649
sa31_reg_2_/D (DFCSNQD4)        1.589972 f     1.567360     0.000000 -0.022612
sa13_reg_2_/D (DFCSNQD4)        1.570533 f     1.548890     0.000000 -0.021642
sa23_reg_3_/D (DFCSNQD4)        1.575692 f     1.554239     0.000000 -0.021453
sa11_reg_3_/D (DFCSNQD4)        1.589586 f     1.568187     0.000000 -0.021399
u0/w_reg_3__25_/D (DFCSNQD2)    1.585460 f     1.564067     0.000000 -0.021393
sa11_reg_4_/D (DFCSNQD4)        1.581794 f     1.560479     0.000000 -0.021315
sa31_reg_1_/D (DFCSNQD4)        1.537294 r     1.516200     0.000000 -0.021094
u0/w_reg_0__24_/D (DFCSNQD1)    1.461263 r     1.440615     0.000000 -0.020648
u0/w_reg_1__30_/D (DFCSNQD1)    1.574224 f     1.554314     0.000000 -0.019910
sa22_reg_7_/D (DFCSNQD1)        1.592224 f     1.572517     0.000000 -0.019707
sa01_reg_2_/D (DFCSNQD4)        1.576026 f     1.557524     0.000000 -0.018502
sa13_reg_3_/D (DFCSNQD4)        1.573984 f     1.556016     0.000000 -0.017968
sa30_reg_3_/D (DFCSNQD4)        1.619559 r     1.601624     0.000000 -0.017935
sa23_reg_6_/D (DFCSNQD1)        1.596110 f     1.578235     0.000000 -0.017875
u0/w_reg_2__10_/D (DFCSNQD1)    1.429152 f     1.411410     0.000000 -0.017742
sa01_reg_0_/D (DFCSNQD4)        1.583246 f     1.565981     0.000000 -0.017265
u0/w_reg_3__26_/D (DFCSNQD1)    1.574639 f     1.557673     0.000000 -0.016966
sa00_reg_3_/D (DFCSNQD4)        1.612488 r     1.595737     0.000000 -0.016751
u0/w_reg_3__22_/D (DFCSNQD1)    1.566881 f     1.550337     0.000000 -0.016544
sa13_reg_5_/D (DFCSNQD4)        1.547571 f     1.531833     0.000000 -0.015738
sa02_reg_2_/D (DFCSNQD4)        1.587968 f     1.572448     0.000000 -0.015521
sa03_reg_7_/D (DFCSNQD1)        1.579386 f     1.563911     0.000000 -0.015475
u0/w_reg_1__22_/D (DFCSNQD1)    1.566730 f     1.551324     0.000000 -0.015406
sa21_reg_5_/D (DFCSNQD4)        1.569308 f     1.554092     0.000000 -0.015216
u0/w_reg_3__30_/D (DFCSNQD1)    1.568785 f     1.553783     0.000000 -0.015002
sa30_reg_0_/D (DFCSNQD4)        1.542932 f     1.527994     0.000000 -0.014938
sa21_reg_4_/D (DFCSNQD4)        1.524736 r     1.509921     0.000000 -0.014815
sa00_reg_6_/D (DFCSNQD1)        1.571992 f     1.557414     0.000000 -0.014578
sa12_reg_3_/D (DFCSNQD4)        1.572989 f     1.558962     0.000000 -0.014027
u0/w_reg_1__6_/D (DFCSNQD1)     1.571260 f     1.557681     0.000000 -0.013579
u0/w_reg_3__6_/D (DFCSNQD1)     1.564027 f     1.550489     0.000000 -0.013538
u0/w_reg_1__25_/D (DFCSNQD1)    1.577084 f     1.563871     0.000000 -0.013213
u0/w_reg_0__12_/D (DFCSNQD1)    1.549774 f     1.536817     0.000000 -0.012956
sa32_reg_2_/D (DFCSNQD4)        1.568365 f     1.556043     0.000000 -0.012322
u0/w_reg_1__3_/D (DFCSNQD1)     1.564545 f     1.552419     0.000000 -0.012127
sa22_reg_1_/D (DFCSNQD4)        1.516363 r     1.504387     0.000000 -0.011976
u0/w_reg_3__8_/D (DFCSNQD4)     1.569833 f     1.558069     0.000000 -0.011764
sa10_reg_1_/D (DFCSNQD4)        1.550174 f     1.538659     0.000000 -0.011515
u0/w_reg_1__5_/D (DFCSNQD1)     1.549239 f     1.537921     0.000000 -0.011318
sa20_reg_7_/D (DFCSNQD1)        1.560563 f     1.549275     0.000000 -0.011287
sa10_reg_7_/D (DFCSNQD1)        1.575879 f     1.564614     0.000000 -0.011265
u0/w_reg_3__10_/D (DFCSNQD1)    1.552989 f     1.542398     0.000000 -0.010591
sa01_reg_7_/D (DFCSNQD1)        1.578734 f     1.568249     0.000000 -0.010485
sa21_reg_0_/D (DFCSNQD4)        1.563500 r     1.553114     0.000000 -0.010386
u0/w_reg_1__19_/D (DFCSNQD1)    1.566837 f     1.556452     0.000000 -0.010385
u0/w_reg_1__8_/D (DFCSNQD1)     1.560707 f     1.550660     0.000000 -0.010047
u0/w_reg_3__4_/D (DFCSNQD4)     1.515492 f     1.505589     0.000000 -0.009904
sa20_reg_5_/D (DFCSNQD4)        1.589749 f     1.580027     0.000000 -0.009722
sa21_reg_1_/D (DFCSNQD4)        1.472371 r     1.462845     0.000000 -0.009526
u0/w_reg_3__5_/D (DFCSNQD2)     1.558262 f     1.548943     0.000000 -0.009319
sa21_reg_6_/D (DFCSNQD1)        1.569285 f     1.560007     0.000000 -0.009278
u0/w_reg_3__14_/D (DFCSNQD1)    1.557826 f     1.549740     0.000000 -0.008086
u0/w_reg_0__17_/D (DFCSNQD1)    1.489697 r     1.482161     0.000000 -0.007536
u0/w_reg_3__17_/D (DFCSNQD2)    1.576374 f     1.569654     0.000000 -0.006719
sa23_reg_4_/D (DFCSNQD4)        1.568993 f     1.562759     0.000000 -0.006234
sa22_reg_2_/D (DFCSNQD4)        1.565732 f     1.559724     0.000000 -0.006008
sa31_reg_5_/D (DFCSNQD4)        1.566554 f     1.560756     0.000000 -0.005798
sa22_reg_4_/D (DFCSNQD4)        1.577873 f     1.572173     0.000000 -0.005700
sa30_reg_1_/D (DFCSNQD4)        1.593506 r     1.589030     0.000000 -0.004476
u0/w_reg_3__12_/D (DFCSNQD2)    1.459533 f     1.455242     0.000000 -0.004291
sa31_reg_0_/D (DFCSNQD4)        1.562362 f     1.558220     0.000000 -0.004142
sa11_reg_7_/D (DFCSNQD1)        1.571539 f     1.567603     0.000000 -0.003936
sa11_reg_2_/D (DFCSNQD4)        1.565958 f     1.562048     0.000000 -0.003911
u0/w_reg_1__29_/D (DFCSNQD1)    1.565643 f     1.562558     0.000000 -0.003085
u0/w_reg_0__30_/D (DFCSNQD1)    1.455421 f     1.452650     0.000000 -0.002770
u0/w_reg_2__6_/D (DFCSNQD1)     1.446661 f     1.443890     0.000000 -0.002770
u0/w_reg_3__19_/D (DFCSNQD4)    1.552513 f     1.549879     0.000000 -0.002635
sa22_reg_0_/D (DFCSNQD4)        1.590062 f     1.588174     0.000000 -0.001888
u0/w_reg_3__1_/D (DFCSNQD2)     1.559746 f     1.557958     0.000000 -0.001788
u0/w_reg_3__7_/D (DFCSNQD1)     1.550571 f     1.550001     0.000000 -0.000570
u0/w_reg_1__24_/D (DFCSNQD1)    1.549450 f     1.550300     0.000000 0.000849
u0/w_reg_0__27_/D (DFCSNQD1)    1.454988 f     1.455909     0.000000 0.000921
u0/w_reg_0__3_/D (DFCSNQD1)     1.448236 f     1.449769     0.000000 0.001533
u0/w_reg_3__16_/D (DFCSNQD2)    1.548628 f     1.550280     0.000000 0.001652
u0/w_reg_1__11_/D (DFCSNQD1)    1.535693 f     1.537611     0.000000 0.001918
u0/w_reg_3__0_/D (DFCSNQD4)     1.532300 f     1.534487     0.000000 0.002188
u0/w_reg_1__1_/D (DFCSNQD1)     1.551968 f     1.554553     0.000000 0.002584
u0/w_reg_1__16_/D (DFCSNQD1)    1.557464 f     1.560728     0.000000 0.003264
u0/w_reg_1__18_/D (DFCSNQD1)    1.549421 f     1.552724     0.000000 0.003303
u0/w_reg_3__18_/D (DFCSNQD2)    1.545197 f     1.548896     0.000000 0.003699
sa31_reg_4_/D (DFCSNQD4)        1.557779 f     1.561875     0.000000 0.004096
sa01_reg_6_/D (DFCSNQD1)        1.547832 f     1.552041     0.000000 0.004209
u0/w_reg_2__12_/D (DFCSNQD1)    1.529300 f     1.534715     0.000000 0.005416
u0/w_reg_0__13_/D (DFCSNQD1)    1.434510 f     1.440376     0.000000 0.005866
sa22_reg_5_/D (DFCSNQD4)        1.513871 f     1.519814     0.000000 0.005943
u0/w_reg_0__28_/D (DFCSNQD1)    1.540934 f     1.547235     0.000000 0.006301
sa31_reg_7_/D (DFCSNQD1)        1.552415 f     1.559310     0.000000 0.006895
u0/w_reg_0__11_/D (DFCSNQD1)    1.467549 f     1.475191     0.000000 0.007642
u0/w_reg_2__2_/D (DFCSNQD1)     1.540259 f     1.547965     0.000000 0.007706
u0/w_reg_3__9_/D (DFCSNQD2)     1.541847 f     1.549704     0.000000 0.007857
u0/w_reg_1__14_/D (DFCSNQD1)    1.548478 f     1.556430     0.000000 0.007953
u0/w_reg_1__9_/D (DFCSNQD1)     1.547601 f     1.555636     0.000000 0.008036
u0/w_reg_0__2_/D (DFCSNQD1)     1.439115 f     1.447271     0.000000 0.008155
sa11_reg_5_/D (DFCSNQD4)        1.551736 f     1.559894     0.000000 0.008157
u0/w_reg_3__24_/D (DFCSNQD2)    1.542965 f     1.552583     0.000000 0.009617
u0/w_reg_2__16_/D (DFCSNQD1)    1.478339 r     1.488095     0.000000 0.009756
u0/w_reg_3__29_/D (DFCSNQD2)    1.552389 f     1.562515     0.000000 0.010125
u0/w_reg_3__13_/D (DFCSNQD4)    1.549499 f     1.562566     0.000000 0.013067
sa32_reg_3_/D (DFCSNQD4)        1.596668 r     1.610672     0.000000 0.014005
u0/w_reg_2__19_/D (DFCSNQD1)    1.506780 f     1.522303     0.000000 0.015523
u0/w_reg_1__12_/D (DFCSNQD1)    1.529662 f     1.545308     0.000000 0.015646
u0/w_reg_2__25_/D (DFCSNQD1)    1.527622 f     1.546977     0.000000 0.019355
u0/w_reg_0__25_/D (DFCSNQD1)    1.442639 f     1.462142     0.000000 0.019503
u0/w_reg_0__5_/D (DFCSNQD1)     1.431837 r     1.451642     0.000000 0.019805
u0/w_reg_1__13_/D (DFCSNQD1)    1.538217 f     1.558499     0.000000 0.020282
u0/w_reg_0__26_/D (DFCSNQD1)    1.449970 f     1.470454     0.000000 0.020485
u0/w_reg_1__21_/D (DFCSNQD1)    1.536744 r     1.557575     0.000000 0.020831
u0/w_reg_0__19_/D (DFCSNQD1)    1.429123 f     1.451795     0.000000 0.022673
u0/w_reg_3__21_/D (DFCSNQD2)    1.528724 f     1.551695     0.000000 0.022970
u0/w_reg_2__7_/D (DFCSNQD1)     1.432219 f     1.456765     0.000000 0.024546
u0/w_reg_1__10_/D (DFCSNQD1)    1.527959 f     1.553445     0.000000 0.025486
u0/w_reg_2__21_/D (DFCSNQD1)    1.449633 r     1.477528     0.000000 0.027894
u0/w_reg_1__0_/D (DFCSNQD1)     1.528759 f     1.559095     0.000000 0.030336
u0/w_reg_2__11_/D (DFCSNQD1)    1.506055 f     1.536995     0.000000 0.030940
u0/w_reg_0__9_/D (DFCSNQD1)     1.411466 f     1.443033     0.000000 0.031567
u0/w_reg_2__1_/D (DFCSNQD1)     1.508152 f     1.540076     0.000000 0.031924
u0/w_reg_2__13_/D (DFCSNQD1)    1.431242 f     1.463669     0.000000 0.032427
u0/w_reg_1__23_/D (DFCSNQD1)    1.514754 f     1.547433     0.000000 0.032679
u0/w_reg_1__28_/D (DFCSNQD1)    1.522578 f     1.555426     0.000000 0.032848
u0/w_reg_2__8_/D (DFCSNQD1)     1.432663 f     1.468367     0.000000 0.035704
sa03_reg_0_/D (DFCSNQD4)        1.534457 f     1.570377     0.000000 0.035920
u0/w_reg_0__8_/D (DFCSNQD1)     1.438977 f     1.475288     0.000000 0.036311
u0/w_reg_0__23_/D (DFCSNQD1)    1.504840 f     1.543083     0.000000 0.038243
u0/w_reg_2__26_/D (DFCSNQD1)    1.510334 f     1.548937     0.000000 0.038603
u0/w_reg_2__27_/D (DFCSNQD1)    1.512125 f     1.551809     0.000000 0.039685
u0/w_reg_2__18_/D (DFCSNQD1)    1.456040 r     1.500734     0.000000 0.044694
u0/w_reg_1__31_/D (DFCSNQD1)    1.493331 f     1.538793     0.000000 0.045461
u0/w_reg_2__4_/D (DFCSNQD1)     1.498453 f     1.544028     0.000000 0.045576
u0/w_reg_1__20_/D (DFCSNQD1)    1.484901 f     1.534236     0.000000 0.049335
u0/w_reg_2__23_/D (DFCSNQD1)    1.481411 f     1.531020     0.000000 0.049610
u0/w_reg_2__14_/D (DFCSNQD1)    1.416787 f     1.468331     0.000000 0.051544
u0/w_reg_0__1_/D (DFCSNQD1)     1.410399 f     1.462631     0.000000 0.052232
u0/w_reg_0__31_/D (DFCSNQD1)    1.490646 f     1.544802     0.000000 0.054156
u0/w_reg_0__7_/D (DFCSNQD1)     1.484130 f     1.539781     0.000000 0.055651
u0/w_reg_0__21_/D (DFCSNQD1)    1.455384 r     1.511087     0.000000 0.055703
u0/w_reg_0__20_/D (DFCSNQD1)    1.482648 f     1.540016     0.000000 0.057368
u0/w_reg_2__17_/D (DFCSNQD1)    1.497557 f     1.557016     0.000000 0.059459
u0/w_reg_1__7_/D (DFCSNQD1)     1.482644 f     1.545151     0.000000 0.062507
u0/w_reg_0__14_/D (DFCSNQD1)    1.406440 f     1.469296     0.000000 0.062856
u0/w_reg_0__10_/D (DFCSNQD1)    1.406454 f     1.470650     0.000000 0.064196
sa11_reg_0_/D (DFCSNQD4)        1.448616 r     1.518471     0.000000 0.069855
u0/w_reg_2__15_/D (DFCSNQD1)    1.474104 f     1.546811     0.000000 0.072708
u0/w_reg_1__4_/D (DFCSNQD1)     1.465533 f     1.541316     0.000000 0.075783
u0/w_reg_2__9_/D (DFCSNQD1)     1.467606 f     1.543685     0.000000 0.076078
u0/w_reg_2__0_/D (DFCSNQD1)     1.471004 f     1.548588     0.000000 0.077583
u0/w_reg_2__20_/D (DFCSNQD1)    1.464864 f     1.543950     0.000000 0.079086
text_out_reg_85_/D (DFCSNQD1)   1.287321 r     1.370430     0.000000 0.083109
u0/w_reg_0__15_/D (DFCSNQD1)    1.454072 f     1.542292     0.000000 0.088220
u0/w_reg_2__22_/D (DFCSNQD1)    1.463098 r     1.552350     0.000000 0.089252
u0/w_reg_0__29_/D (DFCSNQD1)    1.463328 r     1.552765     0.000000 0.089437
text_out_reg_46_/D (DFCSNQD1)   1.312636 r     1.403318     0.000000 0.090682
u0/w_reg_1__15_/D (DFCSNQD1)    1.446546 f     1.543009     0.000000 0.096463
u0/w_reg_2__24_/D (DFCSNQD1)    1.451067 f     1.547691     0.000000 0.096624
u0/w_reg_0__22_/D (DFCSNQD1)    1.463072 r     1.561894     0.000000 0.098822
text_out_reg_80_/D (DFCSNQD1)   1.282663 r     1.382756     0.000000 0.100093
u0/w_reg_0__18_/D (DFCSNQD1)    1.428922 f     1.531955     0.000000 0.103033
u0/w_reg_0__4_/D (DFCSNQD1)     1.441850 f     1.546732     0.000000 0.104882
u0/r0/out_reg_29_/D (DFCSNQD1)  1.344046 r     1.455020     0.000000 0.110974
u0/w_reg_2__29_/D (DFCSNQD1)    1.452878 r     1.565956     0.000000 0.113078
u0/w_reg_0__16_/D (DFCSNQD1)    1.441576 f     1.562729     0.000000 0.121153
text_out_reg_69_/D (DFCSNQD1)   1.351389 r     1.485202     0.000000 0.133813
text_out_reg_33_/D (DFCSNQD1)   1.397988 r     1.537870     0.000000 0.139882
text_out_reg_75_/D (DFCSNQD1)   1.306530 r     1.453570     0.000000 0.147040
u0/r0/out_reg_26_/D (DFCSNQD1)  1.340361 r     1.495946     0.000000 0.155585
text_out_reg_10_/D (DFCSNQD1)   1.281887 r     1.439984     0.000000 0.158097
u0/r0/out_reg_27_/D (DFCSNQD1)  1.306246 r     1.480035     0.000000 0.173789
text_out_reg_34_/D (DFCSNQD1)   1.321561 r     1.495866     0.000000 0.174305
text_out_reg_7_/D (DFCSNQD1)    1.344825 r     1.524555     0.000000 0.179730
text_out_reg_39_/D (DFCSNQD1)   1.368589 f     1.548341     0.000000 0.179753
u0/r0/out_reg_25_/D (DFCSNQD1)  1.310283 r     1.490853     0.000000 0.180570
u0/r0/out_reg_28_/D (DFCSNQD1)  1.308653 r     1.495395     0.000000 0.186742
text_out_reg_72_/D (DFCSNQD1)   1.365225 f     1.554994     0.000000 0.189768
text_out_reg_100_/D (DFCSNQD1)  1.346506 r     1.550099     0.000000 0.203593
text_out_reg_84_/D (DFCSNQD1)   1.298677 r     1.506330     0.000000 0.207653
text_out_reg_81_/D (DFCSNQD1)   1.277059 f     1.486643     0.000000 0.209584
text_out_reg_76_/D (DFCSNQD1)   1.273852 f     1.483669     0.000000 0.209817
text_out_reg_107_/D (DFCSNQD1)  1.282698 r     1.499334     0.000000 0.216636
text_out_reg_67_/D (DFCSNQD1)   1.263151 r     1.484483     0.000000 0.221332
text_out_reg_78_/D (DFCSNQD1)   1.244533 r     1.467497     0.000000 0.222963
text_out_reg_77_/D (DFCSNQD1)   1.308609 f     1.533281     0.000000 0.224672
text_out_reg_115_/D (DFCSNQD1)  1.291516 r     1.516440     0.000000 0.224924
text_out_reg_63_/D (DFCSNQD1)   1.333460 f     1.560601     0.000000 0.227141
text_out_reg_111_/D (DFCSNQD1)  1.251540 r     1.482557     0.000000 0.231017
text_out_reg_15_/D (DFCSNQD1)   1.227638 r     1.458655     0.000000 0.231017
text_out_reg_71_/D (DFCSNQD1)   1.254973 f     1.488713     0.000000 0.233740
text_out_reg_27_/D (DFCSNQD1)   1.260925 r     1.496698     0.000000 0.235773
text_out_reg_127_/D (DFCSNQD1)  1.318824 f     1.558118     0.000000 0.239294
text_out_reg_14_/D (DFCSNQD1)   1.250537 r     1.492420     0.000000 0.241883
text_out_reg_70_/D (DFCSNQD1)   1.262747 f     1.508829     0.000000 0.246081
text_out_reg_5_/D (DFCSNQD1)    1.278438 r     1.527694     0.000000 0.249257
text_out_reg_56_/D (DFCSNQD1)   1.277318 r     1.529521     0.000000 0.252204
text_out_reg_105_/D (DFCSNQD1)  1.259890 r     1.517165     0.000000 0.257275
u0/r0/out_reg_30_/D (DFCSNQD1)  1.150958 r     1.410489     0.000000 0.259531
text_out_reg_59_/D (DFCSNQD1)   1.250415 r     1.510520     0.000000 0.260105
text_out_reg_73_/D (DFCSNQD1)   1.230108 f     1.490653     0.000000 0.260545
text_out_reg_65_/D (DFCSNQD1)   1.230976 f     1.493898     0.000000 0.262922
text_out_reg_64_/D (DFCSNQD1)   1.223557 r     1.486603     0.000000 0.263045
text_out_reg_24_/D (DFCSNQD1)   1.288766 f     1.559118     0.000000 0.270352
text_out_reg_103_/D (DFCSNQD1)  1.288918 f     1.559951     0.000000 0.271032
text_out_reg_122_/D (DFCSNQD1)  1.256301 r     1.527579     0.000000 0.271278
text_out_reg_13_/D (DFCSNQD1)   1.252358 f     1.524903     0.000000 0.272545
text_out_reg_23_/D (DFCSNQD1)   1.290095 f     1.564345     0.000000 0.274251
text_out_reg_3_/D (DFCSNQD1)    1.260546 r     1.535707     0.000000 0.275161
text_out_reg_68_/D (DFCSNQD1)   1.218014 f     1.494324     0.000000 0.276310
text_out_reg_74_/D (DFCSNQD1)   1.236386 r     1.512899     0.000000 0.276513
text_out_reg_66_/D (DFCSNQD1)   1.223488 r     1.500509     0.000000 0.277021
text_out_reg_11_/D (DFCSNQD1)   1.229220 r     1.506857     0.000000 0.277637
text_out_reg_109_/D (DFCSNQD1)  1.269053 f     1.546795     0.000000 0.277742
text_out_reg_96_/D (DFCSNQD1)   1.270378 r     1.549561     0.000000 0.279184
text_out_reg_6_/D (DFCSNQD1)    1.229013 r     1.508432     0.000000 0.279418
text_out_reg_28_/D (DFCSNQD1)   1.261299 r     1.542297     0.000000 0.280997
text_out_reg_37_/D (DFCSNQD1)   1.256537 f     1.539900     0.000000 0.283363
text_out_reg_121_/D (DFCSNQD1)  1.251897 r     1.536219     0.000000 0.284322
text_out_reg_44_/D (DFCSNQD1)   1.266600 r     1.552084     0.000000 0.285484
text_out_reg_49_/D (DFCSNQD1)   1.234076 r     1.519676     0.000000 0.285600
text_out_reg_53_/D (DFCSNQD1)   1.259698 f     1.545732     0.000000 0.286034
text_out_reg_82_/D (DFCSNQD1)   1.265780 f     1.554255     0.000000 0.288475
text_out_reg_45_/D (DFCSNQD1)   1.249285 f     1.539779     0.000000 0.290493
text_out_reg_91_/D (DFCSNQD1)   1.265882 f     1.558288     0.000000 0.292406
text_out_reg_108_/D (DFCSNQD1)  1.243918 r     1.536493     0.000000 0.292576
text_out_reg_93_/D (DFCSNQD1)   1.246310 f     1.543804     0.000000 0.297494
text_out_reg_35_/D (DFCSNQD1)   1.232849 r     1.531377     0.000000 0.298528
text_out_reg_42_/D (DFCSNQD1)   1.243852 r     1.542501     0.000000 0.298648
text_out_reg_79_/D (DFCSNQD1)   1.206291 r     1.505498     0.000000 0.299207
text_out_reg_4_/D (DFCSNQD1)    1.241408 f     1.541645     0.000000 0.300236
text_out_reg_114_/D (DFCSNQD1)  1.248786 f     1.550268     0.000000 0.301483
text_out_reg_52_/D (DFCSNQD1)   1.245016 r     1.549279     0.000000 0.304263
text_out_reg_124_/D (DFCSNQD1)  1.243001 r     1.550882     0.000000 0.307881
text_out_reg_38_/D (DFCSNQD1)   1.252417 r     1.561241     0.000000 0.308825
text_out_reg_41_/D (DFCSNQD1)   1.262240 r     1.571952     0.000000 0.309712
text_out_reg_98_/D (DFCSNQD1)   1.224062 r     1.534719     0.000000 0.310657
text_out_reg_58_/D (DFCSNQD1)   1.210229 r     1.526952     0.000000 0.316723
text_out_reg_31_/D (DFCSNQD1)   1.242608 f     1.563451     0.000000 0.320843
text_out_reg_21_/D (DFCSNQD1)   1.240053 f     1.562192     0.000000 0.322139
text_out_reg_113_/D (DFCSNQD1)  1.226537 r     1.549243     0.000000 0.322706
text_out_reg_117_/D (DFCSNQD1)  1.222215 f     1.545778     0.000000 0.323562
text_out_reg_43_/D (DFCSNQD1)   1.238459 f     1.562722     0.000000 0.324263
text_out_reg_8_/D (DFCSNQD1)    1.239352 f     1.564094     0.000000 0.324742
text_out_reg_50_/D (DFCSNQD1)   1.225446 f     1.550631     0.000000 0.325184
text_out_reg_47_/D (DFCSNQD1)   1.197484 r     1.522853     0.000000 0.325369
text_out_reg_40_/D (DFCSNQD1)   1.216121 f     1.541545     0.000000 0.325424
text_out_reg_54_/D (DFCSNQD1)   1.226026 f     1.552039     0.000000 0.326013
text_out_reg_9_/D (DFCSNQD1)    1.226354 r     1.556351     0.000000 0.329998
text_out_reg_48_/D (DFCSNQD1)   1.218657 f     1.549613     0.000000 0.330956
text_out_reg_0_/D (DFCSNQD1)    1.229724 f     1.561328     0.000000 0.331604
text_out_reg_19_/D (DFCSNQD1)   1.220844 f     1.553698     0.000000 0.332854
text_out_reg_55_/D (DFCSNQD1)   1.223859 f     1.557073     0.000000 0.333214
text_out_reg_116_/D (DFCSNQD1)  1.223264 r     1.558985     0.000000 0.335721
text_out_reg_62_/D (DFCSNQD1)   1.218530 r     1.554275     0.000000 0.335745
text_out_reg_120_/D (DFCSNQD1)  1.219825 f     1.556409     0.000000 0.336584
text_out_reg_29_/D (DFCSNQD1)   1.224521 f     1.561698     0.000000 0.337177
text_out_reg_83_/D (DFCSNQD1)   1.224787 f     1.565764     0.000000 0.340977
ld_r_reg/D (DFCSNQD4)           0.754785 r     1.095783     0.000000 0.340998
text_out_reg_123_/D (DFCSNQD1)  1.218184 f     1.559620     0.000000 0.341437
text_out_reg_92_/D (DFCSNQD1)   1.224414 r     1.566588     0.000000 0.342174
text_out_reg_51_/D (DFCSNQD1)   1.220584 f     1.563283     0.000000 0.342699
text_out_reg_99_/D (DFCSNQD1)   1.215636 f     1.558587     0.000000 0.342952
text_out_reg_94_/D (DFCSNQD1)   1.216197 f     1.559514     0.000000 0.343317
text_out_reg_18_/D (DFCSNQD1)   1.207605 f     1.551774     0.000000 0.344169
text_out_reg_25_/D (DFCSNQD1)   1.227598 f     1.573960     0.000000 0.346362
text_out_reg_36_/D (DFCSNQD1)   1.222877 f     1.570987     0.000000 0.348110
text_out_reg_20_/D (DFCSNQD1)   1.206803 f     1.555285     0.000000 0.348482
text_out_reg_57_/D (DFCSNQD1)   1.213405 f     1.563668     0.000000 0.350263
text_out_reg_125_/D (DFCSNQD1)  1.216941 f     1.567224     0.000000 0.350283
text_out_reg_1_/D (DFCSNQD1)    1.214480 f     1.566978     0.000000 0.352498
text_out_reg_112_/D (DFCSNQD1)  1.199083 f     1.553092     0.000000 0.354009
text_out_reg_97_/D (DFCSNQD1)   1.196096 f     1.550798     0.000000 0.354702
text_out_reg_87_/D (DFCSNQD1)   1.201602 f     1.556356     0.000000 0.354754
text_out_reg_26_/D (DFCSNQD1)   1.192966 f     1.550804     0.000000 0.357838
text_out_reg_104_/D (DFCSNQD1)  1.194367 f     1.552659     0.000000 0.358292
text_out_reg_61_/D (DFCSNQD1)   1.211689 f     1.570252     0.000000 0.358563
text_out_reg_30_/D (DFCSNQD1)   1.191939 f     1.553421     0.000000 0.361482
text_out_reg_17_/D (DFCSNQD1)   1.204916 f     1.567069     0.000000 0.362153
text_out_reg_101_/D (DFCSNQD1)  1.198289 f     1.561209     0.000000 0.362920
text_out_reg_22_/D (DFCSNQD1)   1.185808 f     1.551783     0.000000 0.365975
text_out_reg_12_/D (DFCSNQD1)   1.188989 f     1.555147     0.000000 0.366159
text_out_reg_95_/D (DFCSNQD1)   1.197921 f     1.564223     0.000000 0.366302
text_out_reg_86_/D (DFCSNQD1)   1.189745 f     1.556917     0.000000 0.367172
text_out_reg_118_/D (DFCSNQD1)  1.179292 f     1.548272     0.000000 0.368980
text_out_reg_2_/D (DFCSNQD1)    1.174729 f     1.546351     0.000000 0.371622
text_out_reg_90_/D (DFCSNQD1)   1.193754 f     1.567306     0.000000 0.373551
text_out_reg_60_/D (DFCSNQD1)   1.192793 f     1.566535     0.000000 0.373742
text_out_reg_119_/D (DFCSNQD1)  1.176635 f     1.551513     0.000000 0.374878
text_out_reg_88_/D (DFCSNQD1)   1.194366 f     1.570465     0.000000 0.376099
text_out_reg_32_/D (DFCSNQD1)   1.183597 f     1.560750     0.000000 0.377153
text_out_reg_126_/D (DFCSNQD1)  1.181041 f     1.559580     0.000000 0.378539
text_out_reg_102_/D (DFCSNQD1)  1.181602 f     1.562156     0.000000 0.380554
text_out_reg_89_/D (DFCSNQD1)   1.183887 f     1.565666     0.000000 0.381780
u0/r0/out_reg_31_/D (DFCSNQD1)  1.121563 r     1.504003     0.000000 0.382440
text_out_reg_106_/D (DFCSNQD1)  1.175011 f     1.564207     0.000000 0.389196
text_out_reg_110_/D (DFCSNQD1)  1.170385 f     1.561260     0.000000 0.390875
text_in_r_reg_73_/D (DFCSNQD1)  1.040419 r     1.440216     0.000000 0.399797
text_out_reg_16_/D (DFCSNQD1)   1.150448 f     1.559589     0.000000 0.409140
text_in_r_reg_91_/D (DFCSNQD1)  1.035080 r     1.461063     0.000000 0.425983
u0/r0/rcnt_reg_3_/D (DFCSNQD1)  1.013048 r     1.440294     0.000000 0.427246
text_in_r_reg_69_/D (DFCSNQD1)  1.025417 r     1.459498     0.000000 0.434081
text_in_r_reg_77_/D (DFCSNQD1)  0.980337 r     1.440705     0.000000 0.460368
text_in_r_reg_1_/D (DFCSNQD1)   0.985233 r     1.450599     0.000000 0.465366
text_in_r_reg_59_/D (DFCSNQD1)  0.978494 r     1.447360     0.000000 0.468866
text_in_r_reg_58_/D (DFCSNQD1)  0.980453 r     1.450597     0.000000 0.470144
text_in_r_reg_93_/D (DFCSNQD1)  0.988106 r     1.460024     0.000000 0.471917
text_in_r_reg_57_/D (DFCSNQD1)  0.977945 r     1.450054     0.000000 0.472109
text_in_r_reg_122_/D (DFCSNQD1) 0.972403 r     1.446748     0.000000 0.474345
text_in_r_reg_88_/D (DFCSNQD1)  0.942613 r     1.419912     0.000000 0.477299
text_in_r_reg_55_/D (DFCSNQD1)  0.960938 r     1.440332     0.000000 0.479394
text_in_r_reg_42_/D (DFCSNQD1)  0.963350 r     1.445451     0.000000 0.482101
text_in_r_reg_84_/D (DFCSNQD1)  0.948698 r     1.431158     0.000000 0.482460
text_in_r_reg_64_/D (DFCSNQD1)  0.937766 r     1.421740     0.000000 0.483973
text_in_r_reg_76_/D (DFCSNQD1)  0.967557 r     1.453961     0.000000 0.486404
text_in_r_reg_66_/D (DFCSNQD1)  0.951895 r     1.440179     0.000000 0.488284
text_in_r_reg_60_/D (DFCSNQD1)  0.975561 r     1.465667     0.000000 0.490106
text_in_r_reg_72_/D (DFCSNQD1)  0.941630 r     1.434524     0.000000 0.492894
text_in_r_reg_8_/D (DFCSNQD1)   0.969409 r     1.464150     0.000000 0.494741
text_in_r_reg_89_/D (DFCSNQD1)  0.948725 r     1.443702     0.000000 0.494976
text_in_r_reg_78_/D (DFCSNQD1)  0.944542 r     1.440041     0.000000 0.495499
text_in_r_reg_90_/D (DFCSNQD1)  0.946523 r     1.442625     0.000000 0.496102
text_in_r_reg_79_/D (DFCSNQD1)  0.959933 r     1.456222     0.000000 0.496289
text_in_r_reg_74_/D (DFCSNQD1)  0.954094 r     1.452648     0.000000 0.498553
text_in_r_reg_75_/D (DFCSNQD1)  0.937171 r     1.439104     0.000000 0.501933
text_in_r_reg_29_/D (DFCSNQD1)  0.944579 r     1.447107     0.000000 0.502528
text_in_r_reg_95_/D (DFCSNQD1)  0.938904 r     1.442840     0.000000 0.503936
text_in_r_reg_9_/D (DFCSNQD1)   0.947194 r     1.452645     0.000000 0.505450
text_in_r_reg_94_/D (DFCSNQD1)  0.935266 r     1.443765     0.000000 0.508498
text_in_r_reg_35_/D (DFCSNQD1)  0.947957 r     1.457161     0.000000 0.509204
text_in_r_reg_92_/D (DFCSNQD1)  0.945372 r     1.458838     0.000000 0.513466
text_in_r_reg_65_/D (DFCSNQD1)  0.952314 r     1.466110     0.000000 0.513796
text_in_r_reg_67_/D (DFCSNQD1)  0.938475 r     1.452561     0.000000 0.514086
text_in_r_reg_68_/D (DFCSNQD1)  0.931375 r     1.447714     0.000000 0.516340
text_in_r_reg_40_/D (DFCSNQD1)  0.927673 r     1.445840     0.000000 0.518167
text_in_r_reg_49_/D (DFCSNQD1)  0.936519 r     1.457036     0.000000 0.520517
text_in_r_reg_70_/D (DFCSNQD1)  0.936962 r     1.458419     0.000000 0.521457
text_in_r_reg_24_/D (DFCSNQD1)  0.946700 r     1.470643     0.000000 0.523943
text_in_r_reg_80_/D (DFCSNQD1)  0.933621 r     1.458045     0.000000 0.524424
text_in_r_reg_71_/D (DFCSNQD1)  0.928243 r     1.453572     0.000000 0.525329
text_in_r_reg_81_/D (DFCSNQD1)  0.927397 r     1.463548     0.000000 0.536151
text_in_r_reg_26_/D (DFCSNQD1)  0.932423 r     1.470001     0.000000 0.537578
text_in_r_reg_53_/D (DFCSNQD1)  0.922716 r     1.461045     0.000000 0.538329
text_in_r_reg_41_/D (DFCSNQD1)  0.923233 r     1.461826     0.000000 0.538593
text_in_r_reg_63_/D (DFCSNQD1)  0.911967 r     1.463798     0.000000 0.551831
text_in_r_reg_25_/D (DFCSNQD1)  0.874265 f     1.440975     0.000000 0.566711
text_in_r_reg_56_/D (DFCSNQD1)  0.862558 f     1.434453     0.000000 0.571896
u0/r0/rcnt_reg_0_/D (DFCSNQD1)  0.869232 f     1.446744     0.000000 0.577512
text_in_r_reg_87_/D (DFCSNQD1)  0.859174 f     1.446696     0.000000 0.587522
u0/r0/rcnt_reg_2_/D (DFCSNQD1)  0.882096 r     1.472534     0.000000 0.590438
text_in_r_reg_62_/D (DFCSNQD1)  0.845727 f     1.439162     0.000000 0.593435
text_in_r_reg_83_/D (DFCSNQD1)  0.847409 f     1.444116     0.000000 0.596706
text_in_r_reg_37_/D (DFCSNQD1)  0.842355 f     1.440427     0.000000 0.598073
dcnt_reg_0_/D (DFCSNQD1)        0.881043 r     1.482302     0.000000 0.601259
dcnt_reg_1_/D (DFCSNQD1)        0.868431 r     1.508337     0.000000 0.639907
dcnt_reg_2_/D (DFCSNQD1)        0.862610 r     1.505018     0.000000 0.642408
text_in_r_reg_48_/D (DFCSNQD1)  0.720388 r     1.421043     0.000000 0.700655
text_in_r_reg_54_/D (DFCSNQD1)  0.728696 r     1.439797     0.000000 0.711102
text_in_r_reg_127_/D (DFCSNQD1) 0.716177 r     1.434851     0.000000 0.718674
text_in_r_reg_28_/D (DFCSNQD1)  0.708772 r     1.437196     0.000000 0.728424
text_in_r_reg_27_/D (DFCSNQD1)  0.704498 r     1.434465     0.000000 0.729968
text_in_r_reg_47_/D (DFCSNQD1)  0.696764 r     1.427463     0.000000 0.730699
u0/r0/out_reg_24_/D (DFCSNQD1)  0.780780 r     1.514129     0.000000 0.733349
text_in_r_reg_52_/D (DFCSNQD1)  0.683519 r     1.417498     0.000000 0.733978
text_in_r_reg_10_/D (DFCSNQD1)  0.666620 r     1.405290     0.000000 0.738671
text_in_r_reg_44_/D (DFCSNQD1)  0.677602 r     1.416342     0.000000 0.738740
text_in_r_reg_19_/D (DFCSNQD1)  0.688842 r     1.436844     0.000000 0.748002
text_in_r_reg_110_/D (DFCSNQD1) 0.691893 r     1.441955     0.000000 0.750062
u0/r0/rcnt_reg_1_/D (DFCSNQD1)  0.809906 f     1.571117     0.000000 0.761211
text_in_r_reg_46_/D (DFCSNQD1)  0.675904 r     1.438886     0.000000 0.762982
text_in_r_reg_104_/D (DFCSNQD1) 0.639059 r     1.415760     0.000000 0.776701
text_in_r_reg_32_/D (DFCSNQD1)  0.660237 r     1.443468     0.000000 0.783230
text_in_r_reg_31_/D (DFCSNQD1)  0.638961 r     1.425460     0.000000 0.786499
text_in_r_reg_5_/D (DFCSNQD1)   0.632453 r     1.419144     0.000000 0.786691
text_in_r_reg_100_/D (DFCSNQD1) 0.650118 r     1.437241     0.000000 0.787124
text_in_r_reg_108_/D (DFCSNQD1) 0.645091 r     1.432892     0.000000 0.787801
text_in_r_reg_34_/D (DFCSNQD1)  0.626744 r     1.423259     0.000000 0.796515
text_in_r_reg_96_/D (DFCSNQD1)  0.618087 r     1.414716     0.000000 0.796629
text_in_r_reg_102_/D (DFCSNQD1) 0.619555 r     1.418429     0.000000 0.798874
text_in_r_reg_33_/D (DFCSNQD1)  0.625410 r     1.425243     0.000000 0.799833
text_in_r_reg_97_/D (DFCSNQD1)  0.639957 r     1.441558     0.000000 0.801602
text_in_r_reg_86_/D (DFCSNQD1)  0.629652 r     1.433636     0.000000 0.803984
text_in_r_reg_116_/D (DFCSNQD1) 0.613665 r     1.418989     0.000000 0.805324
text_in_r_reg_82_/D (DFCSNQD1)  0.630428 r     1.438385     0.000000 0.807958
text_in_r_reg_43_/D (DFCSNQD1)  0.615686 r     1.424718     0.000000 0.809032
text_in_r_reg_20_/D (DFCSNQD1)  0.681688 r     1.496738     0.000000 0.815050
done_reg/D (DFCSNQD1)           0.605269 r     1.422909     0.000000 0.817640
text_in_r_reg_39_/D (DFCSNQD1)  0.613826 r     1.431964     0.000000 0.818138
text_in_r_reg_61_/D (DFCSNQD1)  0.623356 r     1.441873     0.000000 0.818518
text_in_r_reg_36_/D (DFCSNQD1)  0.610989 r     1.430474     0.000000 0.819485
text_in_r_reg_38_/D (DFCSNQD1)  0.615135 r     1.435759     0.000000 0.820624
text_in_r_reg_6_/D (DFCSNQD1)   0.600309 r     1.425029     0.000000 0.824720
text_in_r_reg_103_/D (DFCSNQD1) 0.614532 r     1.441796     0.000000 0.827264
dcnt_reg_3_/D (DFCSNQD1)        0.667430 r     1.499884     0.000000 0.832454
text_in_r_reg_45_/D (DFCSNQD1)  0.606435 r     1.439265     0.000000 0.832830
text_in_r_reg_51_/D (DFCSNQD1)  0.595407 r     1.439601     0.000000 0.844194
text_in_r_reg_85_/D (DFCSNQD1)  0.591320 r     1.443437     0.000000 0.852118
text_in_r_reg_23_/D (DFCSNQD1)  0.583215 r     1.446818     0.000000 0.863603
text_in_r_reg_22_/D (DFCSNQD1)  0.524935 f     1.410227     0.000000 0.885292
text_in_r_reg_16_/D (DFCSNQD1)  0.529096 f     1.414625     0.000000 0.885529
text_in_r_reg_98_/D (DFCSNQD1)  0.512231 r     1.457741     0.000000 0.945511
text_in_r_reg_12_/D (DFCSNQD1)  0.473089 r     1.444040     0.000000 0.970951
text_in_r_reg_125_/D (DFCSNQD1) 0.472301 r     1.455801     0.000000 0.983500
text_in_r_reg_7_/D (DFCSNQD1)   0.444757 r     1.429028     0.000000 0.984271
text_in_r_reg_105_/D (DFCSNQD1) 0.468263 r     1.453233     0.000000 0.984970
text_in_r_reg_109_/D (DFCSNQD1) 0.492287 r     1.478978     0.000000 0.986691
text_in_r_reg_106_/D (DFCSNQD1) 0.471633 r     1.470718     0.000000 0.999085

1
