****************************************
Report : timing
	-path_type end
	-delay_type max
	-slack_lesser_than 1.000000
	-max_paths 684
	-sort_by slack
Design : aes_cipher_top
Version: K-2015.06-SP3-1
Date   : Mon Feb 24 21:16:41 2020
****************************************

Warning: There are 24 invalid end points for constrained paths. (UITE-416)
Endpoint                        Path Delay     Path Required    CRP     Slack
------------------------------------------------------------------------------
u0/w_reg_2__3_/D (DFCSNQD1)     0.611452 f     1.436036     0.000000 0.824585
sa00_reg_1_/D (DFCSNQD4)        0.642878 r     1.472708     0.000000 0.829830
u0/w_reg_2__30_/D (DFCSNQD1)    0.612333 f     1.444982     0.000000 0.832649
u0/w_reg_3__31_/D (DFCSNQD1)    0.633180 f     1.468608     0.000000 0.835429
u0/w_reg_2__28_/D (DFCSNQD1)    0.626640 f     1.462634     0.000000 0.835993
u0/w_reg_2__31_/D (DFCSNQD1)    0.611961 f     1.448809     0.000000 0.836848
u0/w_reg_2__5_/D (DFCSNQD1)     0.591756 f     1.430884     0.000000 0.839128
sa13_reg_4_/D (DFCSNQD4)        0.645348 f     1.484513     0.000000 0.839165
u0/w_reg_0__6_/D (DFCSNQD1)     0.611398 f     1.451147     0.000000 0.839748
u0/w_reg_3__23_/D (DFCSNQD1)    0.632009 f     1.471957     0.000000 0.839948
u0/w_reg_0__0_/D (DFCSNQD1)     0.617485 r     1.458828     0.000000 0.841343
ld_r_reg/D (DFCSNQD4)           0.416822 r     1.258195     0.000000 0.841373
u0/w_reg_0__24_/D (DFCSNQD1)    0.618455 r     1.460821     0.000000 0.842367
u0/w_reg_2__10_/D (DFCSNQD1)    0.600244 f     1.444665     0.000000 0.844421
sa03_reg_1_/D (DFCSNQD4)        0.646450 f     1.491674     0.000000 0.845224
u0/w_reg_3__20_/D (DFCSNQD4)    0.626113 f     1.471449     0.000000 0.845337
sa20_reg_1_/D (DFCSNQD4)        0.661683 r     1.510556     0.000000 0.848872
sa21_reg_1_/D (DFCSNQD4)        0.622087 r     1.471203     0.000000 0.849116
u0/w_reg_3__15_/D (DFCSNQD1)    0.626677 f     1.476137     0.000000 0.849460
u0/w_reg_3__2_/D (DFCSNQD2)     0.664868 r     1.514397     0.000000 0.849529
u0/w_reg_2__6_/D (DFCSNQD1)     0.609056 f     1.459673     0.000000 0.850617
u0/w_reg_0__27_/D (DFCSNQD1)    0.614655 f     1.468110     0.000000 0.853455
sa32_reg_1_/D (DFCSNQD4)        0.669415 r     1.526031     0.000000 0.856616
u0/w_reg_0__5_/D (DFCSNQD1)     0.582839 f     1.439542     0.000000 0.856703
sa12_reg_5_/D (DFCSNQD4)        0.680131 f     1.537031     0.000000 0.856900
u0/w_reg_0__13_/D (DFCSNQD1)    0.602978 f     1.460053     0.000000 0.857075
u0/w_reg_0__11_/D (DFCSNQD1)    0.621743 f     1.478834     0.000000 0.857091
u0/w_reg_3__12_/D (DFCSNQD2)    0.612112 f     1.469513     0.000000 0.857401
sa00_reg_7_/D (DFCSNQD1)        0.679194 f     1.536791     0.000000 0.857598
sa33_reg_1_/D (DFCSNQD4)        0.666830 f     1.524562     0.000000 0.857731
sa32_reg_4_/D (DFCSNQD4)        0.645235 f     1.503205     0.000000 0.857970
sa22_reg_1_/D (DFCSNQD4)        0.643172 r     1.501977     0.000000 0.858805
u0/w_reg_0__30_/D (DFCSNQD1)    0.608222 f     1.467037     0.000000 0.858815
u0/w_reg_0__2_/D (DFCSNQD1)     0.604329 f     1.463196     0.000000 0.858867
sa03_reg_3_/D (DFCSNQD4)        0.668667 r     1.528230     0.000000 0.859563
sa31_reg_3_/D (DFCSNQD4)        0.647809 r     1.509288     0.000000 0.861479
sa01_reg_1_/D (DFCSNQD4)        0.635419 f     1.497263     0.000000 0.861844
u0/w_reg_0__3_/D (DFCSNQD1)     0.604708 f     1.466886     0.000000 0.862179
sa31_reg_1_/D (DFCSNQD4)        0.643427 r     1.505939     0.000000 0.862511
u0/w_reg_3__8_/D (DFCSNQD4)     0.678854 r     1.541388     0.000000 0.862534
sa02_reg_7_/D (DFCSNQD1)        0.680513 r     1.543520     0.000000 0.863007
u0/w_reg_2__8_/D (DFCSNQD1)     0.614423 f     1.477464     0.000000 0.863042
sa01_reg_4_/D (DFCSNQD4)        0.640950 r     1.504043     0.000000 0.863093
sa02_reg_6_/D (DFCSNQD1)        0.691576 f     1.554850     0.000000 0.863274
sa33_reg_3_/D (DFCSNQD4)        0.683239 r     1.546634     0.000000 0.863395
u0/w_reg_2__7_/D (DFCSNQD1)     0.604021 f     1.467628     0.000000 0.863607
sa00_reg_5_/D (DFCSNQD4)        0.670332 r     1.534016     0.000000 0.863684
sa02_reg_1_/D (DFCSNQD4)        0.664031 r     1.528135     0.000000 0.864104
sa12_reg_0_/D (DFCSNQD4)        0.671787 r     1.535959     0.000000 0.864172
u0/w_reg_0__19_/D (DFCSNQD1)    0.603613 f     1.467801     0.000000 0.864187
u0/w_reg_3__11_/D (DFCSNQD4)    0.662180 f     1.526743     0.000000 0.864563
sa02_reg_3_/D (DFCSNQD4)        0.667450 r     1.532027     0.000000 0.864576
sa20_reg_0_/D (DFCSNQD4)        0.681931 r     1.546552     0.000000 0.864621
u0/w_reg_0__8_/D (DFCSNQD1)     0.616143 f     1.481603     0.000000 0.865460
sa13_reg_1_/D (DFCSNQD4)        0.652006 r     1.517812     0.000000 0.865806
u0/w_reg_0__9_/D (DFCSNQD1)     0.596426 f     1.462563     0.000000 0.866137
u0/w_reg_0__26_/D (DFCSNQD1)    0.609734 f     1.476052     0.000000 0.866318
sa20_reg_3_/D (DFCSNQD4)        0.664880 r     1.531324     0.000000 0.866444
sa12_reg_7_/D (DFCSNQD1)        0.686921 f     1.553478     0.000000 0.866558
u0/w_reg_3__4_/D (DFCSNQD4)     0.637225 f     1.504129     0.000000 0.866904
sa10_reg_1_/D (DFCSNQD4)        0.653746 r     1.521104     0.000000 0.867358
u0/w_reg_0__25_/D (DFCSNQD1)    0.603886 f     1.471576     0.000000 0.867690
sa30_reg_0_/D (DFCSNQD4)        0.642667 r     1.510918     0.000000 0.868251
sa23_reg_2_/D (DFCSNQD4)        0.686541 f     1.554957     0.000000 0.868416
sa21_reg_4_/D (DFCSNQD4)        0.632095 r     1.500771     0.000000 0.868675
sa13_reg_6_/D (DFCSNQD1)        0.665621 f     1.534360     0.000000 0.868738
sa01_reg_3_/D (DFCSNQD4)        0.660746 r     1.529530     0.000000 0.868784
sa30_reg_3_/D (DFCSNQD4)        0.682473 r     1.551406     0.000000 0.868933
sa03_reg_6_/D (DFCSNQD1)        0.659479 f     1.528727     0.000000 0.869249
sa30_reg_6_/D (DFCSNQD1)        0.671085 f     1.540473     0.000000 0.869389
u0/w_reg_2__16_/D (DFCSNQD1)    0.626845 r     1.496286     0.000000 0.869441
u0/w_reg_1__2_/D (DFCSNQD1)     0.657980 f     1.527692     0.000000 0.869713
sa00_reg_2_/D (DFCSNQD4)        0.669978 f     1.540150     0.000000 0.870172
sa20_reg_2_/D (DFCSNQD4)        0.686687 f     1.557273     0.000000 0.870586
sa00_reg_3_/D (DFCSNQD4)        0.678598 r     1.549215     0.000000 0.870617
sa10_reg_3_/D (DFCSNQD4)        0.664946 r     1.536283     0.000000 0.871337
sa10_reg_2_/D (DFCSNQD4)        0.672519 f     1.543999     0.000000 0.871480
sa20_reg_6_/D (DFCSNQD1)        0.669767 f     1.541274     0.000000 0.871507
sa10_reg_5_/D (DFCSNQD4)        0.659883 r     1.531550     0.000000 0.871667
u0/w_reg_3__28_/D (DFCSNQD2)    0.664706 f     1.536400     0.000000 0.871695
sa13_reg_2_/D (DFCSNQD4)        0.664507 r     1.536259     0.000000 0.871752
sa33_reg_5_/D (DFCSNQD4)        0.669195 f     1.540948     0.000000 0.871753
sa30_reg_4_/D (DFCSNQD4)        0.659489 f     1.531323     0.000000 0.871834
u0/w_reg_2__13_/D (DFCSNQD1)    0.602563 f     1.474588     0.000000 0.872025
sa30_reg_1_/D (DFCSNQD4)        0.674480 r     1.546554     0.000000 0.872074
sa32_reg_6_/D (DFCSNQD1)        0.664277 f     1.536478     0.000000 0.872201
u0/w_reg_0__17_/D (DFCSNQD1)    0.616265 r     1.488879     0.000000 0.872614
sa21_reg_2_/D (DFCSNQD4)        0.662356 r     1.535150     0.000000 0.872794
sa00_reg_4_/D (DFCSNQD4)        0.667552 r     1.540636     0.000000 0.873085
u0/w_reg_1__26_/D (DFCSNQD1)    0.663437 f     1.536679     0.000000 0.873242
u0/w_reg_2__12_/D (DFCSNQD1)    0.646758 f     1.520402     0.000000 0.873644
u0/w_reg_1__17_/D (DFCSNQD1)    0.653628 f     1.527333     0.000000 0.873705
sa12_reg_2_/D (DFCSNQD4)        0.681637 f     1.555357     0.000000 0.873720
sa23_reg_7_/D (DFCSNQD1)        0.681580 f     1.556067     0.000000 0.874486
sa10_reg_4_/D (DFCSNQD4)        0.658132 f     1.532830     0.000000 0.874698
sa20_reg_4_/D (DFCSNQD4)        0.664786 r     1.540023     0.000000 0.875238
u0/w_reg_1__21_/D (DFCSNQD1)    0.652477 r     1.527771     0.000000 0.875294
sa33_reg_2_/D (DFCSNQD4)        0.667023 r     1.542449     0.000000 0.875426
sa13_reg_0_/D (DFCSNQD4)        0.663070 f     1.538699     0.000000 0.875629
u0/w_reg_2__19_/D (DFCSNQD1)    0.632773 r     1.508888     0.000000 0.876116
sa03_reg_4_/D (DFCSNQD4)        0.667385 f     1.543646     0.000000 0.876260
sa01_reg_2_/D (DFCSNQD4)        0.663289 f     1.539745     0.000000 0.876455
sa33_reg_7_/D (DFCSNQD1)        0.659786 f     1.536386     0.000000 0.876599
u0/w_reg_1__11_/D (DFCSNQD1)    0.647159 f     1.523764     0.000000 0.876605
u0/w_reg_0__1_/D (DFCSNQD1)     0.597881 f     1.474602     0.000000 0.876721
sa12_reg_1_/D (DFCSNQD4)        0.657595 r     1.534438     0.000000 0.876844
sa30_reg_2_/D (DFCSNQD4)        0.654087 r     1.530936     0.000000 0.876849
sa22_reg_3_/D (DFCSNQD4)        0.655553 f     1.532527     0.000000 0.876974
sa10_reg_0_/D (DFCSNQD4)        0.665165 r     1.542305     0.000000 0.877140
u0/w_reg_2__21_/D (DFCSNQD1)    0.613309 r     1.490507     0.000000 0.877197
sa00_reg_6_/D (DFCSNQD1)        0.659072 f     1.536400     0.000000 0.877328
u0/w_reg_1__24_/D (DFCSNQD1)    0.649286 f     1.526710     0.000000 0.877424
sa32_reg_5_/D (DFCSNQD4)        0.652464 f     1.529936     0.000000 0.877473
sa23_reg_3_/D (DFCSNQD4)        0.657154 f     1.534769     0.000000 0.877616
sa21_reg_0_/D (DFCSNQD4)        0.646556 r     1.524253     0.000000 0.877697
sa32_reg_0_/D (DFCSNQD4)        0.659878 f     1.538195     0.000000 0.878317
u0/w_reg_3__27_/D (DFCSNQD4)    0.655857 f     1.534325     0.000000 0.878468
sa32_reg_7_/D (DFCSNQD1)        0.658651 f     1.537157     0.000000 0.878505
sa30_reg_5_/D (DFCSNQD4)        0.663825 f     1.542417     0.000000 0.878592
u0/w_reg_1__27_/D (DFCSNQD1)    0.655932 f     1.534668     0.000000 0.878736
text_out_reg_85_/D (DFCSNQD1)   0.547030 r     1.425935     0.000000 0.878904
u0/w_reg_0__12_/D (DFCSNQD1)    0.642519 f     1.521489     0.000000 0.878970
sa23_reg_6_/D (DFCSNQD1)        0.669280 f     1.548272     0.000000 0.878993
u0/w_reg_2__14_/D (DFCSNQD1)    0.598215 f     1.477242     0.000000 0.879026
u0/w_reg_1__8_/D (DFCSNQD1)     0.659134 f     1.538222     0.000000 0.879087
text_out_reg_46_/D (DFCSNQD1)   0.560487 r     1.439818     0.000000 0.879331
sa31_reg_2_/D (DFCSNQD4)        0.665455 r     1.544799     0.000000 0.879344
sa00_reg_0_/D (DFCSNQD4)        0.655347 f     1.534740     0.000000 0.879393
sa12_reg_6_/D (DFCSNQD1)        0.657476 f     1.537035     0.000000 0.879559
sa02_reg_4_/D (DFCSNQD4)        0.662196 f     1.541781     0.000000 0.879585
u0/w_reg_3__10_/D (DFCSNQD1)    0.645445 f     1.525067     0.000000 0.879623
sa02_reg_5_/D (DFCSNQD4)        0.663329 f     1.543172     0.000000 0.879843
sa31_reg_6_/D (DFCSNQD1)        0.664944 f     1.544853     0.000000 0.879910
u0/w_reg_3__6_/D (DFCSNQD1)     0.651343 f     1.531300     0.000000 0.879956
u0/w_reg_1__25_/D (DFCSNQD1)    0.656703 f     1.536705     0.000000 0.880002
sa13_reg_7_/D (DFCSNQD1)        0.683496 r     1.563606     0.000000 0.880110
sa11_reg_1_/D (DFCSNQD4)        0.660173 f     1.540387     0.000000 0.880214
sa23_reg_1_/D (DFCSNQD4)        0.674352 r     1.554819     0.000000 0.880467
sa03_reg_7_/D (DFCSNQD1)        0.658025 f     1.538604     0.000000 0.880579
sa13_reg_3_/D (DFCSNQD4)        0.655719 r     1.536400     0.000000 0.880681
sa21_reg_7_/D (DFCSNQD1)        0.661844 f     1.542701     0.000000 0.880857
sa23_reg_4_/D (DFCSNQD4)        0.657790 f     1.538761     0.000000 0.880972
sa13_reg_5_/D (DFCSNQD4)        0.636098 r     1.517091     0.000000 0.880993
sa33_reg_4_/D (DFCSNQD4)        0.661212 r     1.542236     0.000000 0.881025
u0/w_reg_3__26_/D (DFCSNQD1)    0.652112 f     1.533182     0.000000 0.881070
sa22_reg_2_/D (DFCSNQD4)        0.655956 f     1.537102     0.000000 0.881145
sa02_reg_2_/D (DFCSNQD4)        0.663233 f     1.544506     0.000000 0.881273
sa23_reg_5_/D (DFCSNQD4)        0.662806 r     1.544219     0.000000 0.881413
u0/w_reg_3__17_/D (DFCSNQD2)    0.657850 f     1.539336     0.000000 0.881486
sa22_reg_5_/D (DFCSNQD4)        0.636092 f     1.517742     0.000000 0.881651
sa12_reg_3_/D (DFCSNQD4)        0.657015 f     1.538672     0.000000 0.881658
sa11_reg_4_/D (DFCSNQD4)        0.659509 r     1.541174     0.000000 0.881665
sa22_reg_7_/D (DFCSNQD1)        0.661753 f     1.543658     0.000000 0.881905
sa22_reg_6_/D (DFCSNQD1)        0.659258 f     1.541170     0.000000 0.881912
sa10_reg_6_/D (DFCSNQD1)        0.664130 r     1.546097     0.000000 0.881967
sa23_reg_0_/D (DFCSNQD4)        0.673293 f     1.555301     0.000000 0.882008
u0/w_reg_3__0_/D (DFCSNQD4)     0.642970 r     1.525050     0.000000 0.882080
sa20_reg_5_/D (DFCSNQD4)        0.670317 f     1.552465     0.000000 0.882147
u0/w_reg_3__18_/D (DFCSNQD2)    0.650584 f     1.533038     0.000000 0.882454
u0/w_reg_3__16_/D (DFCSNQD2)    0.651424 f     1.533939     0.000000 0.882515
sa31_reg_0_/D (DFCSNQD4)        0.654975 r     1.537513     0.000000 0.882538
u0/w_reg_1__5_/D (DFCSNQD1)     0.640462 f     1.523115     0.000000 0.882653
sa21_reg_3_/D (DFCSNQD4)        0.661042 f     1.543698     0.000000 0.882656
u0/w_reg_1__18_/D (DFCSNQD1)    0.652386 f     1.535125     0.000000 0.882739
u0/w_reg_3__1_/D (DFCSNQD2)     0.653286 f     1.536110     0.000000 0.882824
sa33_reg_0_/D (DFCSNQD4)        0.656134 r     1.539217     0.000000 0.883083
sa21_reg_6_/D (DFCSNQD1)        0.655077 f     1.538279     0.000000 0.883202
u0/w_reg_2__18_/D (DFCSNQD1)    0.619678 r     1.503130     0.000000 0.883452
sa33_reg_6_/D (DFCSNQD1)        0.669167 f     1.552765     0.000000 0.883597
sa12_reg_4_/D (DFCSNQD4)        0.656251 f     1.540175     0.000000 0.883924
u0/w_reg_0__14_/D (DFCSNQD1)    0.593792 f     1.477741     0.000000 0.883949
u0/w_reg_3__3_/D (DFCSNQD4)     0.650656 f     1.534651     0.000000 0.883995
u0/w_reg_3__25_/D (DFCSNQD2)    0.653367 f     1.537474     0.000000 0.884107
sa01_reg_5_/D (DFCSNQD4)        0.654474 f     1.538867     0.000000 0.884393
sa21_reg_5_/D (DFCSNQD4)        0.653852 f     1.538348     0.000000 0.884496
u0/w_reg_3__9_/D (DFCSNQD2)     0.644518 f     1.529065     0.000000 0.884547
sa10_reg_7_/D (DFCSNQD1)        0.659968 f     1.544553     0.000000 0.884585
u0/w_reg_1__16_/D (DFCSNQD1)    0.653176 f     1.537769     0.000000 0.884593
u0/w_reg_1__30_/D (DFCSNQD1)    0.649725 f     1.534524     0.000000 0.884799
u0/w_reg_3__5_/D (DFCSNQD2)     0.643825 f     1.528995     0.000000 0.885170
u0/w_reg_1__23_/D (DFCSNQD1)    0.642439 f     1.527722     0.000000 0.885283
u0/w_reg_1__12_/D (DFCSNQD1)    0.641020 f     1.526321     0.000000 0.885301
sa01_reg_7_/D (DFCSNQD1)        0.657777 f     1.543090     0.000000 0.885314
sa20_reg_7_/D (DFCSNQD1)        0.647408 f     1.532746     0.000000 0.885338
u0/w_reg_3__30_/D (DFCSNQD1)    0.648018 f     1.533788     0.000000 0.885770
sa32_reg_2_/D (DFCSNQD4)        0.652406 f     1.538236     0.000000 0.885831
text_out_reg_80_/D (DFCSNQD1)   0.545548 r     1.431379     0.000000 0.885831
u0/w_reg_2__25_/D (DFCSNQD1)    0.638470 f     1.524435     0.000000 0.885964
u0/w_reg_2__2_/D (DFCSNQD1)     0.642922 f     1.528913     0.000000 0.885991
u0/w_reg_1__6_/D (DFCSNQD1)     0.650205 f     1.536206     0.000000 0.886000
sa02_reg_0_/D (DFCSNQD4)        0.657729 r     1.544199     0.000000 0.886470
sa11_reg_3_/D (DFCSNQD4)        0.657751 f     1.544246     0.000000 0.886495
u0/w_reg_2__23_/D (DFCSNQD1)    0.630168 r     1.516787     0.000000 0.886618
u0/w_reg_0__10_/D (DFCSNQD1)    0.591649 f     1.478376     0.000000 0.886726
u0/w_reg_3__22_/D (DFCSNQD1)    0.646654 f     1.533515     0.000000 0.886861
u0/w_reg_3__7_/D (DFCSNQD1)     0.646779 f     1.533763     0.000000 0.886984
u0/w_reg_0__28_/D (DFCSNQD1)    0.637168 f     1.524444     0.000000 0.887276
sa11_reg_6_/D (DFCSNQD1)        0.659041 f     1.546438     0.000000 0.887397
u0/w_reg_3__24_/D (DFCSNQD2)    0.640575 f     1.528314     0.000000 0.887739
sa03_reg_2_/D (DFCSNQD4)        0.656398 f     1.544151     0.000000 0.887753
sa32_reg_3_/D (DFCSNQD4)        0.668889 r     1.556656     0.000000 0.887767
u0/w_reg_1__3_/D (DFCSNQD1)     0.646138 f     1.533985     0.000000 0.887847
sa22_reg_4_/D (DFCSNQD4)        0.654727 f     1.542892     0.000000 0.888165
sa22_reg_0_/D (DFCSNQD4)        0.666556 r     1.554768     0.000000 0.888211
u0/w_reg_3__19_/D (DFCSNQD4)    0.645648 f     1.534068     0.000000 0.888420
u0/w_reg_1__9_/D (DFCSNQD1)     0.646304 f     1.534786     0.000000 0.888483
sa01_reg_6_/D (DFCSNQD1)        0.649534 r     1.538197     0.000000 0.888663
sa11_reg_5_/D (DFCSNQD4)        0.649113 r     1.538355     0.000000 0.889241
sa31_reg_5_/D (DFCSNQD4)        0.651193 f     1.540648     0.000000 0.889455
u0/w_reg_2__11_/D (DFCSNQD1)    0.633191 r     1.523372     0.000000 0.890181
u0/w_reg_0__23_/D (DFCSNQD1)    0.638494 f     1.528701     0.000000 0.890207
u0/w_reg_1__19_/D (DFCSNQD1)    0.645076 f     1.535339     0.000000 0.890262
sa30_reg_7_/D (DFCSNQD1)        0.647385 f     1.537697     0.000000 0.890312
u0/w_reg_2__26_/D (DFCSNQD1)    0.635063 f     1.525604     0.000000 0.890541
u0/w_reg_1__22_/D (DFCSNQD1)    0.643122 f     1.533990     0.000000 0.890868
u0/w_reg_2__1_/D (DFCSNQD1)     0.634449 f     1.525687     0.000000 0.891238
u0/w_reg_1__29_/D (DFCSNQD1)    0.643855 f     1.535939     0.000000 0.892084
u0/w_reg_0__21_/D (DFCSNQD1)    0.616198 r     1.509490     0.000000 0.893292
u0/w_reg_3__13_/D (DFCSNQD4)    0.643893 f     1.537475     0.000000 0.893582
sa11_reg_7_/D (DFCSNQD1)        0.651087 f     1.544909     0.000000 0.893823
sa03_reg_5_/D (DFCSNQD4)        0.650579 r     1.544904     0.000000 0.894324
u0/w_reg_2__27_/D (DFCSNQD1)    0.633046 f     1.527622     0.000000 0.894576
u0/w_reg_3__14_/D (DFCSNQD1)    0.642057 f     1.536695     0.000000 0.894638
u0/w_reg_3__21_/D (DFCSNQD2)    0.640099 f     1.534777     0.000000 0.894678
sa31_reg_4_/D (DFCSNQD4)        0.642617 r     1.537873     0.000000 0.895256
u0/w_reg_1__13_/D (DFCSNQD1)    0.639860 f     1.535907     0.000000 0.896047
sa11_reg_2_/D (DFCSNQD4)        0.650957 r     1.547899     0.000000 0.896942
u0/w_reg_1__1_/D (DFCSNQD1)     0.639598 f     1.536643     0.000000 0.897045
u0/w_reg_1__31_/D (DFCSNQD1)    0.625281 f     1.522685     0.000000 0.897404
sa31_reg_7_/D (DFCSNQD1)        0.640557 f     1.538677     0.000000 0.898120
u0/w_reg_1__0_/D (DFCSNQD1)     0.639245 f     1.537562     0.000000 0.898317
u0/w_reg_2__4_/D (DFCSNQD1)     0.628253 f     1.527671     0.000000 0.899418
u0/w_reg_1__28_/D (DFCSNQD1)    0.629585 f     1.529438     0.000000 0.899853
u0/w_reg_2__17_/D (DFCSNQD1)    0.630003 f     1.530122     0.000000 0.900119
u0/w_reg_1__20_/D (DFCSNQD1)    0.619836 f     1.520100     0.000000 0.900265
u0/w_reg_3__29_/D (DFCSNQD2)    0.634523 f     1.535979     0.000000 0.901455
sa01_reg_0_/D (DFCSNQD4)        0.643926 f     1.545718     0.000000 0.901792
u0/w_reg_0__31_/D (DFCSNQD1)    0.624081 f     1.525953     0.000000 0.901872
u0/w_reg_2__20_/D (DFCSNQD1)    0.623282 f     1.525617     0.000000 0.902335
sa11_reg_0_/D (DFCSNQD4)        0.602513 r     1.505150     0.000000 0.902637
u0/w_reg_1__14_/D (DFCSNQD1)    0.636238 f     1.539525     0.000000 0.903287
u0/w_reg_1__10_/D (DFCSNQD1)    0.635096 f     1.538803     0.000000 0.903707
sa03_reg_0_/D (DFCSNQD4)        0.643279 r     1.547843     0.000000 0.904564
u0/w_reg_0__20_/D (DFCSNQD1)    0.618109 f     1.523334     0.000000 0.905226
u0/w_reg_0__7_/D (DFCSNQD1)     0.618663 f     1.524000     0.000000 0.905336
text_out_reg_69_/D (DFCSNQD1)   0.576517 r     1.482929     0.000000 0.906411
text_out_reg_10_/D (DFCSNQD1)   0.552951 r     1.461618     0.000000 0.908668
u0/w_reg_1__7_/D (DFCSNQD1)     0.617802 f     1.526976     0.000000 0.909174
u0/w_reg_2__9_/D (DFCSNQD1)     0.615809 f     1.525392     0.000000 0.909582
u0/w_reg_2__0_/D (DFCSNQD1)     0.617749 f     1.528978     0.000000 0.911229
u0/w_reg_0__18_/D (DFCSNQD1)    0.610133 f     1.522410     0.000000 0.912277
u0/w_reg_2__15_/D (DFCSNQD1)    0.613115 f     1.527869     0.000000 0.914754
u0/w_reg_1__4_/D (DFCSNQD1)     0.610806 f     1.526151     0.000000 0.915346
u0/w_reg_2__24_/D (DFCSNQD1)    0.611904 f     1.527316     0.000000 0.915412
u0/w_reg_0__29_/D (DFCSNQD1)    0.605123 r     1.522801     0.000000 0.917678
u0/w_reg_0__15_/D (DFCSNQD1)    0.606464 f     1.525318     0.000000 0.918853
u0/w_reg_1__15_/D (DFCSNQD1)    0.603432 f     1.525727     0.000000 0.922295
text_out_reg_75_/D (DFCSNQD1)   0.546196 r     1.469323     0.000000 0.923127
u0/w_reg_0__16_/D (DFCSNQD1)    0.611785 r     1.535220     0.000000 0.923435
u0/w_reg_2__22_/D (DFCSNQD1)    0.605424 r     1.529420     0.000000 0.923997
u0/w_reg_0__4_/D (DFCSNQD1)     0.603581 f     1.528890     0.000000 0.925309
u0/w_reg_0__22_/D (DFCSNQD1)    0.605262 r     1.533867     0.000000 0.928604
u0/w_reg_2__29_/D (DFCSNQD1)    0.600641 r     1.530555     0.000000 0.929913
text_out_reg_81_/D (DFCSNQD1)   0.544070 r     1.477242     0.000000 0.933172
text_out_reg_7_/D (DFCSNQD1)    0.576130 r     1.510315     0.000000 0.934185
text_out_reg_76_/D (DFCSNQD1)   0.538372 r     1.472885     0.000000 0.934514
text_out_reg_34_/D (DFCSNQD1)   0.560019 r     1.494679     0.000000 0.934660
text_out_reg_33_/D (DFCSNQD1)   0.590966 f     1.525868     0.000000 0.934902
u0/r0/out_reg_29_/D (DFCSNQD1)  0.536349 r     1.472528     0.000000 0.936179
text_out_reg_111_/D (DFCSNQD1)  0.542602 r     1.484831     0.000000 0.942229
text_out_reg_71_/D (DFCSNQD1)   0.536139 r     1.479434     0.000000 0.943296
text_out_reg_15_/D (DFCSNQD1)   0.528581 r     1.473123     0.000000 0.944542
text_out_reg_84_/D (DFCSNQD1)   0.549081 r     1.494290     0.000000 0.945209
text_out_reg_107_/D (DFCSNQD1)  0.548159 r     1.493698     0.000000 0.945539
text_out_reg_78_/D (DFCSNQD1)   0.529960 r     1.478278     0.000000 0.948317
text_in_r_reg_73_/D (DFCSNQD1)  0.511284 r     1.462342     0.000000 0.951059
text_out_reg_39_/D (DFCSNQD1)   0.578994 r     1.530656     0.000000 0.951661
text_out_reg_73_/D (DFCSNQD1)   0.524646 r     1.476682     0.000000 0.952036
text_in_r_reg_91_/D (DFCSNQD1)  0.515229 r     1.471034     0.000000 0.955805
text_out_reg_14_/D (DFCSNQD1)   0.536251 r     1.492121     0.000000 0.955869
text_out_reg_72_/D (DFCSNQD1)   0.577057 f     1.535764     0.000000 0.958708
text_out_reg_100_/D (DFCSNQD1)  0.567274 r     1.526327     0.000000 0.959053
text_out_reg_67_/D (DFCSNQD1)   0.529123 r     1.488983     0.000000 0.959861
text_out_reg_27_/D (DFCSNQD1)   0.535922 r     1.496249     0.000000 0.960328
u0/r0/out_reg_26_/D (DFCSNQD1)  0.534699 r     1.495921     0.000000 0.961222
text_in_r_reg_69_/D (DFCSNQD1)  0.510503 r     1.472392     0.000000 0.961889
text_out_reg_65_/D (DFCSNQD1)   0.518991 r     1.481136     0.000000 0.962146
text_in_r_reg_77_/D (DFCSNQD1)  0.495282 r     1.458734     0.000000 0.963452
text_out_reg_115_/D (DFCSNQD1)  0.542331 r     1.506418     0.000000 0.964087
text_in_r_reg_88_/D (DFCSNQD1)  0.481881 r     1.446672     0.000000 0.964791
text_out_reg_105_/D (DFCSNQD1)  0.540662 r     1.506113     0.000000 0.965451
text_out_reg_68_/D (DFCSNQD1)   0.518728 r     1.486051     0.000000 0.967323
text_out_reg_59_/D (DFCSNQD1)   0.533076 r     1.500435     0.000000 0.967359
u0/r0/out_reg_25_/D (DFCSNQD1)  0.524661 r     1.493255     0.000000 0.968595
text_in_r_reg_64_/D (DFCSNQD1)  0.480076 r     1.449238     0.000000 0.969163
u0/r0/out_reg_28_/D (DFCSNQD1)  0.523917 r     1.494712     0.000000 0.970795
u0/r0/out_reg_27_/D (DFCSNQD1)  0.520090 r     1.491189     0.000000 0.971099
text_out_reg_74_/D (DFCSNQD1)   0.528793 r     1.500900     0.000000 0.972108
text_out_reg_63_/D (DFCSNQD1)   0.573403 r     1.545757     0.000000 0.972355
text_out_reg_122_/D (DFCSNQD1)  0.540081 r     1.513158     0.000000 0.973076
text_out_reg_77_/D (DFCSNQD1)   0.547381 r     1.520644     0.000000 0.973263
text_out_reg_70_/D (DFCSNQD1)   0.528951 r     1.502289     0.000000 0.973338
text_out_reg_56_/D (DFCSNQD1)   0.541080 r     1.514751     0.000000 0.973672
text_out_reg_64_/D (DFCSNQD1)   0.515223 r     1.488989     0.000000 0.973766
text_out_reg_66_/D (DFCSNQD1)   0.517289 r     1.491170     0.000000 0.973881
text_out_reg_5_/D (DFCSNQD1)    0.538056 r     1.512804     0.000000 0.974748
text_in_r_reg_1_/D (DFCSNQD1)   0.489936 r     1.465025     0.000000 0.975089
text_in_r_reg_72_/D (DFCSNQD1)  0.481680 r     1.456848     0.000000 0.975168
text_out_reg_6_/D (DFCSNQD1)    0.525651 r     1.500867     0.000000 0.975216
text_in_r_reg_66_/D (DFCSNQD1)  0.484885 r     1.460446     0.000000 0.975561
text_out_reg_11_/D (DFCSNQD1)   0.524981 r     1.500580     0.000000 0.975599
text_in_r_reg_42_/D (DFCSNQD1)  0.487902 r     1.463843     0.000000 0.975940
text_out_reg_13_/D (DFCSNQD1)   0.535564 r     1.512847     0.000000 0.977283
text_out_reg_121_/D (DFCSNQD1)  0.539635 r     1.517134     0.000000 0.977499
text_in_r_reg_93_/D (DFCSNQD1)  0.495079 r     1.472802     0.000000 0.977723
text_in_r_reg_84_/D (DFCSNQD1)  0.479146 r     1.457008     0.000000 0.977862
text_in_r_reg_59_/D (DFCSNQD1)  0.486657 r     1.464625     0.000000 0.977968
text_in_r_reg_78_/D (DFCSNQD1)  0.481652 r     1.460259     0.000000 0.978607
text_in_r_reg_75_/D (DFCSNQD1)  0.479979 r     1.459486     0.000000 0.979508
text_out_reg_127_/D (DFCSNQD1)  0.559807 f     1.539449     0.000000 0.979642
text_in_r_reg_57_/D (DFCSNQD1)  0.488462 r     1.468206     0.000000 0.979744
text_in_r_reg_122_/D (DFCSNQD1) 0.485833 r     1.466228     0.000000 0.980394
text_out_reg_3_/D (DFCSNQD1)    0.537910 r     1.519624     0.000000 0.981714
text_in_r_reg_58_/D (DFCSNQD1)  0.483470 r     1.466000     0.000000 0.982530
text_out_reg_108_/D (DFCSNQD1)  0.536013 r     1.518816     0.000000 0.982803
text_out_reg_28_/D (DFCSNQD1)   0.540456 r     1.523523     0.000000 0.983066
text_in_r_reg_79_/D (DFCSNQD1)  0.486377 r     1.470247     0.000000 0.983870
text_in_r_reg_90_/D (DFCSNQD1)  0.477821 r     1.461820     0.000000 0.983999
text_in_r_reg_60_/D (DFCSNQD1)  0.485530 r     1.471361     0.000000 0.985831
text_in_r_reg_76_/D (DFCSNQD1)  0.484581 r     1.470550     0.000000 0.985969
text_out_reg_49_/D (DFCSNQD1)   0.521737 r     1.507856     0.000000 0.986120
text_in_r_reg_68_/D (DFCSNQD1)  0.477223 r     1.463828     0.000000 0.986605
text_in_r_reg_29_/D (DFCSNQD1)  0.476133 r     1.462980     0.000000 0.986847
text_in_r_reg_92_/D (DFCSNQD1)  0.482476 r     1.469613     0.000000 0.987137
text_in_r_reg_40_/D (DFCSNQD1)  0.476357 r     1.463606     0.000000 0.987249
text_out_reg_103_/D (DFCSNQD1)  0.549304 f     1.536818     0.000000 0.987514
text_out_reg_45_/D (DFCSNQD1)   0.539345 r     1.526875     0.000000 0.987530
text_in_r_reg_67_/D (DFCSNQD1)  0.479776 r     1.467768     0.000000 0.987992
text_in_r_reg_95_/D (DFCSNQD1)  0.475355 r     1.463891     0.000000 0.988536
text_out_reg_109_/D (DFCSNQD1)  0.541460 r     1.530013     0.000000 0.988553
text_in_r_reg_8_/D (DFCSNQD1)   0.483894 r     1.472999     0.000000 0.989105
text_out_reg_96_/D (DFCSNQD1)   0.535187 r     1.524680     0.000000 0.989493
text_in_r_reg_74_/D (DFCSNQD1)  0.480162 r     1.469787     0.000000 0.989626
text_out_reg_37_/D (DFCSNQD1)   0.534552 r     1.524443     0.000000 0.989892
text_in_r_reg_65_/D (DFCSNQD1)  0.484421 r     1.475064     0.000000 0.990642
text_in_r_reg_80_/D (DFCSNQD1)  0.478465 r     1.469148     0.000000 0.990683
text_out_reg_35_/D (DFCSNQD1)   0.524075 r     1.514980     0.000000 0.990905
text_in_r_reg_94_/D (DFCSNQD1)  0.473424 r     1.464416     0.000000 0.990992
text_in_r_reg_55_/D (DFCSNQD1)  0.470490 r     1.461556     0.000000 0.991066
text_in_r_reg_71_/D (DFCSNQD1)  0.476396 r     1.468701     0.000000 0.992304
text_out_reg_79_/D (DFCSNQD1)   0.508244 r     1.500601     0.000000 0.992357
text_out_reg_98_/D (DFCSNQD1)   0.523763 r     1.516425     0.000000 0.992662
u0/r0/out_reg_30_/D (DFCSNQD1)  0.458292 r     1.451358     0.000000 0.993065
text_in_r_reg_70_/D (DFCSNQD1)  0.478351 r     1.471856     0.000000 0.993505
text_out_reg_44_/D (DFCSNQD1)   0.534144 r     1.527843     0.000000 0.993699
text_out_reg_58_/D (DFCSNQD1)   0.516169 r     1.510024     0.000000 0.993855
text_out_reg_23_/D (DFCSNQD1)   0.544101 f     1.538302     0.000000 0.994201
text_out_reg_42_/D (DFCSNQD1)   0.527284 r     1.521803     0.000000 0.994519
text_out_reg_24_/D (DFCSNQD1)   0.545865 r     1.540475     0.000000 0.994611
text_out_reg_124_/D (DFCSNQD1)  0.530603 r     1.525836     0.000000 0.995233
text_in_r_reg_9_/D (DFCSNQD1)   0.472450 r     1.467958     0.000000 0.995509
text_out_reg_52_/D (DFCSNQD1)   0.527829 r     1.524883     0.000000 0.997053
text_out_reg_4_/D (DFCSNQD1)    0.534276 r     1.532000     0.000000 0.997723
text_out_reg_53_/D (DFCSNQD1)   0.529196 r     1.527470     0.000000 0.998274
text_out_reg_9_/D (DFCSNQD1)    0.525672 r     1.524941     0.000000 0.999268
text_out_reg_41_/D (DFCSNQD1)   0.534254 r     1.533625     0.000000 0.999371

1
