****************************************
Report : timing
	-path_type end
	-delay_type max
	-slack_lesser_than 1.000000
	-max_paths 684
	-sort_by slack
Design : aes_cipher_top
Version: K-2015.06-SP3-1
Date   : Tue Feb 25 14:00:46 2020
****************************************

Warning: There are 24 invalid end points for constrained paths. (UITE-416)
Endpoint                        Path Delay     Path Required    CRP     Slack
------------------------------------------------------------------------------
sa12_reg_7_/D (DFCSNQD1)        1.669131 f     1.500804     0.021460 -0.146866
sa02_reg_6_/D (DFCSNQD1)        1.668817 f     1.503058     0.021460 -0.144298
u0/w_reg_2__3_/D (DFCSNQD1)     1.461996 f     1.308774     0.021460 -0.131762
sa02_reg_7_/D (DFCSNQD1)        1.628317 f     1.476882     0.021460 -0.129975
u0/w_reg_1__2_/D (DFCSNQD1)     1.606971 f     1.456467     0.021460 -0.129044
u0/w_reg_2__28_/D (DFCSNQD1)    1.504152 f     1.354716     0.021460 -0.127976
u0/w_reg_3__2_/D (DFCSNQD2)     1.584334 r     1.435414     0.021460 -0.127459
sa00_reg_7_/D (DFCSNQD1)        1.615345 f     1.467828     0.021460 -0.126057
u0/w_reg_3__28_/D (DFCSNQD2)    1.614307 f     1.471480     0.021460 -0.121366
sa10_reg_4_/D (DFCSNQD4)        1.603931 f     1.462584     0.021460 -0.119887
u0/w_reg_2__30_/D (DFCSNQD1)    1.467640 f     1.327437     0.021460 -0.118742
sa13_reg_4_/D (DFCSNQD4)        1.524481 f     1.385550     0.021460 -0.117471
sa00_reg_1_/D (DFCSNQD4)        1.517270 r     1.378359     0.021460 -0.117451
u0/w_reg_3__31_/D (DFCSNQD1)    1.506206 f     1.367753     0.021460 -0.116992
sa32_reg_1_/D (DFCSNQD4)        1.604931 r     1.467058     0.021460 -0.116413
sa30_reg_6_/D (DFCSNQD1)        1.612334 f     1.476038     0.021460 -0.114835
sa20_reg_0_/D (DFCSNQD4)        1.610451 f     1.475115     0.021460 -0.113876
sa02_reg_3_/D (DFCSNQD4)        1.599796 f     1.464464     0.021460 -0.113872
sa22_reg_6_/D (DFCSNQD1)        1.616194 f     1.481541     0.021460 -0.113193
sa20_reg_2_/D (DFCSNQD4)        1.637692 f     1.503276     0.021460 -0.112956
sa01_reg_3_/D (DFCSNQD4)        1.594727 f     1.460470     0.021460 -0.112797
sa12_reg_6_/D (DFCSNQD1)        1.603761 f     1.470541     0.021460 -0.111759
sa32_reg_6_/D (DFCSNQD1)        1.600845 f     1.467692     0.021460 -0.111693
sa00_reg_4_/D (DFCSNQD4)        1.603066 f     1.470846     0.021460 -0.110760
sa13_reg_1_/D (DFCSNQD4)        1.581906 f     1.449689     0.021460 -0.110757
sa33_reg_5_/D (DFCSNQD4)        1.603048 f     1.471857     0.021460 -0.109730
sa10_reg_2_/D (DFCSNQD4)        1.605072 f     1.474840     0.021460 -0.108772
sa03_reg_2_/D (DFCSNQD4)        1.611088 f     1.481271     0.021460 -0.108357
sa31_reg_6_/D (DFCSNQD1)        1.611165 f     1.481965     0.021460 -0.107740
u0/w_reg_2__5_/D (DFCSNQD1)     1.456506 r     1.327666     0.021460 -0.107380
sa02_reg_4_/D (DFCSNQD4)        1.606151 f     1.477646     0.021460 -0.107044
sa13_reg_0_/D (DFCSNQD4)        1.596307 f     1.467837     0.021460 -0.107010
sa02_reg_5_/D (DFCSNQD4)        1.603975 f     1.475671     0.021460 -0.106843
sa12_reg_0_/D (DFCSNQD4)        1.593005 f     1.464780     0.021460 -0.106764
sa00_reg_0_/D (DFCSNQD4)        1.588677 f     1.460712     0.021460 -0.106505
sa23_reg_0_/D (DFCSNQD4)        1.626610 f     1.499258     0.021460 -0.105892
sa03_reg_4_/D (DFCSNQD4)        1.607770 f     1.480472     0.021460 -0.105838
sa00_reg_2_/D (DFCSNQD4)        1.599491 f     1.472288     0.021460 -0.105743
sa30_reg_2_/D (DFCSNQD4)        1.581455 f     1.455315     0.021460 -0.104680
u0/w_reg_3__23_/D (DFCSNQD1)    1.498520 f     1.372608     0.021460 -0.104451
sa03_reg_1_/D (DFCSNQD4)        1.520613 f     1.396690     0.021460 -0.102462
u0/w_reg_0__0_/D (DFCSNQD1)     1.462127 r     1.338377     0.021460 -0.102289
sa33_reg_6_/D (DFCSNQD1)        1.622170 f     1.498590     0.021460 -0.102120
sa32_reg_4_/D (DFCSNQD4)        1.540690 f     1.417166     0.021460 -0.102063
sa20_reg_6_/D (DFCSNQD1)        1.602378 f     1.478895     0.021460 -0.102023
sa10_reg_5_/D (DFCSNQD4)        1.580081 f     1.457232     0.021460 -0.101389
sa13_reg_6_/D (DFCSNQD1)        1.587315 f     1.464539     0.021460 -0.101315
sa10_reg_6_/D (DFCSNQD1)        1.593514 f     1.471006     0.021460 -0.101048
u0/w_reg_3__11_/D (DFCSNQD4)    1.569704 f     1.447508     0.021460 -0.100736
sa12_reg_2_/D (DFCSNQD4)        1.621157 f     1.499137     0.021460 -0.100560
sa33_reg_0_/D (DFCSNQD4)        1.587216 f     1.465210     0.021460 -0.100546
u0/w_reg_1__27_/D (DFCSNQD1)    1.590162 f     1.468340     0.021460 -0.100362
sa02_reg_0_/D (DFCSNQD4)        1.592100 f     1.470536     0.021460 -0.100103
sa13_reg_7_/D (DFCSNQD1)        1.627281 f     1.506174     0.021460 -0.099646
sa03_reg_6_/D (DFCSNQD1)        1.574616 f     1.453581     0.021460 -0.099574
sa03_reg_5_/D (DFCSNQD4)        1.593682 f     1.472774     0.021460 -0.099448
sa32_reg_5_/D (DFCSNQD4)        1.569538 f     1.448725     0.021460 -0.099352
u0/w_reg_0__6_/D (DFCSNQD1)     1.459941 f     1.339708     0.021460 -0.098773
u0/w_reg_0__24_/D (DFCSNQD1)    1.459266 r     1.339160     0.021460 -0.098646
sa01_reg_1_/D (DFCSNQD4)        1.526090 f     1.406396     0.021460 -0.098233
sa20_reg_4_/D (DFCSNQD4)        1.591233 f     1.471612     0.021460 -0.098161
sa12_reg_5_/D (DFCSNQD4)        1.585051 f     1.465693     0.021460 -0.097898
u0/w_reg_1__17_/D (DFCSNQD1)    1.579698 f     1.460376     0.021460 -0.097861
sa00_reg_5_/D (DFCSNQD4)        1.583754 f     1.465378     0.021460 -0.096915
sa32_reg_0_/D (DFCSNQD4)        1.582766 f     1.465258     0.021460 -0.096048
sa11_reg_6_/D (DFCSNQD1)        1.600329 f     1.483092     0.021460 -0.095777
u0/w_reg_1__26_/D (DFCSNQD1)    1.588427 f     1.471889     0.021460 -0.095078
sa33_reg_2_/D (DFCSNQD4)        1.589137 f     1.472624     0.021460 -0.095053
sa02_reg_1_/D (DFCSNQD4)        1.575561 f     1.459273     0.021460 -0.094827
sa12_reg_4_/D (DFCSNQD4)        1.589470 f     1.473608     0.021460 -0.094402
sa30_reg_4_/D (DFCSNQD4)        1.574809 f     1.459328     0.021460 -0.094021
sa11_reg_1_/D (DFCSNQD4)        1.590336 f     1.474974     0.021460 -0.093901
sa03_reg_3_/D (DFCSNQD4)        1.579638 f     1.464540     0.021460 -0.093637
sa22_reg_3_/D (DFCSNQD4)        1.577603 f     1.462849     0.021460 -0.093293
sa32_reg_7_/D (DFCSNQD1)        1.583748 f     1.469129     0.021460 -0.093159
sa33_reg_7_/D (DFCSNQD1)        1.579813 f     1.465238     0.021460 -0.093115
sa30_reg_5_/D (DFCSNQD4)        1.592808 f     1.478599     0.021460 -0.092749
sa33_reg_3_/D (DFCSNQD4)        1.615463 r     1.501934     0.021460 -0.092069
sa31_reg_2_/D (DFCSNQD4)        1.589972 f     1.476578     0.021460 -0.091934
u0/w_reg_3__15_/D (DFCSNQD1)    1.491758 f     1.378463     0.021460 -0.091835
sa10_reg_3_/D (DFCSNQD4)        1.583434 f     1.470148     0.021460 -0.091825
sa31_reg_1_/D (DFCSNQD4)        1.537294 r     1.424068     0.021460 -0.091766
sa23_reg_7_/D (DFCSNQD1)        1.617239 f     1.504059     0.021460 -0.091720
u0/w_reg_3__27_/D (DFCSNQD4)    1.576548 f     1.463823     0.021460 -0.091264
sa21_reg_7_/D (DFCSNQD1)        1.595959 f     1.483338     0.021460 -0.091161
sa33_reg_4_/D (DFCSNQD4)        1.584971 f     1.472649     0.021460 -0.090862
sa23_reg_2_/D (DFCSNQD4)        1.611453 f     1.499165     0.021460 -0.090827
sa23_reg_5_/D (DFCSNQD4)        1.582688 f     1.470711     0.021460 -0.090517
u0/w_reg_2__31_/D (DFCSNQD1)    1.446544 f     1.334908     0.021460 -0.090176
sa21_reg_2_/D (DFCSNQD4)        1.571760 f     1.460468     0.021460 -0.089831
sa33_reg_1_/D (DFCSNQD4)        1.560683 f     1.449425     0.021460 -0.089797
sa11_reg_4_/D (DFCSNQD4)        1.581794 f     1.470735     0.021460 -0.089599
sa22_reg_7_/D (DFCSNQD1)        1.592224 f     1.481309     0.021460 -0.089455
u0/w_reg_0__17_/D (DFCSNQD1)    1.489697 r     1.378964     0.021460 -0.089273
sa01_reg_5_/D (DFCSNQD4)        1.577190 f     1.466502     0.021460 -0.089228
sa10_reg_0_/D (DFCSNQD4)        1.600908 r     1.490918     0.021460 -0.088529
sa23_reg_1_/D (DFCSNQD4)        1.605222 f     1.495576     0.021460 -0.088185
sa30_reg_3_/D (DFCSNQD4)        1.619559 r     1.510016     0.021460 -0.088082
u0/w_reg_3__3_/D (DFCSNQD4)     1.572774 f     1.463680     0.021460 -0.087633
u0/w_reg_3__26_/D (DFCSNQD1)    1.574639 f     1.466034     0.021460 -0.087145
sa13_reg_2_/D (DFCSNQD4)        1.570533 f     1.462291     0.021460 -0.086782
sa21_reg_3_/D (DFCSNQD4)        1.589287 f     1.481066     0.021460 -0.086761
sa11_reg_3_/D (DFCSNQD4)        1.589586 f     1.481536     0.021460 -0.086590
sa02_reg_2_/D (DFCSNQD4)        1.587968 f     1.480338     0.021460 -0.086170
sa01_reg_0_/D (DFCSNQD4)        1.583246 f     1.476295     0.021460 -0.085490
sa31_reg_3_/D (DFCSNQD4)        1.533364 f     1.426774     0.021460 -0.085130
u0/w_reg_1__30_/D (DFCSNQD1)    1.574224 f     1.467842     0.021460 -0.084923
sa23_reg_3_/D (DFCSNQD4)        1.570986 f     1.465149     0.021460 -0.084376
sa01_reg_2_/D (DFCSNQD4)        1.576026 f     1.470495     0.021460 -0.084070
u0/w_reg_3__20_/D (DFCSNQD4)    1.473801 f     1.368750     0.021460 -0.083591
sa23_reg_6_/D (DFCSNQD1)        1.596110 f     1.491252     0.021460 -0.083398
sa00_reg_6_/D (DFCSNQD1)        1.571992 f     1.467287     0.021460 -0.083245
sa13_reg_3_/D (DFCSNQD4)        1.573984 f     1.470363     0.021460 -0.082161
sa21_reg_4_/D (DFCSNQD4)        1.524736 r     1.421157     0.021460 -0.082119
sa20_reg_1_/D (DFCSNQD4)        1.538517 f     1.434997     0.021460 -0.082060
u0/w_reg_2__10_/D (DFCSNQD1)    1.426853 f     1.323561     0.021460 -0.081831
sa30_reg_0_/D (DFCSNQD4)        1.542932 f     1.439690     0.021460 -0.081782
sa01_reg_4_/D (DFCSNQD4)        1.528805 r     1.425879     0.021460 -0.081466
u0/w_reg_1__6_/D (DFCSNQD1)     1.571260 f     1.468538     0.021460 -0.081262
sa21_reg_5_/D (DFCSNQD4)        1.569308 f     1.466721     0.021460 -0.081126
sa13_reg_5_/D (DFCSNQD4)        1.547571 f     1.445084     0.021460 -0.081026
sa03_reg_7_/D (DFCSNQD1)        1.579386 f     1.477214     0.021460 -0.080711
u0/w_reg_3__30_/D (DFCSNQD1)    1.568785 f     1.467049     0.021460 -0.080275
u0/w_reg_3__6_/D (DFCSNQD1)     1.564027 f     1.462448     0.021460 -0.080119
u0/w_reg_3__17_/D (DFCSNQD2)    1.576374 f     1.474939     0.021460 -0.079974
sa32_reg_2_/D (DFCSNQD4)        1.568365 f     1.467016     0.021460 -0.079889
u0/w_reg_3__22_/D (DFCSNQD1)    1.566881 f     1.465729     0.021460 -0.079691
u0/w_reg_3__25_/D (DFCSNQD2)    1.574817 f     1.473688     0.021460 -0.079669
sa20_reg_3_/D (DFCSNQD4)        1.576391 r     1.475975     0.021460 -0.078955
u0/w_reg_1__22_/D (DFCSNQD1)    1.566730 f     1.466699     0.021460 -0.078570
sa12_reg_1_/D (DFCSNQD4)        1.559057 f     1.459128     0.021460 -0.078469
sa00_reg_3_/D (DFCSNQD4)        1.607697 r     1.508109     0.021460 -0.078127
u0/w_reg_3__8_/D (DFCSNQD4)     1.569833 f     1.470248     0.021460 -0.078124
sa10_reg_1_/D (DFCSNQD4)        1.550174 f     1.450799     0.021460 -0.077915
u0/w_reg_1__5_/D (DFCSNQD1)     1.549239 f     1.449956     0.021460 -0.077824
sa21_reg_0_/D (DFCSNQD4)        1.563500 r     1.464597     0.021460 -0.077443
u0/w_reg_3__5_/D (DFCSNQD2)     1.558262 f     1.459767     0.021460 -0.077035
u0/w_reg_3__4_/D (DFCSNQD4)     1.515492 f     1.417435     0.021460 -0.076597
sa01_reg_7_/D (DFCSNQD1)        1.578734 f     1.480755     0.021460 -0.076519
sa21_reg_1_/D (DFCSNQD4)        1.472371 r     1.374465     0.021460 -0.076446
sa22_reg_4_/D (DFCSNQD4)        1.577873 f     1.480324     0.021460 -0.076089
sa22_reg_1_/D (DFCSNQD4)        1.516363 r     1.418835     0.021460 -0.076068
u0/w_reg_1__3_/D (DFCSNQD1)     1.564545 f     1.467302     0.021460 -0.075783
sa21_reg_6_/D (DFCSNQD1)        1.569285 f     1.472231     0.021460 -0.075593
sa31_reg_5_/D (DFCSNQD4)        1.566554 f     1.469906     0.021460 -0.075188
u0/w_reg_3__10_/D (DFCSNQD1)    1.550689 f     1.454198     0.021460 -0.075031
sa10_reg_7_/D (DFCSNQD1)        1.575879 f     1.479531     0.021460 -0.074887
sa30_reg_7_/D (DFCSNQD1)        1.566379 f     1.470805     0.021460 -0.074113
u0/w_reg_3__14_/D (DFCSNQD1)    1.557826 f     1.462544     0.021460 -0.073821
sa23_reg_4_/D (DFCSNQD4)        1.568993 f     1.473795     0.021460 -0.073738
sa31_reg_0_/D (DFCSNQD4)        1.562362 f     1.467313     0.021460 -0.073589
u0/w_reg_1__8_/D (DFCSNQD1)     1.560707 f     1.465853     0.021460 -0.073394
u0/w_reg_1__29_/D (DFCSNQD1)    1.565643 f     1.470947     0.021460 -0.073236
u0/w_reg_1__25_/D (DFCSNQD1)    1.566310 f     1.472270     0.021460 -0.072579
sa20_reg_5_/D (DFCSNQD4)        1.589749 f     1.495711     0.021460 -0.072577
sa11_reg_7_/D (DFCSNQD1)        1.571539 f     1.478845     0.021460 -0.071234
sa20_reg_7_/D (DFCSNQD1)        1.554001 f     1.461910     0.021460 -0.070631
u0/w_reg_2__6_/D (DFCSNQD1)     1.446661 f     1.354895     0.021460 -0.070306
u0/w_reg_0__30_/D (DFCSNQD1)    1.455421 f     1.364009     0.021460 -0.069952
sa22_reg_2_/D (DFCSNQD4)        1.565732 f     1.475230     0.021460 -0.069041
u0/w_reg_0__27_/D (DFCSNQD1)    1.454406 f     1.364024     0.021460 -0.068922
sa30_reg_1_/D (DFCSNQD4)        1.593506 r     1.503896     0.021460 -0.068150
sa11_reg_2_/D (DFCSNQD4)        1.565958 f     1.476485     0.021460 -0.068013
sa12_reg_3_/D (DFCSNQD4)        1.559825 f     1.470963     0.021460 -0.067402
sa22_reg_0_/D (DFCSNQD4)        1.590062 f     1.501202     0.021460 -0.067400
u0/w_reg_3__1_/D (DFCSNQD2)     1.559746 f     1.470887     0.021460 -0.067398
u0/w_reg_0__12_/D (DFCSNQD1)    1.537454 f     1.449187     0.021460 -0.066807
u0/w_reg_1__24_/D (DFCSNQD1)    1.547453 f     1.459818     0.021460 -0.066175
u0/w_reg_0__28_/D (DFCSNQD1)    1.540934 f     1.455043     0.021460 -0.064431
sa31_reg_4_/D (DFCSNQD4)        1.556834 f     1.471033     0.021460 -0.064340
u0/w_reg_2__16_/D (DFCSNQD1)    1.478339 r     1.392792     0.021460 -0.064087
u0/w_reg_1__16_/D (DFCSNQD1)    1.557464 f     1.472198     0.021460 -0.063806
u0/w_reg_0__3_/D (DFCSNQD1)     1.448236 f     1.363433     0.021460 -0.063342
u0/w_reg_3__7_/D (DFCSNQD1)     1.550571 f     1.465873     0.021460 -0.063238
u0/w_reg_1__1_/D (DFCSNQD1)     1.551968 f     1.467480     0.021460 -0.063028
sa31_reg_7_/D (DFCSNQD1)        1.552415 f     1.468035     0.021460 -0.062920
sa01_reg_6_/D (DFCSNQD1)        1.547832 f     1.464493     0.021460 -0.061879
u0/w_reg_1__11_/D (DFCSNQD1)    1.535693 f     1.452660     0.021460 -0.061572
u0/w_reg_3__0_/D (DFCSNQD4)     1.532300 f     1.449690     0.021460 -0.061149
u0/w_reg_0__11_/D (DFCSNQD1)    1.467549 f     1.385083     0.021460 -0.061006
u0/w_reg_3__16_/D (DFCSNQD2)    1.548628 f     1.466184     0.021460 -0.060983
u0/w_reg_2__12_/D (DFCSNQD1)    1.529284 f     1.447700     0.021460 -0.060124
u0/w_reg_3__29_/D (DFCSNQD2)    1.552389 f     1.470899     0.021460 -0.060030
u0/w_reg_3__13_/D (DFCSNQD4)    1.549499 f     1.468388     0.021460 -0.059651
u0/w_reg_1__18_/D (DFCSNQD1)    1.549421 f     1.468636     0.021460 -0.059325
u0/w_reg_1__19_/D (DFCSNQD1)    1.550003 f     1.469511     0.021460 -0.059032
u0/w_reg_3__18_/D (DFCSNQD2)    1.545197 f     1.464786     0.021460 -0.058950
u0/w_reg_2__2_/D (DFCSNQD1)     1.540259 f     1.460033     0.021460 -0.058765
u0/w_reg_3__9_/D (DFCSNQD2)     1.541847 f     1.462126     0.021460 -0.058260
u0/w_reg_1__14_/D (DFCSNQD1)    1.548478 f     1.468760     0.021460 -0.058258
u0/w_reg_1__9_/D (DFCSNQD1)     1.547601 f     1.468081     0.021460 -0.058059
u0/w_reg_3__12_/D (DFCSNQD2)    1.447213 f     1.367802     0.021460 -0.057950
u0/w_reg_3__24_/D (DFCSNQD2)    1.540968 f     1.462126     0.021460 -0.057381
u0/w_reg_0__2_/D (DFCSNQD1)     1.439115 f     1.360362     0.021460 -0.057293
sa11_reg_5_/D (DFCSNQD4)        1.550093 f     1.473147     0.021460 -0.055486
u0/w_reg_0__13_/D (DFCSNQD1)    1.429194 f     1.352400     0.021460 -0.055334
u0/w_reg_0__5_/D (DFCSNQD1)     1.431837 r     1.355461     0.021460 -0.054916
sa32_reg_3_/D (DFCSNQD4)        1.596668 r     1.521088     0.021460 -0.054120
u0/w_reg_3__19_/D (DFCSNQD4)    1.535679 f     1.462597     0.021460 -0.051622
u0/w_reg_0__26_/D (DFCSNQD1)    1.449970 f     1.378471     0.021460 -0.050038
u0/w_reg_1__21_/D (DFCSNQD1)    1.536744 r     1.466734     0.021460 -0.048550
sa22_reg_5_/D (DFCSNQD4)        1.496402 f     1.428496     0.021460 -0.046446
u0/w_reg_2__21_/D (DFCSNQD1)    1.449633 r     1.382431     0.021460 -0.045742
u0/w_reg_1__12_/D (DFCSNQD1)    1.522317 f     1.457715     0.021460 -0.043142
u0/w_reg_2__7_/D (DFCSNQD1)     1.432219 f     1.368317     0.021460 -0.042441
u0/w_reg_0__19_/D (DFCSNQD1)    1.429123 f     1.365451     0.021460 -0.042212
u0/w_reg_1__13_/D (DFCSNQD1)    1.532901 f     1.470356     0.021460 -0.041084
u0/w_reg_2__25_/D (DFCSNQD1)    1.517185 f     1.454813     0.021460 -0.040912
u0/w_reg_0__25_/D (DFCSNQD1)    1.431859 f     1.370251     0.021460 -0.040147
u0/w_reg_3__21_/D (DFCSNQD2)    1.528724 f     1.467543     0.021460 -0.039721
u0/w_reg_1__10_/D (DFCSNQD1)    1.525660 f     1.465284     0.021460 -0.038916
u0/w_reg_2__11_/D (DFCSNQD1)    1.506055 f     1.446786     0.021460 -0.037809
u0/w_reg_1__28_/D (DFCSNQD1)    1.522578 f     1.463777     0.021460 -0.037341
u0/w_reg_1__0_/D (DFCSNQD1)     1.528759 f     1.470567     0.021460 -0.036731
sa03_reg_0_/D (DFCSNQD4)        1.534457 f     1.476312     0.021460 -0.036685
u0/w_reg_0__9_/D (DFCSNQD1)     1.411466 f     1.355652     0.021460 -0.034353
u0/w_reg_2__19_/D (DFCSNQD1)    1.488963 r     1.433533     0.021460 -0.033969
u0/w_reg_2__1_/D (DFCSNQD1)     1.508152 f     1.454391     0.021460 -0.032301
u0/w_reg_2__26_/D (DFCSNQD1)    1.510334 f     1.457250     0.021460 -0.031624
u0/w_reg_2__13_/D (DFCSNQD1)    1.425926 f     1.375590     0.021460 -0.028876
u0/w_reg_2__27_/D (DFCSNQD1)    1.511543 f     1.461338     0.021460 -0.028745
u0/w_reg_2__8_/D (DFCSNQD1)     1.432663 f     1.383483     0.021460 -0.027719
u0/w_reg_2__18_/D (DFCSNQD1)    1.456040 r     1.407344     0.021460 -0.027236
u0/w_reg_0__8_/D (DFCSNQD1)     1.438977 f     1.390914     0.021460 -0.026603
u0/w_reg_1__23_/D (DFCSNQD1)    1.507495 f     1.459858     0.021460 -0.026177
u0/w_reg_0__23_/D (DFCSNQD1)    1.504840 f     1.457933     0.021460 -0.025446
u0/w_reg_2__4_/D (DFCSNQD1)     1.498453 f     1.456852     0.021460 -0.020140
u0/w_reg_1__31_/D (DFCSNQD1)    1.493331 f     1.452024     0.021460 -0.019848
u0/w_reg_0__21_/D (DFCSNQD1)    1.455384 r     1.417425     0.021460 -0.016499
u0/w_reg_0__1_/D (DFCSNQD1)     1.449000 r     1.411777     0.021460 -0.015762
u0/w_reg_2__14_/D (DFCSNQD1)    1.416787 f     1.380232     0.021460 -0.015095
u0/w_reg_0__7_/D (DFCSNQD1)     1.484130 f     1.451183     0.021460 -0.011487
u0/w_reg_0__31_/D (DFCSNQD1)    1.490646 f     1.457914     0.021460 -0.011271
u0/w_reg_2__17_/D (DFCSNQD1)    1.497557 f     1.464903     0.021460 -0.011193
u0/w_reg_2__23_/D (DFCSNQD1)    1.474151 f     1.443387     0.021460 -0.009304
u0/w_reg_1__7_/D (DFCSNQD1)     1.482644 f     1.456573     0.021460 -0.004611
u0/w_reg_0__14_/D (DFCSNQD1)    1.406440 f     1.381984     0.021460 -0.002995
u0/w_reg_0__10_/D (DFCSNQD1)    1.404155 f     1.382540     0.021460 -0.000154
sa11_reg_0_/D (DFCSNQD4)        1.445973 r     1.427439     0.021460 0.002926
u0/w_reg_1__20_/D (DFCSNQD1)    1.462536 f     1.447451     0.021460 0.006376
u0/w_reg_0__29_/D (DFCSNQD1)    1.463328 r     1.448444     0.021460 0.006577
u0/w_reg_2__9_/D (DFCSNQD1)     1.467606 f     1.456102     0.021460 0.009956
u0/w_reg_1__4_/D (DFCSNQD1)     1.465533 f     1.454129     0.021460 0.010056
u0/w_reg_2__0_/D (DFCSNQD1)     1.471004 f     1.460022     0.021460 0.010478
text_out_reg_85_/D (DFCSNQD1)   1.287321 r     1.278671     0.021460 0.012811
u0/w_reg_2__20_/D (DFCSNQD1)    1.463361 f     1.457196     0.021460 0.015295
u0/w_reg_2__15_/D (DFCSNQD1)    1.462547 f     1.458627     0.021460 0.017541
text_out_reg_46_/D (DFCSNQD1)   1.312636 r     1.311006     0.021460 0.019831
u0/w_reg_2__22_/D (DFCSNQD1)    1.463098 r     1.461904     0.021460 0.020266
u0/w_reg_0__20_/D (DFCSNQD1)    1.482648 f     1.453019     0.055182 0.025552
u0/w_reg_0__15_/D (DFCSNQD1)    1.450614 f     1.455072     0.021460 0.025918
text_out_reg_80_/D (DFCSNQD1)   1.282663 r     1.290608     0.021460 0.029406
u0/w_reg_2__24_/D (DFCSNQD1)    1.451067 f     1.460489     0.021460 0.030882
u0/w_reg_0__22_/D (DFCSNQD1)    1.463072 r     1.474104     0.021460 0.032492
u0/w_reg_1__15_/D (DFCSNQD1)    1.443088 f     1.455791     0.021460 0.034164
u0/w_reg_2__29_/D (DFCSNQD1)    1.452878 r     1.466930     0.021460 0.035512
u0/w_reg_0__4_/D (DFCSNQD1)     1.441850 f     1.459535     0.021460 0.039146
u0/w_reg_0__18_/D (DFCSNQD1)    1.428922 f     1.447788     0.021460 0.040327
u0/w_reg_0__16_/D (DFCSNQD1)    1.441576 f     1.476774     0.021460 0.056659
text_out_reg_69_/D (DFCSNQD1)   1.351389 r     1.391802     0.021460 0.061873
text_out_reg_33_/D (DFCSNQD1)   1.397988 r     1.440442     0.021460 0.063914
text_out_reg_75_/D (DFCSNQD1)   1.306530 r     1.360311     0.021460 0.075241
text_out_reg_10_/D (DFCSNQD1)   1.281887 r     1.346792     0.021460 0.086365
u0/r0/out_reg_29_/D (DFCSNQD1)  1.344046 r     1.353804     0.086536 0.096293
text_out_reg_34_/D (DFCSNQD1)   1.321561 r     1.399097     0.021460 0.098996
u0/r0/out_reg_27_/D (DFCSNQD1)  1.306246 r     1.384385     0.021460 0.099600
text_out_reg_7_/D (DFCSNQD1)    1.344825 r     1.429766     0.021460 0.106401
u0/r0/out_reg_26_/D (DFCSNQD1)  1.340361 r     1.393167     0.053878 0.106684
text_out_reg_72_/D (DFCSNQD1)   1.365225 f     1.470198     0.021460 0.126433
text_out_reg_100_/D (DFCSNQD1)  1.346506 r     1.454801     0.021460 0.129755
text_out_reg_84_/D (DFCSNQD1)   1.298677 r     1.411885     0.021460 0.134668
u0/r0/out_reg_28_/D (DFCSNQD1)  1.308653 r     1.391878     0.053878 0.137102
text_out_reg_107_/D (DFCSNQD1)  1.282698 r     1.400941     0.021460 0.139703
text_out_reg_39_/D (DFCSNQD1)   1.339375 f     1.459775     0.021460 0.141860
text_out_reg_76_/D (DFCSNQD1)   1.256925 r     1.378568     0.021460 0.143103
text_out_reg_81_/D (DFCSNQD1)   1.260510 r     1.384449     0.021460 0.145399
text_out_reg_67_/D (DFCSNQD1)   1.263151 r     1.391097     0.021460 0.149406
text_out_reg_115_/D (DFCSNQD1)  1.291516 r     1.420585     0.021460 0.150529
text_out_reg_78_/D (DFCSNQD1)   1.244533 r     1.374415     0.021460 0.151342
text_out_reg_111_/D (DFCSNQD1)  1.251540 r     1.384526     0.021460 0.154446
text_out_reg_15_/D (DFCSNQD1)   1.227638 r     1.365485     0.021460 0.159307
text_out_reg_63_/D (DFCSNQD1)   1.333460 f     1.471815     0.021460 0.159815
text_out_reg_77_/D (DFCSNQD1)   1.308609 f     1.448403     0.021460 0.161254
text_out_reg_27_/D (DFCSNQD1)   1.260925 r     1.403407     0.021460 0.163942
u0/r0/out_reg_25_/D (DFCSNQD1)  1.310283 r     1.388796     0.086536 0.165049
text_out_reg_14_/D (DFCSNQD1)   1.250537 r     1.398238     0.021460 0.169161
text_out_reg_71_/D (DFCSNQD1)   1.254973 f     1.403870     0.021460 0.170357
text_out_reg_5_/D (DFCSNQD1)    1.278438 r     1.429290     0.021460 0.172313
text_out_reg_127_/D (DFCSNQD1)  1.318824 f     1.471393     0.021460 0.174030
text_out_reg_105_/D (DFCSNQD1)  1.259890 r     1.418476     0.021460 0.180047
text_out_reg_59_/D (DFCSNQD1)   1.250415 r     1.409324     0.021460 0.180369
text_out_reg_70_/D (DFCSNQD1)   1.262747 f     1.423906     0.021460 0.182619
text_out_reg_56_/D (DFCSNQD1)   1.270889 r     1.432721     0.021460 0.183292
u0/r0/out_reg_30_/D (DFCSNQD1)  1.150958 r     1.316117     0.021460 0.186619
text_out_reg_64_/D (DFCSNQD1)   1.223557 r     1.393175     0.021460 0.191078
text_out_reg_73_/D (DFCSNQD1)   1.213362 r     1.383273     0.021460 0.191371
text_out_reg_65_/D (DFCSNQD1)   1.214613 r     1.388804     0.021460 0.195651
text_out_reg_13_/D (DFCSNQD1)   1.250551 r     1.429630     0.021460 0.200540
text_out_reg_66_/D (DFCSNQD1)   1.223488 r     1.402811     0.021460 0.200783
text_out_reg_3_/D (DFCSNQD1)    1.260546 r     1.440708     0.021460 0.201622
text_out_reg_96_/D (DFCSNQD1)   1.270378 r     1.452069     0.021460 0.203151
text_out_reg_103_/D (DFCSNQD1)  1.288918 f     1.470786     0.021460 0.203328
text_out_reg_74_/D (DFCSNQD1)   1.236386 r     1.418521     0.021460 0.203595
text_out_reg_11_/D (DFCSNQD1)   1.229220 r     1.412402     0.021460 0.204643
text_out_reg_6_/D (DFCSNQD1)    1.229013 r     1.413947     0.021460 0.206394
text_out_reg_121_/D (DFCSNQD1)  1.251897 r     1.437163     0.021460 0.206726
text_out_reg_109_/D (DFCSNQD1)  1.276197 r     1.464002     0.021460 0.209266
text_out_reg_28_/D (DFCSNQD1)   1.261299 r     1.449194     0.021460 0.209355
text_out_reg_23_/D (DFCSNQD1)   1.290095 f     1.479268     0.021460 0.210633
text_out_reg_49_/D (DFCSNQD1)   1.230929 r     1.420962     0.021460 0.211493
text_out_reg_44_/D (DFCSNQD1)   1.266600 r     1.457317     0.021460 0.212178
text_out_reg_68_/D (DFCSNQD1)   1.217099 f     1.409455     0.021460 0.213817
text_out_reg_37_/D (DFCSNQD1)   1.257043 r     1.452086     0.021460 0.216504
text_out_reg_108_/D (DFCSNQD1)  1.243918 r     1.440351     0.021460 0.217894
text_out_reg_53_/D (DFCSNQD1)   1.259698 f     1.457147     0.021460 0.218909
text_out_reg_35_/D (DFCSNQD1)   1.232849 r     1.433018     0.021460 0.221630
text_out_reg_82_/D (DFCSNQD1)   1.265780 f     1.467105     0.021460 0.222785
text_out_reg_45_/D (DFCSNQD1)   1.256469 r     1.457824     0.021460 0.222816
text_out_reg_24_/D (DFCSNQD1)   1.266227 f     1.468671     0.021460 0.223905
text_out_reg_79_/D (DFCSNQD1)   1.206291 r     1.411164     0.021460 0.226333
text_out_reg_91_/D (DFCSNQD1)   1.265882 f     1.470761     0.021460 0.226340
text_out_reg_42_/D (DFCSNQD1)   1.243852 r     1.450115     0.021460 0.227723
text_out_reg_122_/D (DFCSNQD1)  1.256301 r     1.429679     0.056229 0.229607
text_out_reg_93_/D (DFCSNQD1)   1.246310 f     1.456421     0.021460 0.231572
text_out_reg_41_/D (DFCSNQD1)   1.262240 r     1.472776     0.021460 0.231997
text_out_reg_124_/D (DFCSNQD1)  1.243001 r     1.453957     0.021460 0.232416
text_out_reg_98_/D (DFCSNQD1)   1.224062 r     1.435207     0.021460 0.232605
text_out_reg_58_/D (DFCSNQD1)   1.210229 r     1.425379     0.021460 0.236610
text_out_reg_4_/D (DFCSNQD1)    1.241408 f     1.457475     0.021460 0.237527
text_out_reg_38_/D (DFCSNQD1)   1.252417 r     1.468597     0.021460 0.237640
text_out_reg_114_/D (DFCSNQD1)  1.248786 f     1.466156     0.021460 0.238830
text_out_reg_9_/D (DFCSNQD1)    1.226354 r     1.449157     0.021460 0.244264
text_out_reg_113_/D (DFCSNQD1)  1.226537 r     1.451716     0.021460 0.246639
text_out_reg_47_/D (DFCSNQD1)   1.197484 r     1.428202     0.021460 0.252178
text_out_reg_21_/D (DFCSNQD1)   1.240053 f     1.474191     0.021460 0.255599
ld_r_reg/D (DFCSNQD4)           0.754785 r     1.012792     0.000000 0.258007
text_out_reg_8_/D (DFCSNQD1)    1.239352 f     1.475971     0.021460 0.258079
text_out_reg_117_/D (DFCSNQD1)  1.222215 f     1.459757     0.021460 0.259002
text_out_reg_52_/D (DFCSNQD1)   1.213992 r     1.451681     0.021460 0.259149
text_out_reg_54_/D (DFCSNQD1)   1.243049 r     1.481393     0.021460 0.259804
text_out_reg_43_/D (DFCSNQD1)   1.231584 f     1.470143     0.021460 0.260019
text_out_reg_50_/D (DFCSNQD1)   1.225446 f     1.464629     0.021460 0.260643
text_out_reg_40_/D (DFCSNQD1)   1.223530 r     1.463940     0.021460 0.261870
text_out_reg_116_/D (DFCSNQD1)  1.223264 r     1.464265     0.021460 0.262462
text_out_reg_62_/D (DFCSNQD1)   1.218530 r     1.461541     0.021460 0.264472
text_out_reg_31_/D (DFCSNQD1)   1.227742 f     1.473047     0.021460 0.266766
text_out_reg_0_/D (DFCSNQD1)    1.229724 f     1.476241     0.021460 0.267978
text_out_reg_19_/D (DFCSNQD1)   1.220844 f     1.468584     0.021460 0.269200
text_out_reg_48_/D (DFCSNQD1)   1.212955 f     1.460779     0.021460 0.269284
text_out_reg_83_/D (DFCSNQD1)   1.224787 f     1.473204     0.021460 0.269878
text_out_reg_120_/D (DFCSNQD1)  1.219825 f     1.470450     0.021460 0.272085
text_out_reg_92_/D (DFCSNQD1)   1.223469 r     1.476518     0.021460 0.274510
text_out_reg_29_/D (DFCSNQD1)   1.221347 f     1.475005     0.021460 0.275119
text_out_reg_55_/D (DFCSNQD1)   1.214580 f     1.468715     0.021460 0.275595
text_out_reg_123_/D (DFCSNQD1)  1.218184 f     1.473135     0.021460 0.276411
text_out_reg_94_/D (DFCSNQD1)   1.216197 f     1.472183     0.021460 0.277446
text_out_reg_99_/D (DFCSNQD1)   1.215636 f     1.472618     0.021460 0.278443
text_out_reg_51_/D (DFCSNQD1)   1.215372 f     1.474529     0.021460 0.280617
text_out_reg_36_/D (DFCSNQD1)   1.222877 f     1.483980     0.021460 0.282563
text_out_reg_125_/D (DFCSNQD1)  1.216941 f     1.478484     0.021460 0.283003
text_out_reg_57_/D (DFCSNQD1)   1.208763 f     1.470855     0.021460 0.283552
text_out_reg_1_/D (DFCSNQD1)    1.214480 f     1.476616     0.021460 0.283596
text_out_reg_20_/D (DFCSNQD1)   1.206803 f     1.470170     0.021460 0.284827
text_out_reg_112_/D (DFCSNQD1)  1.199083 f     1.464533     0.021460 0.286911
text_out_reg_61_/D (DFCSNQD1)   1.211689 f     1.477480     0.021460 0.287252
text_out_reg_17_/D (DFCSNQD1)   1.204916 f     1.472363     0.021460 0.288907
text_out_reg_97_/D (DFCSNQD1)   1.196096 f     1.465151     0.021460 0.290515
text_out_reg_26_/D (DFCSNQD1)   1.192966 f     1.463843     0.021460 0.292338
text_out_reg_25_/D (DFCSNQD1)   1.208161 f     1.479236     0.021460 0.292535
text_out_reg_18_/D (DFCSNQD1)   1.193715 f     1.466637     0.021460 0.294382
text_out_reg_101_/D (DFCSNQD1)  1.198289 f     1.471874     0.021460 0.295045
text_out_reg_30_/D (DFCSNQD1)   1.191939 f     1.466946     0.021460 0.296468
text_out_reg_87_/D (DFCSNQD1)   1.192112 f     1.469508     0.021460 0.298856
text_out_reg_12_/D (DFCSNQD1)   1.188989 f     1.467123     0.021460 0.299594
text_out_reg_95_/D (DFCSNQD1)   1.197921 f     1.476907     0.021460 0.300446
text_out_reg_104_/D (DFCSNQD1)  1.187356 f     1.467856     0.021460 0.301961
text_out_reg_22_/D (DFCSNQD1)   1.185808 f     1.466664     0.021460 0.302316
text_out_reg_60_/D (DFCSNQD1)   1.192793 f     1.473981     0.021460 0.302648
text_out_reg_86_/D (DFCSNQD1)   1.189745 f     1.470960     0.021460 0.302675
text_in_r_reg_73_/D (DFCSNQD1)  1.040419 r     1.344578     0.000000 0.304159
text_out_reg_118_/D (DFCSNQD1)  1.179292 f     1.464171     0.021460 0.306339
text_out_reg_90_/D (DFCSNQD1)   1.193754 f     1.480000     0.021460 0.307706
u0/r0/out_reg_31_/D (DFCSNQD1)  1.121563 r     1.407913     0.021460 0.307810
text_out_reg_2_/D (DFCSNQD1)    1.174729 f     1.462211     0.021460 0.308943
text_out_reg_32_/D (DFCSNQD1)   1.183597 f     1.473235     0.021460 0.311098
text_out_reg_119_/D (DFCSNQD1)  1.176635 f     1.466910     0.021460 0.311735
text_out_reg_126_/D (DFCSNQD1)  1.181041 f     1.473632     0.021460 0.314051
text_out_reg_102_/D (DFCSNQD1)  1.181602 f     1.474273     0.021460 0.314131
text_out_reg_88_/D (DFCSNQD1)   1.185166 f     1.483170     0.021460 0.319464
text_out_reg_106_/D (DFCSNQD1)  1.175011 f     1.476700     0.021460 0.323149
text_out_reg_89_/D (DFCSNQD1)   1.174771 f     1.478138     0.021460 0.324827
text_in_r_reg_91_/D (DFCSNQD1)  1.035080 r     1.364124     0.000000 0.329043
text_out_reg_110_/D (DFCSNQD1)  1.160693 f     1.474101     0.021460 0.334869
text_in_r_reg_69_/D (DFCSNQD1)  1.025417 r     1.365921     0.000000 0.340504
text_out_reg_16_/D (DFCSNQD1)   1.150448 f     1.472057     0.021460 0.343069
text_in_r_reg_1_/D (DFCSNQD1)   0.985233 r     1.345948     0.000000 0.360714
text_in_r_reg_77_/D (DFCSNQD1)  0.980337 r     1.344206     0.000000 0.363869
text_in_r_reg_59_/D (DFCSNQD1)  0.978494 r     1.347611     0.000000 0.369117
text_in_r_reg_58_/D (DFCSNQD1)  0.980453 r     1.353795     0.000000 0.373342
text_in_r_reg_57_/D (DFCSNQD1)  0.977945 r     1.354507     0.000000 0.376563
text_in_r_reg_93_/D (DFCSNQD1)  0.988106 r     1.366439     0.000000 0.378333
u0/r0/rcnt_reg_3_/D (DFCSNQD1)  1.013048 r     1.338110     0.053878 0.378939
text_in_r_reg_122_/D (DFCSNQD1) 0.972403 r     1.351451     0.000000 0.379047
text_in_r_reg_88_/D (DFCSNQD1)  0.942613 r     1.323851     0.000000 0.381238
text_in_r_reg_55_/D (DFCSNQD1)  0.960938 r     1.344719     0.000000 0.383781
text_in_r_reg_84_/D (DFCSNQD1)  0.948698 r     1.335957     0.000000 0.387259
text_in_r_reg_60_/D (DFCSNQD1)  0.975561 r     1.362892     0.000000 0.387331
text_in_r_reg_42_/D (DFCSNQD1)  0.963350 r     1.352780     0.000000 0.389431
text_in_r_reg_8_/D (DFCSNQD1)   0.969409 r     1.359187     0.000000 0.389778
text_in_r_reg_76_/D (DFCSNQD1)  0.967557 r     1.358344     0.000000 0.390786
text_in_r_reg_64_/D (DFCSNQD1)  0.937766 r     1.329081     0.000000 0.391314
text_in_r_reg_89_/D (DFCSNQD1)  0.948725 r     1.342242     0.000000 0.393517
text_in_r_reg_66_/D (DFCSNQD1)  0.951895 r     1.347616     0.000000 0.395721
text_in_r_reg_90_/D (DFCSNQD1)  0.946523 r     1.342985     0.000000 0.396462
text_in_r_reg_29_/D (DFCSNQD1)  0.944579 r     1.342564     0.000000 0.397985
text_in_r_reg_72_/D (DFCSNQD1)  0.941630 r     1.341556     0.000000 0.399926
text_in_r_reg_78_/D (DFCSNQD1)  0.944542 r     1.346946     0.000000 0.402403
text_in_r_reg_79_/D (DFCSNQD1)  0.959933 r     1.362840     0.000000 0.402908
text_in_r_reg_74_/D (DFCSNQD1)  0.954094 r     1.357243     0.000000 0.403149
text_in_r_reg_9_/D (DFCSNQD1)   0.947194 r     1.352749     0.000000 0.405555
text_in_r_reg_95_/D (DFCSNQD1)  0.938904 r     1.347613     0.000000 0.408709
text_in_r_reg_75_/D (DFCSNQD1)  0.937171 r     1.346049     0.000000 0.408878
text_in_r_reg_35_/D (DFCSNQD1)  0.947957 r     1.360233     0.000000 0.412276
text_in_r_reg_94_/D (DFCSNQD1)  0.935266 r     1.348521     0.000000 0.413255
text_in_r_reg_92_/D (DFCSNQD1)  0.945372 r     1.361957     0.000000 0.416584
text_in_r_reg_65_/D (DFCSNQD1)  0.952314 r     1.369128     0.000000 0.416813
text_in_r_reg_24_/D (DFCSNQD1)  0.946700 r     1.365498     0.000000 0.418798
text_in_r_reg_68_/D (DFCSNQD1)  0.931375 r     1.351115     0.000000 0.419740
text_in_r_reg_67_/D (DFCSNQD1)  0.938475 r     1.359321     0.000000 0.420846
text_in_r_reg_49_/D (DFCSNQD1)  0.936519 r     1.359527     0.000000 0.423008
text_in_r_reg_40_/D (DFCSNQD1)  0.927673 r     1.352726     0.000000 0.425053
text_in_r_reg_80_/D (DFCSNQD1)  0.933621 r     1.361181     0.000000 0.427559
text_in_r_reg_70_/D (DFCSNQD1)  0.936962 r     1.365489     0.000000 0.428527
text_in_r_reg_26_/D (DFCSNQD1)  0.932423 r     1.364890     0.000000 0.432467
text_in_r_reg_71_/D (DFCSNQD1)  0.928243 r     1.360762     0.000000 0.432519
text_in_r_reg_81_/D (DFCSNQD1)  0.927397 r     1.360827     0.000000 0.433429
text_in_r_reg_41_/D (DFCSNQD1)  0.923233 r     1.359142     0.000000 0.435909
text_in_r_reg_53_/D (DFCSNQD1)  0.922716 r     1.360412     0.000000 0.437696
text_in_r_reg_63_/D (DFCSNQD1)  0.911967 r     1.369510     0.000000 0.457543
text_in_r_reg_25_/D (DFCSNQD1)  0.874265 f     1.346721     0.000000 0.472456
text_in_r_reg_56_/D (DFCSNQD1)  0.862558 f     1.346311     0.000000 0.483753
u0/r0/rcnt_reg_0_/D (DFCSNQD1)  0.869232 f     1.355383     0.000000 0.486151
text_in_r_reg_87_/D (DFCSNQD1)  0.863954 r     1.355915     0.000000 0.491960
text_in_r_reg_62_/D (DFCSNQD1)  0.845727 f     1.353680     0.000000 0.507953
text_in_r_reg_83_/D (DFCSNQD1)  0.847409 f     1.357152     0.000000 0.509743
text_in_r_reg_37_/D (DFCSNQD1)  0.842355 f     1.354940     0.000000 0.512585
dcnt_reg_0_/D (DFCSNQD1)        0.870839 r     1.386636     0.021460 0.537257
u0/r0/rcnt_reg_2_/D (DFCSNQD1)  0.882096 r     1.370335     0.053878 0.542117
dcnt_reg_1_/D (DFCSNQD1)        0.868431 r     1.412290     0.021460 0.565319
dcnt_reg_2_/D (DFCSNQD1)        0.862610 r     1.409030     0.021460 0.567881
text_in_r_reg_48_/D (DFCSNQD1)  0.720388 r     1.327559     0.000000 0.607172
text_in_r_reg_54_/D (DFCSNQD1)  0.728696 r     1.345961     0.000000 0.617265
text_in_r_reg_127_/D (DFCSNQD1) 0.716177 r     1.340102     0.000000 0.623925
text_in_r_reg_28_/D (DFCSNQD1)  0.708772 r     1.343907     0.000000 0.635135
text_in_r_reg_27_/D (DFCSNQD1)  0.704498 r     1.339697     0.000000 0.635200
text_in_r_reg_52_/D (DFCSNQD1)  0.683519 r     1.320522     0.000000 0.637002
text_in_r_reg_47_/D (DFCSNQD1)  0.696764 r     1.333859     0.000000 0.637094
text_in_r_reg_44_/D (DFCSNQD1)  0.677602 r     1.319113     0.000000 0.641512
text_in_r_reg_10_/D (DFCSNQD1)  0.666620 r     1.308550     0.000000 0.641930
text_in_r_reg_110_/D (DFCSNQD1) 0.691893 r     1.344484     0.000000 0.652591
text_in_r_reg_19_/D (DFCSNQD1)  0.688842 r     1.342037     0.000000 0.653195
text_in_r_reg_46_/D (DFCSNQD1)  0.675904 r     1.342310     0.000000 0.666406
text_in_r_reg_104_/D (DFCSNQD1) 0.639059 r     1.322376     0.000000 0.683317
u0/r0/out_reg_24_/D (DFCSNQD1)  0.780780 r     1.410940     0.053878 0.684037
text_in_r_reg_32_/D (DFCSNQD1)  0.660237 r     1.347802     0.000000 0.687564
text_in_r_reg_100_/D (DFCSNQD1) 0.650118 r     1.339861     0.000000 0.689744
text_in_r_reg_5_/D (DFCSNQD1)   0.632453 r     1.323562     0.000000 0.691109
text_in_r_reg_31_/D (DFCSNQD1)  0.638961 r     1.330713     0.000000 0.691752
text_in_r_reg_108_/D (DFCSNQD1) 0.645091 r     1.338109     0.000000 0.693017
text_in_r_reg_34_/D (DFCSNQD1)  0.626744 r     1.325897     0.000000 0.699153
text_in_r_reg_96_/D (DFCSNQD1)  0.618087 r     1.317791     0.000000 0.699704
text_in_r_reg_102_/D (DFCSNQD1) 0.619555 r     1.323144     0.000000 0.703589
text_in_r_reg_33_/D (DFCSNQD1)  0.625410 r     1.329549     0.000000 0.704138
text_in_r_reg_97_/D (DFCSNQD1)  0.639957 r     1.345563     0.000000 0.705607
text_in_r_reg_86_/D (DFCSNQD1)  0.629652 r     1.339483     0.000000 0.709831
text_in_r_reg_82_/D (DFCSNQD1)  0.630428 r     1.341268     0.000000 0.710840
text_in_r_reg_116_/D (DFCSNQD1) 0.613665 r     1.326066     0.000000 0.712401
text_in_r_reg_43_/D (DFCSNQD1)  0.615686 r     1.329422     0.000000 0.713737
text_in_r_reg_20_/D (DFCSNQD1)  0.681688 r     1.402834     0.000000 0.721146
text_in_r_reg_39_/D (DFCSNQD1)  0.613826 r     1.336399     0.000000 0.722573
text_in_r_reg_61_/D (DFCSNQD1)  0.623356 r     1.346239     0.000000 0.722883
text_in_r_reg_36_/D (DFCSNQD1)  0.610989 r     1.334683     0.000000 0.723694
text_in_r_reg_38_/D (DFCSNQD1)  0.615135 r     1.340147     0.000000 0.725012
text_in_r_reg_6_/D (DFCSNQD1)   0.600309 r     1.331034     0.000000 0.730726
text_in_r_reg_103_/D (DFCSNQD1) 0.614532 r     1.346070     0.000000 0.731538
text_in_r_reg_45_/D (DFCSNQD1)  0.606435 r     1.343312     0.000000 0.736877
text_in_r_reg_51_/D (DFCSNQD1)  0.595407 r     1.342460     0.000000 0.747053
u0/r0/rcnt_reg_1_/D (DFCSNQD1)  0.809906 f     1.479558     0.086536 0.756188
text_in_r_reg_85_/D (DFCSNQD1)  0.591320 r     1.349095     0.000000 0.757776
dcnt_reg_3_/D (DFCSNQD1)        0.657226 r     1.403880     0.021460 0.768114
text_in_r_reg_23_/D (DFCSNQD1)  0.583215 r     1.353347     0.000000 0.770132
done_reg/D (DFCSNQD1)           0.605269 r     1.328937     0.053831 0.777499
text_in_r_reg_22_/D (DFCSNQD1)  0.524935 f     1.322486     0.000000 0.797550
text_in_r_reg_16_/D (DFCSNQD1)  0.529096 f     1.328456     0.000000 0.799360
text_in_r_reg_98_/D (DFCSNQD1)  0.512231 r     1.361310     0.000000 0.849080
text_in_r_reg_12_/D (DFCSNQD1)  0.473089 r     1.351144     0.000000 0.878055
text_in_r_reg_125_/D (DFCSNQD1) 0.472301 r     1.358281     0.000000 0.885980
text_in_r_reg_109_/D (DFCSNQD1) 0.492287 r     1.380986     0.000000 0.888700
text_in_r_reg_106_/D (DFCSNQD1) 0.471633 r     1.372872     0.000000 0.901239
text_in_r_reg_7_/D (DFCSNQD1)   0.430505 f     1.349882     0.000000 0.919376
text_in_r_reg_117_/D (DFCSNQD1) 0.421877 f     1.360797     0.000000 0.938920
text_in_r_reg_0_/D (DFCSNQD1)   0.473297 r     1.418247     0.000000 0.944950
text_in_r_reg_105_/D (DFCSNQD1) 0.417770 f     1.363992     0.000000 0.946222
text_in_r_reg_113_/D (DFCSNQD1) 0.415660 f     1.367847     0.000000 0.952187
text_in_r_reg_124_/D (DFCSNQD1) 0.411298 f     1.372465     0.000000 0.961167
text_in_r_reg_4_/D (DFCSNQD1)   0.408879 f     1.373310     0.000000 0.964431
text_in_r_reg_120_/D (DFCSNQD1) 0.407160 f     1.375415     0.000000 0.968255
text_in_r_reg_17_/D (DFCSNQD1)  0.503459 r     1.415421     0.081154 0.993116

1
